[ 2015-12-16T00:08:49+08:00 ] 127.0.0.1 /coder/Public/images/bg.png
INFO: [ app_init ] --START--
INFO: Run Behavior\BuildLiteBehavior [ RunTime:0.000021s ]
INFO: [ app_init ] --END-- [ RunTime:0.000389s ]
ERR: 无法加载模块:Public

[ 2015-12-16T00:08:49+08:00 ] 127.0.0.1 /coder/Public/images/body_bg.gif
INFO: [ app_init ] --START--
INFO: Run Behavior\BuildLiteBehavior [ RunTime:0.000020s ]
INFO: [ app_init ] --END-- [ RunTime:0.000442s ]
ERR: 无法加载模块:Public

[ 2015-12-16T00:08:49+08:00 ] 127.0.0.1 /coder/Public/images/arrL.gif
INFO: [ app_init ] --START--
INFO: Run Behavior\BuildLiteBehavior [ RunTime:0.000021s ]
INFO: [ app_init ] --END-- [ RunTime:0.000468s ]
ERR: 无法加载模块:Public

[ 2015-12-16T00:09:58+08:00 ] 127.0.0.1 /coder/Public/images/bg.png
INFO: [ app_init ] --START--
INFO: Run Behavior\BuildLiteBehavior [ RunTime:0.000021s ]
INFO: [ app_init ] --END-- [ RunTime:0.000483s ]
ERR: 无法加载模块:Public

[ 2015-12-16T00:09:58+08:00 ] 127.0.0.1 /coder/Public/images/arrL.gif
INFO: [ app_init ] --START--
INFO: Run Behavior\BuildLiteBehavior [ RunTime:0.000021s ]
INFO: [ app_init ] --END-- [ RunTime:0.000482s ]
ERR: 无法加载模块:Public

[ 2015-12-16T00:09:58+08:00 ] 127.0.0.1 /coder/Public/images/body_bg.gif
INFO: [ app_init ] --START--
INFO: Run Behavior\BuildLiteBehavior [ RunTime:0.000019s ]
INFO: [ app_init ] --END-- [ RunTime:0.000481s ]
ERR: 无法加载模块:Public

[ 2015-12-16T00:10:08+08:00 ] 127.0.0.1 /coder/Public/images/bg.png
INFO: [ app_init ] --START--
INFO: Run Behavior\BuildLiteBehavior [ RunTime:0.000019s ]
INFO: [ app_init ] --END-- [ RunTime:0.000381s ]
ERR: 无法加载模块:Public

[ 2015-12-16T00:10:08+08:00 ] 127.0.0.1 /coder/Public/images/body_bg.gif
INFO: [ app_init ] --START--
INFO: Run Behavior\BuildLiteBehavior [ RunTime:0.000021s ]
INFO: [ app_init ] --END-- [ RunTime:0.000485s ]
ERR: 无法加载模块:Public

[ 2015-12-16T00:10:08+08:00 ] 127.0.0.1 /coder/Public/images/arrL.gif
INFO: [ app_init ] --START--
INFO: Run Behavior\BuildLiteBehavior [ RunTime:0.000017s ]
INFO: [ app_init ] --END-- [ RunTime:0.000362s ]
ERR: 无法加载模块:Public

[ 2015-12-16T09:08:38+08:00 ] 127.0.0.1 /coder/Public/images/body_bg.gif
INFO: [ app_init ] --START--
INFO: Run Behavior\BuildLiteBehavior [ RunTime:0.000020s ]
INFO: [ app_init ] --END-- [ RunTime:0.006729s ]
ERR: 无法加载模块:Public

[ 2015-12-16T09:08:38+08:00 ] 127.0.0.1 /coder/Public/images/bg.png
INFO: [ app_init ] --START--
INFO: Run Behavior\BuildLiteBehavior [ RunTime:0.000021s ]
INFO: [ app_init ] --END-- [ RunTime:0.006808s ]
ERR: 无法加载模块:Public

[ 2015-12-16T09:08:38+08:00 ] 127.0.0.1 /coder/Public/images/arrL.gif
INFO: [ app_init ] --START--
INFO: Run Behavior\BuildLiteBehavior [ RunTime:0.000024s ]
INFO: [ app_init ] --END-- [ RunTime:0.006210s ]
ERR: 无法加载模块:Public

[ 2015-12-16T15:38:01+08:00 ] 127.0.0.1 /coder/%E7%AC%AC%E4%B8%89
INFO: [ app_init ] --START--
INFO: Run Behavior\BuildLiteBehavior [ RunTime:0.000020s ]
INFO: [ app_init ] --END-- [ RunTime:0.000492s ]
ERR: 无法加载模块:第三

[ 2015-12-16T21:02:53+08:00 ] 127.0.0.1 /coder/Public/images/arrL.gif
INFO: [ app_init ] --START--
INFO: Run Behavior\BuildLiteBehavior [ RunTime:0.000023s ]
INFO: [ app_init ] --END-- [ RunTime:0.004457s ]
ERR: 无法加载模块:Public

[ 2015-12-16T21:02:53+08:00 ] 127.0.0.1 /coder/Public/images/body_bg.gif
INFO: [ app_init ] --START--
INFO: Run Behavior\BuildLiteBehavior [ RunTime:0.000024s ]
INFO: [ app_init ] --END-- [ RunTime:0.004662s ]
ERR: 无法加载模块:Public

[ 2015-12-16T21:02:53+08:00 ] 127.0.0.1 /coder/Public/images/bg.png
INFO: [ app_init ] --START--
INFO: Run Behavior\BuildLiteBehavior [ RunTime:0.000019s ]
INFO: [ app_init ] --END-- [ RunTime:0.004549s ]
ERR: 无法加载模块:Public

