[ 2016-01-14T00:07:25+08:00 ] 127.0.0.1 /__ErrorFiles__/404.html
INFO: [ app_init ] --START--
INFO: Run Behavior\BuildLiteBehavior [ RunTime:0.000020s ]
INFO: [ app_init ] --END-- [ RunTime:0.000442s ]
ERR: 无法加载模块:__ErrorFiles__

[ 2016-01-14T00:24:06+08:00 ] 127.0.0.1 /robots.txt
INFO: [ app_init ] --START--
INFO: Run Behavior\BuildLiteBehavior [ RunTime:0.000021s ]
INFO: [ app_init ] --END-- [ RunTime:0.000450s ]
ERR: 无法加载模块:Robots

[ 2016-01-14T01:10:00+08:00 ] 127.0.0.1 /robots.txt
INFO: [ app_init ] --START--
INFO: Run Behavior\BuildLiteBehavior [ RunTime:0.000020s ]
INFO: [ app_init ] --END-- [ RunTime:0.000443s ]
ERR: 无法加载模块:Robots

[ 2016-01-14T08:33:34+08:00 ] 127.0.0.1 /__ErrorFiles__/404.html
INFO: [ app_init ] --START--
INFO: Run Behavior\BuildLiteBehavior [ RunTime:0.000020s ]
INFO: [ app_init ] --END-- [ RunTime:0.000449s ]
ERR: 无法加载模块:__ErrorFiles__

[ 2016-01-14T08:33:35+08:00 ] 127.0.0.1 /__ErrorFiles__/404.html
INFO: [ app_init ] --START--
INFO: Run Behavior\BuildLiteBehavior [ RunTime:0.000019s ]
INFO: [ app_init ] --END-- [ RunTime:0.000364s ]
ERR: 无法加载模块:__ErrorFiles__

[ 2016-01-14T08:33:35+08:00 ] 127.0.0.1 /__ErrorFiles__/404.html
INFO: [ app_init ] --START--
INFO: Run Behavior\BuildLiteBehavior [ RunTime:0.000019s ]
INFO: [ app_init ] --END-- [ RunTime:0.000361s ]
ERR: 无法加载模块:__ErrorFiles__

[ 2016-01-14T08:33:37+08:00 ] 127.0.0.1 /__ErrorFiles__/404.html
INFO: [ app_init ] --START--
INFO: Run Behavior\BuildLiteBehavior [ RunTime:0.000020s ]
INFO: [ app_init ] --END-- [ RunTime:0.000449s ]
ERR: 无法加载模块:__ErrorFiles__

[ 2016-01-14T08:33:38+08:00 ] 127.0.0.1 /__ErrorFiles__/404.html
INFO: [ app_init ] --START--
INFO: Run Behavior\BuildLiteBehavior [ RunTime:0.000023s ]
INFO: [ app_init ] --END-- [ RunTime:0.000544s ]
ERR: 无法加载模块:__ErrorFiles__

[ 2016-01-14T08:33:51+08:00 ] 127.0.0.1 /__ErrorFiles__/404.html
INFO: [ app_init ] --START--
INFO: Run Behavior\BuildLiteBehavior [ RunTime:0.000020s ]
INFO: [ app_init ] --END-- [ RunTime:0.000448s ]
ERR: 无法加载模块:__ErrorFiles__

[ 2016-01-14T08:49:50+08:00 ] 127.0.0.1 /__ErrorFiles__/404.html
INFO: [ app_init ] --START--
INFO: Run Behavior\BuildLiteBehavior [ RunTime:0.000020s ]
INFO: [ app_init ] --END-- [ RunTime:0.000459s ]
ERR: 无法加载模块:__ErrorFiles__

[ 2016-01-14T09:31:08+08:00 ] 127.0.0.1 /__ErrorFiles__/404.html
INFO: [ app_init ] --START--
INFO: Run Behavior\BuildLiteBehavior [ RunTime:0.000021s ]
INFO: [ app_init ] --END-- [ RunTime:0.000454s ]
ERR: 无法加载模块:__ErrorFiles__

[ 2016-01-14T14:11:36+08:00 ] 127.0.0.1 /ckfinder
INFO: [ app_init ] --START--
INFO: Run Behavior\BuildLiteBehavior [ RunTime:0.000021s ]
INFO: [ app_init ] --END-- [ RunTime:0.001752s ]
ERR: 无法加载模块:Ckfinder

[ 2016-01-14T16:02:55+08:00 ] 127.0.0.1 /robots.txt
INFO: [ app_init ] --START--
INFO: Run Behavior\BuildLiteBehavior [ RunTime:0.000021s ]
INFO: [ app_init ] --END-- [ RunTime:0.000449s ]
ERR: 无法加载模块:Robots

[ 2016-01-14T17:00:23+08:00 ] 127.0.0.1 /__ErrorFiles__/404.html
INFO: [ app_init ] --START--
INFO: Run Behavior\BuildLiteBehavior [ RunTime:0.000021s ]
INFO: [ app_init ] --END-- [ RunTime:0.000464s ]
ERR: 无法加载模块:__ErrorFiles__

[ 2016-01-14T17:01:03+08:00 ] 127.0.0.1 /__ErrorFiles__/404.html
INFO: [ app_init ] --START--
INFO: Run Behavior\BuildLiteBehavior [ RunTime:0.000020s ]
INFO: [ app_init ] --END-- [ RunTime:0.000444s ]
ERR: 无法加载模块:__ErrorFiles__

[ 2016-01-14T19:25:57+08:00 ] 127.0.0.1 /__ErrorFiles__/404.html
INFO: [ app_init ] --START--
INFO: Run Behavior\BuildLiteBehavior [ RunTime:0.000017s ]
INFO: [ app_init ] --END-- [ RunTime:0.000346s ]
ERR: 无法加载模块:__ErrorFiles__

[ 2016-01-14T19:25:58+08:00 ] 127.0.0.1 /__ErrorFiles__/404.html
INFO: [ app_init ] --START--
INFO: Run Behavior\BuildLiteBehavior [ RunTime:0.000020s ]
INFO: [ app_init ] --END-- [ RunTime:0.000447s ]
ERR: 无法加载模块:__ErrorFiles__

[ 2016-01-14T19:49:55+08:00 ] 127.0.0.1 /robots.txt
INFO: [ app_init ] --START--
INFO: Run Behavior\BuildLiteBehavior [ RunTime:0.000022s ]
INFO: [ app_init ] --END-- [ RunTime:0.000467s ]
ERR: 无法加载模块:Robots

[ 2016-01-14T19:50:29+08:00 ] 127.0.0.1 /__ErrorFiles__/404.html
INFO: [ app_init ] --START--
INFO: Run Behavior\BuildLiteBehavior [ RunTime:0.000020s ]
INFO: [ app_init ] --END-- [ RunTime:0.000527s ]
ERR: 无法加载模块:__ErrorFiles__

[ 2016-01-14T20:16:19+08:00 ] 127.0.0.1 /js/fckeditor/editor/
INFO: [ app_init ] --START--
INFO: Run Behavior\BuildLiteBehavior [ RunTime:0.000020s ]
INFO: [ app_init ] --END-- [ RunTime:0.000427s ]
ERR: 无法加载模块:Js

[ 2016-01-14T20:16:19+08:00 ] 127.0.0.1 /fckeditor/editor/
INFO: [ app_init ] --START--
INFO: Run Behavior\BuildLiteBehavior [ RunTime:0.000017s ]
INFO: [ app_init ] --END-- [ RunTime:0.000446s ]
ERR: 无法加载模块:Fckeditor

[ 2016-01-14T20:16:19+08:00 ] 127.0.0.1 /manage/fckeditor/editor/
INFO: [ app_init ] --START--
INFO: Run Behavior\BuildLiteBehavior [ RunTime:0.000016s ]
INFO: [ app_init ] --END-- [ RunTime:0.000509s ]
ERR: 无法加载模块:Manage

[ 2016-01-14T20:16:19+08:00 ] 127.0.0.1 /sysadmin/fckeditor/editor/
INFO: [ app_init ] --START--
INFO: Run Behavior\BuildLiteBehavior [ RunTime:0.000019s ]
INFO: [ app_init ] --END-- [ RunTime:0.000513s ]
ERR: 无法加载模块:Sysadmin

[ 2016-01-14T20:16:19+08:00 ] 127.0.0.1 /common/fckeditor/editor/
INFO: [ app_init ] --START--
INFO: Run Behavior\BuildLiteBehavior [ RunTime:0.000014s ]
INFO: [ app_init ] --END-- [ RunTime:0.000484s ]
ERR: 无法加载模块:Common

[ 2016-01-14T20:16:19+08:00 ] 127.0.0.1 /includes/fckeditor/editor/
INFO: [ app_init ] --START--
INFO: Run Behavior\BuildLiteBehavior [ RunTime:0.000015s ]
INFO: [ app_init ] --END-- [ RunTime:0.000456s ]
ERR: 无法加载模块:Includes

[ 2016-01-14T20:16:19+08:00 ] 127.0.0.1 /scripts/fckeditor/editor/
INFO: [ app_init ] --START--
INFO: Run Behavior\BuildLiteBehavior [ RunTime:0.000019s ]
INFO: [ app_init ] --END-- [ RunTime:0.000472s ]
ERR: 无法加载模块:Scripts

[ 2016-01-14T20:16:19+08:00 ] 127.0.0.1 /include/fckeditor/editor/
INFO: [ app_init ] --START--
INFO: Run Behavior\BuildLiteBehavior [ RunTime:0.000015s ]
INFO: [ app_init ] --END-- [ RunTime:0.000336s ]
ERR: 无法加载模块:Include

[ 2016-01-14T20:16:19+08:00 ] 127.0.0.1 /admin/fckeditor/editor/
INFO: [ app_init ] --START--
INFO: Run Behavior\BuildLiteBehavior [ RunTime:0.000016s ]
INFO: [ app_init ] --END-- [ RunTime:0.000518s ]
ERR: 无法加载模块:Admin

[ 2016-01-14T20:16:19+08:00 ] 127.0.0.1 /js/fckeditor/editor/
INFO: [ app_init ] --START--
INFO: Run Behavior\BuildLiteBehavior [ RunTime:0.000015s ]
INFO: [ app_init ] --END-- [ RunTime:0.000514s ]
ERR: 无法加载模块:Js

[ 2016-01-14T20:16:19+08:00 ] 127.0.0.1 /inc/fckeditor/editor/
INFO: [ app_init ] --START--
INFO: Run Behavior\BuildLiteBehavior [ RunTime:0.000014s ]
INFO: [ app_init ] --END-- [ RunTime:0.000446s ]
ERR: 无法加载模块:Inc

[ 2016-01-14T20:16:19+08:00 ] 127.0.0.1 /fck/editor/
INFO: [ app_init ] --START--
INFO: Run Behavior\BuildLiteBehavior [ RunTime:0.000015s ]
INFO: [ app_init ] --END-- [ RunTime:0.000425s ]
ERR: 无法加载模块:Fck

[ 2016-01-14T20:16:19+08:00 ] 127.0.0.1 /fckeditor/editor/
INFO: [ app_init ] --START--
INFO: Run Behavior\BuildLiteBehavior [ RunTime:0.000020s ]
INFO: [ app_init ] --END-- [ RunTime:0.000553s ]
ERR: 无法加载模块:Fckeditor

[ 2016-01-14T20:16:19+08:00 ] 127.0.0.1 /system/fckeditor/editor/
INFO: [ app_init ] --START--
INFO: Run Behavior\BuildLiteBehavior [ RunTime:0.000020s ]
INFO: [ app_init ] --END-- [ RunTime:0.000551s ]
ERR: 无法加载模块:System

[ 2016-01-14T20:16:19+08:00 ] 127.0.0.1 /admin/fckeditor/editor/
INFO: [ app_init ] --START--
INFO: Run Behavior\BuildLiteBehavior [ RunTime:0.000013s ]
INFO: [ app_init ] --END-- [ RunTime:0.000496s ]
ERR: 无法加载模块:Admin

[ 2016-01-14T20:16:19+08:00 ] 127.0.0.1 /manage/fckeditor/editor/
INFO: [ app_init ] --START--
INFO: Run Behavior\BuildLiteBehavior [ RunTime:0.000014s ]
INFO: [ app_init ] --END-- [ RunTime:0.000358s ]
ERR: 无法加载模块:Manage

[ 2016-01-14T20:16:19+08:00 ] 127.0.0.1 /sysadmin/fckeditor/editor/
INFO: [ app_init ] --START--
INFO: Run Behavior\BuildLiteBehavior [ RunTime:0.000014s ]
INFO: [ app_init ] --END-- [ RunTime:0.000358s ]
ERR: 无法加载模块:Sysadmin

[ 2016-01-14T20:16:19+08:00 ] 127.0.0.1 /system/fckeditor/editor/
INFO: [ app_init ] --START--
INFO: Run Behavior\BuildLiteBehavior [ RunTime:0.000014s ]
INFO: [ app_init ] --END-- [ RunTime:0.000370s ]
ERR: 无法加载模块:System

[ 2016-01-14T20:16:19+08:00 ] 127.0.0.1 /common/fckeditor/editor/
INFO: [ app_init ] --START--
INFO: Run Behavior\BuildLiteBehavior [ RunTime:0.000015s ]
INFO: [ app_init ] --END-- [ RunTime:0.000543s ]
ERR: 无法加载模块:Common

[ 2016-01-14T20:16:19+08:00 ] 127.0.0.1 /includes/fckeditor/editor/
INFO: [ app_init ] --START--
INFO: Run Behavior\BuildLiteBehavior [ RunTime:0.000014s ]
INFO: [ app_init ] --END-- [ RunTime:0.000596s ]
ERR: 无法加载模块:Includes

[ 2016-01-14T20:16:19+08:00 ] 127.0.0.1 /include/fckeditor/editor/
INFO: [ app_init ] --START--
INFO: Run Behavior\BuildLiteBehavior [ RunTime:0.000014s ]
INFO: [ app_init ] --END-- [ RunTime:0.000515s ]
ERR: 无法加载模块:Include

[ 2016-01-14T20:16:19+08:00 ] 127.0.0.1 /editor/
INFO: [ app_init ] --START--
INFO: Run Behavior\BuildLiteBehavior [ RunTime:0.000020s ]
INFO: [ app_init ] --END-- [ RunTime:0.000542s ]
ERR: 无法加载模块:Editor

[ 2016-01-14T20:16:19+08:00 ] 127.0.0.1 /system/fckeditor/editor/
INFO: [ app_init ] --START--
INFO: Run Behavior\BuildLiteBehavior [ RunTime:0.000016s ]
INFO: [ app_init ] --END-- [ RunTime:0.000585s ]
ERR: 无法加载模块:System

[ 2016-01-14T20:16:19+08:00 ] 127.0.0.1 /Public/Js/FCKeditor
INFO: [ app_init ] --START--
INFO: Run Behavior\BuildLiteBehavior [ RunTime:0.000021s ]
INFO: [ app_init ] --END-- [ RunTime:0.000542s ]
ERR: 无法加载模块:Public

[ 2016-01-14T20:16:19+08:00 ] 127.0.0.1 /scripts/fckeditor/editor/
INFO: [ app_init ] --START--
INFO: Run Behavior\BuildLiteBehavior [ RunTime:0.000018s ]
INFO: [ app_init ] --END-- [ RunTime:0.000556s ]
ERR: 无法加载模块:Scripts

[ 2016-01-14T20:16:19+08:00 ] 127.0.0.1 /editor/fckeditor/editor/
INFO: [ app_init ] --START--
INFO: Run Behavior\BuildLiteBehavior [ RunTime:0.000016s ]
INFO: [ app_init ] --END-- [ RunTime:0.000543s ]
ERR: 无法加载模块:Editor

[ 2016-01-14T20:16:19+08:00 ] 127.0.0.1 /ckeditor/editor/
INFO: [ app_init ] --START--
INFO: Run Behavior\BuildLiteBehavior [ RunTime:0.000020s ]
INFO: [ app_init ] --END-- [ RunTime:0.000556s ]
ERR: 无法加载模块:Ckeditor

[ 2016-01-14T20:16:19+08:00 ] 127.0.0.1 /inc/fckeditor/editor/
INFO: [ app_init ] --START--
INFO: Run Behavior\BuildLiteBehavior [ RunTime:0.000016s ]
INFO: [ app_init ] --END-- [ RunTime:0.000547s ]
ERR: 无法加载模块:Inc

[ 2016-01-14T20:16:19+08:00 ] 127.0.0.1 /editorold/editor/
INFO: [ app_init ] --START--
INFO: Run Behavior\BuildLiteBehavior [ RunTime:0.000015s ]
INFO: [ app_init ] --END-- [ RunTime:0.000481s ]
ERR: 无法加载模块:Editorold

[ 2016-01-14T20:16:19+08:00 ] 127.0.0.1 /fck/editor/
INFO: [ app_init ] --START--
INFO: Run Behavior\BuildLiteBehavior [ RunTime:0.000021s ]
INFO: [ app_init ] --END-- [ RunTime:0.000530s ]
ERR: 无法加载模块:Fck

[ 2016-01-14T20:16:19+08:00 ] 127.0.0.1 /lib/FCKeditor/editor
INFO: [ app_init ] --START--
INFO: Run Behavior\BuildLiteBehavior [ RunTime:0.000015s ]
INFO: [ app_init ] --END-- [ RunTime:0.000507s ]
ERR: 无法加载模块:Lib

[ 2016-01-14T20:16:19+08:00 ] 127.0.0.1 /ecmseditor/fckeditor/editor/
INFO: [ app_init ] --START--
INFO: Run Behavior\BuildLiteBehavior [ RunTime:0.000014s ]
INFO: [ app_init ] --END-- [ RunTime:0.000506s ]
ERR: 无法加载模块:Ecmseditor

[ 2016-01-14T20:16:19+08:00 ] 127.0.0.1 /FCKeditor/editor/
INFO: [ app_init ] --START--
INFO: Run Behavior\BuildLiteBehavior [ RunTime:0.000014s ]
INFO: [ app_init ] --END-- [ RunTime:0.000487s ]
ERR: 无法加载模块:FCKeditor

[ 2016-01-14T20:16:19+08:00 ] 127.0.0.1 /editors/FCKeditor/editor/
INFO: [ app_init ] --START--
INFO: Run Behavior\BuildLiteBehavior [ RunTime:0.000018s ]
INFO: [ app_init ] --END-- [ RunTime:0.000554s ]
ERR: 无法加载模块:Editors

[ 2016-01-14T20:16:19+08:00 ] 127.0.0.1 /Fckeditorold/editor/
INFO: [ app_init ] --START--
INFO: Run Behavior\BuildLiteBehavior [ RunTime:0.000014s ]
INFO: [ app_init ] --END-- [ RunTime:0.000477s ]
ERR: 无法加载模块:Fckeditorold

[ 2016-01-14T20:16:19+08:00 ] 127.0.0.1 /editor1/editor/
INFO: [ app_init ] --START--
INFO: Run Behavior\BuildLiteBehavior [ RunTime:0.000021s ]
INFO: [ app_init ] --END-- [ RunTime:0.000499s ]
ERR: 无法加载模块:Editor1

[ 2016-01-14T20:16:19+08:00 ] 127.0.0.1 /Web/FCKeditor/editor
INFO: [ app_init ] --START--
INFO: Run Behavior\BuildLiteBehavior [ RunTime:0.000016s ]
INFO: [ app_init ] --END-- [ RunTime:0.000525s ]
ERR: 无法加载模块:Web

[ 2016-01-14T20:16:19+08:00 ] 127.0.0.1 /admin_bg/fckeditor/editor/
INFO: [ app_init ] --START--
INFO: Run Behavior\BuildLiteBehavior [ RunTime:0.000013s ]
INFO: [ app_init ] --END-- [ RunTime:0.000513s ]
ERR: 无法加载模块:Admin_bg

[ 2016-01-14T20:16:19+08:00 ] 127.0.0.1 /siteadmin/FCKeditor/editor/
INFO: [ app_init ] --START--
INFO: Run Behavior\BuildLiteBehavior [ RunTime:0.000014s ]
INFO: [ app_init ] --END-- [ RunTime:0.000487s ]
ERR: 无法加载模块:Siteadmin

[ 2016-01-14T20:16:19+08:00 ] 127.0.0.1 /Fckeditornew/editor/
INFO: [ app_init ] --START--
INFO: Run Behavior\BuildLiteBehavior [ RunTime:0.000020s ]
INFO: [ app_init ] --END-- [ RunTime:0.000558s ]
ERR: 无法加载模块:Fckeditornew

[ 2016-01-14T20:16:19+08:00 ] 127.0.0.1 /Administrator/fckeditor/editor/
INFO: [ app_init ] --START--
INFO: Run Behavior\BuildLiteBehavior [ RunTime:0.000014s ]
INFO: [ app_init ] --END-- [ RunTime:0.000512s ]
ERR: 无法加载模块:Administrator

[ 2016-01-14T20:16:19+08:00 ] 127.0.0.1 /WebSite/fckeditor/editor/
INFO: [ app_init ] --START--
INFO: Run Behavior\BuildLiteBehavior [ RunTime:0.000017s ]
INFO: [ app_init ] --END-- [ RunTime:0.000473s ]
ERR: 无法加载模块:WebSite

[ 2016-01-14T20:16:19+08:00 ] 127.0.0.1 /Administrator/FCKeditor/editor/
INFO: [ app_init ] --START--
INFO: Run Behavior\BuildLiteBehavior [ RunTime:0.000014s ]
INFO: [ app_init ] --END-- [ RunTime:0.000349s ]
ERR: 无法加载模块:Administrator

[ 2016-01-14T20:16:19+08:00 ] 127.0.0.1 /system/ext/FCKeditor/
INFO: [ app_init ] --START--
INFO: Run Behavior\BuildLiteBehavior [ RunTime:0.000014s ]
INFO: [ app_init ] --END-- [ RunTime:0.000354s ]
ERR: 无法加载模块:System

[ 2016-01-14T21:41:28+08:00 ] 127.0.0.1 /robots.txt
INFO: [ app_init ] --START--
INFO: Run Behavior\BuildLiteBehavior [ RunTime:0.000024s ]
INFO: [ app_init ] --END-- [ RunTime:0.024236s ]
ERR: 无法加载模块:Robots

[ 2016-01-14T21:54:21+08:00 ] 127.0.0.1 /robots.txt
INFO: [ app_init ] --START--
INFO: Run Behavior\BuildLiteBehavior [ RunTime:0.000017s ]
INFO: [ app_init ] --END-- [ RunTime:0.000421s ]
ERR: 无法加载模块:Robots

