[ 2015-12-12T11:43:16+08:00 ] 127.0.0.1 /coder/
INFO: [ app_init ] --START--
INFO: Run Behavior\BuildLiteBehavior [ RunTime:0.000028s ]
INFO: [ app_init ] --END-- [ RunTime:0.008018s ]
INFO: [ app_begin ] --START--
INFO: Run Behavior\ReadHtmlCacheBehavior [ RunTime:0.004903s ]
INFO: [ app_begin ] --END-- [ RunTime:0.005002s ]
SQL: SHOW COLUMNS FROM `tp_index_pic` [ RunTime:0.0035s ]
SQL: SELECT * FROM `tp_index_pic`  [ RunTime:0.0003s ]
INFO: [ view_parse ] --START--
INFO: [ template_filter ] --START--
INFO: Run Behavior\ContentReplaceBehavior [ RunTime:0.000058s ]
INFO: [ template_filter ] --END-- [ RunTime:0.000141s ]
NOTIC: [8] Undefined variable: data_word /home/ftp/1520/2015new-20151122-obO/2015new.twtstudio.com/coder/twt/Runtime/Cache/Home/f5df05dc37f29370b2fd28ac424868bf.php 第 19 行.
INFO: Run Behavior\ParseTemplateBehavior [ RunTime:0.038315s ]
INFO: [ view_parse ] --END-- [ RunTime:0.038387s ]
INFO: [ view_filter ] --START--
INFO: Run Behavior\WriteHtmlCacheBehavior [ RunTime:0.010440s ]
INFO: [ view_filter ] --END-- [ RunTime:0.010503s ]
SQL: SHOW COLUMNS FROM `tp_index_words` [ RunTime:0.0007s ]
SQL: SELECT * FROM `tp_index_words`  [ RunTime:0.0116s ]
INFO: [ view_parse ] --START--
INFO: [ template_filter ] --START--
INFO: Run Behavior\ContentReplaceBehavior [ RunTime:0.000051s ]
INFO: [ template_filter ] --END-- [ RunTime:-0.034683s ]
INFO: Run Behavior\ParseTemplateBehavior [ RunTime:0.003893s ]
INFO: [ view_parse ] --END-- [ RunTime:-0.023507s ]
INFO: [ view_filter ] --START--
INFO: Run Behavior\WriteHtmlCacheBehavior [ RunTime:0.000012s ]
INFO: [ view_filter ] --END-- [ RunTime:-0.016956s ]
INFO: [ app_end ] --START--
INFO: Run Behavior\ShowPageTraceBehavior [ RunTime:0.001530s ]
INFO: [ app_end ] --END-- [ RunTime:0.001590s ]

