[ 2015-12-04T00:15:45+08:00 ] ::1 /coder/
INFO: [ app_init ] --START--
INFO: Run Behavior\BuildLiteBehavior [ RunTime:0.000051s ]
INFO: [ app_init ] --END-- [ RunTime:0.020628s ]
INFO: [ app_begin ] --START--
INFO: Run Behavior\ReadHtmlCacheBehavior [ RunTime:0.001070s ]
INFO: [ app_begin ] --END-- [ RunTime:0.001224s ]
NOTIC: [8] A session had already been started - ignoring session_start() C:\wamp\www\coder\ThinkPHP\Common\functions.php 第 1263 行.
NOTIC: [2] Missing argument 1 for Think\Controller::show(), called in C:\wamp\www\coder\twt\Home\Controller\IndexController.class.php on line 6 and defined C:\wamp\www\coder\ThinkPHP\Library\Think\Controller.class.php 第 68 行.
NOTIC: [8] Undefined variable: content C:\wamp\www\coder\ThinkPHP\Library\Think\Controller.class.php 第 69 行.
INFO: [ view_parse ] --START--
INFO: [ template_filter ] --START--
INFO: Run Behavior\ContentReplaceBehavior [ RunTime:0.000065s ]
INFO: [ template_filter ] --END-- [ RunTime:0.000184s ]
INFO: Run Behavior\ParseTemplateBehavior [ RunTime:0.035883s ]
INFO: [ view_parse ] --END-- [ RunTime:0.036111s ]
INFO: [ view_filter ] --START--
INFO: Run Behavior\WriteHtmlCacheBehavior [ RunTime:0.015005s ]
INFO: [ view_filter ] --END-- [ RunTime:0.015161s ]
INFO: [ app_end ] --START--
INFO: Run Behavior\ShowPageTraceBehavior [ RunTime:0.017202s ]
INFO: [ app_end ] --END-- [ RunTime:0.017362s ]

