[ 2016-01-12T00:02:44+08:00 ] 127.0.0.1 /
INFO: [ app_init ] --START--
INFO: Run Behavior\BuildLiteBehavior [ RunTime:0.000022s ]
INFO: [ app_init ] --END-- [ RunTime:0.015532s ]
INFO: [ app_begin ] --START--
INFO: Run Behavior\ReadHtmlCacheBehavior [ RunTime:0.005995s ]
INFO: [ app_begin ] --END-- [ RunTime:0.006077s ]
SQL: SHOW COLUMNS FROM `tp_index_pic` [ RunTime:0.0125s ]
SQL: SELECT * FROM `tp_index_pic` WHERE `pic_showid` = 1 ORDER BY pic_showid  [ RunTime:0.0110s ]
SQL: SELECT * FROM `tp_index_pic` WHERE ( pic_isshow=1 ) ORDER BY pic_showid  [ RunTime:0.0003s ]
SQL: SHOW COLUMNS FROM `tp_index_words` [ RunTime:0.0007s ]
SQL: SELECT * FROM `tp_index_words` WHERE `id` = 1 LIMIT 1   [ RunTime:0.0006s ]
SQL: SELECT * FROM `tp_index_words` WHERE `id` = 2 LIMIT 1   [ RunTime:0.0001s ]
INFO: [ view_parse ] --START--
INFO: [ template_filter ] --START--
INFO: Run Behavior\ContentReplaceBehavior [ RunTime:0.000107s ]
INFO: [ template_filter ] --END-- [ RunTime:0.000187s ]
INFO: Run Behavior\ParseTemplateBehavior [ RunTime:0.050114s ]
INFO: [ view_parse ] --END-- [ RunTime:0.050201s ]
INFO: [ view_filter ] --START--
INFO: Run Behavior\WriteHtmlCacheBehavior [ RunTime:0.008349s ]
INFO: [ view_filter ] --END-- [ RunTime:0.008424s ]
INFO: [ app_end ] --START--
INFO: Run Behavior\ShowPageTraceBehavior [ RunTime:0.001611s ]
INFO: [ app_end ] --END-- [ RunTime:0.001692s ]

[ 2016-01-12T00:07:45+08:00 ] 127.0.0.1 /index.php/home/index/index
INFO: [ app_init ] --START--
INFO: Run Behavior\BuildLiteBehavior [ RunTime:0.000019s ]
INFO: [ app_init ] --END-- [ RunTime:0.000450s ]
INFO: [ app_begin ] --START--
INFO: Run Behavior\ReadHtmlCacheBehavior [ RunTime:0.000567s ]
INFO: [ app_begin ] --END-- [ RunTime:0.000649s ]
SQL: SHOW COLUMNS FROM `tp_index_pic` [ RunTime:0.0006s ]
SQL: SELECT * FROM `tp_index_pic` WHERE `pic_showid` = 1 ORDER BY pic_showid  [ RunTime:0.0004s ]
SQL: SELECT * FROM `tp_index_pic` WHERE ( pic_isshow=1 ) ORDER BY pic_showid  [ RunTime:0.0002s ]
SQL: SHOW COLUMNS FROM `tp_index_words` [ RunTime:0.0004s ]
SQL: SELECT * FROM `tp_index_words` WHERE `id` = 1 LIMIT 1   [ RunTime:0.0003s ]
SQL: SELECT * FROM `tp_index_words` WHERE `id` = 2 LIMIT 1   [ RunTime:0.0002s ]
INFO: [ view_parse ] --START--
INFO: [ template_filter ] --START--
INFO: Run Behavior\ContentReplaceBehavior [ RunTime:0.000088s ]
INFO: [ template_filter ] --END-- [ RunTime:0.000156s ]
INFO: Run Behavior\ParseTemplateBehavior [ RunTime:0.011009s ]
INFO: [ view_parse ] --END-- [ RunTime:0.011082s ]
INFO: [ view_filter ] --START--
INFO: Run Behavior\WriteHtmlCacheBehavior [ RunTime:0.000326s ]
INFO: [ view_filter ] --END-- [ RunTime:0.000378s ]
INFO: [ app_end ] --START--
INFO: Run Behavior\ShowPageTraceBehavior [ RunTime:0.000483s ]
INFO: [ app_end ] --END-- [ RunTime:0.000537s ]

[ 2016-01-12T00:48:27+08:00 ] 127.0.0.1 /
INFO: [ app_init ] --START--
INFO: Run Behavior\BuildLiteBehavior [ RunTime:0.000020s ]
INFO: [ app_init ] --END-- [ RunTime:0.000466s ]
INFO: [ app_begin ] --START--
INFO: Run Behavior\ReadHtmlCacheBehavior [ RunTime:0.000594s ]
INFO: [ app_begin ] --END-- [ RunTime:0.000672s ]
SQL: SHOW COLUMNS FROM `tp_index_pic` [ RunTime:0.0007s ]
SQL: SELECT * FROM `tp_index_pic` WHERE `pic_showid` = 1 ORDER BY pic_showid  [ RunTime:0.0004s ]
SQL: SELECT * FROM `tp_index_pic` WHERE ( pic_isshow=1 ) ORDER BY pic_showid  [ RunTime:0.0003s ]
SQL: SHOW COLUMNS FROM `tp_index_words` [ RunTime:0.0005s ]
SQL: SELECT * FROM `tp_index_words` WHERE `id` = 1 LIMIT 1   [ RunTime:0.0002s ]
SQL: SELECT * FROM `tp_index_words` WHERE `id` = 2 LIMIT 1   [ RunTime:0.0001s ]
INFO: [ view_parse ] --START--
INFO: [ template_filter ] --START--
INFO: Run Behavior\ContentReplaceBehavior [ RunTime:0.000107s ]
INFO: [ template_filter ] --END-- [ RunTime:0.000198s ]
INFO: Run Behavior\ParseTemplateBehavior [ RunTime:0.020593s ]
INFO: [ view_parse ] --END-- [ RunTime:0.020681s ]
INFO: [ view_filter ] --START--
INFO: Run Behavior\WriteHtmlCacheBehavior [ RunTime:0.000436s ]
INFO: [ view_filter ] --END-- [ RunTime:0.000505s ]
INFO: [ app_end ] --START--
INFO: Run Behavior\ShowPageTraceBehavior [ RunTime:0.000626s ]
INFO: [ app_end ] --END-- [ RunTime:0.000697s ]

[ 2016-01-12T00:48:27+08:00 ] 127.0.0.1 /
INFO: [ app_init ] --START--
INFO: Run Behavior\BuildLiteBehavior [ RunTime:0.000019s ]
INFO: [ app_init ] --END-- [ RunTime:0.000494s ]
INFO: [ app_begin ] --START--
INFO: Run Behavior\ReadHtmlCacheBehavior [ RunTime:0.000558s ]
INFO: [ app_begin ] --END-- [ RunTime:0.000635s ]
SQL: SHOW COLUMNS FROM `tp_index_pic` [ RunTime:0.0005s ]
SQL: SELECT * FROM `tp_index_pic` WHERE `pic_showid` = 1 ORDER BY pic_showid  [ RunTime:0.0002s ]
SQL: SELECT * FROM `tp_index_pic` WHERE ( pic_isshow=1 ) ORDER BY pic_showid  [ RunTime:0.0002s ]
SQL: SHOW COLUMNS FROM `tp_index_words` [ RunTime:0.0004s ]
SQL: SELECT * FROM `tp_index_words` WHERE `id` = 1 LIMIT 1   [ RunTime:0.0001s ]
SQL: SELECT * FROM `tp_index_words` WHERE `id` = 2 LIMIT 1   [ RunTime:0.0001s ]
INFO: [ view_parse ] --START--
INFO: [ template_filter ] --START--
INFO: Run Behavior\ContentReplaceBehavior [ RunTime:0.000092s ]
INFO: [ template_filter ] --END-- [ RunTime:0.000175s ]
INFO: Run Behavior\ParseTemplateBehavior [ RunTime:0.012309s ]
INFO: [ view_parse ] --END-- [ RunTime:0.012385s ]
INFO: [ view_filter ] --START--
INFO: Run Behavior\WriteHtmlCacheBehavior [ RunTime:0.000416s ]
INFO: [ view_filter ] --END-- [ RunTime:0.000469s ]
INFO: [ app_end ] --START--
INFO: Run Behavior\ShowPageTraceBehavior [ RunTime:0.000525s ]
INFO: [ app_end ] --END-- [ RunTime:0.000578s ]

[ 2016-01-12T00:48:27+08:00 ] 127.0.0.1 /
INFO: [ app_init ] --START--
INFO: Run Behavior\BuildLiteBehavior [ RunTime:0.000016s ]
INFO: [ app_init ] --END-- [ RunTime:0.000424s ]
INFO: [ app_begin ] --START--
INFO: Run Behavior\ReadHtmlCacheBehavior [ RunTime:0.000431s ]
INFO: [ app_begin ] --END-- [ RunTime:0.000492s ]
SQL: SHOW COLUMNS FROM `tp_index_pic` [ RunTime:0.0006s ]
SQL: SELECT * FROM `tp_index_pic` WHERE `pic_showid` = 1 ORDER BY pic_showid  [ RunTime:0.0003s ]
SQL: SELECT * FROM `tp_index_pic` WHERE ( pic_isshow=1 ) ORDER BY pic_showid  [ RunTime:0.0002s ]
SQL: SHOW COLUMNS FROM `tp_index_words` [ RunTime:0.0004s ]
SQL: SELECT * FROM `tp_index_words` WHERE `id` = 1 LIMIT 1   [ RunTime:0.0001s ]
SQL: SELECT * FROM `tp_index_words` WHERE `id` = 2 LIMIT 1   [ RunTime:0.0002s ]
INFO: [ view_parse ] --START--
INFO: [ template_filter ] --START--
INFO: Run Behavior\ContentReplaceBehavior [ RunTime:0.000081s ]
INFO: [ template_filter ] --END-- [ RunTime:0.000148s ]
INFO: Run Behavior\ParseTemplateBehavior [ RunTime:0.009522s ]
INFO: [ view_parse ] --END-- [ RunTime:0.009587s ]
INFO: [ view_filter ] --START--
INFO: Run Behavior\WriteHtmlCacheBehavior [ RunTime:0.000320s ]
INFO: [ view_filter ] --END-- [ RunTime:0.000374s ]
INFO: [ app_end ] --START--
INFO: Run Behavior\ShowPageTraceBehavior [ RunTime:0.000582s ]
INFO: [ app_end ] --END-- [ RunTime:0.000637s ]

[ 2016-01-12T00:48:27+08:00 ] 127.0.0.1 /
INFO: [ app_init ] --START--
INFO: Run Behavior\BuildLiteBehavior [ RunTime:0.000019s ]
INFO: [ app_init ] --END-- [ RunTime:0.000463s ]
INFO: [ app_begin ] --START--
INFO: Run Behavior\ReadHtmlCacheBehavior [ RunTime:0.000591s ]
INFO: [ app_begin ] --END-- [ RunTime:0.000660s ]
SQL: SHOW COLUMNS FROM `tp_index_pic` [ RunTime:0.0005s ]
SQL: SELECT * FROM `tp_index_pic` WHERE `pic_showid` = 1 ORDER BY pic_showid  [ RunTime:0.0002s ]
SQL: SELECT * FROM `tp_index_pic` WHERE ( pic_isshow=1 ) ORDER BY pic_showid  [ RunTime:0.0001s ]
SQL: SHOW COLUMNS FROM `tp_index_words` [ RunTime:0.0003s ]
SQL: SELECT * FROM `tp_index_words` WHERE `id` = 1 LIMIT 1   [ RunTime:0.0002s ]
SQL: SELECT * FROM `tp_index_words` WHERE `id` = 2 LIMIT 1   [ RunTime:0.0001s ]
INFO: [ view_parse ] --START--
INFO: [ template_filter ] --START--
INFO: Run Behavior\ContentReplaceBehavior [ RunTime:0.000082s ]
INFO: [ template_filter ] --END-- [ RunTime:0.000157s ]
INFO: Run Behavior\ParseTemplateBehavior [ RunTime:0.010344s ]
INFO: [ view_parse ] --END-- [ RunTime:0.010412s ]
INFO: [ view_filter ] --START--
INFO: Run Behavior\WriteHtmlCacheBehavior [ RunTime:0.000319s ]
INFO: [ view_filter ] --END-- [ RunTime:0.000372s ]
INFO: [ app_end ] --START--
INFO: Run Behavior\ShowPageTraceBehavior [ RunTime:0.000474s ]
INFO: [ app_end ] --END-- [ RunTime:0.000527s ]

[ 2016-01-12T04:06:58+08:00 ] 127.0.0.1 /
INFO: [ app_init ] --START--
INFO: Run Behavior\BuildLiteBehavior [ RunTime:0.000022s ]
INFO: [ app_init ] --END-- [ RunTime:0.012930s ]
INFO: [ app_begin ] --START--
INFO: Run Behavior\ReadHtmlCacheBehavior [ RunTime:0.001664s ]
INFO: [ app_begin ] --END-- [ RunTime:0.001753s ]
SQL: SHOW COLUMNS FROM `tp_index_pic` [ RunTime:0.0086s ]
SQL: SELECT * FROM `tp_index_pic` WHERE `pic_showid` = 1 ORDER BY pic_showid  [ RunTime:0.0112s ]
SQL: SELECT * FROM `tp_index_pic` WHERE ( pic_isshow=1 ) ORDER BY pic_showid  [ RunTime:0.0004s ]
SQL: SHOW COLUMNS FROM `tp_index_words` [ RunTime:0.0005s ]
SQL: SELECT * FROM `tp_index_words` WHERE `id` = 1 LIMIT 1   [ RunTime:0.0005s ]
SQL: SELECT * FROM `tp_index_words` WHERE `id` = 2 LIMIT 1   [ RunTime:0.0001s ]
INFO: [ view_parse ] --START--
INFO: [ template_filter ] --START--
INFO: Run Behavior\ContentReplaceBehavior [ RunTime:0.000112s ]
INFO: [ template_filter ] --END-- [ RunTime:0.000196s ]
INFO: Run Behavior\ParseTemplateBehavior [ RunTime:0.035207s ]
INFO: [ view_parse ] --END-- [ RunTime:0.035296s ]
INFO: [ view_filter ] --START--
INFO: Run Behavior\WriteHtmlCacheBehavior [ RunTime:0.005902s ]
INFO: [ view_filter ] --END-- [ RunTime:0.005978s ]
INFO: [ app_end ] --START--
INFO: Run Behavior\ShowPageTraceBehavior [ RunTime:0.008290s ]
INFO: [ app_end ] --END-- [ RunTime:0.008364s ]

[ 2016-01-12T04:06:58+08:00 ] 127.0.0.1 /
INFO: [ app_init ] --START--
INFO: Run Behavior\BuildLiteBehavior [ RunTime:0.000020s ]
INFO: [ app_init ] --END-- [ RunTime:0.000450s ]
INFO: [ app_begin ] --START--
INFO: Run Behavior\ReadHtmlCacheBehavior [ RunTime:0.000592s ]
INFO: [ app_begin ] --END-- [ RunTime:0.000670s ]
SQL: SHOW COLUMNS FROM `tp_index_pic` [ RunTime:0.0006s ]
SQL: SELECT * FROM `tp_index_pic` WHERE `pic_showid` = 1 ORDER BY pic_showid  [ RunTime:0.0002s ]
SQL: SELECT * FROM `tp_index_pic` WHERE ( pic_isshow=1 ) ORDER BY pic_showid  [ RunTime:0.0002s ]
SQL: SHOW COLUMNS FROM `tp_index_words` [ RunTime:0.0004s ]
SQL: SELECT * FROM `tp_index_words` WHERE `id` = 1 LIMIT 1   [ RunTime:0.0002s ]
SQL: SELECT * FROM `tp_index_words` WHERE `id` = 2 LIMIT 1   [ RunTime:0.0001s ]
INFO: [ view_parse ] --START--
INFO: [ template_filter ] --START--
INFO: Run Behavior\ContentReplaceBehavior [ RunTime:0.000081s ]
INFO: [ template_filter ] --END-- [ RunTime:0.000140s ]
INFO: Run Behavior\ParseTemplateBehavior [ RunTime:0.009581s ]
INFO: [ view_parse ] --END-- [ RunTime:0.009647s ]
INFO: [ view_filter ] --START--
INFO: Run Behavior\WriteHtmlCacheBehavior [ RunTime:0.000331s ]
INFO: [ view_filter ] --END-- [ RunTime:0.000384s ]
INFO: [ app_end ] --START--
INFO: Run Behavior\ShowPageTraceBehavior [ RunTime:0.000489s ]
INFO: [ app_end ] --END-- [ RunTime:0.000542s ]

[ 2016-01-12T04:17:07+08:00 ] 127.0.0.1 /
INFO: [ app_init ] --START--
INFO: Run Behavior\BuildLiteBehavior [ RunTime:0.000025s ]
INFO: [ app_init ] --END-- [ RunTime:0.000729s ]
INFO: [ app_begin ] --START--
INFO: Run Behavior\ReadHtmlCacheBehavior [ RunTime:0.000591s ]
INFO: [ app_begin ] --END-- [ RunTime:0.000672s ]
SQL: SHOW COLUMNS FROM `tp_index_pic` [ RunTime:0.0006s ]
SQL: SELECT * FROM `tp_index_pic` WHERE `pic_showid` = 1 ORDER BY pic_showid  [ RunTime:0.0003s ]
SQL: SELECT * FROM `tp_index_pic` WHERE ( pic_isshow=1 ) ORDER BY pic_showid  [ RunTime:0.0002s ]
SQL: SHOW COLUMNS FROM `tp_index_words` [ RunTime:0.0003s ]
SQL: SELECT * FROM `tp_index_words` WHERE `id` = 1 LIMIT 1   [ RunTime:0.0002s ]
SQL: SELECT * FROM `tp_index_words` WHERE `id` = 2 LIMIT 1   [ RunTime:0.0002s ]
INFO: [ view_parse ] --START--
INFO: [ template_filter ] --START--
INFO: Run Behavior\ContentReplaceBehavior [ RunTime:0.000109s ]
INFO: [ template_filter ] --END-- [ RunTime:0.000206s ]
INFO: Run Behavior\ParseTemplateBehavior [ RunTime:0.013017s ]
INFO: [ view_parse ] --END-- [ RunTime:0.013106s ]
INFO: [ view_filter ] --START--
INFO: Run Behavior\WriteHtmlCacheBehavior [ RunTime:0.000482s ]
INFO: [ view_filter ] --END-- [ RunTime:0.000556s ]
INFO: [ app_end ] --START--
INFO: Run Behavior\ShowPageTraceBehavior [ RunTime:0.000653s ]
INFO: [ app_end ] --END-- [ RunTime:0.000723s ]

[ 2016-01-12T04:17:16+08:00 ] 127.0.0.1 /
INFO: [ app_init ] --START--
INFO: Run Behavior\BuildLiteBehavior [ RunTime:0.000022s ]
INFO: [ app_init ] --END-- [ RunTime:0.000478s ]
INFO: [ app_begin ] --START--
INFO: Run Behavior\ReadHtmlCacheBehavior [ RunTime:0.000585s ]
INFO: [ app_begin ] --END-- [ RunTime:0.000664s ]
SQL: SHOW COLUMNS FROM `tp_index_pic` [ RunTime:0.0007s ]
SQL: SELECT * FROM `tp_index_pic` WHERE `pic_showid` = 1 ORDER BY pic_showid  [ RunTime:0.0005s ]
SQL: SELECT * FROM `tp_index_pic` WHERE ( pic_isshow=1 ) ORDER BY pic_showid  [ RunTime:0.0003s ]
SQL: SHOW COLUMNS FROM `tp_index_words` [ RunTime:0.0004s ]
SQL: SELECT * FROM `tp_index_words` WHERE `id` = 1 LIMIT 1   [ RunTime:0.0002s ]
SQL: SELECT * FROM `tp_index_words` WHERE `id` = 2 LIMIT 1   [ RunTime:0.0001s ]
INFO: [ view_parse ] --START--
INFO: [ template_filter ] --START--
INFO: Run Behavior\ContentReplaceBehavior [ RunTime:0.000087s ]
INFO: [ template_filter ] --END-- [ RunTime:0.000164s ]
INFO: Run Behavior\ParseTemplateBehavior [ RunTime:0.010548s ]
INFO: [ view_parse ] --END-- [ RunTime:0.010622s ]
INFO: [ view_filter ] --START--
INFO: Run Behavior\WriteHtmlCacheBehavior [ RunTime:0.000351s ]
INFO: [ view_filter ] --END-- [ RunTime:0.000403s ]
INFO: [ app_end ] --START--
INFO: Run Behavior\ShowPageTraceBehavior [ RunTime:0.000489s ]
INFO: [ app_end ] --END-- [ RunTime:0.000544s ]

[ 2016-01-12T04:54:53+08:00 ] 127.0.0.1 /
INFO: [ app_init ] --START--
INFO: Run Behavior\BuildLiteBehavior [ RunTime:0.000019s ]
INFO: [ app_init ] --END-- [ RunTime:0.000461s ]
INFO: [ app_begin ] --START--
INFO: Run Behavior\ReadHtmlCacheBehavior [ RunTime:0.000588s ]
INFO: [ app_begin ] --END-- [ RunTime:0.000666s ]
SQL: SHOW COLUMNS FROM `tp_index_pic` [ RunTime:0.0007s ]
SQL: SELECT * FROM `tp_index_pic` WHERE `pic_showid` = 1 ORDER BY pic_showid  [ RunTime:0.0004s ]
SQL: SELECT * FROM `tp_index_pic` WHERE ( pic_isshow=1 ) ORDER BY pic_showid  [ RunTime:0.0003s ]
SQL: SHOW COLUMNS FROM `tp_index_words` [ RunTime:0.0004s ]
SQL: SELECT * FROM `tp_index_words` WHERE `id` = 1 LIMIT 1   [ RunTime:0.0002s ]
SQL: SELECT * FROM `tp_index_words` WHERE `id` = 2 LIMIT 1   [ RunTime:0.0001s ]
INFO: [ view_parse ] --START--
INFO: [ template_filter ] --START--
INFO: Run Behavior\ContentReplaceBehavior [ RunTime:0.000082s ]
INFO: [ template_filter ] --END-- [ RunTime:0.000146s ]
INFO: Run Behavior\ParseTemplateBehavior [ RunTime:0.010222s ]
INFO: [ view_parse ] --END-- [ RunTime:0.010292s ]
INFO: [ view_filter ] --START--
INFO: Run Behavior\WriteHtmlCacheBehavior [ RunTime:0.000340s ]
INFO: [ view_filter ] --END-- [ RunTime:0.000393s ]
INFO: [ app_end ] --START--
INFO: Run Behavior\ShowPageTraceBehavior [ RunTime:0.000478s ]
INFO: [ app_end ] --END-- [ RunTime:0.000533s ]

[ 2016-01-12T06:33:11+08:00 ] 127.0.0.1 /?page=twt&do=prodetail&index=%25E%25B%25AD%25M%25D%254%25EB%25DB%25AD%25ME%25
INFO: [ app_init ] --START--
INFO: Run Behavior\BuildLiteBehavior [ RunTime:0.000019s ]
INFO: [ app_init ] --END-- [ RunTime:0.000466s ]
INFO: [ app_begin ] --START--
INFO: Run Behavior\ReadHtmlCacheBehavior [ RunTime:0.000586s ]
INFO: [ app_begin ] --END-- [ RunTime:0.000665s ]
SQL: SHOW COLUMNS FROM `tp_index_pic` [ RunTime:0.0007s ]
SQL: SELECT * FROM `tp_index_pic` WHERE `pic_showid` = 1 ORDER BY pic_showid  [ RunTime:0.0003s ]
SQL: SELECT * FROM `tp_index_pic` WHERE ( pic_isshow=1 ) ORDER BY pic_showid  [ RunTime:0.0002s ]
SQL: SHOW COLUMNS FROM `tp_index_words` [ RunTime:0.0003s ]
SQL: SELECT * FROM `tp_index_words` WHERE `id` = 1 LIMIT 1   [ RunTime:0.0002s ]
SQL: SELECT * FROM `tp_index_words` WHERE `id` = 2 LIMIT 1   [ RunTime:0.0001s ]
INFO: [ view_parse ] --START--
INFO: [ template_filter ] --START--
INFO: Run Behavior\ContentReplaceBehavior [ RunTime:0.000086s ]
INFO: [ template_filter ] --END-- [ RunTime:0.000159s ]
INFO: Run Behavior\ParseTemplateBehavior [ RunTime:0.009859s ]
INFO: [ view_parse ] --END-- [ RunTime:0.009924s ]
INFO: [ view_filter ] --START--
INFO: Run Behavior\WriteHtmlCacheBehavior [ RunTime:0.000342s ]
INFO: [ view_filter ] --END-- [ RunTime:0.000395s ]
INFO: [ app_end ] --START--
INFO: Run Behavior\ShowPageTraceBehavior [ RunTime:0.000478s ]
INFO: [ app_end ] --END-- [ RunTime:0.000531s ]

[ 2016-01-12T07:42:49+08:00 ] 127.0.0.1 /?page=twt'&do=survey
INFO: [ app_init ] --START--
INFO: Run Behavior\BuildLiteBehavior [ RunTime:0.000019s ]
INFO: [ app_init ] --END-- [ RunTime:0.000454s ]
INFO: [ app_begin ] --START--
INFO: Run Behavior\ReadHtmlCacheBehavior [ RunTime:0.000614s ]
INFO: [ app_begin ] --END-- [ RunTime:0.000674s ]
SQL: SHOW COLUMNS FROM `tp_index_pic` [ RunTime:0.0022s ]
SQL: SELECT * FROM `tp_index_pic` WHERE `pic_showid` = 1 ORDER BY pic_showid  [ RunTime:0.0003s ]
SQL: SELECT * FROM `tp_index_pic` WHERE ( pic_isshow=1 ) ORDER BY pic_showid  [ RunTime:0.0002s ]
SQL: SHOW COLUMNS FROM `tp_index_words` [ RunTime:0.0004s ]
SQL: SELECT * FROM `tp_index_words` WHERE `id` = 1 LIMIT 1   [ RunTime:0.0002s ]
SQL: SELECT * FROM `tp_index_words` WHERE `id` = 2 LIMIT 1   [ RunTime:0.0001s ]
INFO: [ view_parse ] --START--
INFO: [ template_filter ] --START--
INFO: Run Behavior\ContentReplaceBehavior [ RunTime:0.000090s ]
INFO: [ template_filter ] --END-- [ RunTime:0.000168s ]
INFO: Run Behavior\ParseTemplateBehavior [ RunTime:0.010046s ]
INFO: [ view_parse ] --END-- [ RunTime:0.010117s ]
INFO: [ view_filter ] --START--
INFO: Run Behavior\WriteHtmlCacheBehavior [ RunTime:0.000399s ]
INFO: [ view_filter ] --END-- [ RunTime:0.000451s ]
INFO: [ app_end ] --START--
INFO: Run Behavior\ShowPageTraceBehavior [ RunTime:0.000523s ]
INFO: [ app_end ] --END-- [ RunTime:0.000577s ]

[ 2016-01-12T07:42:49+08:00 ] 127.0.0.1 /
INFO: [ app_init ] --START--
INFO: Run Behavior\BuildLiteBehavior [ RunTime:0.000021s ]
INFO: [ app_init ] --END-- [ RunTime:0.000922s ]
INFO: [ app_begin ] --START--
INFO: Run Behavior\ReadHtmlCacheBehavior [ RunTime:0.000880s ]
INFO: [ app_begin ] --END-- [ RunTime:0.000957s ]
SQL: SHOW COLUMNS FROM `tp_index_pic` [ RunTime:0.0004s ]
SQL: SELECT * FROM `tp_index_pic` WHERE `pic_showid` = 1 ORDER BY pic_showid  [ RunTime:0.0002s ]
SQL: SELECT * FROM `tp_index_pic` WHERE ( pic_isshow=1 ) ORDER BY pic_showid  [ RunTime:0.0001s ]
SQL: SHOW COLUMNS FROM `tp_index_words` [ RunTime:0.0004s ]
SQL: SELECT * FROM `tp_index_words` WHERE `id` = 1 LIMIT 1   [ RunTime:0.0002s ]
SQL: SELECT * FROM `tp_index_words` WHERE `id` = 2 LIMIT 1   [ RunTime:0.0001s ]
INFO: [ view_parse ] --START--
INFO: [ template_filter ] --START--
INFO: Run Behavior\ContentReplaceBehavior [ RunTime:0.000114s ]
INFO: [ template_filter ] --END-- [ RunTime:0.000207s ]
INFO: Run Behavior\ParseTemplateBehavior [ RunTime:0.011474s ]
INFO: [ view_parse ] --END-- [ RunTime:0.011551s ]
INFO: [ view_filter ] --START--
INFO: Run Behavior\WriteHtmlCacheBehavior [ RunTime:0.000351s ]
INFO: [ view_filter ] --END-- [ RunTime:0.000405s ]
INFO: [ app_end ] --START--
INFO: Run Behavior\ShowPageTraceBehavior [ RunTime:0.000484s ]
INFO: [ app_end ] --END-- [ RunTime:0.000539s ]

[ 2016-01-12T07:42:49+08:00 ] 127.0.0.1 /?page=twt&do=survey
INFO: [ app_init ] --START--
INFO: Run Behavior\BuildLiteBehavior [ RunTime:0.000021s ]
INFO: [ app_init ] --END-- [ RunTime:0.000462s ]
INFO: [ app_begin ] --START--
INFO: Run Behavior\ReadHtmlCacheBehavior [ RunTime:0.000582s ]
INFO: [ app_begin ] --END-- [ RunTime:0.000660s ]
SQL: SHOW COLUMNS FROM `tp_index_pic` [ RunTime:0.0005s ]
SQL: SELECT * FROM `tp_index_pic` WHERE `pic_showid` = 1 ORDER BY pic_showid  [ RunTime:0.0002s ]
SQL: SELECT * FROM `tp_index_pic` WHERE ( pic_isshow=1 ) ORDER BY pic_showid  [ RunTime:0.0002s ]
SQL: SHOW COLUMNS FROM `tp_index_words` [ RunTime:0.0003s ]
SQL: SELECT * FROM `tp_index_words` WHERE `id` = 1 LIMIT 1   [ RunTime:0.0002s ]
SQL: SELECT * FROM `tp_index_words` WHERE `id` = 2 LIMIT 1   [ RunTime:0.0001s ]
INFO: [ view_parse ] --START--
INFO: [ template_filter ] --START--
INFO: Run Behavior\ContentReplaceBehavior [ RunTime:0.000109s ]
INFO: [ template_filter ] --END-- [ RunTime:0.000209s ]
INFO: Run Behavior\ParseTemplateBehavior [ RunTime:0.011206s ]
INFO: [ view_parse ] --END-- [ RunTime:0.011290s ]
INFO: [ view_filter ] --START--
INFO: Run Behavior\WriteHtmlCacheBehavior [ RunTime:0.000440s ]
INFO: [ view_filter ] --END-- [ RunTime:0.000513s ]
INFO: [ app_end ] --START--
INFO: Run Behavior\ShowPageTraceBehavior [ RunTime:0.000632s ]
INFO: [ app_end ] --END-- [ RunTime:0.000702s ]

[ 2016-01-12T07:42:49+08:00 ] 127.0.0.1 /?page=twt'%20and%201=1--&do=survey
INFO: [ app_init ] --START--
INFO: Run Behavior\BuildLiteBehavior [ RunTime:0.000019s ]
INFO: [ app_init ] --END-- [ RunTime:0.000453s ]
INFO: [ app_begin ] --START--
INFO: Run Behavior\ReadHtmlCacheBehavior [ RunTime:0.000635s ]
INFO: [ app_begin ] --END-- [ RunTime:0.000728s ]
SQL: SHOW COLUMNS FROM `tp_index_pic` [ RunTime:0.0006s ]
SQL: SELECT * FROM `tp_index_pic` WHERE `pic_showid` = 1 ORDER BY pic_showid  [ RunTime:0.0002s ]
SQL: SELECT * FROM `tp_index_pic` WHERE ( pic_isshow=1 ) ORDER BY pic_showid  [ RunTime:0.0003s ]
SQL: SHOW COLUMNS FROM `tp_index_words` [ RunTime:0.0004s ]
SQL: SELECT * FROM `tp_index_words` WHERE `id` = 1 LIMIT 1   [ RunTime:0.0001s ]
SQL: SELECT * FROM `tp_index_words` WHERE `id` = 2 LIMIT 1   [ RunTime:0.0001s ]
INFO: [ view_parse ] --START--
INFO: [ template_filter ] --START--
INFO: Run Behavior\ContentReplaceBehavior [ RunTime:0.000087s ]
INFO: [ template_filter ] --END-- [ RunTime:0.000152s ]
INFO: Run Behavior\ParseTemplateBehavior [ RunTime:0.011040s ]
INFO: [ view_parse ] --END-- [ RunTime:0.011111s ]
INFO: [ view_filter ] --START--
INFO: Run Behavior\WriteHtmlCacheBehavior [ RunTime:0.000333s ]
INFO: [ view_filter ] --END-- [ RunTime:0.000389s ]
INFO: [ app_end ] --START--
INFO: Run Behavior\ShowPageTraceBehavior [ RunTime:0.000471s ]
INFO: [ app_end ] --END-- [ RunTime:0.000525s ]

[ 2016-01-12T07:42:49+08:00 ] 127.0.0.1 /?page=twt'%20and%201>1--&do=survey
INFO: [ app_init ] --START--
INFO: Run Behavior\BuildLiteBehavior [ RunTime:0.000018s ]
INFO: [ app_init ] --END-- [ RunTime:0.000466s ]
INFO: [ app_begin ] --START--
INFO: Run Behavior\ReadHtmlCacheBehavior [ RunTime:0.000600s ]
INFO: [ app_begin ] --END-- [ RunTime:0.000681s ]
SQL: SHOW COLUMNS FROM `tp_index_pic` [ RunTime:0.0005s ]
SQL: SELECT * FROM `tp_index_pic` WHERE `pic_showid` = 1 ORDER BY pic_showid  [ RunTime:0.0003s ]
SQL: SELECT * FROM `tp_index_pic` WHERE ( pic_isshow=1 ) ORDER BY pic_showid  [ RunTime:0.0002s ]
SQL: SHOW COLUMNS FROM `tp_index_words` [ RunTime:0.0004s ]
SQL: SELECT * FROM `tp_index_words` WHERE `id` = 1 LIMIT 1   [ RunTime:0.0001s ]
SQL: SELECT * FROM `tp_index_words` WHERE `id` = 2 LIMIT 1   [ RunTime:0.0001s ]
INFO: [ view_parse ] --START--
INFO: [ template_filter ] --START--
INFO: Run Behavior\ContentReplaceBehavior [ RunTime:0.000113s ]
INFO: [ template_filter ] --END-- [ RunTime:0.000206s ]
INFO: Run Behavior\ParseTemplateBehavior [ RunTime:0.012514s ]
INFO: [ view_parse ] --END-- [ RunTime:0.012594s ]
INFO: [ view_filter ] --START--
INFO: Run Behavior\WriteHtmlCacheBehavior [ RunTime:0.000437s ]
INFO: [ view_filter ] --END-- [ RunTime:0.000506s ]
INFO: [ app_end ] --START--
INFO: Run Behavior\ShowPageTraceBehavior [ RunTime:0.000626s ]
INFO: [ app_end ] --END-- [ RunTime:0.000697s ]

[ 2016-01-12T07:42:49+08:00 ] 127.0.0.1 /?page=twt&do=survey'
INFO: [ app_init ] --START--
INFO: Run Behavior\BuildLiteBehavior [ RunTime:0.000019s ]
INFO: [ app_init ] --END-- [ RunTime:0.000524s ]
INFO: [ app_begin ] --START--
INFO: Run Behavior\ReadHtmlCacheBehavior [ RunTime:0.000608s ]
INFO: [ app_begin ] --END-- [ RunTime:0.000686s ]
SQL: SHOW COLUMNS FROM `tp_index_pic` [ RunTime:0.0006s ]
SQL: SELECT * FROM `tp_index_pic` WHERE `pic_showid` = 1 ORDER BY pic_showid  [ RunTime:0.0002s ]
SQL: SELECT * FROM `tp_index_pic` WHERE ( pic_isshow=1 ) ORDER BY pic_showid  [ RunTime:0.0002s ]
SQL: SHOW COLUMNS FROM `tp_index_words` [ RunTime:0.0004s ]
SQL: SELECT * FROM `tp_index_words` WHERE `id` = 1 LIMIT 1   [ RunTime:0.0003s ]
SQL: SELECT * FROM `tp_index_words` WHERE `id` = 2 LIMIT 1   [ RunTime:0.0001s ]
INFO: [ view_parse ] --START--
INFO: [ template_filter ] --START--
INFO: Run Behavior\ContentReplaceBehavior [ RunTime:0.000085s ]
INFO: [ template_filter ] --END-- [ RunTime:0.000151s ]
INFO: Run Behavior\ParseTemplateBehavior [ RunTime:0.009567s ]
INFO: [ view_parse ] --END-- [ RunTime:0.009637s ]
INFO: [ view_filter ] --START--
INFO: Run Behavior\WriteHtmlCacheBehavior [ RunTime:0.000334s ]
INFO: [ view_filter ] --END-- [ RunTime:0.000388s ]
INFO: [ app_end ] --START--
INFO: Run Behavior\ShowPageTraceBehavior [ RunTime:0.000467s ]
INFO: [ app_end ] --END-- [ RunTime:0.000521s ]

[ 2016-01-12T07:42:49+08:00 ] 127.0.0.1 /?page=twt&do=survey
INFO: [ app_init ] --START--
INFO: Run Behavior\BuildLiteBehavior [ RunTime:0.000019s ]
INFO: [ app_init ] --END-- [ RunTime:0.000446s ]
INFO: [ app_begin ] --START--
INFO: Run Behavior\ReadHtmlCacheBehavior [ RunTime:0.000576s ]
INFO: [ app_begin ] --END-- [ RunTime:0.000655s ]
SQL: SHOW COLUMNS FROM `tp_index_pic` [ RunTime:0.0007s ]
SQL: SELECT * FROM `tp_index_pic` WHERE `pic_showid` = 1 ORDER BY pic_showid  [ RunTime:0.0003s ]
SQL: SELECT * FROM `tp_index_pic` WHERE ( pic_isshow=1 ) ORDER BY pic_showid  [ RunTime:0.0002s ]
SQL: SHOW COLUMNS FROM `tp_index_words` [ RunTime:0.0005s ]
SQL: SELECT * FROM `tp_index_words` WHERE `id` = 1 LIMIT 1   [ RunTime:0.0001s ]
SQL: SELECT * FROM `tp_index_words` WHERE `id` = 2 LIMIT 1   [ RunTime:0.0002s ]
INFO: [ view_parse ] --START--
INFO: [ template_filter ] --START--
INFO: Run Behavior\ContentReplaceBehavior [ RunTime:0.000085s ]
INFO: [ template_filter ] --END-- [ RunTime:0.000152s ]
INFO: Run Behavior\ParseTemplateBehavior [ RunTime:0.009319s ]
INFO: [ view_parse ] --END-- [ RunTime:0.009385s ]
INFO: [ view_filter ] --START--
INFO: Run Behavior\WriteHtmlCacheBehavior [ RunTime:0.000363s ]
INFO: [ view_filter ] --END-- [ RunTime:0.000416s ]
INFO: [ app_end ] --START--
INFO: Run Behavior\ShowPageTraceBehavior [ RunTime:0.000465s ]
INFO: [ app_end ] --END-- [ RunTime:0.000519s ]

[ 2016-01-12T07:42:49+08:00 ] 127.0.0.1 /?page=twt&do=survey'%20and%201=1--
INFO: [ app_init ] --START--
INFO: Run Behavior\BuildLiteBehavior [ RunTime:0.000014s ]
INFO: [ app_init ] --END-- [ RunTime:0.000345s ]
INFO: [ app_begin ] --START--
INFO: Run Behavior\ReadHtmlCacheBehavior [ RunTime:0.000476s ]
INFO: [ app_begin ] --END-- [ RunTime:0.000537s ]
SQL: SHOW COLUMNS FROM `tp_index_pic` [ RunTime:0.0006s ]
SQL: SELECT * FROM `tp_index_pic` WHERE `pic_showid` = 1 ORDER BY pic_showid  [ RunTime:0.0002s ]
SQL: SELECT * FROM `tp_index_pic` WHERE ( pic_isshow=1 ) ORDER BY pic_showid  [ RunTime:0.0001s ]
SQL: SHOW COLUMNS FROM `tp_index_words` [ RunTime:0.0003s ]
SQL: SELECT * FROM `tp_index_words` WHERE `id` = 1 LIMIT 1   [ RunTime:0.0001s ]
SQL: SELECT * FROM `tp_index_words` WHERE `id` = 2 LIMIT 1   [ RunTime:0.0003s ]
INFO: [ view_parse ] --START--
INFO: [ template_filter ] --START--
INFO: Run Behavior\ContentReplaceBehavior [ RunTime:0.000084s ]
INFO: [ template_filter ] --END-- [ RunTime:0.000147s ]
INFO: Run Behavior\ParseTemplateBehavior [ RunTime:0.009093s ]
INFO: [ view_parse ] --END-- [ RunTime:0.009158s ]
INFO: [ view_filter ] --START--
INFO: Run Behavior\WriteHtmlCacheBehavior [ RunTime:0.000332s ]
INFO: [ view_filter ] --END-- [ RunTime:0.000386s ]
INFO: [ app_end ] --START--
INFO: Run Behavior\ShowPageTraceBehavior [ RunTime:0.000471s ]
INFO: [ app_end ] --END-- [ RunTime:0.000530s ]

[ 2016-01-12T07:42:49+08:00 ] 127.0.0.1 /?page=twt&do=survey'%20and%201>1--
INFO: [ app_init ] --START--
INFO: Run Behavior\BuildLiteBehavior [ RunTime:0.000019s ]
INFO: [ app_init ] --END-- [ RunTime:0.000450s ]
INFO: [ app_begin ] --START--
INFO: Run Behavior\ReadHtmlCacheBehavior [ RunTime:0.000583s ]
INFO: [ app_begin ] --END-- [ RunTime:0.000661s ]
SQL: SHOW COLUMNS FROM `tp_index_pic` [ RunTime:0.0005s ]
SQL: SELECT * FROM `tp_index_pic` WHERE `pic_showid` = 1 ORDER BY pic_showid  [ RunTime:0.0002s ]
SQL: SELECT * FROM `tp_index_pic` WHERE ( pic_isshow=1 ) ORDER BY pic_showid  [ RunTime:0.0002s ]
SQL: SHOW COLUMNS FROM `tp_index_words` [ RunTime:0.0003s ]
SQL: SELECT * FROM `tp_index_words` WHERE `id` = 1 LIMIT 1   [ RunTime:0.0001s ]
SQL: SELECT * FROM `tp_index_words` WHERE `id` = 2 LIMIT 1   [ RunTime:0.0001s ]
INFO: [ view_parse ] --START--
INFO: [ template_filter ] --START--
INFO: Run Behavior\ContentReplaceBehavior [ RunTime:0.000083s ]
INFO: [ template_filter ] --END-- [ RunTime:0.000149s ]
INFO: Run Behavior\ParseTemplateBehavior [ RunTime:0.009216s ]
INFO: [ view_parse ] --END-- [ RunTime:0.009279s ]
INFO: [ view_filter ] --START--
INFO: Run Behavior\WriteHtmlCacheBehavior [ RunTime:0.000336s ]
INFO: [ view_filter ] --END-- [ RunTime:0.000390s ]
INFO: [ app_end ] --START--
INFO: Run Behavior\ShowPageTraceBehavior [ RunTime:0.000467s ]
INFO: [ app_end ] --END-- [ RunTime:0.000521s ]

[ 2016-01-12T07:42:59+08:00 ] 127.0.0.1 /
INFO: [ app_init ] --START--
INFO: Run Behavior\BuildLiteBehavior [ RunTime:0.000019s ]
INFO: [ app_init ] --END-- [ RunTime:0.000464s ]
INFO: [ app_begin ] --START--
INFO: Run Behavior\ReadHtmlCacheBehavior [ RunTime:0.000587s ]
INFO: [ app_begin ] --END-- [ RunTime:0.000663s ]
SQL: SHOW COLUMNS FROM `tp_index_pic` [ RunTime:0.0008s ]
SQL: SELECT * FROM `tp_index_pic` WHERE `pic_showid` = 1 ORDER BY pic_showid  [ RunTime:0.0003s ]
SQL: SELECT * FROM `tp_index_pic` WHERE ( pic_isshow=1 ) ORDER BY pic_showid  [ RunTime:0.0003s ]
SQL: SHOW COLUMNS FROM `tp_index_words` [ RunTime:0.0004s ]
SQL: SELECT * FROM `tp_index_words` WHERE `id` = 1 LIMIT 1   [ RunTime:0.0002s ]
SQL: SELECT * FROM `tp_index_words` WHERE `id` = 2 LIMIT 1   [ RunTime:0.0001s ]
INFO: [ view_parse ] --START--
INFO: [ template_filter ] --START--
INFO: Run Behavior\ContentReplaceBehavior [ RunTime:0.000081s ]
INFO: [ template_filter ] --END-- [ RunTime:0.000150s ]
INFO: Run Behavior\ParseTemplateBehavior [ RunTime:0.010561s ]
INFO: [ view_parse ] --END-- [ RunTime:0.010638s ]
INFO: [ view_filter ] --START--
INFO: Run Behavior\WriteHtmlCacheBehavior [ RunTime:0.000372s ]
INFO: [ view_filter ] --END-- [ RunTime:0.000425s ]
INFO: [ app_end ] --START--
INFO: Run Behavior\ShowPageTraceBehavior [ RunTime:0.000487s ]
INFO: [ app_end ] --END-- [ RunTime:0.000539s ]

[ 2016-01-12T07:43:00+08:00 ] 127.0.0.1 /?page=twt&do=survey
INFO: [ app_init ] --START--
INFO: Run Behavior\BuildLiteBehavior [ RunTime:0.000018s ]
INFO: [ app_init ] --END-- [ RunTime:0.000466s ]
INFO: [ app_begin ] --START--
INFO: Run Behavior\ReadHtmlCacheBehavior [ RunTime:0.000619s ]
INFO: [ app_begin ] --END-- [ RunTime:0.000697s ]
SQL: SHOW COLUMNS FROM `tp_index_pic` [ RunTime:0.0005s ]
SQL: SELECT * FROM `tp_index_pic` WHERE `pic_showid` = 1 ORDER BY pic_showid  [ RunTime:0.0002s ]
SQL: SELECT * FROM `tp_index_pic` WHERE ( pic_isshow=1 ) ORDER BY pic_showid  [ RunTime:0.0001s ]
SQL: SHOW COLUMNS FROM `tp_index_words` [ RunTime:0.0003s ]
SQL: SELECT * FROM `tp_index_words` WHERE `id` = 1 LIMIT 1   [ RunTime:0.0003s ]
SQL: SELECT * FROM `tp_index_words` WHERE `id` = 2 LIMIT 1   [ RunTime:0.0001s ]
INFO: [ view_parse ] --START--
INFO: [ template_filter ] --START--
INFO: Run Behavior\ContentReplaceBehavior [ RunTime:0.000083s ]
INFO: [ template_filter ] --END-- [ RunTime:0.000147s ]
INFO: Run Behavior\ParseTemplateBehavior [ RunTime:0.009505s ]
INFO: [ view_parse ] --END-- [ RunTime:0.009567s ]
INFO: [ view_filter ] --START--
INFO: Run Behavior\WriteHtmlCacheBehavior [ RunTime:0.000344s ]
INFO: [ view_filter ] --END-- [ RunTime:0.000397s ]
INFO: [ app_end ] --START--
INFO: Run Behavior\ShowPageTraceBehavior [ RunTime:0.000584s ]
INFO: [ app_end ] --END-- [ RunTime:0.000637s ]

[ 2016-01-12T07:45:01+08:00 ] 127.0.0.1 /?page=twt'&do=survey
INFO: [ app_init ] --START--
INFO: Run Behavior\BuildLiteBehavior [ RunTime:0.000018s ]
INFO: [ app_init ] --END-- [ RunTime:0.000384s ]
INFO: [ app_begin ] --START--
INFO: Run Behavior\ReadHtmlCacheBehavior [ RunTime:0.000482s ]
INFO: [ app_begin ] --END-- [ RunTime:0.000555s ]
SQL: SHOW COLUMNS FROM `tp_index_pic` [ RunTime:0.0005s ]
SQL: SELECT * FROM `tp_index_pic` WHERE `pic_showid` = 1 ORDER BY pic_showid  [ RunTime:0.0003s ]
SQL: SELECT * FROM `tp_index_pic` WHERE ( pic_isshow=1 ) ORDER BY pic_showid  [ RunTime:0.0003s ]
SQL: SHOW COLUMNS FROM `tp_index_words` [ RunTime:0.0004s ]
SQL: SELECT * FROM `tp_index_words` WHERE `id` = 1 LIMIT 1   [ RunTime:0.0003s ]
SQL: SELECT * FROM `tp_index_words` WHERE `id` = 2 LIMIT 1   [ RunTime:0.0002s ]
INFO: [ view_parse ] --START--
INFO: [ template_filter ] --START--
INFO: Run Behavior\ContentReplaceBehavior [ RunTime:0.000112s ]
INFO: [ template_filter ] --END-- [ RunTime:0.000214s ]
INFO: Run Behavior\ParseTemplateBehavior [ RunTime:0.012809s ]
INFO: [ view_parse ] --END-- [ RunTime:0.012890s ]
INFO: [ view_filter ] --START--
INFO: Run Behavior\WriteHtmlCacheBehavior [ RunTime:0.000453s ]
INFO: [ view_filter ] --END-- [ RunTime:0.000522s ]
INFO: [ app_end ] --START--
INFO: Run Behavior\ShowPageTraceBehavior [ RunTime:0.000628s ]
INFO: [ app_end ] --END-- [ RunTime:0.000698s ]

[ 2016-01-12T07:45:01+08:00 ] 127.0.0.1 /?page=twt&do=survey
INFO: [ app_init ] --START--
INFO: Run Behavior\BuildLiteBehavior [ RunTime:0.000025s ]
INFO: [ app_init ] --END-- [ RunTime:0.000540s ]
INFO: [ app_begin ] --START--
INFO: Run Behavior\ReadHtmlCacheBehavior [ RunTime:0.000559s ]
INFO: [ app_begin ] --END-- [ RunTime:0.000619s ]
SQL: SHOW COLUMNS FROM `tp_index_pic` [ RunTime:0.0005s ]
SQL: SELECT * FROM `tp_index_pic` WHERE `pic_showid` = 1 ORDER BY pic_showid  [ RunTime:0.0002s ]
SQL: SELECT * FROM `tp_index_pic` WHERE ( pic_isshow=1 ) ORDER BY pic_showid  [ RunTime:0.0002s ]
SQL: SHOW COLUMNS FROM `tp_index_words` [ RunTime:0.0003s ]
SQL: SELECT * FROM `tp_index_words` WHERE `id` = 1 LIMIT 1   [ RunTime:0.0001s ]
SQL: SELECT * FROM `tp_index_words` WHERE `id` = 2 LIMIT 1   [ RunTime:0.0001s ]
INFO: [ view_parse ] --START--
INFO: [ template_filter ] --START--
INFO: Run Behavior\ContentReplaceBehavior [ RunTime:0.000106s ]
INFO: [ template_filter ] --END-- [ RunTime:0.000187s ]
INFO: Run Behavior\ParseTemplateBehavior [ RunTime:0.012351s ]
INFO: [ view_parse ] --END-- [ RunTime:0.012434s ]
INFO: [ view_filter ] --START--
INFO: Run Behavior\WriteHtmlCacheBehavior [ RunTime:0.000495s ]
INFO: [ view_filter ] --END-- [ RunTime:0.000572s ]
INFO: [ app_end ] --START--
INFO: Run Behavior\ShowPageTraceBehavior [ RunTime:0.000681s ]
INFO: [ app_end ] --END-- [ RunTime:0.000751s ]

[ 2016-01-12T07:45:01+08:00 ] 127.0.0.1 /?page=twt'%20and%201=1--&do=survey
INFO: [ app_init ] --START--
INFO: Run Behavior\BuildLiteBehavior [ RunTime:0.000018s ]
INFO: [ app_init ] --END-- [ RunTime:0.000372s ]
INFO: [ app_begin ] --START--
INFO: Run Behavior\ReadHtmlCacheBehavior [ RunTime:0.000498s ]
INFO: [ app_begin ] --END-- [ RunTime:0.000559s ]
SQL: SHOW COLUMNS FROM `tp_index_pic` [ RunTime:0.0006s ]
SQL: SELECT * FROM `tp_index_pic` WHERE `pic_showid` = 1 ORDER BY pic_showid  [ RunTime:0.0002s ]
SQL: SELECT * FROM `tp_index_pic` WHERE ( pic_isshow=1 ) ORDER BY pic_showid  [ RunTime:0.0001s ]
SQL: SHOW COLUMNS FROM `tp_index_words` [ RunTime:0.0003s ]
SQL: SELECT * FROM `tp_index_words` WHERE `id` = 1 LIMIT 1   [ RunTime:0.0001s ]
SQL: SELECT * FROM `tp_index_words` WHERE `id` = 2 LIMIT 1   [ RunTime:0.0001s ]
INFO: [ view_parse ] --START--
INFO: [ template_filter ] --START--
INFO: Run Behavior\ContentReplaceBehavior [ RunTime:0.000084s ]
INFO: [ template_filter ] --END-- [ RunTime:0.000154s ]
INFO: Run Behavior\ParseTemplateBehavior [ RunTime:0.009530s ]
INFO: [ view_parse ] --END-- [ RunTime:0.009593s ]
INFO: [ view_filter ] --START--
INFO: Run Behavior\WriteHtmlCacheBehavior [ RunTime:0.000330s ]
INFO: [ view_filter ] --END-- [ RunTime:0.000383s ]
INFO: [ app_end ] --START--
INFO: Run Behavior\ShowPageTraceBehavior [ RunTime:0.000474s ]
INFO: [ app_end ] --END-- [ RunTime:0.000528s ]

[ 2016-01-12T07:45:01+08:00 ] 127.0.0.1 /?page=twt'%20and%201>1--&do=survey
INFO: [ app_init ] --START--
INFO: Run Behavior\BuildLiteBehavior [ RunTime:0.000015s ]
INFO: [ app_init ] --END-- [ RunTime:0.000348s ]
INFO: [ app_begin ] --START--
INFO: Run Behavior\ReadHtmlCacheBehavior [ RunTime:0.000522s ]
INFO: [ app_begin ] --END-- [ RunTime:0.000592s ]
SQL: SHOW COLUMNS FROM `tp_index_pic` [ RunTime:0.0006s ]
SQL: SELECT * FROM `tp_index_pic` WHERE `pic_showid` = 1 ORDER BY pic_showid  [ RunTime:0.0003s ]
SQL: SELECT * FROM `tp_index_pic` WHERE ( pic_isshow=1 ) ORDER BY pic_showid  [ RunTime:0.0002s ]
SQL: SHOW COLUMNS FROM `tp_index_words` [ RunTime:0.0005s ]
SQL: SELECT * FROM `tp_index_words` WHERE `id` = 1 LIMIT 1   [ RunTime:0.0002s ]
SQL: SELECT * FROM `tp_index_words` WHERE `id` = 2 LIMIT 1   [ RunTime:0.0001s ]
INFO: [ view_parse ] --START--
INFO: [ template_filter ] --START--
INFO: Run Behavior\ContentReplaceBehavior [ RunTime:0.000084s ]
INFO: [ template_filter ] --END-- [ RunTime:0.000145s ]
INFO: Run Behavior\ParseTemplateBehavior [ RunTime:0.009640s ]
INFO: [ view_parse ] --END-- [ RunTime:0.009707s ]
INFO: [ view_filter ] --START--
INFO: Run Behavior\WriteHtmlCacheBehavior [ RunTime:0.000343s ]
INFO: [ view_filter ] --END-- [ RunTime:0.000394s ]
INFO: [ app_end ] --START--
INFO: Run Behavior\ShowPageTraceBehavior [ RunTime:0.000503s ]
INFO: [ app_end ] --END-- [ RunTime:0.000556s ]

[ 2016-01-12T07:45:01+08:00 ] 127.0.0.1 /?page=twt&do=survey'
INFO: [ app_init ] --START--
INFO: Run Behavior\BuildLiteBehavior [ RunTime:0.000019s ]
INFO: [ app_init ] --END-- [ RunTime:0.000530s ]
INFO: [ app_begin ] --START--
INFO: Run Behavior\ReadHtmlCacheBehavior [ RunTime:0.000656s ]
INFO: [ app_begin ] --END-- [ RunTime:0.000737s ]
SQL: SHOW COLUMNS FROM `tp_index_pic` [ RunTime:0.0005s ]
SQL: SELECT * FROM `tp_index_pic` WHERE `pic_showid` = 1 ORDER BY pic_showid  [ RunTime:0.0002s ]
SQL: SELECT * FROM `tp_index_pic` WHERE ( pic_isshow=1 ) ORDER BY pic_showid  [ RunTime:0.0002s ]
SQL: SHOW COLUMNS FROM `tp_index_words` [ RunTime:0.0003s ]
SQL: SELECT * FROM `tp_index_words` WHERE `id` = 1 LIMIT 1   [ RunTime:0.0002s ]
SQL: SELECT * FROM `tp_index_words` WHERE `id` = 2 LIMIT 1   [ RunTime:0.0001s ]
INFO: [ view_parse ] --START--
INFO: [ template_filter ] --START--
INFO: Run Behavior\ContentReplaceBehavior [ RunTime:0.000083s ]
INFO: [ template_filter ] --END-- [ RunTime:0.000148s ]
INFO: Run Behavior\ParseTemplateBehavior [ RunTime:0.011231s ]
INFO: [ view_parse ] --END-- [ RunTime:0.011306s ]
INFO: [ view_filter ] --START--
INFO: Run Behavior\WriteHtmlCacheBehavior [ RunTime:0.000353s ]
INFO: [ view_filter ] --END-- [ RunTime:0.000409s ]
INFO: [ app_end ] --START--
INFO: Run Behavior\ShowPageTraceBehavior [ RunTime:0.000480s ]
INFO: [ app_end ] --END-- [ RunTime:0.000534s ]

[ 2016-01-12T07:45:01+08:00 ] 127.0.0.1 /?page=twt&do=survey
INFO: [ app_init ] --START--
INFO: Run Behavior\BuildLiteBehavior [ RunTime:0.000015s ]
INFO: [ app_init ] --END-- [ RunTime:0.000348s ]
INFO: [ app_begin ] --START--
INFO: Run Behavior\ReadHtmlCacheBehavior [ RunTime:0.000467s ]
INFO: [ app_begin ] --END-- [ RunTime:0.000528s ]
SQL: SHOW COLUMNS FROM `tp_index_pic` [ RunTime:0.0007s ]
SQL: SELECT * FROM `tp_index_pic` WHERE `pic_showid` = 1 ORDER BY pic_showid  [ RunTime:0.0003s ]
SQL: SELECT * FROM `tp_index_pic` WHERE ( pic_isshow=1 ) ORDER BY pic_showid  [ RunTime:0.0002s ]
SQL: SHOW COLUMNS FROM `tp_index_words` [ RunTime:0.0003s ]
SQL: SELECT * FROM `tp_index_words` WHERE `id` = 1 LIMIT 1   [ RunTime:0.0002s ]
SQL: SELECT * FROM `tp_index_words` WHERE `id` = 2 LIMIT 1   [ RunTime:0.0002s ]
INFO: [ view_parse ] --START--
INFO: [ template_filter ] --START--
INFO: Run Behavior\ContentReplaceBehavior [ RunTime:0.000084s ]
INFO: [ template_filter ] --END-- [ RunTime:0.000153s ]
INFO: Run Behavior\ParseTemplateBehavior [ RunTime:0.009358s ]
INFO: [ view_parse ] --END-- [ RunTime:0.009421s ]
INFO: [ view_filter ] --START--
INFO: Run Behavior\WriteHtmlCacheBehavior [ RunTime:0.000363s ]
INFO: [ view_filter ] --END-- [ RunTime:0.000436s ]
INFO: [ app_end ] --START--
INFO: Run Behavior\ShowPageTraceBehavior [ RunTime:0.000497s ]
INFO: [ app_end ] --END-- [ RunTime:0.000566s ]

[ 2016-01-12T07:45:01+08:00 ] 127.0.0.1 /?page=twt&do=survey'%20and%201=1--
INFO: [ app_init ] --START--
INFO: Run Behavior\BuildLiteBehavior [ RunTime:0.000019s ]
INFO: [ app_init ] --END-- [ RunTime:0.000470s ]
INFO: [ app_begin ] --START--
INFO: Run Behavior\ReadHtmlCacheBehavior [ RunTime:0.000618s ]
INFO: [ app_begin ] --END-- [ RunTime:0.000698s ]
SQL: SHOW COLUMNS FROM `tp_index_pic` [ RunTime:0.0005s ]
SQL: SELECT * FROM `tp_index_pic` WHERE `pic_showid` = 1 ORDER BY pic_showid  [ RunTime:0.0003s ]
SQL: SELECT * FROM `tp_index_pic` WHERE ( pic_isshow=1 ) ORDER BY pic_showid  [ RunTime:0.0002s ]
SQL: SHOW COLUMNS FROM `tp_index_words` [ RunTime:0.0003s ]
SQL: SELECT * FROM `tp_index_words` WHERE `id` = 1 LIMIT 1   [ RunTime:0.0001s ]
SQL: SELECT * FROM `tp_index_words` WHERE `id` = 2 LIMIT 1   [ RunTime:0.0001s ]
INFO: [ view_parse ] --START--
INFO: [ template_filter ] --START--
INFO: Run Behavior\ContentReplaceBehavior [ RunTime:0.000084s ]
INFO: [ template_filter ] --END-- [ RunTime:0.000150s ]
INFO: Run Behavior\ParseTemplateBehavior [ RunTime:0.009449s ]
INFO: [ view_parse ] --END-- [ RunTime:0.009518s ]
INFO: [ view_filter ] --START--
INFO: Run Behavior\WriteHtmlCacheBehavior [ RunTime:0.000408s ]
INFO: [ view_filter ] --END-- [ RunTime:0.000460s ]
INFO: [ app_end ] --START--
INFO: Run Behavior\ShowPageTraceBehavior [ RunTime:0.000528s ]
INFO: [ app_end ] --END-- [ RunTime:0.000581s ]

[ 2016-01-12T07:45:01+08:00 ] 127.0.0.1 /?page=twt&do=survey'%20and%201>1--
INFO: [ app_init ] --START--
INFO: Run Behavior\BuildLiteBehavior [ RunTime:0.000018s ]
INFO: [ app_init ] --END-- [ RunTime:0.000443s ]
INFO: [ app_begin ] --START--
INFO: Run Behavior\ReadHtmlCacheBehavior [ RunTime:0.000574s ]
INFO: [ app_begin ] --END-- [ RunTime:0.000673s ]
SQL: SHOW COLUMNS FROM `tp_index_pic` [ RunTime:0.0006s ]
SQL: SELECT * FROM `tp_index_pic` WHERE `pic_showid` = 1 ORDER BY pic_showid  [ RunTime:0.0003s ]
SQL: SELECT * FROM `tp_index_pic` WHERE ( pic_isshow=1 ) ORDER BY pic_showid  [ RunTime:0.0002s ]
SQL: SHOW COLUMNS FROM `tp_index_words` [ RunTime:0.0003s ]
SQL: SELECT * FROM `tp_index_words` WHERE `id` = 1 LIMIT 1   [ RunTime:0.0002s ]
SQL: SELECT * FROM `tp_index_words` WHERE `id` = 2 LIMIT 1   [ RunTime:0.0001s ]
INFO: [ view_parse ] --START--
INFO: [ template_filter ] --START--
INFO: Run Behavior\ContentReplaceBehavior [ RunTime:0.000087s ]
INFO: [ template_filter ] --END-- [ RunTime:0.000160s ]
INFO: Run Behavior\ParseTemplateBehavior [ RunTime:0.010919s ]
INFO: [ view_parse ] --END-- [ RunTime:0.011007s ]
INFO: [ view_filter ] --START--
INFO: Run Behavior\WriteHtmlCacheBehavior [ RunTime:0.000457s ]
INFO: [ view_filter ] --END-- [ RunTime:0.000526s ]
INFO: [ app_end ] --START--
INFO: Run Behavior\ShowPageTraceBehavior [ RunTime:0.000710s ]
INFO: [ app_end ] --END-- [ RunTime:0.000780s ]

[ 2016-01-12T07:45:59+08:00 ] 127.0.0.1 /?page=twt'&do=survey
INFO: [ app_init ] --START--
INFO: Run Behavior\BuildLiteBehavior [ RunTime:0.000017s ]
INFO: [ app_init ] --END-- [ RunTime:0.000388s ]
INFO: [ app_begin ] --START--
INFO: Run Behavior\ReadHtmlCacheBehavior [ RunTime:0.000487s ]
INFO: [ app_begin ] --END-- [ RunTime:0.000548s ]
SQL: SHOW COLUMNS FROM `tp_index_pic` [ RunTime:0.0007s ]
SQL: SELECT * FROM `tp_index_pic` WHERE `pic_showid` = 1 ORDER BY pic_showid  [ RunTime:0.0004s ]
SQL: SELECT * FROM `tp_index_pic` WHERE ( pic_isshow=1 ) ORDER BY pic_showid  [ RunTime:0.0002s ]
SQL: SHOW COLUMNS FROM `tp_index_words` [ RunTime:0.0005s ]
SQL: SELECT * FROM `tp_index_words` WHERE `id` = 1 LIMIT 1   [ RunTime:0.0005s ]
SQL: SELECT * FROM `tp_index_words` WHERE `id` = 2 LIMIT 1   [ RunTime:0.0003s ]
INFO: [ view_parse ] --START--
INFO: [ template_filter ] --START--
INFO: Run Behavior\ContentReplaceBehavior [ RunTime:0.000085s ]
INFO: [ template_filter ] --END-- [ RunTime:0.000161s ]
INFO: Run Behavior\ParseTemplateBehavior [ RunTime:0.009811s ]
INFO: [ view_parse ] --END-- [ RunTime:0.009880s ]
INFO: [ view_filter ] --START--
INFO: Run Behavior\WriteHtmlCacheBehavior [ RunTime:0.000370s ]
INFO: [ view_filter ] --END-- [ RunTime:0.000423s ]
INFO: [ app_end ] --START--
INFO: Run Behavior\ShowPageTraceBehavior [ RunTime:0.000507s ]
INFO: [ app_end ] --END-- [ RunTime:0.000560s ]

[ 2016-01-12T07:45:59+08:00 ] 127.0.0.1 /?page=twt&do=survey
INFO: [ app_init ] --START--
INFO: Run Behavior\BuildLiteBehavior [ RunTime:0.000016s ]
INFO: [ app_init ] --END-- [ RunTime:0.000363s ]
INFO: [ app_begin ] --START--
INFO: Run Behavior\ReadHtmlCacheBehavior [ RunTime:0.000483s ]
INFO: [ app_begin ] --END-- [ RunTime:0.000545s ]
SQL: SHOW COLUMNS FROM `tp_index_pic` [ RunTime:0.0007s ]
SQL: SELECT * FROM `tp_index_pic` WHERE `pic_showid` = 1 ORDER BY pic_showid  [ RunTime:0.0003s ]
SQL: SELECT * FROM `tp_index_pic` WHERE ( pic_isshow=1 ) ORDER BY pic_showid  [ RunTime:0.0003s ]
SQL: SHOW COLUMNS FROM `tp_index_words` [ RunTime:0.0005s ]
SQL: SELECT * FROM `tp_index_words` WHERE `id` = 1 LIMIT 1   [ RunTime:0.0003s ]
SQL: SELECT * FROM `tp_index_words` WHERE `id` = 2 LIMIT 1   [ RunTime:0.0002s ]
INFO: [ view_parse ] --START--
INFO: [ template_filter ] --START--
INFO: Run Behavior\ContentReplaceBehavior [ RunTime:0.000082s ]
INFO: [ template_filter ] --END-- [ RunTime:0.000147s ]
INFO: Run Behavior\ParseTemplateBehavior [ RunTime:0.009502s ]
INFO: [ view_parse ] --END-- [ RunTime:0.009566s ]
INFO: [ view_filter ] --START--
INFO: Run Behavior\WriteHtmlCacheBehavior [ RunTime:0.000465s ]
INFO: [ view_filter ] --END-- [ RunTime:0.000517s ]
INFO: [ app_end ] --START--
INFO: Run Behavior\ShowPageTraceBehavior [ RunTime:0.000556s ]
INFO: [ app_end ] --END-- [ RunTime:0.000638s ]

[ 2016-01-12T07:45:59+08:00 ] 127.0.0.1 /?page=twt'%20and%201=1--&do=survey
INFO: [ app_init ] --START--
INFO: Run Behavior\BuildLiteBehavior [ RunTime:0.000023s ]
INFO: [ app_init ] --END-- [ RunTime:0.000365s ]
INFO: [ app_begin ] --START--
INFO: Run Behavior\ReadHtmlCacheBehavior [ RunTime:0.000453s ]
INFO: [ app_begin ] --END-- [ RunTime:0.000514s ]
SQL: SHOW COLUMNS FROM `tp_index_pic` [ RunTime:0.0006s ]
SQL: SELECT * FROM `tp_index_pic` WHERE `pic_showid` = 1 ORDER BY pic_showid  [ RunTime:0.0002s ]
SQL: SELECT * FROM `tp_index_pic` WHERE ( pic_isshow=1 ) ORDER BY pic_showid  [ RunTime:0.0002s ]
SQL: SHOW COLUMNS FROM `tp_index_words` [ RunTime:0.0004s ]
SQL: SELECT * FROM `tp_index_words` WHERE `id` = 1 LIMIT 1   [ RunTime:0.0002s ]
SQL: SELECT * FROM `tp_index_words` WHERE `id` = 2 LIMIT 1   [ RunTime:0.0002s ]
INFO: [ view_parse ] --START--
INFO: [ template_filter ] --START--
INFO: Run Behavior\ContentReplaceBehavior [ RunTime:0.000085s ]
INFO: [ template_filter ] --END-- [ RunTime:0.000151s ]
INFO: Run Behavior\ParseTemplateBehavior [ RunTime:0.011722s ]
INFO: [ view_parse ] --END-- [ RunTime:0.011792s ]
INFO: [ view_filter ] --START--
INFO: Run Behavior\WriteHtmlCacheBehavior [ RunTime:0.000336s ]
INFO: [ view_filter ] --END-- [ RunTime:0.000389s ]
INFO: [ app_end ] --START--
INFO: Run Behavior\ShowPageTraceBehavior [ RunTime:0.000469s ]
INFO: [ app_end ] --END-- [ RunTime:0.000522s ]

[ 2016-01-12T07:46:00+08:00 ] 127.0.0.1 /?page=twt'%20and%201>1--&do=survey
INFO: [ app_init ] --START--
INFO: Run Behavior\BuildLiteBehavior [ RunTime:0.000022s ]
INFO: [ app_init ] --END-- [ RunTime:0.000486s ]
INFO: [ app_begin ] --START--
INFO: Run Behavior\ReadHtmlCacheBehavior [ RunTime:0.000606s ]
INFO: [ app_begin ] --END-- [ RunTime:0.000693s ]
SQL: SHOW COLUMNS FROM `tp_index_pic` [ RunTime:0.0006s ]
SQL: SELECT * FROM `tp_index_pic` WHERE `pic_showid` = 1 ORDER BY pic_showid  [ RunTime:0.0002s ]
SQL: SELECT * FROM `tp_index_pic` WHERE ( pic_isshow=1 ) ORDER BY pic_showid  [ RunTime:0.0002s ]
SQL: SHOW COLUMNS FROM `tp_index_words` [ RunTime:0.0004s ]
SQL: SELECT * FROM `tp_index_words` WHERE `id` = 1 LIMIT 1   [ RunTime:0.0001s ]
SQL: SELECT * FROM `tp_index_words` WHERE `id` = 2 LIMIT 1   [ RunTime:0.0001s ]
INFO: [ view_parse ] --START--
INFO: [ template_filter ] --START--
INFO: Run Behavior\ContentReplaceBehavior [ RunTime:0.000085s ]
INFO: [ template_filter ] --END-- [ RunTime:0.000146s ]
INFO: Run Behavior\ParseTemplateBehavior [ RunTime:0.009569s ]
INFO: [ view_parse ] --END-- [ RunTime:0.009630s ]
INFO: [ view_filter ] --START--
INFO: Run Behavior\WriteHtmlCacheBehavior [ RunTime:0.000375s ]
INFO: [ view_filter ] --END-- [ RunTime:0.000428s ]
INFO: [ app_end ] --START--
INFO: Run Behavior\ShowPageTraceBehavior [ RunTime:0.000509s ]
INFO: [ app_end ] --END-- [ RunTime:0.000562s ]

[ 2016-01-12T07:46:00+08:00 ] 127.0.0.1 /?page=twt&do=survey'
INFO: [ app_init ] --START--
INFO: Run Behavior\BuildLiteBehavior [ RunTime:0.000019s ]
INFO: [ app_init ] --END-- [ RunTime:0.000473s ]
INFO: [ app_begin ] --START--
INFO: Run Behavior\ReadHtmlCacheBehavior [ RunTime:0.000621s ]
INFO: [ app_begin ] --END-- [ RunTime:0.000700s ]
SQL: SHOW COLUMNS FROM `tp_index_pic` [ RunTime:0.0016s ]
SQL: SELECT * FROM `tp_index_pic` WHERE `pic_showid` = 1 ORDER BY pic_showid  [ RunTime:0.0002s ]
SQL: SELECT * FROM `tp_index_pic` WHERE ( pic_isshow=1 ) ORDER BY pic_showid  [ RunTime:0.0002s ]
SQL: SHOW COLUMNS FROM `tp_index_words` [ RunTime:0.0004s ]
SQL: SELECT * FROM `tp_index_words` WHERE `id` = 1 LIMIT 1   [ RunTime:0.0003s ]
SQL: SELECT * FROM `tp_index_words` WHERE `id` = 2 LIMIT 1   [ RunTime:0.0001s ]
INFO: [ view_parse ] --START--
INFO: [ template_filter ] --START--
INFO: Run Behavior\ContentReplaceBehavior [ RunTime:0.000086s ]
INFO: [ template_filter ] --END-- [ RunTime:0.000153s ]
INFO: Run Behavior\ParseTemplateBehavior [ RunTime:0.009350s ]
INFO: [ view_parse ] --END-- [ RunTime:0.009416s ]
INFO: [ view_filter ] --START--
INFO: Run Behavior\WriteHtmlCacheBehavior [ RunTime:0.000453s ]
INFO: [ view_filter ] --END-- [ RunTime:0.000506s ]
INFO: [ app_end ] --START--
INFO: Run Behavior\ShowPageTraceBehavior [ RunTime:0.000627s ]
INFO: [ app_end ] --END-- [ RunTime:0.000680s ]

[ 2016-01-12T07:46:00+08:00 ] 127.0.0.1 /?page=twt&do=survey
INFO: [ app_init ] --START--
INFO: Run Behavior\BuildLiteBehavior [ RunTime:0.000020s ]
INFO: [ app_init ] --END-- [ RunTime:0.000473s ]
INFO: [ app_begin ] --START--
INFO: Run Behavior\ReadHtmlCacheBehavior [ RunTime:0.000611s ]
INFO: [ app_begin ] --END-- [ RunTime:0.000689s ]
SQL: SHOW COLUMNS FROM `tp_index_pic` [ RunTime:0.0006s ]
SQL: SELECT * FROM `tp_index_pic` WHERE `pic_showid` = 1 ORDER BY pic_showid  [ RunTime:0.0003s ]
SQL: SELECT * FROM `tp_index_pic` WHERE ( pic_isshow=1 ) ORDER BY pic_showid  [ RunTime:0.0002s ]
SQL: SHOW COLUMNS FROM `tp_index_words` [ RunTime:0.0004s ]
SQL: SELECT * FROM `tp_index_words` WHERE `id` = 1 LIMIT 1   [ RunTime:0.0002s ]
SQL: SELECT * FROM `tp_index_words` WHERE `id` = 2 LIMIT 1   [ RunTime:0.0002s ]
INFO: [ view_parse ] --START--
INFO: [ template_filter ] --START--
INFO: Run Behavior\ContentReplaceBehavior [ RunTime:0.000083s ]
INFO: [ template_filter ] --END-- [ RunTime:0.000150s ]
INFO: Run Behavior\ParseTemplateBehavior [ RunTime:0.010600s ]
INFO: [ view_parse ] --END-- [ RunTime:0.010672s ]
INFO: [ view_filter ] --START--
INFO: Run Behavior\WriteHtmlCacheBehavior [ RunTime:0.000363s ]
INFO: [ view_filter ] --END-- [ RunTime:0.000415s ]
INFO: [ app_end ] --START--
INFO: Run Behavior\ShowPageTraceBehavior [ RunTime:0.000521s ]
INFO: [ app_end ] --END-- [ RunTime:0.000575s ]

[ 2016-01-12T07:46:00+08:00 ] 127.0.0.1 /?page=twt&do=survey'%20and%201=1--
INFO: [ app_init ] --START--
INFO: Run Behavior\BuildLiteBehavior [ RunTime:0.000014s ]
INFO: [ app_init ] --END-- [ RunTime:0.000384s ]
INFO: [ app_begin ] --START--
INFO: Run Behavior\ReadHtmlCacheBehavior [ RunTime:0.000511s ]
INFO: [ app_begin ] --END-- [ RunTime:0.000569s ]
SQL: SHOW COLUMNS FROM `tp_index_pic` [ RunTime:0.0006s ]
SQL: SELECT * FROM `tp_index_pic` WHERE `pic_showid` = 1 ORDER BY pic_showid  [ RunTime:0.0003s ]
SQL: SELECT * FROM `tp_index_pic` WHERE ( pic_isshow=1 ) ORDER BY pic_showid  [ RunTime:0.0002s ]
SQL: SHOW COLUMNS FROM `tp_index_words` [ RunTime:0.0003s ]
SQL: SELECT * FROM `tp_index_words` WHERE `id` = 1 LIMIT 1   [ RunTime:0.0002s ]
SQL: SELECT * FROM `tp_index_words` WHERE `id` = 2 LIMIT 1   [ RunTime:0.0002s ]
INFO: [ view_parse ] --START--
INFO: [ template_filter ] --START--
INFO: Run Behavior\ContentReplaceBehavior [ RunTime:0.000084s ]
INFO: [ template_filter ] --END-- [ RunTime:0.000149s ]
INFO: Run Behavior\ParseTemplateBehavior [ RunTime:0.009349s ]
INFO: [ view_parse ] --END-- [ RunTime:0.009416s ]
INFO: [ view_filter ] --START--
INFO: Run Behavior\WriteHtmlCacheBehavior [ RunTime:0.000332s ]
INFO: [ view_filter ] --END-- [ RunTime:0.000384s ]
INFO: [ app_end ] --START--
INFO: Run Behavior\ShowPageTraceBehavior [ RunTime:0.000479s ]
INFO: [ app_end ] --END-- [ RunTime:0.000533s ]

[ 2016-01-12T07:46:00+08:00 ] 127.0.0.1 /?page=twt&do=survey'%20and%201>1--
INFO: [ app_init ] --START--
INFO: Run Behavior\BuildLiteBehavior [ RunTime:0.000021s ]
INFO: [ app_init ] --END-- [ RunTime:0.000436s ]
INFO: [ app_begin ] --START--
INFO: Run Behavior\ReadHtmlCacheBehavior [ RunTime:0.000778s ]
INFO: [ app_begin ] --END-- [ RunTime:0.000856s ]
SQL: SHOW COLUMNS FROM `tp_index_pic` [ RunTime:0.0005s ]
SQL: SELECT * FROM `tp_index_pic` WHERE `pic_showid` = 1 ORDER BY pic_showid  [ RunTime:0.0003s ]
SQL: SELECT * FROM `tp_index_pic` WHERE ( pic_isshow=1 ) ORDER BY pic_showid  [ RunTime:0.0002s ]
SQL: SHOW COLUMNS FROM `tp_index_words` [ RunTime:0.0003s ]
SQL: SELECT * FROM `tp_index_words` WHERE `id` = 1 LIMIT 1   [ RunTime:0.0002s ]
SQL: SELECT * FROM `tp_index_words` WHERE `id` = 2 LIMIT 1   [ RunTime:0.0001s ]
INFO: [ view_parse ] --START--
INFO: [ template_filter ] --START--
INFO: Run Behavior\ContentReplaceBehavior [ RunTime:0.000086s ]
INFO: [ template_filter ] --END-- [ RunTime:0.000154s ]
INFO: Run Behavior\ParseTemplateBehavior [ RunTime:0.009407s ]
INFO: [ view_parse ] --END-- [ RunTime:0.009472s ]
INFO: [ view_filter ] --START--
INFO: Run Behavior\WriteHtmlCacheBehavior [ RunTime:0.000385s ]
INFO: [ view_filter ] --END-- [ RunTime:0.000438s ]
INFO: [ app_end ] --START--
INFO: Run Behavior\ShowPageTraceBehavior [ RunTime:0.000569s ]
INFO: [ app_end ] --END-- [ RunTime:0.000622s ]

[ 2016-01-12T10:02:46+08:00 ] 127.0.0.1 /index.php/home/member/index
INFO: [ app_init ] --START--
INFO: Run Behavior\BuildLiteBehavior [ RunTime:0.000020s ]
INFO: [ app_init ] --END-- [ RunTime:0.000472s ]
INFO: [ app_begin ] --START--
INFO: Run Behavior\ReadHtmlCacheBehavior [ RunTime:0.000595s ]
INFO: [ app_begin ] --END-- [ RunTime:0.000675s ]
INFO: [ view_parse ] --START--
INFO: [ template_filter ] --START--
INFO: Run Behavior\ContentReplaceBehavior [ RunTime:0.000078s ]
INFO: [ template_filter ] --END-- [ RunTime:0.000166s ]
INFO: Run Behavior\ParseTemplateBehavior [ RunTime:0.031062s ]
INFO: [ view_parse ] --END-- [ RunTime:0.031146s ]
INFO: [ view_filter ] --START--
INFO: Run Behavior\WriteHtmlCacheBehavior [ RunTime:0.000472s ]
INFO: [ view_filter ] --END-- [ RunTime:0.000540s ]
INFO: [ app_end ] --START--
INFO: Run Behavior\ShowPageTraceBehavior [ RunTime:0.000626s ]
INFO: [ app_end ] --END-- [ RunTime:0.000697s ]

[ 2016-01-12T10:11:55+08:00 ] 127.0.0.1 /index.php/home/project/index
INFO: [ app_init ] --START--
INFO: Run Behavior\BuildLiteBehavior [ RunTime:0.000020s ]
INFO: [ app_init ] --END-- [ RunTime:0.000485s ]
INFO: [ app_begin ] --START--
INFO: Run Behavior\ReadHtmlCacheBehavior [ RunTime:0.000612s ]
INFO: [ app_begin ] --END-- [ RunTime:0.000699s ]
SQL: SHOW COLUMNS FROM `tp_project` [ RunTime:0.0136s ]
SQL: SELECT * FROM `tp_project` ORDER BY project_show_id  [ RunTime:0.0122s ]
SQL: SELECT * FROM `tp_project` WHERE `project_show_id` <= 5 ORDER BY project_show_id  [ RunTime:0.0002s ]
SQL: SELECT * FROM `tp_project` WHERE `project_show_id` > 5 ORDER BY project_show_id  [ RunTime:0.0003s ]
INFO: [ view_parse ] --START--
INFO: [ template_filter ] --START--
INFO: Run Behavior\ContentReplaceBehavior [ RunTime:0.000100s ]
INFO: [ template_filter ] --END-- [ RunTime:0.000187s ]
INFO: Run Behavior\ParseTemplateBehavior [ RunTime:0.020546s ]
INFO: [ view_parse ] --END-- [ RunTime:0.020637s ]
INFO: [ view_filter ] --START--
INFO: Run Behavior\WriteHtmlCacheBehavior [ RunTime:0.000443s ]
INFO: [ view_filter ] --END-- [ RunTime:0.000515s ]
INFO: [ app_end ] --START--
INFO: Run Behavior\ShowPageTraceBehavior [ RunTime:0.000638s ]
INFO: [ app_end ] --END-- [ RunTime:0.000707s ]

[ 2016-01-12T10:12:05+08:00 ] 127.0.0.1 /index.php/Home/TeamIndex/showinfo1
INFO: [ app_init ] --START--
INFO: Run Behavior\BuildLiteBehavior [ RunTime:0.000023s ]
INFO: [ app_init ] --END-- [ RunTime:0.000466s ]
INFO: [ app_begin ] --START--
INFO: Run Behavior\ReadHtmlCacheBehavior [ RunTime:0.000583s ]
INFO: [ app_begin ] --END-- [ RunTime:0.000664s ]
SQL: SHOW COLUMNS FROM `tp_teamer_admin` [ RunTime:0.0007s ]
SQL: SELECT * FROM `tp_teamer_admin` WHERE ( id=1 ) LIMIT 1   [ RunTime:0.0092s ]
SQL: SHOW COLUMNS FROM `tp_teamer` [ RunTime:0.0009s ]
NOTIC: [8] Undefined index: grade /home/ftp/1520/twtcoder-20140316-KwC/coder.twtstudio.com/twt/Home/Controller/TeamIndexController.class.php  74 .
SQL: SELECT `teamer_grade` FROM `tp_teamer` WHERE ( is_new_grade=1 )  [ RunTime:0.0004s ]
SQL: SELECT COUNT(*) AS tp_count FROM `tp_teamer` WHERE ( is_new_grade=1 ) LIMIT 1   [ RunTime:0.0003s ]
SQL: SELECT COUNT(*) AS tp_count FROM `tp_teamer` WHERE ( teamer_grade = 2014 ) LIMIT 1   [ RunTime:0.0002s ]
NOTIC: [8] Undefined variable: link_page /home/ftp/1520/twtcoder-20140316-KwC/coder.twtstudio.com/ThinkPHP/Library/Think/Page.class.php  141 .
SQL: SELECT * FROM `tp_teamer` WHERE ( teamer_grade = 2014 ) LIMIT 0,8   [ RunTime:0.0002s ]
INFO: [ view_parse ] --START--
INFO: [ template_filter ] --START--
INFO: Run Behavior\ContentReplaceBehavior [ RunTime:0.000147s ]
INFO: [ template_filter ] --END-- [ RunTime:0.000255s ]
NOTIC: [8] Undefined variable: obj /home/ftp/1520/twtcoder-20140316-KwC/coder.twtstudio.com/twt/Runtime/Cache/Home/93ebad5c9c2c320ebc37a709f5949b13.php  165 .
NOTIC: [8] Undefined variable: obj /home/ftp/1520/twtcoder-20140316-KwC/coder.twtstudio.com/twt/Runtime/Cache/Home/93ebad5c9c2c320ebc37a709f5949b13.php  165 .
NOTIC: [8] Undefined variable: obj /home/ftp/1520/twtcoder-20140316-KwC/coder.twtstudio.com/twt/Runtime/Cache/Home/93ebad5c9c2c320ebc37a709f5949b13.php  167 .
NOTIC: [8] Undefined offset: 1 /home/ftp/1520/twtcoder-20140316-KwC/coder.twtstudio.com/twt/Runtime/Cache/Home/93ebad5c9c2c320ebc37a709f5949b13.php  229 .
NOTIC: [8] Undefined offset: 2 /home/ftp/1520/twtcoder-20140316-KwC/coder.twtstudio.com/twt/Runtime/Cache/Home/93ebad5c9c2c320ebc37a709f5949b13.php  161 .
NOTIC: [8] Undefined offset: 3 /home/ftp/1520/twtcoder-20140316-KwC/coder.twtstudio.com/twt/Runtime/Cache/Home/93ebad5c9c2c320ebc37a709f5949b13.php  229 .
NOTIC: [8] Undefined offset: 4 /home/ftp/1520/twtcoder-20140316-KwC/coder.twtstudio.com/twt/Runtime/Cache/Home/93ebad5c9c2c320ebc37a709f5949b13.php  161 .
NOTIC: [8] Undefined offset: 5 /home/ftp/1520/twtcoder-20140316-KwC/coder.twtstudio.com/twt/Runtime/Cache/Home/93ebad5c9c2c320ebc37a709f5949b13.php  229 .
NOTIC: [8] Undefined offset: 6 /home/ftp/1520/twtcoder-20140316-KwC/coder.twtstudio.com/twt/Runtime/Cache/Home/93ebad5c9c2c320ebc37a709f5949b13.php  161 .
NOTIC: [8] Undefined offset: 7 /home/ftp/1520/twtcoder-20140316-KwC/coder.twtstudio.com/twt/Runtime/Cache/Home/93ebad5c9c2c320ebc37a709f5949b13.php  229 .
INFO: Run Behavior\ParseTemplateBehavior [ RunTime:0.033990s ]
INFO: [ view_parse ] --END-- [ RunTime:0.034121s ]
INFO: [ view_filter ] --START--
INFO: Run Behavior\WriteHtmlCacheBehavior [ RunTime:0.000472s ]
INFO: [ view_filter ] --END-- [ RunTime:0.000542s ]
INFO: [ app_end ] --START--
INFO: Run Behavior\ShowPageTraceBehavior [ RunTime:0.000644s ]
INFO: [ app_end ] --END-- [ RunTime:0.000715s ]

[ 2016-01-12T11:58:49+08:00 ] 127.0.0.1 /
INFO: [ app_init ] --START--
INFO: Run Behavior\BuildLiteBehavior [ RunTime:0.000023s ]
INFO: [ app_init ] --END-- [ RunTime:0.011372s ]
INFO: [ app_begin ] --START--
INFO: Run Behavior\ReadHtmlCacheBehavior [ RunTime:0.005899s ]
INFO: [ app_begin ] --END-- [ RunTime:0.005983s ]
SQL: SHOW COLUMNS FROM `tp_index_pic` [ RunTime:0.0007s ]
SQL: SELECT * FROM `tp_index_pic` WHERE `pic_showid` = 1 ORDER BY pic_showid  [ RunTime:0.0121s ]
SQL: SELECT * FROM `tp_index_pic` WHERE ( pic_isshow=1 ) ORDER BY pic_showid  [ RunTime:0.0002s ]
SQL: SHOW COLUMNS FROM `tp_index_words` [ RunTime:0.0006s ]
SQL: SELECT * FROM `tp_index_words` WHERE `id` = 1 LIMIT 1   [ RunTime:0.0007s ]
SQL: SELECT * FROM `tp_index_words` WHERE `id` = 2 LIMIT 1   [ RunTime:0.0003s ]
INFO: [ view_parse ] --START--
INFO: [ template_filter ] --START--
INFO: Run Behavior\ContentReplaceBehavior [ RunTime:0.000108s ]
INFO: [ template_filter ] --END-- [ RunTime:0.000200s ]
INFO: Run Behavior\ParseTemplateBehavior [ RunTime:0.040634s ]
INFO: [ view_parse ] --END-- [ RunTime:0.040722s ]
INFO: [ view_filter ] --START--
INFO: Run Behavior\WriteHtmlCacheBehavior [ RunTime:0.006945s ]
INFO: [ view_filter ] --END-- [ RunTime:0.007018s ]
INFO: [ app_end ] --START--
INFO: Run Behavior\ShowPageTraceBehavior [ RunTime:0.001605s ]
INFO: [ app_end ] --END-- [ RunTime:0.001679s ]

[ 2016-01-12T12:00:36+08:00 ] 127.0.0.1 /
INFO: [ app_init ] --START--
INFO: Run Behavior\BuildLiteBehavior [ RunTime:0.000020s ]
INFO: [ app_init ] --END-- [ RunTime:0.000457s ]
INFO: [ app_begin ] --START--
INFO: Run Behavior\ReadHtmlCacheBehavior [ RunTime:0.000578s ]
INFO: [ app_begin ] --END-- [ RunTime:0.000655s ]
SQL: SHOW COLUMNS FROM `tp_index_pic` [ RunTime:0.0006s ]
SQL: SELECT * FROM `tp_index_pic` WHERE `pic_showid` = 1 ORDER BY pic_showid  [ RunTime:0.0003s ]
SQL: SELECT * FROM `tp_index_pic` WHERE ( pic_isshow=1 ) ORDER BY pic_showid  [ RunTime:0.0002s ]
SQL: SHOW COLUMNS FROM `tp_index_words` [ RunTime:0.0004s ]
SQL: SELECT * FROM `tp_index_words` WHERE `id` = 1 LIMIT 1   [ RunTime:0.0003s ]
SQL: SELECT * FROM `tp_index_words` WHERE `id` = 2 LIMIT 1   [ RunTime:0.0001s ]
INFO: [ view_parse ] --START--
INFO: [ template_filter ] --START--
INFO: Run Behavior\ContentReplaceBehavior [ RunTime:0.000083s ]
INFO: [ template_filter ] --END-- [ RunTime:0.000146s ]
INFO: Run Behavior\ParseTemplateBehavior [ RunTime:0.009636s ]
INFO: [ view_parse ] --END-- [ RunTime:0.009701s ]
INFO: [ view_filter ] --START--
INFO: Run Behavior\WriteHtmlCacheBehavior [ RunTime:0.000328s ]
INFO: [ view_filter ] --END-- [ RunTime:0.000381s ]
INFO: [ app_end ] --START--
INFO: Run Behavior\ShowPageTraceBehavior [ RunTime:0.000468s ]
INFO: [ app_end ] --END-- [ RunTime:0.000522s ]

[ 2016-01-12T12:00:56+08:00 ] 127.0.0.1 /?page=twt&do=api&action=check
INFO: [ app_init ] --START--
INFO: Run Behavior\BuildLiteBehavior [ RunTime:0.000020s ]
INFO: [ app_init ] --END-- [ RunTime:0.000448s ]
INFO: [ app_begin ] --START--
INFO: Run Behavior\ReadHtmlCacheBehavior [ RunTime:0.000562s ]
INFO: [ app_begin ] --END-- [ RunTime:0.000634s ]
SQL: SHOW COLUMNS FROM `tp_index_pic` [ RunTime:0.0008s ]
SQL: SELECT * FROM `tp_index_pic` WHERE `pic_showid` = 1 ORDER BY pic_showid  [ RunTime:0.0003s ]
SQL: SELECT * FROM `tp_index_pic` WHERE ( pic_isshow=1 ) ORDER BY pic_showid  [ RunTime:0.0002s ]
SQL: SHOW COLUMNS FROM `tp_index_words` [ RunTime:0.0004s ]
SQL: SELECT * FROM `tp_index_words` WHERE `id` = 1 LIMIT 1   [ RunTime:0.0003s ]
SQL: SELECT * FROM `tp_index_words` WHERE `id` = 2 LIMIT 1   [ RunTime:0.0002s ]
INFO: [ view_parse ] --START--
INFO: [ template_filter ] --START--
INFO: Run Behavior\ContentReplaceBehavior [ RunTime:0.000089s ]
INFO: [ template_filter ] --END-- [ RunTime:0.000152s ]
INFO: Run Behavior\ParseTemplateBehavior [ RunTime:0.011018s ]
INFO: [ view_parse ] --END-- [ RunTime:0.011089s ]
INFO: [ view_filter ] --START--
INFO: Run Behavior\WriteHtmlCacheBehavior [ RunTime:0.000328s ]
INFO: [ view_filter ] --END-- [ RunTime:0.000377s ]
INFO: [ app_end ] --START--
INFO: Run Behavior\ShowPageTraceBehavior [ RunTime:0.000493s ]
INFO: [ app_end ] --END-- [ RunTime:0.000543s ]

[ 2016-01-12T12:32:36+08:00 ] 127.0.0.1 /?page=twt&do=api&action=check
INFO: [ app_init ] --START--
INFO: Run Behavior\BuildLiteBehavior [ RunTime:0.000019s ]
INFO: [ app_init ] --END-- [ RunTime:0.000458s ]
INFO: [ app_begin ] --START--
INFO: Run Behavior\ReadHtmlCacheBehavior [ RunTime:0.000582s ]
INFO: [ app_begin ] --END-- [ RunTime:0.000656s ]
SQL: SHOW COLUMNS FROM `tp_index_pic` [ RunTime:0.0008s ]
SQL: SELECT * FROM `tp_index_pic` WHERE `pic_showid` = 1 ORDER BY pic_showid  [ RunTime:0.0003s ]
SQL: SELECT * FROM `tp_index_pic` WHERE ( pic_isshow=1 ) ORDER BY pic_showid  [ RunTime:0.0002s ]
SQL: SHOW COLUMNS FROM `tp_index_words` [ RunTime:0.0004s ]
SQL: SELECT * FROM `tp_index_words` WHERE `id` = 1 LIMIT 1   [ RunTime:0.0003s ]
SQL: SELECT * FROM `tp_index_words` WHERE `id` = 2 LIMIT 1   [ RunTime:0.0001s ]
INFO: [ view_parse ] --START--
INFO: [ template_filter ] --START--
INFO: Run Behavior\ContentReplaceBehavior [ RunTime:0.000084s ]
INFO: [ template_filter ] --END-- [ RunTime:0.000145s ]
INFO: Run Behavior\ParseTemplateBehavior [ RunTime:0.010830s ]
INFO: [ view_parse ] --END-- [ RunTime:0.010897s ]
INFO: [ view_filter ] --START--
INFO: Run Behavior\WriteHtmlCacheBehavior [ RunTime:0.000398s ]
INFO: [ view_filter ] --END-- [ RunTime:0.000446s ]
INFO: [ app_end ] --START--
INFO: Run Behavior\ShowPageTraceBehavior [ RunTime:0.000468s ]
INFO: [ app_end ] --END-- [ RunTime:0.000518s ]

[ 2016-01-12T12:32:45+08:00 ] 127.0.0.1 /?page=twt&do=api&action=check
INFO: [ app_init ] --START--
INFO: Run Behavior\BuildLiteBehavior [ RunTime:0.000020s ]
INFO: [ app_init ] --END-- [ RunTime:0.000449s ]
INFO: [ app_begin ] --START--
INFO: Run Behavior\ReadHtmlCacheBehavior [ RunTime:0.000566s ]
INFO: [ app_begin ] --END-- [ RunTime:0.000639s ]
SQL: SHOW COLUMNS FROM `tp_index_pic` [ RunTime:0.0008s ]
SQL: SELECT * FROM `tp_index_pic` WHERE `pic_showid` = 1 ORDER BY pic_showid  [ RunTime:0.0002s ]
SQL: SELECT * FROM `tp_index_pic` WHERE ( pic_isshow=1 ) ORDER BY pic_showid  [ RunTime:0.0002s ]
SQL: SHOW COLUMNS FROM `tp_index_words` [ RunTime:0.0004s ]
SQL: SELECT * FROM `tp_index_words` WHERE `id` = 1 LIMIT 1   [ RunTime:0.0003s ]
SQL: SELECT * FROM `tp_index_words` WHERE `id` = 2 LIMIT 1   [ RunTime:0.0001s ]
INFO: [ view_parse ] --START--
INFO: [ template_filter ] --START--
INFO: Run Behavior\ContentReplaceBehavior [ RunTime:0.000083s ]
INFO: [ template_filter ] --END-- [ RunTime:0.000145s ]
INFO: Run Behavior\ParseTemplateBehavior [ RunTime:0.009701s ]
INFO: [ view_parse ] --END-- [ RunTime:0.009761s ]
INFO: [ view_filter ] --START--
INFO: Run Behavior\WriteHtmlCacheBehavior [ RunTime:0.000352s ]
INFO: [ view_filter ] --END-- [ RunTime:0.000400s ]
INFO: [ app_end ] --START--
INFO: Run Behavior\ShowPageTraceBehavior [ RunTime:0.000513s ]
INFO: [ app_end ] --END-- [ RunTime:0.000565s ]

[ 2016-01-12T13:58:33+08:00 ] 127.0.0.1 /index.php/Home/TeamIndex/showinfo1
INFO: [ app_init ] --START--
INFO: Run Behavior\BuildLiteBehavior [ RunTime:0.000020s ]
INFO: [ app_init ] --END-- [ RunTime:0.000504s ]
INFO: [ app_begin ] --START--
INFO: Run Behavior\ReadHtmlCacheBehavior [ RunTime:0.008931s ]
INFO: [ app_begin ] --END-- [ RunTime:0.009013s ]
SQL: SHOW COLUMNS FROM `tp_teamer_admin` [ RunTime:0.0119s ]
SQL: SELECT * FROM `tp_teamer_admin` WHERE ( id=1 ) LIMIT 1   [ RunTime:0.0122s ]
SQL: SHOW COLUMNS FROM `tp_teamer` [ RunTime:0.0008s ]
NOTIC: [8] Undefined index: grade /home/ftp/1520/twtcoder-20140316-KwC/coder.twtstudio.com/twt/Home/Controller/TeamIndexController.class.php  74 .
SQL: SELECT `teamer_grade` FROM `tp_teamer` WHERE ( is_new_grade=1 )  [ RunTime:0.0025s ]
SQL: SELECT COUNT(*) AS tp_count FROM `tp_teamer` WHERE ( is_new_grade=1 ) LIMIT 1   [ RunTime:0.0003s ]
SQL: SELECT COUNT(*) AS tp_count FROM `tp_teamer` WHERE ( teamer_grade = 2014 ) LIMIT 1   [ RunTime:0.0002s ]
NOTIC: [8] Undefined variable: link_page /home/ftp/1520/twtcoder-20140316-KwC/coder.twtstudio.com/ThinkPHP/Library/Think/Page.class.php  141 .
SQL: SELECT * FROM `tp_teamer` WHERE ( teamer_grade = 2014 ) LIMIT 0,8   [ RunTime:0.0002s ]
INFO: [ view_parse ] --START--
INFO: [ template_filter ] --START--
INFO: Run Behavior\ContentReplaceBehavior [ RunTime:0.000144s ]
INFO: [ template_filter ] --END-- [ RunTime:0.000227s ]
NOTIC: [8] Undefined variable: obj /home/ftp/1520/twtcoder-20140316-KwC/coder.twtstudio.com/twt/Runtime/Cache/Home/93ebad5c9c2c320ebc37a709f5949b13.php  165 .
NOTIC: [8] Undefined variable: obj /home/ftp/1520/twtcoder-20140316-KwC/coder.twtstudio.com/twt/Runtime/Cache/Home/93ebad5c9c2c320ebc37a709f5949b13.php  165 .
NOTIC: [8] Undefined variable: obj /home/ftp/1520/twtcoder-20140316-KwC/coder.twtstudio.com/twt/Runtime/Cache/Home/93ebad5c9c2c320ebc37a709f5949b13.php  167 .
NOTIC: [8] Undefined offset: 1 /home/ftp/1520/twtcoder-20140316-KwC/coder.twtstudio.com/twt/Runtime/Cache/Home/93ebad5c9c2c320ebc37a709f5949b13.php  229 .
NOTIC: [8] Undefined offset: 2 /home/ftp/1520/twtcoder-20140316-KwC/coder.twtstudio.com/twt/Runtime/Cache/Home/93ebad5c9c2c320ebc37a709f5949b13.php  161 .
NOTIC: [8] Undefined offset: 3 /home/ftp/1520/twtcoder-20140316-KwC/coder.twtstudio.com/twt/Runtime/Cache/Home/93ebad5c9c2c320ebc37a709f5949b13.php  229 .
NOTIC: [8] Undefined offset: 4 /home/ftp/1520/twtcoder-20140316-KwC/coder.twtstudio.com/twt/Runtime/Cache/Home/93ebad5c9c2c320ebc37a709f5949b13.php  161 .
NOTIC: [8] Undefined offset: 5 /home/ftp/1520/twtcoder-20140316-KwC/coder.twtstudio.com/twt/Runtime/Cache/Home/93ebad5c9c2c320ebc37a709f5949b13.php  229 .
NOTIC: [8] Undefined offset: 6 /home/ftp/1520/twtcoder-20140316-KwC/coder.twtstudio.com/twt/Runtime/Cache/Home/93ebad5c9c2c320ebc37a709f5949b13.php  161 .
NOTIC: [8] Undefined offset: 7 /home/ftp/1520/twtcoder-20140316-KwC/coder.twtstudio.com/twt/Runtime/Cache/Home/93ebad5c9c2c320ebc37a709f5949b13.php  229 .
INFO: Run Behavior\ParseTemplateBehavior [ RunTime:0.067649s ]
INFO: [ view_parse ] --END-- [ RunTime:0.067790s ]
INFO: [ view_filter ] --START--
INFO: Run Behavior\WriteHtmlCacheBehavior [ RunTime:0.009882s ]
INFO: [ view_filter ] --END-- [ RunTime:0.009955s ]
INFO: [ app_end ] --START--
INFO: Run Behavior\ShowPageTraceBehavior [ RunTime:0.011241s ]
INFO: [ app_end ] --END-- [ RunTime:0.011316s ]

[ 2016-01-12T14:36:34+08:00 ] 127.0.0.1 /
INFO: [ app_init ] --START--
INFO: Run Behavior\BuildLiteBehavior [ RunTime:0.000021s ]
INFO: [ app_init ] --END-- [ RunTime:0.000584s ]
INFO: [ app_begin ] --START--
INFO: Run Behavior\ReadHtmlCacheBehavior [ RunTime:0.000618s ]
INFO: [ app_begin ] --END-- [ RunTime:0.000703s ]
SQL: SHOW COLUMNS FROM `tp_index_pic` [ RunTime:0.0007s ]
SQL: SELECT * FROM `tp_index_pic` WHERE `pic_showid` = 1 ORDER BY pic_showid  [ RunTime:0.0113s ]
SQL: SELECT * FROM `tp_index_pic` WHERE ( pic_isshow=1 ) ORDER BY pic_showid  [ RunTime:0.0005s ]
SQL: SHOW COLUMNS FROM `tp_index_words` [ RunTime:0.0006s ]
SQL: SELECT * FROM `tp_index_words` WHERE `id` = 1 LIMIT 1   [ RunTime:0.0006s ]
SQL: SELECT * FROM `tp_index_words` WHERE `id` = 2 LIMIT 1   [ RunTime:0.0002s ]
INFO: [ view_parse ] --START--
INFO: [ template_filter ] --START--
INFO: Run Behavior\ContentReplaceBehavior [ RunTime:0.000108s ]
INFO: [ template_filter ] --END-- [ RunTime:0.000195s ]
INFO: Run Behavior\ParseTemplateBehavior [ RunTime:0.022523s ]
INFO: [ view_parse ] --END-- [ RunTime:0.022616s ]
INFO: [ view_filter ] --START--
INFO: Run Behavior\WriteHtmlCacheBehavior [ RunTime:0.000435s ]
INFO: [ view_filter ] --END-- [ RunTime:0.000503s ]
INFO: [ app_end ] --START--
INFO: Run Behavior\ShowPageTraceBehavior [ RunTime:0.000633s ]
INFO: [ app_end ] --END-- [ RunTime:0.000703s ]

[ 2016-01-12T14:36:35+08:00 ] 127.0.0.1 /
INFO: [ app_init ] --START--
INFO: Run Behavior\BuildLiteBehavior [ RunTime:0.000021s ]
INFO: [ app_init ] --END-- [ RunTime:0.000453s ]
INFO: [ app_begin ] --START--
INFO: Run Behavior\ReadHtmlCacheBehavior [ RunTime:0.000584s ]
INFO: [ app_begin ] --END-- [ RunTime:0.000663s ]
SQL: SHOW COLUMNS FROM `tp_index_pic` [ RunTime:0.0006s ]
SQL: SELECT * FROM `tp_index_pic` WHERE `pic_showid` = 1 ORDER BY pic_showid  [ RunTime:0.0002s ]
SQL: SELECT * FROM `tp_index_pic` WHERE ( pic_isshow=1 ) ORDER BY pic_showid  [ RunTime:0.0002s ]
SQL: SHOW COLUMNS FROM `tp_index_words` [ RunTime:0.0004s ]
SQL: SELECT * FROM `tp_index_words` WHERE `id` = 1 LIMIT 1   [ RunTime:0.0004s ]
SQL: SELECT * FROM `tp_index_words` WHERE `id` = 2 LIMIT 1   [ RunTime:0.0001s ]
INFO: [ view_parse ] --START--
INFO: [ template_filter ] --START--
INFO: Run Behavior\ContentReplaceBehavior [ RunTime:0.000083s ]
INFO: [ template_filter ] --END-- [ RunTime:0.000147s ]
INFO: Run Behavior\ParseTemplateBehavior [ RunTime:0.009658s ]
INFO: [ view_parse ] --END-- [ RunTime:0.009723s ]
INFO: [ view_filter ] --START--
INFO: Run Behavior\WriteHtmlCacheBehavior [ RunTime:0.000334s ]
INFO: [ view_filter ] --END-- [ RunTime:0.000386s ]
INFO: [ app_end ] --START--
INFO: Run Behavior\ShowPageTraceBehavior [ RunTime:0.000535s ]
INFO: [ app_end ] --END-- [ RunTime:0.000588s ]

[ 2016-01-12T14:52:49+08:00 ] 127.0.0.1 /?page=twt&do=survey
INFO: [ app_init ] --START--
INFO: Run Behavior\BuildLiteBehavior [ RunTime:0.000019s ]
INFO: [ app_init ] --END-- [ RunTime:0.000445s ]
INFO: [ app_begin ] --START--
INFO: Run Behavior\ReadHtmlCacheBehavior [ RunTime:0.000620s ]
INFO: [ app_begin ] --END-- [ RunTime:0.000698s ]
SQL: SHOW COLUMNS FROM `tp_index_pic` [ RunTime:0.0007s ]
SQL: SELECT * FROM `tp_index_pic` WHERE `pic_showid` = 1 ORDER BY pic_showid  [ RunTime:0.0003s ]
SQL: SELECT * FROM `tp_index_pic` WHERE ( pic_isshow=1 ) ORDER BY pic_showid  [ RunTime:0.0004s ]
SQL: SHOW COLUMNS FROM `tp_index_words` [ RunTime:0.0005s ]
SQL: SELECT * FROM `tp_index_words` WHERE `id` = 1 LIMIT 1   [ RunTime:0.0003s ]
SQL: SELECT * FROM `tp_index_words` WHERE `id` = 2 LIMIT 1   [ RunTime:0.0003s ]
INFO: [ view_parse ] --START--
INFO: [ template_filter ] --START--
INFO: Run Behavior\ContentReplaceBehavior [ RunTime:0.000088s ]
INFO: [ template_filter ] --END-- [ RunTime:0.000152s ]
INFO: Run Behavior\ParseTemplateBehavior [ RunTime:0.009653s ]
INFO: [ view_parse ] --END-- [ RunTime:0.009741s ]
INFO: [ view_filter ] --START--
INFO: Run Behavior\WriteHtmlCacheBehavior [ RunTime:0.000331s ]
INFO: [ view_filter ] --END-- [ RunTime:0.000384s ]
INFO: [ app_end ] --START--
INFO: Run Behavior\ShowPageTraceBehavior [ RunTime:0.000477s ]
INFO: [ app_end ] --END-- [ RunTime:0.000533s ]

[ 2016-01-12T15:12:52+08:00 ] 127.0.0.1 /
INFO: [ app_init ] --START--
INFO: Run Behavior\BuildLiteBehavior [ RunTime:0.000020s ]
INFO: [ app_init ] --END-- [ RunTime:0.000445s ]
INFO: [ app_begin ] --START--
INFO: Run Behavior\ReadHtmlCacheBehavior [ RunTime:0.000597s ]
INFO: [ app_begin ] --END-- [ RunTime:0.000680s ]
SQL: SHOW COLUMNS FROM `tp_index_pic` [ RunTime:0.0007s ]
SQL: SELECT * FROM `tp_index_pic` WHERE `pic_showid` = 1 ORDER BY pic_showid  [ RunTime:0.0003s ]
SQL: SELECT * FROM `tp_index_pic` WHERE ( pic_isshow=1 ) ORDER BY pic_showid  [ RunTime:0.0002s ]
SQL: SHOW COLUMNS FROM `tp_index_words` [ RunTime:0.0005s ]
SQL: SELECT * FROM `tp_index_words` WHERE `id` = 1 LIMIT 1   [ RunTime:0.0003s ]
SQL: SELECT * FROM `tp_index_words` WHERE `id` = 2 LIMIT 1   [ RunTime:0.0002s ]
INFO: [ view_parse ] --START--
INFO: [ template_filter ] --START--
INFO: Run Behavior\ContentReplaceBehavior [ RunTime:0.000083s ]
INFO: [ template_filter ] --END-- [ RunTime:0.000143s ]
INFO: Run Behavior\ParseTemplateBehavior [ RunTime:0.009643s ]
INFO: [ view_parse ] --END-- [ RunTime:0.009706s ]
INFO: [ view_filter ] --START--
INFO: Run Behavior\WriteHtmlCacheBehavior [ RunTime:0.000392s ]
INFO: [ view_filter ] --END-- [ RunTime:0.000446s ]
INFO: [ app_end ] --START--
INFO: Run Behavior\ShowPageTraceBehavior [ RunTime:0.000474s ]
INFO: [ app_end ] --END-- [ RunTime:0.000551s ]

[ 2016-01-12T17:43:51+08:00 ] 127.0.0.1 /
INFO: [ app_init ] --START--
INFO: Run Behavior\BuildLiteBehavior [ RunTime:0.000021s ]
INFO: [ app_init ] --END-- [ RunTime:0.011207s ]
INFO: [ app_begin ] --START--
INFO: Run Behavior\ReadHtmlCacheBehavior [ RunTime:0.009824s ]
INFO: [ app_begin ] --END-- [ RunTime:0.009913s ]
SQL: SHOW COLUMNS FROM `tp_index_pic` [ RunTime:0.0055s ]
SQL: SELECT * FROM `tp_index_pic` WHERE `pic_showid` = 1 ORDER BY pic_showid  [ RunTime:0.0003s ]
SQL: SELECT * FROM `tp_index_pic` WHERE ( pic_isshow=1 ) ORDER BY pic_showid  [ RunTime:0.0002s ]
SQL: SHOW COLUMNS FROM `tp_index_words` [ RunTime:0.0005s ]
SQL: SELECT * FROM `tp_index_words` WHERE `id` = 1 LIMIT 1   [ RunTime:0.0002s ]
SQL: SELECT * FROM `tp_index_words` WHERE `id` = 2 LIMIT 1   [ RunTime:0.0002s ]
INFO: [ view_parse ] --START--
INFO: [ template_filter ] --START--
INFO: Run Behavior\ContentReplaceBehavior [ RunTime:0.000110s ]
INFO: [ template_filter ] --END-- [ RunTime:0.000197s ]
INFO: Run Behavior\ParseTemplateBehavior [ RunTime:0.043402s ]
INFO: [ view_parse ] --END-- [ RunTime:0.043499s ]
INFO: [ view_filter ] --START--
INFO: Run Behavior\WriteHtmlCacheBehavior [ RunTime:0.010826s ]
INFO: [ view_filter ] --END-- [ RunTime:0.010899s ]
INFO: [ app_end ] --START--
INFO: Run Behavior\ShowPageTraceBehavior [ RunTime:0.005956s ]
INFO: [ app_end ] --END-- [ RunTime:0.006032s ]

[ 2016-01-12T19:44:11+08:00 ] 127.0.0.1 /
INFO: [ app_init ] --START--
INFO: Run Behavior\BuildLiteBehavior [ RunTime:0.000022s ]
INFO: [ app_init ] --END-- [ RunTime:0.013730s ]
INFO: [ app_begin ] --START--
INFO: Run Behavior\ReadHtmlCacheBehavior [ RunTime:0.007225s ]
INFO: [ app_begin ] --END-- [ RunTime:0.007313s ]
SQL: SHOW COLUMNS FROM `tp_index_pic` [ RunTime:0.0163s ]
SQL: SELECT * FROM `tp_index_pic` WHERE `pic_showid` = 1 ORDER BY pic_showid  [ RunTime:0.0110s ]
SQL: SELECT * FROM `tp_index_pic` WHERE ( pic_isshow=1 ) ORDER BY pic_showid  [ RunTime:0.0003s ]
SQL: SHOW COLUMNS FROM `tp_index_words` [ RunTime:0.0005s ]
SQL: SELECT * FROM `tp_index_words` WHERE `id` = 1 LIMIT 1   [ RunTime:0.0008s ]
SQL: SELECT * FROM `tp_index_words` WHERE `id` = 2 LIMIT 1   [ RunTime:0.0002s ]
INFO: [ view_parse ] --START--
INFO: [ template_filter ] --START--
INFO: Run Behavior\ContentReplaceBehavior [ RunTime:0.000131s ]
INFO: [ template_filter ] --END-- [ RunTime:0.000223s ]
INFO: Run Behavior\ParseTemplateBehavior [ RunTime:0.033386s ]
INFO: [ view_parse ] --END-- [ RunTime:0.033477s ]
INFO: [ view_filter ] --START--
INFO: Run Behavior\WriteHtmlCacheBehavior [ RunTime:0.010544s ]
INFO: [ view_filter ] --END-- [ RunTime:0.010617s ]
INFO: [ app_end ] --START--
INFO: Run Behavior\ShowPageTraceBehavior [ RunTime:0.007154s ]
INFO: [ app_end ] --END-- [ RunTime:0.007225s ]

[ 2016-01-12T21:20:49+08:00 ] 127.0.0.1 /
INFO: [ app_init ] --START--
INFO: Run Behavior\BuildLiteBehavior [ RunTime:0.000019s ]
INFO: [ app_init ] --END-- [ RunTime:0.000445s ]
INFO: [ app_begin ] --START--
INFO: Run Behavior\ReadHtmlCacheBehavior [ RunTime:0.011695s ]
INFO: [ app_begin ] --END-- [ RunTime:0.011781s ]
SQL: SHOW COLUMNS FROM `tp_index_pic` [ RunTime:0.0008s ]
SQL: SELECT * FROM `tp_index_pic` WHERE `pic_showid` = 1 ORDER BY pic_showid  [ RunTime:0.0201s ]
SQL: SELECT * FROM `tp_index_pic` WHERE ( pic_isshow=1 ) ORDER BY pic_showid  [ RunTime:0.0002s ]
SQL: SHOW COLUMNS FROM `tp_index_words` [ RunTime:0.0006s ]
SQL: SELECT * FROM `tp_index_words` WHERE `id` = 1 LIMIT 1   [ RunTime:0.0006s ]
SQL: SELECT * FROM `tp_index_words` WHERE `id` = 2 LIMIT 1   [ RunTime:0.0001s ]
INFO: [ view_parse ] --START--
INFO: [ template_filter ] --START--
INFO: Run Behavior\ContentReplaceBehavior [ RunTime:0.000107s ]
INFO: [ template_filter ] --END-- [ RunTime:0.000193s ]
INFO: Run Behavior\ParseTemplateBehavior [ RunTime:0.051035s ]
INFO: [ view_parse ] --END-- [ RunTime:0.051122s ]
INFO: [ view_filter ] --START--
INFO: Run Behavior\WriteHtmlCacheBehavior [ RunTime:0.014613s ]
INFO: [ view_filter ] --END-- [ RunTime:0.014686s ]
INFO: [ app_end ] --START--
INFO: Run Behavior\ShowPageTraceBehavior [ RunTime:0.003086s ]
INFO: [ app_end ] --END-- [ RunTime:0.003165s ]

[ 2016-01-12T21:40:55+08:00 ] 127.0.0.1 /
INFO: [ app_init ] --START--
INFO: Run Behavior\BuildLiteBehavior [ RunTime:0.000019s ]
INFO: [ app_init ] --END-- [ RunTime:0.000461s ]
INFO: [ app_begin ] --START--
INFO: Run Behavior\ReadHtmlCacheBehavior [ RunTime:0.000580s ]
INFO: [ app_begin ] --END-- [ RunTime:0.000665s ]
SQL: SHOW COLUMNS FROM `tp_index_pic` [ RunTime:0.0080s ]
SQL: SELECT * FROM `tp_index_pic` WHERE `pic_showid` = 1 ORDER BY pic_showid  [ RunTime:0.0005s ]
SQL: SELECT * FROM `tp_index_pic` WHERE ( pic_isshow=1 ) ORDER BY pic_showid  [ RunTime:0.0002s ]
SQL: SHOW COLUMNS FROM `tp_index_words` [ RunTime:0.0006s ]
SQL: SELECT * FROM `tp_index_words` WHERE `id` = 1 LIMIT 1   [ RunTime:0.0002s ]
SQL: SELECT * FROM `tp_index_words` WHERE `id` = 2 LIMIT 1   [ RunTime:0.0002s ]
INFO: [ view_parse ] --START--
INFO: [ template_filter ] --START--
INFO: Run Behavior\ContentReplaceBehavior [ RunTime:0.000168s ]
INFO: [ template_filter ] --END-- [ RunTime:0.000246s ]
INFO: Run Behavior\ParseTemplateBehavior [ RunTime:0.013789s ]
INFO: [ view_parse ] --END-- [ RunTime:0.013873s ]
INFO: [ view_filter ] --START--
INFO: Run Behavior\WriteHtmlCacheBehavior [ RunTime:0.000435s ]
INFO: [ view_filter ] --END-- [ RunTime:0.000508s ]
INFO: [ app_end ] --START--
INFO: Run Behavior\ShowPageTraceBehavior [ RunTime:0.000614s ]
INFO: [ app_end ] --END-- [ RunTime:0.000685s ]

[ 2016-01-12T21:40:55+08:00 ] 127.0.0.1 /
INFO: [ app_init ] --START--
INFO: Run Behavior\BuildLiteBehavior [ RunTime:0.000019s ]
INFO: [ app_init ] --END-- [ RunTime:0.000451s ]
INFO: [ app_begin ] --START--
INFO: Run Behavior\ReadHtmlCacheBehavior [ RunTime:0.000572s ]
INFO: [ app_begin ] --END-- [ RunTime:0.000652s ]
SQL: SHOW COLUMNS FROM `tp_index_pic` [ RunTime:0.0006s ]
SQL: SELECT * FROM `tp_index_pic` WHERE `pic_showid` = 1 ORDER BY pic_showid  [ RunTime:0.0002s ]
SQL: SELECT * FROM `tp_index_pic` WHERE ( pic_isshow=1 ) ORDER BY pic_showid  [ RunTime:0.0003s ]
SQL: SHOW COLUMNS FROM `tp_index_words` [ RunTime:0.0005s ]
SQL: SELECT * FROM `tp_index_words` WHERE `id` = 1 LIMIT 1   [ RunTime:0.0002s ]
SQL: SELECT * FROM `tp_index_words` WHERE `id` = 2 LIMIT 1   [ RunTime:0.0001s ]
INFO: [ view_parse ] --START--
INFO: [ template_filter ] --START--
INFO: Run Behavior\ContentReplaceBehavior [ RunTime:0.000082s ]
INFO: [ template_filter ] --END-- [ RunTime:0.000147s ]
INFO: Run Behavior\ParseTemplateBehavior [ RunTime:0.009476s ]
INFO: [ view_parse ] --END-- [ RunTime:0.009551s ]
INFO: [ view_filter ] --START--
INFO: Run Behavior\WriteHtmlCacheBehavior [ RunTime:0.000322s ]
INFO: [ view_filter ] --END-- [ RunTime:0.000375s ]
INFO: [ app_end ] --START--
INFO: Run Behavior\ShowPageTraceBehavior [ RunTime:0.000478s ]
INFO: [ app_end ] --END-- [ RunTime:0.000531s ]

[ 2016-01-12T21:40:56+08:00 ] 127.0.0.1 /
INFO: [ app_init ] --START--
INFO: Run Behavior\BuildLiteBehavior [ RunTime:0.000019s ]
INFO: [ app_init ] --END-- [ RunTime:0.000463s ]
INFO: [ app_begin ] --START--
INFO: Run Behavior\ReadHtmlCacheBehavior [ RunTime:0.000634s ]
INFO: [ app_begin ] --END-- [ RunTime:0.000733s ]
SQL: SHOW COLUMNS FROM `tp_index_pic` [ RunTime:0.0006s ]
SQL: SELECT * FROM `tp_index_pic` WHERE `pic_showid` = 1 ORDER BY pic_showid  [ RunTime:0.0002s ]
SQL: SELECT * FROM `tp_index_pic` WHERE ( pic_isshow=1 ) ORDER BY pic_showid  [ RunTime:0.0002s ]
SQL: SHOW COLUMNS FROM `tp_index_words` [ RunTime:0.0004s ]
SQL: SELECT * FROM `tp_index_words` WHERE `id` = 1 LIMIT 1   [ RunTime:0.0001s ]
SQL: SELECT * FROM `tp_index_words` WHERE `id` = 2 LIMIT 1   [ RunTime:0.0002s ]
INFO: [ view_parse ] --START--
INFO: [ template_filter ] --START--
INFO: Run Behavior\ContentReplaceBehavior [ RunTime:0.000084s ]
INFO: [ template_filter ] --END-- [ RunTime:0.000163s ]
INFO: Run Behavior\ParseTemplateBehavior [ RunTime:0.012232s ]
INFO: [ view_parse ] --END-- [ RunTime:0.012305s ]
INFO: [ view_filter ] --START--
INFO: Run Behavior\WriteHtmlCacheBehavior [ RunTime:0.000328s ]
INFO: [ view_filter ] --END-- [ RunTime:0.000382s ]
INFO: [ app_end ] --START--
INFO: Run Behavior\ShowPageTraceBehavior [ RunTime:0.000467s ]
INFO: [ app_end ] --END-- [ RunTime:0.000520s ]

[ 2016-01-12T21:40:57+08:00 ] 127.0.0.1 /
INFO: [ app_init ] --START--
INFO: Run Behavior\BuildLiteBehavior [ RunTime:0.000019s ]
INFO: [ app_init ] --END-- [ RunTime:0.000441s ]
INFO: [ app_begin ] --START--
INFO: Run Behavior\ReadHtmlCacheBehavior [ RunTime:0.000560s ]
INFO: [ app_begin ] --END-- [ RunTime:0.000640s ]
SQL: SHOW COLUMNS FROM `tp_index_pic` [ RunTime:0.0006s ]
SQL: SELECT * FROM `tp_index_pic` WHERE `pic_showid` = 1 ORDER BY pic_showid  [ RunTime:0.0003s ]
SQL: SELECT * FROM `tp_index_pic` WHERE ( pic_isshow=1 ) ORDER BY pic_showid  [ RunTime:0.0002s ]
SQL: SHOW COLUMNS FROM `tp_index_words` [ RunTime:0.0003s ]
SQL: SELECT * FROM `tp_index_words` WHERE `id` = 1 LIMIT 1   [ RunTime:0.0001s ]
SQL: SELECT * FROM `tp_index_words` WHERE `id` = 2 LIMIT 1   [ RunTime:0.0001s ]
INFO: [ view_parse ] --START--
INFO: [ template_filter ] --START--
INFO: Run Behavior\ContentReplaceBehavior [ RunTime:0.000085s ]
INFO: [ template_filter ] --END-- [ RunTime:0.000152s ]
INFO: Run Behavior\ParseTemplateBehavior [ RunTime:0.009740s ]
INFO: [ view_parse ] --END-- [ RunTime:0.009809s ]
INFO: [ view_filter ] --START--
INFO: Run Behavior\WriteHtmlCacheBehavior [ RunTime:0.000363s ]
INFO: [ view_filter ] --END-- [ RunTime:0.000416s ]
INFO: [ app_end ] --START--
INFO: Run Behavior\ShowPageTraceBehavior [ RunTime:0.000477s ]
INFO: [ app_end ] --END-- [ RunTime:0.000532s ]

[ 2016-01-12T21:57:13+08:00 ] 127.0.0.1 /index.php/home/project/index
INFO: [ app_init ] --START--
INFO: Run Behavior\BuildLiteBehavior [ RunTime:0.000019s ]
INFO: [ app_init ] --END-- [ RunTime:0.000449s ]
INFO: [ app_begin ] --START--
INFO: Run Behavior\ReadHtmlCacheBehavior [ RunTime:0.000579s ]
INFO: [ app_begin ] --END-- [ RunTime:0.000657s ]
SQL: SHOW COLUMNS FROM `tp_project` [ RunTime:0.0006s ]
SQL: SELECT * FROM `tp_project` ORDER BY project_show_id  [ RunTime:0.0106s ]
SQL: SELECT * FROM `tp_project` WHERE `project_show_id` <= 5 ORDER BY project_show_id  [ RunTime:0.0004s ]
SQL: SELECT * FROM `tp_project` WHERE `project_show_id` > 5 ORDER BY project_show_id  [ RunTime:0.0003s ]
INFO: [ view_parse ] --START--
INFO: [ template_filter ] --START--
INFO: Run Behavior\ContentReplaceBehavior [ RunTime:0.000100s ]
INFO: [ template_filter ] --END-- [ RunTime:0.000187s ]
INFO: Run Behavior\ParseTemplateBehavior [ RunTime:0.025471s ]
INFO: [ view_parse ] --END-- [ RunTime:0.025560s ]
INFO: [ view_filter ] --START--
INFO: Run Behavior\WriteHtmlCacheBehavior [ RunTime:0.000455s ]
INFO: [ view_filter ] --END-- [ RunTime:0.000525s ]
INFO: [ app_end ] --START--
INFO: Run Behavior\ShowPageTraceBehavior [ RunTime:0.000659s ]
INFO: [ app_end ] --END-- [ RunTime:0.000728s ]

[ 2016-01-12T23:20:35+08:00 ] 127.0.0.1 /
INFO: [ app_init ] --START--
INFO: Run Behavior\BuildLiteBehavior [ RunTime:0.000023s ]
INFO: [ app_init ] --END-- [ RunTime:0.009733s ]
INFO: [ app_begin ] --START--
INFO: Run Behavior\ReadHtmlCacheBehavior [ RunTime:0.009319s ]
INFO: [ app_begin ] --END-- [ RunTime:0.009407s ]
SQL: SHOW COLUMNS FROM `tp_index_pic` [ RunTime:0.0056s ]
SQL: SELECT * FROM `tp_index_pic` WHERE `pic_showid` = 1 ORDER BY pic_showid  [ RunTime:0.0005s ]
SQL: SELECT * FROM `tp_index_pic` WHERE ( pic_isshow=1 ) ORDER BY pic_showid  [ RunTime:0.0004s ]
SQL: SHOW COLUMNS FROM `tp_index_words` [ RunTime:0.0006s ]
SQL: SELECT * FROM `tp_index_words` WHERE `id` = 1 LIMIT 1   [ RunTime:0.0003s ]
SQL: SELECT * FROM `tp_index_words` WHERE `id` = 2 LIMIT 1   [ RunTime:0.0002s ]
INFO: [ view_parse ] --START--
INFO: [ template_filter ] --START--
INFO: Run Behavior\ContentReplaceBehavior [ RunTime:0.000109s ]
INFO: [ template_filter ] --END-- [ RunTime:0.000188s ]
INFO: Run Behavior\ParseTemplateBehavior [ RunTime:0.051198s ]
INFO: [ view_parse ] --END-- [ RunTime:0.051289s ]
INFO: [ view_filter ] --START--
INFO: Run Behavior\WriteHtmlCacheBehavior [ RunTime:0.007884s ]
INFO: [ view_filter ] --END-- [ RunTime:0.007959s ]
INFO: [ app_end ] --START--
INFO: Run Behavior\ShowPageTraceBehavior [ RunTime:0.012008s ]
INFO: [ app_end ] --END-- [ RunTime:0.012083s ]

[ 2016-01-12T23:57:50+08:00 ] 127.0.0.1 /index.php/home/project/index
INFO: [ app_init ] --START--
INFO: Run Behavior\BuildLiteBehavior [ RunTime:0.000017s ]
INFO: [ app_init ] --END-- [ RunTime:0.000363s ]
INFO: [ app_begin ] --START--
INFO: Run Behavior\ReadHtmlCacheBehavior [ RunTime:0.000442s ]
INFO: [ app_begin ] --END-- [ RunTime:0.000502s ]
SQL: SHOW COLUMNS FROM `tp_project` [ RunTime:0.0008s ]
SQL: SELECT * FROM `tp_project` ORDER BY project_show_id  [ RunTime:0.0106s ]
SQL: SELECT * FROM `tp_project` WHERE `project_show_id` <= 5 ORDER BY project_show_id  [ RunTime:0.0003s ]
SQL: SELECT * FROM `tp_project` WHERE `project_show_id` > 5 ORDER BY project_show_id  [ RunTime:0.0003s ]
INFO: [ view_parse ] --START--
INFO: [ template_filter ] --START--
INFO: Run Behavior\ContentReplaceBehavior [ RunTime:0.000102s ]
INFO: [ template_filter ] --END-- [ RunTime:0.000199s ]
INFO: Run Behavior\ParseTemplateBehavior [ RunTime:0.029154s ]
INFO: [ view_parse ] --END-- [ RunTime:0.029269s ]
INFO: [ view_filter ] --START--
INFO: Run Behavior\WriteHtmlCacheBehavior [ RunTime:0.000456s ]
INFO: [ view_filter ] --END-- [ RunTime:0.000527s ]
INFO: [ app_end ] --START--
INFO: Run Behavior\ShowPageTraceBehavior [ RunTime:0.000636s ]
INFO: [ app_end ] --END-- [ RunTime:0.000708s ]

