[ 2016-08-14T03:25:23+08:00 ] 127.0.0.1 /
INFO: [ app_init ] --START--
INFO: Run Behavior\BuildLiteBehavior [ RunTime:0.000020s ]
INFO: [ app_init ] --END-- [ RunTime:0.000472s ]
INFO: [ app_begin ] --START--
INFO: Run Behavior\ReadHtmlCacheBehavior [ RunTime:0.000611s ]
INFO: [ app_begin ] --END-- [ RunTime:0.000686s ]
SQL: SHOW COLUMNS FROM `tp_index_pic` [ RunTime:0.0007s ]
SQL: SELECT * FROM `tp_index_pic` WHERE `pic_showid` = 1 ORDER BY pic_showid  [ RunTime:0.0003s ]
SQL: SELECT * FROM `tp_index_pic` WHERE ( pic_isshow=1 ) ORDER BY pic_showid  [ RunTime:0.0002s ]
SQL: SHOW COLUMNS FROM `tp_index_words` [ RunTime:0.0003s ]
SQL: SELECT * FROM `tp_index_words` WHERE `id` = 1 LIMIT 1   [ RunTime:0.0003s ]
SQL: SELECT * FROM `tp_index_words` WHERE `id` = 2 LIMIT 1   [ RunTime:0.0001s ]
INFO: [ view_parse ] --START--
INFO: [ template_filter ] --START--
INFO: Run Behavior\ContentReplaceBehavior [ RunTime:0.000089s ]
INFO: [ template_filter ] --END-- [ RunTime:0.000155s ]
INFO: Run Behavior\ParseTemplateBehavior [ RunTime:0.010992s ]
INFO: [ view_parse ] --END-- [ RunTime:0.011070s ]
INFO: [ view_filter ] --START--
INFO: Run Behavior\WriteHtmlCacheBehavior [ RunTime:0.000381s ]
INFO: [ view_filter ] --END-- [ RunTime:0.000435s ]
INFO: [ app_end ] --START--
INFO: Run Behavior\ShowPageTraceBehavior [ RunTime:0.000481s ]
INFO: [ app_end ] --END-- [ RunTime:0.000535s ]

[ 2016-08-14T04:07:37+08:00 ] 127.0.0.1 /index.php/Home/TeamIndex/showinfo2?teamer_group='%E8%AE%BE%E8%AE%A1%E7%BB%84'
INFO: [ app_init ] --START--
INFO: Run Behavior\BuildLiteBehavior [ RunTime:0.000019s ]
INFO: [ app_init ] --END-- [ RunTime:0.000485s ]
INFO: [ app_begin ] --START--
INFO: Run Behavior\ReadHtmlCacheBehavior [ RunTime:0.000627s ]
INFO: [ app_begin ] --END-- [ RunTime:0.000706s ]
SQL: SHOW COLUMNS FROM `tp_teamer_admin` [ RunTime:0.0006s ]
SQL: SELECT * FROM `tp_teamer_admin` WHERE ( id=1 ) LIMIT 1   [ RunTime:0.0003s ]
SQL: SHOW COLUMNS FROM `tp_teamer` [ RunTime:0.0007s ]
SQL: SELECT `teamer_grade` FROM `tp_teamer` WHERE ( is_new_grade=1 )  [ RunTime:0.0003s ]
SQL: SELECT COUNT(*) AS tp_count FROM `tp_teamer` WHERE ( is_new_grade=1 ) LIMIT 1   [ RunTime:0.0003s ]
SQL: SELECT COUNT(*) AS tp_count FROM `tp_teamer` WHERE ( teamer_group = '设计组' ) LIMIT 1   [ RunTime:0.0002s ]
NOTIC: [8] Undefined variable: link_page /home/ftp/1520/twtcoder-20140316-KwC/coder.twtstudio.com/ThinkPHP/Library/Think/Page.class.php 第 141 行.
SQL: SELECT * FROM `tp_teamer` WHERE ( teamer_group = '设计组' ) LIMIT 0,8   [ RunTime:0.0003s ]
INFO: [ view_parse ] --START--
INFO: [ template_filter ] --START--
INFO: Run Behavior\ContentReplaceBehavior [ RunTime:0.000147s ]
INFO: [ template_filter ] --END-- [ RunTime:0.000212s ]
NOTIC: [8] Undefined variable: obj /home/ftp/1520/twtcoder-20140316-KwC/coder.twtstudio.com/twt/Runtime/Cache/Home/93ebad5c9c2c320ebc37a709f5949b13.php 第 175 行.
NOTIC: [8] Undefined variable: obj /home/ftp/1520/twtcoder-20140316-KwC/coder.twtstudio.com/twt/Runtime/Cache/Home/93ebad5c9c2c320ebc37a709f5949b13.php 第 175 行.
NOTIC: [8] Undefined variable: obj /home/ftp/1520/twtcoder-20140316-KwC/coder.twtstudio.com/twt/Runtime/Cache/Home/93ebad5c9c2c320ebc37a709f5949b13.php 第 177 行.
NOTIC: [8] Undefined variable: obj /home/ftp/1520/twtcoder-20140316-KwC/coder.twtstudio.com/twt/Runtime/Cache/Home/93ebad5c9c2c320ebc37a709f5949b13.php 第 178 行.
NOTIC: [8] Undefined variable: obj /home/ftp/1520/twtcoder-20140316-KwC/coder.twtstudio.com/twt/Runtime/Cache/Home/93ebad5c9c2c320ebc37a709f5949b13.php 第 245 行.
NOTIC: [8] Undefined variable: obj /home/ftp/1520/twtcoder-20140316-KwC/coder.twtstudio.com/twt/Runtime/Cache/Home/93ebad5c9c2c320ebc37a709f5949b13.php 第 245 行.
NOTIC: [8] Undefined variable: obj /home/ftp/1520/twtcoder-20140316-KwC/coder.twtstudio.com/twt/Runtime/Cache/Home/93ebad5c9c2c320ebc37a709f5949b13.php 第 247 行.
NOTIC: [8] Undefined variable: obj /home/ftp/1520/twtcoder-20140316-KwC/coder.twtstudio.com/twt/Runtime/Cache/Home/93ebad5c9c2c320ebc37a709f5949b13.php 第 248 行.
NOTIC: [8] Undefined variable: obj /home/ftp/1520/twtcoder-20140316-KwC/coder.twtstudio.com/twt/Runtime/Cache/Home/93ebad5c9c2c320ebc37a709f5949b13.php 第 175 行.
NOTIC: [8] Undefined variable: obj /home/ftp/1520/twtcoder-20140316-KwC/coder.twtstudio.com/twt/Runtime/Cache/Home/93ebad5c9c2c320ebc37a709f5949b13.php 第 175 行.
NOTIC: [8] Undefined variable: obj /home/ftp/1520/twtcoder-20140316-KwC/coder.twtstudio.com/twt/Runtime/Cache/Home/93ebad5c9c2c320ebc37a709f5949b13.php 第 177 行.
NOTIC: [8] Undefined variable: obj /home/ftp/1520/twtcoder-20140316-KwC/coder.twtstudio.com/twt/Runtime/Cache/Home/93ebad5c9c2c320ebc37a709f5949b13.php 第 178 行.
NOTIC: [8] Undefined variable: obj /home/ftp/1520/twtcoder-20140316-KwC/coder.twtstudio.com/twt/Runtime/Cache/Home/93ebad5c9c2c320ebc37a709f5949b13.php 第 245 行.
NOTIC: [8] Undefined variable: obj /home/ftp/1520/twtcoder-20140316-KwC/coder.twtstudio.com/twt/Runtime/Cache/Home/93ebad5c9c2c320ebc37a709f5949b13.php 第 245 行.
NOTIC: [8] Undefined variable: obj /home/ftp/1520/twtcoder-20140316-KwC/coder.twtstudio.com/twt/Runtime/Cache/Home/93ebad5c9c2c320ebc37a709f5949b13.php 第 247 行.
NOTIC: [8] Undefined variable: obj /home/ftp/1520/twtcoder-20140316-KwC/coder.twtstudio.com/twt/Runtime/Cache/Home/93ebad5c9c2c320ebc37a709f5949b13.php 第 248 行.
NOTIC: [8] Undefined variable: obj /home/ftp/1520/twtcoder-20140316-KwC/coder.twtstudio.com/twt/Runtime/Cache/Home/93ebad5c9c2c320ebc37a709f5949b13.php 第 175 行.
NOTIC: [8] Undefined variable: obj /home/ftp/1520/twtcoder-20140316-KwC/coder.twtstudio.com/twt/Runtime/Cache/Home/93ebad5c9c2c320ebc37a709f5949b13.php 第 175 行.
NOTIC: [8] Undefined variable: obj /home/ftp/1520/twtcoder-20140316-KwC/coder.twtstudio.com/twt/Runtime/Cache/Home/93ebad5c9c2c320ebc37a709f5949b13.php 第 177 行.
NOTIC: [8] Undefined variable: obj /home/ftp/1520/twtcoder-20140316-KwC/coder.twtstudio.com/twt/Runtime/Cache/Home/93ebad5c9c2c320ebc37a709f5949b13.php 第 178 行.
NOTIC: [8] Undefined variable: obj /home/ftp/1520/twtcoder-20140316-KwC/coder.twtstudio.com/twt/Runtime/Cache/Home/93ebad5c9c2c320ebc37a709f5949b13.php 第 245 行.
NOTIC: [8] Undefined variable: obj /home/ftp/1520/twtcoder-20140316-KwC/coder.twtstudio.com/twt/Runtime/Cache/Home/93ebad5c9c2c320ebc37a709f5949b13.php 第 245 行.
NOTIC: [8] Undefined variable: obj /home/ftp/1520/twtcoder-20140316-KwC/coder.twtstudio.com/twt/Runtime/Cache/Home/93ebad5c9c2c320ebc37a709f5949b13.php 第 247 行.
NOTIC: [8] Undefined variable: obj /home/ftp/1520/twtcoder-20140316-KwC/coder.twtstudio.com/twt/Runtime/Cache/Home/93ebad5c9c2c320ebc37a709f5949b13.php 第 248 行.
NOTIC: [8] Undefined variable: obj /home/ftp/1520/twtcoder-20140316-KwC/coder.twtstudio.com/twt/Runtime/Cache/Home/93ebad5c9c2c320ebc37a709f5949b13.php 第 175 行.
NOTIC: [8] Undefined variable: obj /home/ftp/1520/twtcoder-20140316-KwC/coder.twtstudio.com/twt/Runtime/Cache/Home/93ebad5c9c2c320ebc37a709f5949b13.php 第 175 行.
NOTIC: [8] Undefined variable: obj /home/ftp/1520/twtcoder-20140316-KwC/coder.twtstudio.com/twt/Runtime/Cache/Home/93ebad5c9c2c320ebc37a709f5949b13.php 第 177 行.
NOTIC: [8] Undefined variable: obj /home/ftp/1520/twtcoder-20140316-KwC/coder.twtstudio.com/twt/Runtime/Cache/Home/93ebad5c9c2c320ebc37a709f5949b13.php 第 178 行.
NOTIC: [8] Undefined variable: obj /home/ftp/1520/twtcoder-20140316-KwC/coder.twtstudio.com/twt/Runtime/Cache/Home/93ebad5c9c2c320ebc37a709f5949b13.php 第 245 行.
NOTIC: [8] Undefined variable: obj /home/ftp/1520/twtcoder-20140316-KwC/coder.twtstudio.com/twt/Runtime/Cache/Home/93ebad5c9c2c320ebc37a709f5949b13.php 第 245 行.
NOTIC: [8] Undefined variable: obj /home/ftp/1520/twtcoder-20140316-KwC/coder.twtstudio.com/twt/Runtime/Cache/Home/93ebad5c9c2c320ebc37a709f5949b13.php 第 247 行.
NOTIC: [8] Undefined variable: obj /home/ftp/1520/twtcoder-20140316-KwC/coder.twtstudio.com/twt/Runtime/Cache/Home/93ebad5c9c2c320ebc37a709f5949b13.php 第 248 行.
INFO: Run Behavior\ParseTemplateBehavior [ RunTime:0.016811s ]
INFO: [ view_parse ] --END-- [ RunTime:0.016873s ]
INFO: [ view_filter ] --START--
INFO: Run Behavior\WriteHtmlCacheBehavior [ RunTime:0.000348s ]
INFO: [ view_filter ] --END-- [ RunTime:0.000403s ]
INFO: [ view_parse ] --START--
INFO: Run Behavior\ParseTemplateBehavior [ RunTime:0.027393s ]
INFO: [ view_parse ] --END-- [ RunTime:-0.000477s ]
INFO: [ view_filter ] --START--
INFO: Run Behavior\WriteHtmlCacheBehavior [ RunTime:0.000016s ]
INFO: [ view_filter ] --END-- [ RunTime:-0.027547s ]
INFO: [ app_end ] --START--
INFO: Run Behavior\ShowPageTraceBehavior [ RunTime:0.000650s ]
INFO: [ app_end ] --END-- [ RunTime:0.000722s ]

[ 2016-08-14T04:13:46+08:00 ] 127.0.0.1 /index.php/home/team_index/showinfo2/teamer_group/'%E7%A8%8B%E5%BA%8F%E7%BB%84'/p/3.html
INFO: [ app_init ] --START--
INFO: Run Behavior\BuildLiteBehavior [ RunTime:0.000086s ]
INFO: [ app_init ] --END-- [ RunTime:0.000525s ]
INFO: [ app_begin ] --START--
INFO: Run Behavior\ReadHtmlCacheBehavior [ RunTime:0.000657s ]
INFO: [ app_begin ] --END-- [ RunTime:0.000734s ]
SQL: SHOW COLUMNS FROM `tp_teamer_admin` [ RunTime:0.0005s ]
SQL: SELECT * FROM `tp_teamer_admin` WHERE ( id=1 ) LIMIT 1   [ RunTime:0.0004s ]
SQL: SHOW COLUMNS FROM `tp_teamer` [ RunTime:0.0005s ]
SQL: SELECT `teamer_grade` FROM `tp_teamer` WHERE ( is_new_grade=1 )  [ RunTime:0.0004s ]
SQL: SELECT COUNT(*) AS tp_count FROM `tp_teamer` WHERE ( is_new_grade=1 ) LIMIT 1   [ RunTime:0.0003s ]
SQL: SELECT COUNT(*) AS tp_count FROM `tp_teamer` WHERE ( teamer_group = '程序组' ) LIMIT 1   [ RunTime:0.0002s ]
SQL: SELECT COUNT(*) AS tp_count FROM `tp_teamer` WHERE ( teamer_group = '程序组' or teamer_group='移动组' ) LIMIT 1   [ RunTime:0.0002s ]
NOTIC: [8] Undefined variable: link_page /home/ftp/1520/twtcoder-20140316-KwC/coder.twtstudio.com/ThinkPHP/Library/Think/Page.class.php 第 141 行.
SQL: SELECT * FROM `tp_teamer` WHERE ( teamer_group = '程序组' or teamer_group='移动组' ) LIMIT 16,8   [ RunTime:0.0003s ]
INFO: [ view_parse ] --START--
INFO: [ template_filter ] --START--
INFO: Run Behavior\ContentReplaceBehavior [ RunTime:0.000145s ]
INFO: [ template_filter ] --END-- [ RunTime:0.000212s ]
NOTIC: [8] Undefined variable: obj /home/ftp/1520/twtcoder-20140316-KwC/coder.twtstudio.com/twt/Runtime/Cache/Home/93ebad5c9c2c320ebc37a709f5949b13.php 第 175 行.
NOTIC: [8] Undefined variable: obj /home/ftp/1520/twtcoder-20140316-KwC/coder.twtstudio.com/twt/Runtime/Cache/Home/93ebad5c9c2c320ebc37a709f5949b13.php 第 175 行.
NOTIC: [8] Undefined variable: obj /home/ftp/1520/twtcoder-20140316-KwC/coder.twtstudio.com/twt/Runtime/Cache/Home/93ebad5c9c2c320ebc37a709f5949b13.php 第 177 行.
NOTIC: [8] Undefined variable: obj /home/ftp/1520/twtcoder-20140316-KwC/coder.twtstudio.com/twt/Runtime/Cache/Home/93ebad5c9c2c320ebc37a709f5949b13.php 第 178 行.
NOTIC: [8] Undefined variable: obj /home/ftp/1520/twtcoder-20140316-KwC/coder.twtstudio.com/twt/Runtime/Cache/Home/93ebad5c9c2c320ebc37a709f5949b13.php 第 245 行.
NOTIC: [8] Undefined variable: obj /home/ftp/1520/twtcoder-20140316-KwC/coder.twtstudio.com/twt/Runtime/Cache/Home/93ebad5c9c2c320ebc37a709f5949b13.php 第 245 行.
NOTIC: [8] Undefined variable: obj /home/ftp/1520/twtcoder-20140316-KwC/coder.twtstudio.com/twt/Runtime/Cache/Home/93ebad5c9c2c320ebc37a709f5949b13.php 第 247 行.
NOTIC: [8] Undefined variable: obj /home/ftp/1520/twtcoder-20140316-KwC/coder.twtstudio.com/twt/Runtime/Cache/Home/93ebad5c9c2c320ebc37a709f5949b13.php 第 248 行.
NOTIC: [8] Undefined variable: obj /home/ftp/1520/twtcoder-20140316-KwC/coder.twtstudio.com/twt/Runtime/Cache/Home/93ebad5c9c2c320ebc37a709f5949b13.php 第 175 行.
NOTIC: [8] Undefined variable: obj /home/ftp/1520/twtcoder-20140316-KwC/coder.twtstudio.com/twt/Runtime/Cache/Home/93ebad5c9c2c320ebc37a709f5949b13.php 第 175 行.
NOTIC: [8] Undefined variable: obj /home/ftp/1520/twtcoder-20140316-KwC/coder.twtstudio.com/twt/Runtime/Cache/Home/93ebad5c9c2c320ebc37a709f5949b13.php 第 177 行.
NOTIC: [8] Undefined variable: obj /home/ftp/1520/twtcoder-20140316-KwC/coder.twtstudio.com/twt/Runtime/Cache/Home/93ebad5c9c2c320ebc37a709f5949b13.php 第 178 行.
NOTIC: [8] Undefined variable: obj /home/ftp/1520/twtcoder-20140316-KwC/coder.twtstudio.com/twt/Runtime/Cache/Home/93ebad5c9c2c320ebc37a709f5949b13.php 第 245 行.
NOTIC: [8] Undefined variable: obj /home/ftp/1520/twtcoder-20140316-KwC/coder.twtstudio.com/twt/Runtime/Cache/Home/93ebad5c9c2c320ebc37a709f5949b13.php 第 245 行.
NOTIC: [8] Undefined variable: obj /home/ftp/1520/twtcoder-20140316-KwC/coder.twtstudio.com/twt/Runtime/Cache/Home/93ebad5c9c2c320ebc37a709f5949b13.php 第 247 行.
NOTIC: [8] Undefined variable: obj /home/ftp/1520/twtcoder-20140316-KwC/coder.twtstudio.com/twt/Runtime/Cache/Home/93ebad5c9c2c320ebc37a709f5949b13.php 第 248 行.
NOTIC: [8] Undefined variable: obj /home/ftp/1520/twtcoder-20140316-KwC/coder.twtstudio.com/twt/Runtime/Cache/Home/93ebad5c9c2c320ebc37a709f5949b13.php 第 175 行.
NOTIC: [8] Undefined variable: obj /home/ftp/1520/twtcoder-20140316-KwC/coder.twtstudio.com/twt/Runtime/Cache/Home/93ebad5c9c2c320ebc37a709f5949b13.php 第 175 行.
NOTIC: [8] Undefined variable: obj /home/ftp/1520/twtcoder-20140316-KwC/coder.twtstudio.com/twt/Runtime/Cache/Home/93ebad5c9c2c320ebc37a709f5949b13.php 第 177 行.
NOTIC: [8] Undefined variable: obj /home/ftp/1520/twtcoder-20140316-KwC/coder.twtstudio.com/twt/Runtime/Cache/Home/93ebad5c9c2c320ebc37a709f5949b13.php 第 178 行.
NOTIC: [8] Undefined variable: obj /home/ftp/1520/twtcoder-20140316-KwC/coder.twtstudio.com/twt/Runtime/Cache/Home/93ebad5c9c2c320ebc37a709f5949b13.php 第 245 行.
NOTIC: [8] Undefined variable: obj /home/ftp/1520/twtcoder-20140316-KwC/coder.twtstudio.com/twt/Runtime/Cache/Home/93ebad5c9c2c320ebc37a709f5949b13.php 第 245 行.
NOTIC: [8] Undefined variable: obj /home/ftp/1520/twtcoder-20140316-KwC/coder.twtstudio.com/twt/Runtime/Cache/Home/93ebad5c9c2c320ebc37a709f5949b13.php 第 247 行.
NOTIC: [8] Undefined variable: obj /home/ftp/1520/twtcoder-20140316-KwC/coder.twtstudio.com/twt/Runtime/Cache/Home/93ebad5c9c2c320ebc37a709f5949b13.php 第 248 行.
NOTIC: [8] Undefined offset: 6 /home/ftp/1520/twtcoder-20140316-KwC/coder.twtstudio.com/twt/Runtime/Cache/Home/93ebad5c9c2c320ebc37a709f5949b13.php 第 171 行.
NOTIC: [8] Undefined offset: 7 /home/ftp/1520/twtcoder-20140316-KwC/coder.twtstudio.com/twt/Runtime/Cache/Home/93ebad5c9c2c320ebc37a709f5949b13.php 第 241 行.
INFO: Run Behavior\ParseTemplateBehavior [ RunTime:0.015708s ]
INFO: [ view_parse ] --END-- [ RunTime:0.015767s ]
INFO: [ view_filter ] --START--
INFO: Run Behavior\WriteHtmlCacheBehavior [ RunTime:0.000340s ]
INFO: [ view_filter ] --END-- [ RunTime:0.000394s ]
INFO: [ view_parse ] --START--
INFO: Run Behavior\ParseTemplateBehavior [ RunTime:0.000514s ]
INFO: [ view_parse ] --END-- [ RunTime:-0.000467s ]
INFO: [ view_filter ] --START--
INFO: Run Behavior\WriteHtmlCacheBehavior [ RunTime:0.000011s ]
INFO: [ view_filter ] --END-- [ RunTime:-0.000698s ]
INFO: [ app_end ] --START--
INFO: Run Behavior\ShowPageTraceBehavior [ RunTime:0.000555s ]
INFO: [ app_end ] --END-- [ RunTime:0.000608s ]

[ 2016-08-14T04:47:20+08:00 ] 127.0.0.1 /
INFO: [ app_init ] --START--
INFO: Run Behavior\BuildLiteBehavior [ RunTime:0.000019s ]
INFO: [ app_init ] --END-- [ RunTime:0.000498s ]
INFO: [ app_begin ] --START--
INFO: Run Behavior\ReadHtmlCacheBehavior [ RunTime:0.000593s ]
INFO: [ app_begin ] --END-- [ RunTime:0.000669s ]
SQL: SHOW COLUMNS FROM `tp_index_pic` [ RunTime:0.0007s ]
SQL: SELECT * FROM `tp_index_pic` WHERE `pic_showid` = 1 ORDER BY pic_showid  [ RunTime:0.0004s ]
SQL: SELECT * FROM `tp_index_pic` WHERE ( pic_isshow=1 ) ORDER BY pic_showid  [ RunTime:0.0002s ]
SQL: SHOW COLUMNS FROM `tp_index_words` [ RunTime:0.0004s ]
SQL: SELECT * FROM `tp_index_words` WHERE `id` = 1 LIMIT 1   [ RunTime:0.0003s ]
SQL: SELECT * FROM `tp_index_words` WHERE `id` = 2 LIMIT 1   [ RunTime:0.0001s ]
INFO: [ view_parse ] --START--
INFO: [ template_filter ] --START--
INFO: Run Behavior\ContentReplaceBehavior [ RunTime:0.000082s ]
INFO: [ template_filter ] --END-- [ RunTime:0.000142s ]
INFO: Run Behavior\ParseTemplateBehavior [ RunTime:0.009622s ]
INFO: [ view_parse ] --END-- [ RunTime:0.009684s ]
INFO: [ view_filter ] --START--
INFO: Run Behavior\WriteHtmlCacheBehavior [ RunTime:0.000438s ]
INFO: [ view_filter ] --END-- [ RunTime:0.000491s ]
INFO: [ app_end ] --START--
INFO: Run Behavior\ShowPageTraceBehavior [ RunTime:0.000588s ]
INFO: [ app_end ] --END-- [ RunTime:0.000643s ]

[ 2016-08-14T04:48:38+08:00 ] 127.0.0.1 /
INFO: [ app_init ] --START--
INFO: Run Behavior\BuildLiteBehavior [ RunTime:0.000019s ]
INFO: [ app_init ] --END-- [ RunTime:0.000480s ]
INFO: [ app_begin ] --START--
INFO: Run Behavior\ReadHtmlCacheBehavior [ RunTime:0.000603s ]
INFO: [ app_begin ] --END-- [ RunTime:0.000686s ]
SQL: SHOW COLUMNS FROM `tp_index_pic` [ RunTime:0.0005s ]
SQL: SELECT * FROM `tp_index_pic` WHERE `pic_showid` = 1 ORDER BY pic_showid  [ RunTime:0.0005s ]
SQL: SELECT * FROM `tp_index_pic` WHERE ( pic_isshow=1 ) ORDER BY pic_showid  [ RunTime:0.0002s ]
SQL: SHOW COLUMNS FROM `tp_index_words` [ RunTime:0.0004s ]
SQL: SELECT * FROM `tp_index_words` WHERE `id` = 1 LIMIT 1   [ RunTime:0.0002s ]
SQL: SELECT * FROM `tp_index_words` WHERE `id` = 2 LIMIT 1   [ RunTime:0.0001s ]
INFO: [ view_parse ] --START--
INFO: [ template_filter ] --START--
INFO: Run Behavior\ContentReplaceBehavior [ RunTime:0.000088s ]
INFO: [ template_filter ] --END-- [ RunTime:0.000155s ]
INFO: Run Behavior\ParseTemplateBehavior [ RunTime:0.009878s ]
INFO: [ view_parse ] --END-- [ RunTime:0.009958s ]
INFO: [ view_filter ] --START--
INFO: Run Behavior\WriteHtmlCacheBehavior [ RunTime:0.000342s ]
INFO: [ view_filter ] --END-- [ RunTime:0.000395s ]
INFO: [ app_end ] --START--
INFO: Run Behavior\ShowPageTraceBehavior [ RunTime:0.000491s ]
INFO: [ app_end ] --END-- [ RunTime:0.000546s ]

[ 2016-08-14T04:53:12+08:00 ] 127.0.0.1 /?do=project&page=twt
INFO: [ app_init ] --START--
INFO: Run Behavior\BuildLiteBehavior [ RunTime:0.000019s ]
INFO: [ app_init ] --END-- [ RunTime:0.000458s ]
INFO: [ app_begin ] --START--
INFO: Run Behavior\ReadHtmlCacheBehavior [ RunTime:0.000601s ]
INFO: [ app_begin ] --END-- [ RunTime:0.000677s ]
SQL: SHOW COLUMNS FROM `tp_index_pic` [ RunTime:0.0005s ]
SQL: SELECT * FROM `tp_index_pic` WHERE `pic_showid` = 1 ORDER BY pic_showid  [ RunTime:0.0003s ]
SQL: SELECT * FROM `tp_index_pic` WHERE ( pic_isshow=1 ) ORDER BY pic_showid  [ RunTime:0.0002s ]
SQL: SHOW COLUMNS FROM `tp_index_words` [ RunTime:0.0004s ]
SQL: SELECT * FROM `tp_index_words` WHERE `id` = 1 LIMIT 1   [ RunTime:0.0003s ]
SQL: SELECT * FROM `tp_index_words` WHERE `id` = 2 LIMIT 1   [ RunTime:0.0001s ]
INFO: [ view_parse ] --START--
INFO: [ template_filter ] --START--
INFO: Run Behavior\ContentReplaceBehavior [ RunTime:0.000085s ]
INFO: [ template_filter ] --END-- [ RunTime:0.000148s ]
INFO: Run Behavior\ParseTemplateBehavior [ RunTime:0.011268s ]
INFO: [ view_parse ] --END-- [ RunTime:0.011346s ]
INFO: [ view_filter ] --START--
INFO: Run Behavior\WriteHtmlCacheBehavior [ RunTime:0.000342s ]
INFO: [ view_filter ] --END-- [ RunTime:0.000396s ]
INFO: [ app_end ] --START--
INFO: Run Behavior\ShowPageTraceBehavior [ RunTime:0.000490s ]
INFO: [ app_end ] --END-- [ RunTime:0.000544s ]

[ 2016-08-14T04:55:59+08:00 ] 127.0.0.1 /
INFO: [ app_init ] --START--
INFO: Run Behavior\BuildLiteBehavior [ RunTime:0.000020s ]
INFO: [ app_init ] --END-- [ RunTime:0.000468s ]
INFO: [ app_begin ] --START--
INFO: Run Behavior\ReadHtmlCacheBehavior [ RunTime:0.000583s ]
INFO: [ app_begin ] --END-- [ RunTime:0.000660s ]
SQL: SHOW COLUMNS FROM `tp_index_pic` [ RunTime:0.0006s ]
SQL: SELECT * FROM `tp_index_pic` WHERE `pic_showid` = 1 ORDER BY pic_showid  [ RunTime:0.0004s ]
SQL: SELECT * FROM `tp_index_pic` WHERE ( pic_isshow=1 ) ORDER BY pic_showid  [ RunTime:0.0002s ]
SQL: SHOW COLUMNS FROM `tp_index_words` [ RunTime:0.0004s ]
SQL: SELECT * FROM `tp_index_words` WHERE `id` = 1 LIMIT 1   [ RunTime:0.0003s ]
SQL: SELECT * FROM `tp_index_words` WHERE `id` = 2 LIMIT 1   [ RunTime:0.0002s ]
INFO: [ view_parse ] --START--
INFO: [ template_filter ] --START--
INFO: Run Behavior\ContentReplaceBehavior [ RunTime:0.000087s ]
INFO: [ template_filter ] --END-- [ RunTime:0.000153s ]
INFO: Run Behavior\ParseTemplateBehavior [ RunTime:0.009693s ]
INFO: [ view_parse ] --END-- [ RunTime:0.009769s ]
INFO: [ view_filter ] --START--
INFO: Run Behavior\WriteHtmlCacheBehavior [ RunTime:0.000341s ]
INFO: [ view_filter ] --END-- [ RunTime:0.000394s ]
INFO: [ app_end ] --START--
INFO: Run Behavior\ShowPageTraceBehavior [ RunTime:0.000555s ]
INFO: [ app_end ] --END-- [ RunTime:0.000609s ]

[ 2016-08-14T05:46:56+08:00 ] 127.0.0.1 /
INFO: [ app_init ] --START--
INFO: Run Behavior\BuildLiteBehavior [ RunTime:0.000020s ]
INFO: [ app_init ] --END-- [ RunTime:0.000459s ]
INFO: [ app_begin ] --START--
INFO: Run Behavior\ReadHtmlCacheBehavior [ RunTime:0.000673s ]
INFO: [ app_begin ] --END-- [ RunTime:0.000748s ]
SQL: SHOW COLUMNS FROM `tp_index_pic` [ RunTime:0.0007s ]
SQL: SELECT * FROM `tp_index_pic` WHERE `pic_showid` = 1 ORDER BY pic_showid  [ RunTime:0.0004s ]
SQL: SELECT * FROM `tp_index_pic` WHERE ( pic_isshow=1 ) ORDER BY pic_showid  [ RunTime:0.0002s ]
SQL: SHOW COLUMNS FROM `tp_index_words` [ RunTime:0.0004s ]
SQL: SELECT * FROM `tp_index_words` WHERE `id` = 1 LIMIT 1   [ RunTime:0.0003s ]
SQL: SELECT * FROM `tp_index_words` WHERE `id` = 2 LIMIT 1   [ RunTime:0.0002s ]
INFO: [ view_parse ] --START--
INFO: [ template_filter ] --START--
INFO: Run Behavior\ContentReplaceBehavior [ RunTime:0.000117s ]
INFO: [ template_filter ] --END-- [ RunTime:0.000206s ]
INFO: Run Behavior\ParseTemplateBehavior [ RunTime:0.012923s ]
INFO: [ view_parse ] --END-- [ RunTime:0.013021s ]
INFO: [ view_filter ] --START--
INFO: Run Behavior\WriteHtmlCacheBehavior [ RunTime:0.000445s ]
INFO: [ view_filter ] --END-- [ RunTime:0.000589s ]
INFO: [ app_end ] --START--
INFO: Run Behavior\ShowPageTraceBehavior [ RunTime:0.000627s ]
INFO: [ app_end ] --END-- [ RunTime:0.000698s ]

[ 2016-08-14T12:51:36+08:00 ] 127.0.0.1 /?page=index
INFO: [ app_init ] --START--
INFO: Run Behavior\BuildLiteBehavior [ RunTime:0.000016s ]
INFO: [ app_init ] --END-- [ RunTime:0.000438s ]
INFO: [ app_begin ] --START--
INFO: Run Behavior\ReadHtmlCacheBehavior [ RunTime:0.000615s ]
INFO: [ app_begin ] --END-- [ RunTime:0.000674s ]
SQL: SHOW COLUMNS FROM `tp_index_pic` [ RunTime:0.0007s ]
SQL: SELECT * FROM `tp_index_pic` WHERE `pic_showid` = 1 ORDER BY pic_showid  [ RunTime:0.0004s ]
SQL: SELECT * FROM `tp_index_pic` WHERE ( pic_isshow=1 ) ORDER BY pic_showid  [ RunTime:0.0002s ]
SQL: SHOW COLUMNS FROM `tp_index_words` [ RunTime:0.0004s ]
SQL: SELECT * FROM `tp_index_words` WHERE `id` = 1 LIMIT 1   [ RunTime:0.0003s ]
SQL: SELECT * FROM `tp_index_words` WHERE `id` = 2 LIMIT 1   [ RunTime:0.0002s ]
INFO: [ view_parse ] --START--
INFO: [ template_filter ] --START--
INFO: Run Behavior\ContentReplaceBehavior [ RunTime:0.000085s ]
INFO: [ template_filter ] --END-- [ RunTime:0.000148s ]
INFO: Run Behavior\ParseTemplateBehavior [ RunTime:0.010595s ]
INFO: [ view_parse ] --END-- [ RunTime:0.010660s ]
INFO: [ view_filter ] --START--
INFO: Run Behavior\WriteHtmlCacheBehavior [ RunTime:0.000420s ]
INFO: [ view_filter ] --END-- [ RunTime:0.000473s ]
INFO: [ app_end ] --START--
INFO: Run Behavior\ShowPageTraceBehavior [ RunTime:0.000563s ]
INFO: [ app_end ] --END-- [ RunTime:0.000618s ]

[ 2016-08-14T12:51:41+08:00 ] 127.0.0.1 /?page=twt&do=role
INFO: [ app_init ] --START--
INFO: Run Behavior\BuildLiteBehavior [ RunTime:0.000020s ]
INFO: [ app_init ] --END-- [ RunTime:0.000491s ]
INFO: [ app_begin ] --START--
INFO: Run Behavior\ReadHtmlCacheBehavior [ RunTime:0.000612s ]
INFO: [ app_begin ] --END-- [ RunTime:0.000699s ]
SQL: SHOW COLUMNS FROM `tp_index_pic` [ RunTime:0.0007s ]
SQL: SELECT * FROM `tp_index_pic` WHERE `pic_showid` = 1 ORDER BY pic_showid  [ RunTime:0.0003s ]
SQL: SELECT * FROM `tp_index_pic` WHERE ( pic_isshow=1 ) ORDER BY pic_showid  [ RunTime:0.0003s ]
SQL: SHOW COLUMNS FROM `tp_index_words` [ RunTime:0.0004s ]
SQL: SELECT * FROM `tp_index_words` WHERE `id` = 1 LIMIT 1   [ RunTime:0.0003s ]
SQL: SELECT * FROM `tp_index_words` WHERE `id` = 2 LIMIT 1   [ RunTime:0.0002s ]
INFO: [ view_parse ] --START--
INFO: [ template_filter ] --START--
INFO: Run Behavior\ContentReplaceBehavior [ RunTime:0.000084s ]
INFO: [ template_filter ] --END-- [ RunTime:0.000148s ]
INFO: Run Behavior\ParseTemplateBehavior [ RunTime:0.011657s ]
INFO: [ view_parse ] --END-- [ RunTime:0.011743s ]
INFO: [ view_filter ] --START--
INFO: Run Behavior\WriteHtmlCacheBehavior [ RunTime:0.000340s ]
INFO: [ view_filter ] --END-- [ RunTime:0.000409s ]
INFO: [ app_end ] --START--
INFO: Run Behavior\ShowPageTraceBehavior [ RunTime:0.000488s ]
INFO: [ app_end ] --END-- [ RunTime:0.000542s ]

[ 2016-08-14T12:52:56+08:00 ] 127.0.0.1 /?page=twt&do=group
INFO: [ app_init ] --START--
INFO: Run Behavior\BuildLiteBehavior [ RunTime:0.000020s ]
INFO: [ app_init ] --END-- [ RunTime:0.000526s ]
INFO: [ app_begin ] --START--
INFO: Run Behavior\ReadHtmlCacheBehavior [ RunTime:0.000613s ]
INFO: [ app_begin ] --END-- [ RunTime:0.000689s ]
SQL: SHOW COLUMNS FROM `tp_index_pic` [ RunTime:0.0008s ]
SQL: SELECT * FROM `tp_index_pic` WHERE `pic_showid` = 1 ORDER BY pic_showid  [ RunTime:0.0006s ]
SQL: SELECT * FROM `tp_index_pic` WHERE ( pic_isshow=1 ) ORDER BY pic_showid  [ RunTime:0.0003s ]
SQL: SHOW COLUMNS FROM `tp_index_words` [ RunTime:0.0005s ]
SQL: SELECT * FROM `tp_index_words` WHERE `id` = 1 LIMIT 1   [ RunTime:0.0003s ]
SQL: SELECT * FROM `tp_index_words` WHERE `id` = 2 LIMIT 1   [ RunTime:0.0001s ]
INFO: [ view_parse ] --START--
INFO: [ template_filter ] --START--
INFO: Run Behavior\ContentReplaceBehavior [ RunTime:0.000084s ]
INFO: [ template_filter ] --END-- [ RunTime:0.000150s ]
INFO: Run Behavior\ParseTemplateBehavior [ RunTime:0.012587s ]
INFO: [ view_parse ] --END-- [ RunTime:0.012674s ]
INFO: [ view_filter ] --START--
INFO: Run Behavior\WriteHtmlCacheBehavior [ RunTime:0.000340s ]
INFO: [ view_filter ] --END-- [ RunTime:0.000393s ]
INFO: [ app_end ] --START--
INFO: Run Behavior\ShowPageTraceBehavior [ RunTime:0.000484s ]
INFO: [ app_end ] --END-- [ RunTime:0.000538s ]

[ 2016-08-14T12:52:57+08:00 ] 127.0.0.1 /?page=twt&do=survey
INFO: [ app_init ] --START--
INFO: Run Behavior\BuildLiteBehavior [ RunTime:0.000019s ]
INFO: [ app_init ] --END-- [ RunTime:0.000465s ]
INFO: [ app_begin ] --START--
INFO: Run Behavior\ReadHtmlCacheBehavior [ RunTime:0.000607s ]
INFO: [ app_begin ] --END-- [ RunTime:0.000682s ]
SQL: SHOW COLUMNS FROM `tp_index_pic` [ RunTime:0.0007s ]
SQL: SELECT * FROM `tp_index_pic` WHERE `pic_showid` = 1 ORDER BY pic_showid  [ RunTime:0.0003s ]
SQL: SELECT * FROM `tp_index_pic` WHERE ( pic_isshow=1 ) ORDER BY pic_showid  [ RunTime:0.0002s ]
SQL: SHOW COLUMNS FROM `tp_index_words` [ RunTime:0.0004s ]
SQL: SELECT * FROM `tp_index_words` WHERE `id` = 1 LIMIT 1   [ RunTime:0.0001s ]
SQL: SELECT * FROM `tp_index_words` WHERE `id` = 2 LIMIT 1   [ RunTime:0.0001s ]
INFO: [ view_parse ] --START--
INFO: [ template_filter ] --START--
INFO: Run Behavior\ContentReplaceBehavior [ RunTime:0.000083s ]
INFO: [ template_filter ] --END-- [ RunTime:0.000147s ]
INFO: Run Behavior\ParseTemplateBehavior [ RunTime:0.010816s ]
INFO: [ view_parse ] --END-- [ RunTime:0.010892s ]
INFO: [ view_filter ] --START--
INFO: Run Behavior\WriteHtmlCacheBehavior [ RunTime:0.000345s ]
INFO: [ view_filter ] --END-- [ RunTime:0.000400s ]
INFO: [ app_end ] --START--
INFO: Run Behavior\ShowPageTraceBehavior [ RunTime:0.000488s ]
INFO: [ app_end ] --END-- [ RunTime:0.000543s ]

[ 2016-08-14T12:52:57+08:00 ] 127.0.0.1 /
INFO: [ app_init ] --START--
INFO: Run Behavior\BuildLiteBehavior [ RunTime:0.000020s ]
INFO: [ app_init ] --END-- [ RunTime:0.000485s ]
INFO: [ app_begin ] --START--
INFO: Run Behavior\ReadHtmlCacheBehavior [ RunTime:0.000607s ]
INFO: [ app_begin ] --END-- [ RunTime:0.000683s ]
SQL: SHOW COLUMNS FROM `tp_index_pic` [ RunTime:0.0007s ]
SQL: SELECT * FROM `tp_index_pic` WHERE `pic_showid` = 1 ORDER BY pic_showid  [ RunTime:0.0003s ]
SQL: SELECT * FROM `tp_index_pic` WHERE ( pic_isshow=1 ) ORDER BY pic_showid  [ RunTime:0.0002s ]
SQL: SHOW COLUMNS FROM `tp_index_words` [ RunTime:0.0004s ]
SQL: SELECT * FROM `tp_index_words` WHERE `id` = 1 LIMIT 1   [ RunTime:0.0002s ]
SQL: SELECT * FROM `tp_index_words` WHERE `id` = 2 LIMIT 1   [ RunTime:0.0001s ]
INFO: [ view_parse ] --START--
INFO: [ template_filter ] --START--
INFO: Run Behavior\ContentReplaceBehavior [ RunTime:0.000086s ]
INFO: [ template_filter ] --END-- [ RunTime:0.000154s ]
INFO: Run Behavior\ParseTemplateBehavior [ RunTime:0.010222s ]
INFO: [ view_parse ] --END-- [ RunTime:0.010298s ]
INFO: [ view_filter ] --START--
INFO: Run Behavior\WriteHtmlCacheBehavior [ RunTime:0.000336s ]
INFO: [ view_filter ] --END-- [ RunTime:0.000389s ]
INFO: [ app_end ] --START--
INFO: Run Behavior\ShowPageTraceBehavior [ RunTime:0.000470s ]
INFO: [ app_end ] --END-- [ RunTime:0.000525s ]

[ 2016-08-14T15:17:24+08:00 ] 127.0.0.1 /?page=twt&do=prodetail&index=%25E%25B%25AD%25M%25D%253%25EB%25DB%25AD%25ME%25
INFO: [ app_init ] --START--
INFO: Run Behavior\BuildLiteBehavior [ RunTime:0.000020s ]
INFO: [ app_init ] --END-- [ RunTime:0.000493s ]
INFO: [ app_begin ] --START--
INFO: Run Behavior\ReadHtmlCacheBehavior [ RunTime:0.000629s ]
INFO: [ app_begin ] --END-- [ RunTime:0.000713s ]
SQL: SHOW COLUMNS FROM `tp_index_pic` [ RunTime:0.0006s ]
SQL: SELECT * FROM `tp_index_pic` WHERE `pic_showid` = 1 ORDER BY pic_showid  [ RunTime:0.0003s ]
SQL: SELECT * FROM `tp_index_pic` WHERE ( pic_isshow=1 ) ORDER BY pic_showid  [ RunTime:0.0002s ]
SQL: SHOW COLUMNS FROM `tp_index_words` [ RunTime:0.0005s ]
SQL: SELECT * FROM `tp_index_words` WHERE `id` = 1 LIMIT 1   [ RunTime:0.0003s ]
SQL: SELECT * FROM `tp_index_words` WHERE `id` = 2 LIMIT 1   [ RunTime:0.0003s ]
INFO: [ view_parse ] --START--
INFO: [ template_filter ] --START--
INFO: Run Behavior\ContentReplaceBehavior [ RunTime:0.000095s ]
INFO: [ template_filter ] --END-- [ RunTime:0.000161s ]
INFO: Run Behavior\ParseTemplateBehavior [ RunTime:0.010905s ]
INFO: [ view_parse ] --END-- [ RunTime:0.010983s ]
INFO: [ view_filter ] --START--
INFO: Run Behavior\WriteHtmlCacheBehavior [ RunTime:0.000349s ]
INFO: [ view_filter ] --END-- [ RunTime:0.000402s ]
INFO: [ app_end ] --START--
INFO: Run Behavior\ShowPageTraceBehavior [ RunTime:0.000505s ]
INFO: [ app_end ] --END-- [ RunTime:0.000560s ]

[ 2016-08-14T15:42:07+08:00 ] 127.0.0.1 /index.php/home/about/index
INFO: [ app_init ] --START--
INFO: Run Behavior\BuildLiteBehavior [ RunTime:0.000019s ]
INFO: [ app_init ] --END-- [ RunTime:0.000475s ]
INFO: [ app_begin ] --START--
INFO: Run Behavior\ReadHtmlCacheBehavior [ RunTime:0.000617s ]
INFO: [ app_begin ] --END-- [ RunTime:0.000705s ]
SQL: SHOW COLUMNS FROM `tp_about` [ RunTime:0.0007s ]
SQL: SELECT * FROM `tp_about` WHERE ( id=1 ) LIMIT 1   [ RunTime:0.0003s ]
INFO: [ view_parse ] --START--
INFO: [ template_filter ] --START--
INFO: Run Behavior\ContentReplaceBehavior [ RunTime:0.000055s ]
INFO: [ template_filter ] --END-- [ RunTime:0.000122s ]
INFO: Run Behavior\ParseTemplateBehavior [ RunTime:0.008587s ]
INFO: [ view_parse ] --END-- [ RunTime:0.008674s ]
INFO: [ view_filter ] --START--
INFO: Run Behavior\WriteHtmlCacheBehavior [ RunTime:0.000343s ]
INFO: [ view_filter ] --END-- [ RunTime:0.000412s ]
INFO: [ app_end ] --START--
INFO: Run Behavior\ShowPageTraceBehavior [ RunTime:0.000490s ]
INFO: [ app_end ] --END-- [ RunTime:0.000548s ]

[ 2016-08-14T15:43:01+08:00 ] 127.0.0.1 /
INFO: [ app_init ] --START--
INFO: Run Behavior\BuildLiteBehavior [ RunTime:0.000019s ]
INFO: [ app_init ] --END-- [ RunTime:0.000464s ]
INFO: [ app_begin ] --START--
INFO: Run Behavior\ReadHtmlCacheBehavior [ RunTime:0.000493s ]
INFO: [ app_begin ] --END-- [ RunTime:0.000559s ]
SQL: SHOW COLUMNS FROM `tp_index_pic` [ RunTime:0.0006s ]
SQL: SELECT * FROM `tp_index_pic` WHERE `pic_showid` = 1 ORDER BY pic_showid  [ RunTime:0.0003s ]
SQL: SELECT * FROM `tp_index_pic` WHERE ( pic_isshow=1 ) ORDER BY pic_showid  [ RunTime:0.0001s ]
SQL: SHOW COLUMNS FROM `tp_index_words` [ RunTime:0.0005s ]
SQL: SELECT * FROM `tp_index_words` WHERE `id` = 1 LIMIT 1   [ RunTime:0.0003s ]
SQL: SELECT * FROM `tp_index_words` WHERE `id` = 2 LIMIT 1   [ RunTime:0.0001s ]
INFO: [ view_parse ] --START--
INFO: [ template_filter ] --START--
INFO: Run Behavior\ContentReplaceBehavior [ RunTime:0.000088s ]
INFO: [ template_filter ] --END-- [ RunTime:0.000158s ]
INFO: Run Behavior\ParseTemplateBehavior [ RunTime:0.009855s ]
INFO: [ view_parse ] --END-- [ RunTime:0.009934s ]
INFO: [ view_filter ] --START--
INFO: Run Behavior\WriteHtmlCacheBehavior [ RunTime:0.000347s ]
INFO: [ view_filter ] --END-- [ RunTime:0.000400s ]
INFO: [ app_end ] --START--
INFO: Run Behavior\ShowPageTraceBehavior [ RunTime:0.000488s ]
INFO: [ app_end ] --END-- [ RunTime:0.000543s ]

[ 2016-08-14T22:33:39+08:00 ] 127.0.0.1 /
INFO: [ app_init ] --START--
INFO: Run Behavior\BuildLiteBehavior [ RunTime:0.000015s ]
INFO: [ app_init ] --END-- [ RunTime:0.000371s ]
INFO: [ app_begin ] --START--
INFO: Run Behavior\ReadHtmlCacheBehavior [ RunTime:0.000490s ]
INFO: [ app_begin ] --END-- [ RunTime:0.000549s ]
SQL: SHOW COLUMNS FROM `tp_index_pic` [ RunTime:0.0006s ]
SQL: SELECT * FROM `tp_index_pic` WHERE `pic_showid` = 1 ORDER BY pic_showid  [ RunTime:0.0003s ]
SQL: SELECT * FROM `tp_index_pic` WHERE ( pic_isshow=1 ) ORDER BY pic_showid  [ RunTime:0.0002s ]
SQL: SHOW COLUMNS FROM `tp_index_words` [ RunTime:0.0004s ]
SQL: SELECT * FROM `tp_index_words` WHERE `id` = 1 LIMIT 1   [ RunTime:0.0002s ]
SQL: SELECT * FROM `tp_index_words` WHERE `id` = 2 LIMIT 1   [ RunTime:0.0001s ]
INFO: [ view_parse ] --START--
INFO: [ template_filter ] --START--
INFO: Run Behavior\ContentReplaceBehavior [ RunTime:0.000112s ]
INFO: [ template_filter ] --END-- [ RunTime:0.000200s ]
INFO: Run Behavior\ParseTemplateBehavior [ RunTime:0.015081s ]
INFO: [ view_parse ] --END-- [ RunTime:0.015189s ]
INFO: [ view_filter ] --START--
INFO: Run Behavior\WriteHtmlCacheBehavior [ RunTime:0.000565s ]
INFO: [ view_filter ] --END-- [ RunTime:0.000634s ]
INFO: [ app_end ] --START--
INFO: Run Behavior\ShowPageTraceBehavior [ RunTime:0.000772s ]
INFO: [ app_end ] --END-- [ RunTime:0.000844s ]

