[ 2016-01-01T03:19:29+08:00 ] 127.0.0.1 /coder/index.php
INFO: [ app_init ] --START--
INFO: Run Behavior\BuildLiteBehavior [ RunTime:0.000020s ]
INFO: [ app_init ] --END-- [ RunTime:0.000475s ]
INFO: [ app_begin ] --START--
INFO: Run Behavior\ReadHtmlCacheBehavior [ RunTime:0.015543s ]
INFO: [ app_begin ] --END-- [ RunTime:0.015648s ]
SQL: SHOW COLUMNS FROM `tp_index_pic` [ RunTime:0.0109s ]
SQL: SELECT * FROM `tp_index_pic` WHERE `pic_showid` = 1 ORDER BY pic_showid  [ RunTime:0.0083s ]
SQL: SELECT * FROM `tp_index_pic` WHERE ( pic_isshow=1 ) ORDER BY pic_showid  [ RunTime:0.0003s ]
NOTIC: [8] Undefined variable: pics /home/ftp/1520/2015new-20151122-obO/2015new.twtstudio.com/coder/twt/Home/Controller/IndexController.class.php 第 26 行.
SQL: SHOW COLUMNS FROM `tp_index_words` [ RunTime:0.0048s ]
SQL: SELECT * FROM `tp_index_words` WHERE `id` = 1 LIMIT 1   [ RunTime:0.0055s ]
SQL: SELECT * FROM `tp_index_words` WHERE `id` = 2 LIMIT 1   [ RunTime:0.0001s ]
INFO: [ view_parse ] --START--
INFO: [ template_filter ] --START--
INFO: Run Behavior\ContentReplaceBehavior [ RunTime:0.000114s ]
INFO: [ template_filter ] --END-- [ RunTime:0.000205s ]
INFO: Run Behavior\ParseTemplateBehavior [ RunTime:0.074079s ]
INFO: [ view_parse ] --END-- [ RunTime:0.074241s ]
INFO: [ view_filter ] --START--
INFO: Run Behavior\WriteHtmlCacheBehavior [ RunTime:0.004185s ]
INFO: [ view_filter ] --END-- [ RunTime:0.004256s ]
INFO: [ app_end ] --START--
INFO: Run Behavior\ShowPageTraceBehavior [ RunTime:0.012142s ]
INFO: [ app_end ] --END-- [ RunTime:0.012216s ]

[ 2016-01-01T03:19:37+08:00 ] 127.0.0.1 /coder/index.php/home/member/index
INFO: [ app_init ] --START--
INFO: Run Behavior\BuildLiteBehavior [ RunTime:0.000020s ]
INFO: [ app_init ] --END-- [ RunTime:0.000492s ]
INFO: [ app_begin ] --START--
INFO: Run Behavior\ReadHtmlCacheBehavior [ RunTime:0.000609s ]
INFO: [ app_begin ] --END-- [ RunTime:0.000685s ]
INFO: [ view_parse ] --START--
INFO: [ template_filter ] --START--
INFO: Run Behavior\ContentReplaceBehavior [ RunTime:0.000077s ]
INFO: [ template_filter ] --END-- [ RunTime:0.000154s ]
INFO: Run Behavior\ParseTemplateBehavior [ RunTime:0.032724s ]
INFO: [ view_parse ] --END-- [ RunTime:0.032810s ]
INFO: [ view_filter ] --START--
INFO: Run Behavior\WriteHtmlCacheBehavior [ RunTime:0.000459s ]
INFO: [ view_filter ] --END-- [ RunTime:0.000527s ]
INFO: [ app_end ] --START--
INFO: Run Behavior\ShowPageTraceBehavior [ RunTime:0.000654s ]
INFO: [ app_end ] --END-- [ RunTime:0.000723s ]

[ 2016-01-01T03:19:41+08:00 ] 127.0.0.1 /coder/index.php/Home/TeamIndex/showinfo1
INFO: [ app_init ] --START--
INFO: Run Behavior\BuildLiteBehavior [ RunTime:0.000020s ]
INFO: [ app_init ] --END-- [ RunTime:0.000467s ]
INFO: [ app_begin ] --START--
INFO: Run Behavior\ReadHtmlCacheBehavior [ RunTime:0.000611s ]
INFO: [ app_begin ] --END-- [ RunTime:0.000689s ]
SQL: SHOW COLUMNS FROM `tp_teamer_admin` [ RunTime:0.0008s ]
SQL: SELECT * FROM `tp_teamer_admin` WHERE ( id=1 ) LIMIT 1   [ RunTime:0.0068s ]
SQL: SHOW COLUMNS FROM `tp_teamer` [ RunTime:0.0007s ]
NOTIC: [8] Undefined index: grade /home/ftp/1520/2015new-20151122-obO/2015new.twtstudio.com/coder/twt/Home/Controller/TeamIndexController.class.php 第 74 行.
SQL: SELECT `teamer_grade` FROM `tp_teamer` WHERE ( is_new_grade=1 )  [ RunTime:0.0033s ]
SQL: SELECT COUNT(*) AS tp_count FROM `tp_teamer` WHERE ( is_new_grade=1 ) LIMIT 1   [ RunTime:0.0002s ]
SQL: SELECT COUNT(*) AS tp_count FROM `tp_teamer` WHERE ( teamer_grade = 2014 ) LIMIT 1   [ RunTime:0.0002s ]
NOTIC: [8] Undefined variable: link_page /home/ftp/1520/2015new-20151122-obO/2015new.twtstudio.com/coder/ThinkPHP/Library/Think/Page.class.php 第 141 行.
SQL: SELECT * FROM `tp_teamer` WHERE ( teamer_grade = 2014 ) LIMIT 0,8   [ RunTime:0.0002s ]
INFO: [ view_parse ] --START--
INFO: [ template_filter ] --START--
INFO: Run Behavior\ContentReplaceBehavior [ RunTime:0.000191s ]
INFO: [ template_filter ] --END-- [ RunTime:0.000276s ]
NOTIC: [8] Undefined variable: obj /home/ftp/1520/2015new-20151122-obO/2015new.twtstudio.com/coder/twt/Runtime/Cache/Home/93ebad5c9c2c320ebc37a709f5949b13.php 第 165 行.
NOTIC: [8] Undefined variable: obj /home/ftp/1520/2015new-20151122-obO/2015new.twtstudio.com/coder/twt/Runtime/Cache/Home/93ebad5c9c2c320ebc37a709f5949b13.php 第 165 行.
NOTIC: [8] Undefined variable: obj /home/ftp/1520/2015new-20151122-obO/2015new.twtstudio.com/coder/twt/Runtime/Cache/Home/93ebad5c9c2c320ebc37a709f5949b13.php 第 167 行.
NOTIC: [8] Undefined offset: 1 /home/ftp/1520/2015new-20151122-obO/2015new.twtstudio.com/coder/twt/Runtime/Cache/Home/93ebad5c9c2c320ebc37a709f5949b13.php 第 229 行.
NOTIC: [8] Undefined offset: 2 /home/ftp/1520/2015new-20151122-obO/2015new.twtstudio.com/coder/twt/Runtime/Cache/Home/93ebad5c9c2c320ebc37a709f5949b13.php 第 161 行.
NOTIC: [8] Undefined offset: 3 /home/ftp/1520/2015new-20151122-obO/2015new.twtstudio.com/coder/twt/Runtime/Cache/Home/93ebad5c9c2c320ebc37a709f5949b13.php 第 229 行.
NOTIC: [8] Undefined offset: 4 /home/ftp/1520/2015new-20151122-obO/2015new.twtstudio.com/coder/twt/Runtime/Cache/Home/93ebad5c9c2c320ebc37a709f5949b13.php 第 161 行.
NOTIC: [8] Undefined offset: 5 /home/ftp/1520/2015new-20151122-obO/2015new.twtstudio.com/coder/twt/Runtime/Cache/Home/93ebad5c9c2c320ebc37a709f5949b13.php 第 229 行.
NOTIC: [8] Undefined offset: 6 /home/ftp/1520/2015new-20151122-obO/2015new.twtstudio.com/coder/twt/Runtime/Cache/Home/93ebad5c9c2c320ebc37a709f5949b13.php 第 161 行.
NOTIC: [8] Undefined offset: 7 /home/ftp/1520/2015new-20151122-obO/2015new.twtstudio.com/coder/twt/Runtime/Cache/Home/93ebad5c9c2c320ebc37a709f5949b13.php 第 229 行.
INFO: Run Behavior\ParseTemplateBehavior [ RunTime:0.034696s ]
INFO: [ view_parse ] --END-- [ RunTime:0.034776s ]
INFO: [ view_filter ] --START--
INFO: Run Behavior\WriteHtmlCacheBehavior [ RunTime:0.000466s ]
INFO: [ view_filter ] --END-- [ RunTime:0.000535s ]
INFO: [ app_end ] --START--
INFO: Run Behavior\ShowPageTraceBehavior [ RunTime:0.000646s ]
INFO: [ app_end ] --END-- [ RunTime:0.000715s ]

[ 2016-01-01T03:19:49+08:00 ] 127.0.0.1 /coder/index.php/Home/TeamIndex/showinfo1?grade=2015
INFO: [ app_init ] --START--
INFO: Run Behavior\BuildLiteBehavior [ RunTime:0.000020s ]
INFO: [ app_init ] --END-- [ RunTime:0.000467s ]
INFO: [ app_begin ] --START--
INFO: Run Behavior\ReadHtmlCacheBehavior [ RunTime:0.000621s ]
INFO: [ app_begin ] --END-- [ RunTime:0.000698s ]
SQL: SHOW COLUMNS FROM `tp_teamer_admin` [ RunTime:0.0006s ]
SQL: SELECT * FROM `tp_teamer_admin` WHERE ( id=1 ) LIMIT 1   [ RunTime:0.0002s ]
SQL: SHOW COLUMNS FROM `tp_teamer` [ RunTime:0.0005s ]
SQL: SELECT `teamer_grade` FROM `tp_teamer` WHERE ( is_new_grade=1 )  [ RunTime:0.0001s ]
SQL: SELECT COUNT(*) AS tp_count FROM `tp_teamer` WHERE ( is_new_grade=1 ) LIMIT 1   [ RunTime:0.0001s ]
SQL: SELECT COUNT(*) AS tp_count FROM `tp_teamer` WHERE ( teamer_grade = 2015 ) LIMIT 1   [ RunTime:0.0001s ]
NOTIC: [8] Undefined variable: link_page /home/ftp/1520/2015new-20151122-obO/2015new.twtstudio.com/coder/ThinkPHP/Library/Think/Page.class.php 第 141 行.
SQL: SELECT * FROM `tp_teamer` WHERE ( teamer_grade = 2015 ) LIMIT 0,8   [ RunTime:0.0003s ]
INFO: [ view_parse ] --START--
INFO: [ template_filter ] --START--
INFO: Run Behavior\ContentReplaceBehavior [ RunTime:0.000110s ]
INFO: [ template_filter ] --END-- [ RunTime:0.000180s ]
NOTIC: [8] Undefined variable: obj /home/ftp/1520/2015new-20151122-obO/2015new.twtstudio.com/coder/twt/Runtime/Cache/Home/93ebad5c9c2c320ebc37a709f5949b13.php 第 165 行.
NOTIC: [8] Undefined variable: obj /home/ftp/1520/2015new-20151122-obO/2015new.twtstudio.com/coder/twt/Runtime/Cache/Home/93ebad5c9c2c320ebc37a709f5949b13.php 第 165 行.
NOTIC: [8] Undefined variable: obj /home/ftp/1520/2015new-20151122-obO/2015new.twtstudio.com/coder/twt/Runtime/Cache/Home/93ebad5c9c2c320ebc37a709f5949b13.php 第 167 行.
NOTIC: [8] Undefined variable: obj /home/ftp/1520/2015new-20151122-obO/2015new.twtstudio.com/coder/twt/Runtime/Cache/Home/93ebad5c9c2c320ebc37a709f5949b13.php 第 233 行.
NOTIC: [8] Undefined variable: obj /home/ftp/1520/2015new-20151122-obO/2015new.twtstudio.com/coder/twt/Runtime/Cache/Home/93ebad5c9c2c320ebc37a709f5949b13.php 第 233 行.
NOTIC: [8] Undefined variable: obj /home/ftp/1520/2015new-20151122-obO/2015new.twtstudio.com/coder/twt/Runtime/Cache/Home/93ebad5c9c2c320ebc37a709f5949b13.php 第 235 行.
NOTIC: [8] Undefined variable: obj /home/ftp/1520/2015new-20151122-obO/2015new.twtstudio.com/coder/twt/Runtime/Cache/Home/93ebad5c9c2c320ebc37a709f5949b13.php 第 165 行.
NOTIC: [8] Undefined variable: obj /home/ftp/1520/2015new-20151122-obO/2015new.twtstudio.com/coder/twt/Runtime/Cache/Home/93ebad5c9c2c320ebc37a709f5949b13.php 第 165 行.
NOTIC: [8] Undefined variable: obj /home/ftp/1520/2015new-20151122-obO/2015new.twtstudio.com/coder/twt/Runtime/Cache/Home/93ebad5c9c2c320ebc37a709f5949b13.php 第 167 行.
NOTIC: [8] Undefined variable: obj /home/ftp/1520/2015new-20151122-obO/2015new.twtstudio.com/coder/twt/Runtime/Cache/Home/93ebad5c9c2c320ebc37a709f5949b13.php 第 233 行.
NOTIC: [8] Undefined variable: obj /home/ftp/1520/2015new-20151122-obO/2015new.twtstudio.com/coder/twt/Runtime/Cache/Home/93ebad5c9c2c320ebc37a709f5949b13.php 第 233 行.
NOTIC: [8] Undefined variable: obj /home/ftp/1520/2015new-20151122-obO/2015new.twtstudio.com/coder/twt/Runtime/Cache/Home/93ebad5c9c2c320ebc37a709f5949b13.php 第 235 行.
NOTIC: [8] Undefined variable: obj /home/ftp/1520/2015new-20151122-obO/2015new.twtstudio.com/coder/twt/Runtime/Cache/Home/93ebad5c9c2c320ebc37a709f5949b13.php 第 165 行.
NOTIC: [8] Undefined variable: obj /home/ftp/1520/2015new-20151122-obO/2015new.twtstudio.com/coder/twt/Runtime/Cache/Home/93ebad5c9c2c320ebc37a709f5949b13.php 第 165 行.
NOTIC: [8] Undefined variable: obj /home/ftp/1520/2015new-20151122-obO/2015new.twtstudio.com/coder/twt/Runtime/Cache/Home/93ebad5c9c2c320ebc37a709f5949b13.php 第 167 行.
NOTIC: [8] Undefined variable: obj /home/ftp/1520/2015new-20151122-obO/2015new.twtstudio.com/coder/twt/Runtime/Cache/Home/93ebad5c9c2c320ebc37a709f5949b13.php 第 233 行.
NOTIC: [8] Undefined variable: obj /home/ftp/1520/2015new-20151122-obO/2015new.twtstudio.com/coder/twt/Runtime/Cache/Home/93ebad5c9c2c320ebc37a709f5949b13.php 第 233 行.
NOTIC: [8] Undefined variable: obj /home/ftp/1520/2015new-20151122-obO/2015new.twtstudio.com/coder/twt/Runtime/Cache/Home/93ebad5c9c2c320ebc37a709f5949b13.php 第 235 行.
NOTIC: [8] Undefined variable: obj /home/ftp/1520/2015new-20151122-obO/2015new.twtstudio.com/coder/twt/Runtime/Cache/Home/93ebad5c9c2c320ebc37a709f5949b13.php 第 165 行.
NOTIC: [8] Undefined variable: obj /home/ftp/1520/2015new-20151122-obO/2015new.twtstudio.com/coder/twt/Runtime/Cache/Home/93ebad5c9c2c320ebc37a709f5949b13.php 第 165 行.
NOTIC: [8] Undefined variable: obj /home/ftp/1520/2015new-20151122-obO/2015new.twtstudio.com/coder/twt/Runtime/Cache/Home/93ebad5c9c2c320ebc37a709f5949b13.php 第 167 行.
NOTIC: [8] Undefined variable: obj /home/ftp/1520/2015new-20151122-obO/2015new.twtstudio.com/coder/twt/Runtime/Cache/Home/93ebad5c9c2c320ebc37a709f5949b13.php 第 233 行.
NOTIC: [8] Undefined variable: obj /home/ftp/1520/2015new-20151122-obO/2015new.twtstudio.com/coder/twt/Runtime/Cache/Home/93ebad5c9c2c320ebc37a709f5949b13.php 第 233 行.
NOTIC: [8] Undefined variable: obj /home/ftp/1520/2015new-20151122-obO/2015new.twtstudio.com/coder/twt/Runtime/Cache/Home/93ebad5c9c2c320ebc37a709f5949b13.php 第 235 行.
INFO: Run Behavior\ParseTemplateBehavior [ RunTime:0.012771s ]
INFO: [ view_parse ] --END-- [ RunTime:0.012828s ]
INFO: [ view_filter ] --START--
INFO: Run Behavior\WriteHtmlCacheBehavior [ RunTime:0.000355s ]
INFO: [ view_filter ] --END-- [ RunTime:0.000421s ]
INFO: [ app_end ] --START--
INFO: Run Behavior\ShowPageTraceBehavior [ RunTime:0.000501s ]
INFO: [ app_end ] --END-- [ RunTime:0.000556s ]

[ 2016-01-01T03:19:50+08:00 ] 127.0.0.1 /coder/index.php/Home/TeamIndex/showinfo1/grade/2015/p/2.html
INFO: [ app_init ] --START--
INFO: Run Behavior\BuildLiteBehavior [ RunTime:0.000020s ]
INFO: [ app_init ] --END-- [ RunTime:0.000470s ]
INFO: [ app_begin ] --START--
INFO: Run Behavior\ReadHtmlCacheBehavior [ RunTime:0.000618s ]
INFO: [ app_begin ] --END-- [ RunTime:0.000696s ]
SQL: SHOW COLUMNS FROM `tp_teamer_admin` [ RunTime:0.0005s ]
SQL: SELECT * FROM `tp_teamer_admin` WHERE ( id=1 ) LIMIT 1   [ RunTime:0.0002s ]
SQL: SHOW COLUMNS FROM `tp_teamer` [ RunTime:0.0005s ]
SQL: SELECT `teamer_grade` FROM `tp_teamer` WHERE ( is_new_grade=1 )  [ RunTime:0.0002s ]
SQL: SELECT COUNT(*) AS tp_count FROM `tp_teamer` WHERE ( is_new_grade=1 ) LIMIT 1   [ RunTime:0.0002s ]
SQL: SELECT COUNT(*) AS tp_count FROM `tp_teamer` WHERE ( teamer_grade = 2015 ) LIMIT 1   [ RunTime:0.0002s ]
NOTIC: [8] Undefined variable: link_page /home/ftp/1520/2015new-20151122-obO/2015new.twtstudio.com/coder/ThinkPHP/Library/Think/Page.class.php 第 141 行.
SQL: SELECT * FROM `tp_teamer` WHERE ( teamer_grade = 2015 ) LIMIT 8,8   [ RunTime:0.0002s ]
INFO: [ view_parse ] --START--
INFO: [ template_filter ] --START--
INFO: Run Behavior\ContentReplaceBehavior [ RunTime:0.000106s ]
INFO: [ template_filter ] --END-- [ RunTime:0.000173s ]
NOTIC: [8] Undefined variable: obj /home/ftp/1520/2015new-20151122-obO/2015new.twtstudio.com/coder/twt/Runtime/Cache/Home/93ebad5c9c2c320ebc37a709f5949b13.php 第 165 行.
NOTIC: [8] Undefined variable: obj /home/ftp/1520/2015new-20151122-obO/2015new.twtstudio.com/coder/twt/Runtime/Cache/Home/93ebad5c9c2c320ebc37a709f5949b13.php 第 165 行.
NOTIC: [8] Undefined variable: obj /home/ftp/1520/2015new-20151122-obO/2015new.twtstudio.com/coder/twt/Runtime/Cache/Home/93ebad5c9c2c320ebc37a709f5949b13.php 第 167 行.
NOTIC: [8] Undefined variable: obj /home/ftp/1520/2015new-20151122-obO/2015new.twtstudio.com/coder/twt/Runtime/Cache/Home/93ebad5c9c2c320ebc37a709f5949b13.php 第 233 行.
NOTIC: [8] Undefined variable: obj /home/ftp/1520/2015new-20151122-obO/2015new.twtstudio.com/coder/twt/Runtime/Cache/Home/93ebad5c9c2c320ebc37a709f5949b13.php 第 233 行.
NOTIC: [8] Undefined variable: obj /home/ftp/1520/2015new-20151122-obO/2015new.twtstudio.com/coder/twt/Runtime/Cache/Home/93ebad5c9c2c320ebc37a709f5949b13.php 第 235 行.
NOTIC: [8] Undefined variable: obj /home/ftp/1520/2015new-20151122-obO/2015new.twtstudio.com/coder/twt/Runtime/Cache/Home/93ebad5c9c2c320ebc37a709f5949b13.php 第 165 行.
NOTIC: [8] Undefined variable: obj /home/ftp/1520/2015new-20151122-obO/2015new.twtstudio.com/coder/twt/Runtime/Cache/Home/93ebad5c9c2c320ebc37a709f5949b13.php 第 165 行.
NOTIC: [8] Undefined variable: obj /home/ftp/1520/2015new-20151122-obO/2015new.twtstudio.com/coder/twt/Runtime/Cache/Home/93ebad5c9c2c320ebc37a709f5949b13.php 第 167 行.
NOTIC: [8] Undefined variable: obj /home/ftp/1520/2015new-20151122-obO/2015new.twtstudio.com/coder/twt/Runtime/Cache/Home/93ebad5c9c2c320ebc37a709f5949b13.php 第 233 行.
NOTIC: [8] Undefined variable: obj /home/ftp/1520/2015new-20151122-obO/2015new.twtstudio.com/coder/twt/Runtime/Cache/Home/93ebad5c9c2c320ebc37a709f5949b13.php 第 233 行.
NOTIC: [8] Undefined variable: obj /home/ftp/1520/2015new-20151122-obO/2015new.twtstudio.com/coder/twt/Runtime/Cache/Home/93ebad5c9c2c320ebc37a709f5949b13.php 第 235 行.
NOTIC: [8] Undefined offset: 4 /home/ftp/1520/2015new-20151122-obO/2015new.twtstudio.com/coder/twt/Runtime/Cache/Home/93ebad5c9c2c320ebc37a709f5949b13.php 第 161 行.
NOTIC: [8] Undefined offset: 5 /home/ftp/1520/2015new-20151122-obO/2015new.twtstudio.com/coder/twt/Runtime/Cache/Home/93ebad5c9c2c320ebc37a709f5949b13.php 第 229 行.
NOTIC: [8] Undefined offset: 6 /home/ftp/1520/2015new-20151122-obO/2015new.twtstudio.com/coder/twt/Runtime/Cache/Home/93ebad5c9c2c320ebc37a709f5949b13.php 第 161 行.
NOTIC: [8] Undefined offset: 7 /home/ftp/1520/2015new-20151122-obO/2015new.twtstudio.com/coder/twt/Runtime/Cache/Home/93ebad5c9c2c320ebc37a709f5949b13.php 第 229 行.
INFO: Run Behavior\ParseTemplateBehavior [ RunTime:0.012405s ]
INFO: [ view_parse ] --END-- [ RunTime:0.012478s ]
INFO: [ view_filter ] --START--
INFO: Run Behavior\WriteHtmlCacheBehavior [ RunTime:0.000355s ]
INFO: [ view_filter ] --END-- [ RunTime:0.000407s ]
INFO: [ app_end ] --START--
INFO: Run Behavior\ShowPageTraceBehavior [ RunTime:0.000506s ]
INFO: [ app_end ] --END-- [ RunTime:0.000561s ]

[ 2016-01-01T03:19:51+08:00 ] 127.0.0.1 /coder/index.php/Home/TeamIndex/showinfo1/grade/2015/p/1.html
INFO: [ app_init ] --START--
INFO: Run Behavior\BuildLiteBehavior [ RunTime:0.000020s ]
INFO: [ app_init ] --END-- [ RunTime:0.000536s ]
INFO: [ app_begin ] --START--
INFO: Run Behavior\ReadHtmlCacheBehavior [ RunTime:0.000617s ]
INFO: [ app_begin ] --END-- [ RunTime:0.000695s ]
SQL: SHOW COLUMNS FROM `tp_teamer_admin` [ RunTime:0.0004s ]
SQL: SELECT * FROM `tp_teamer_admin` WHERE ( id=1 ) LIMIT 1   [ RunTime:0.0002s ]
SQL: SHOW COLUMNS FROM `tp_teamer` [ RunTime:0.0005s ]
SQL: SELECT `teamer_grade` FROM `tp_teamer` WHERE ( is_new_grade=1 )  [ RunTime:0.0002s ]
SQL: SELECT COUNT(*) AS tp_count FROM `tp_teamer` WHERE ( is_new_grade=1 ) LIMIT 1   [ RunTime:0.0001s ]
SQL: SELECT COUNT(*) AS tp_count FROM `tp_teamer` WHERE ( teamer_grade = 2015 ) LIMIT 1   [ RunTime:0.0001s ]
NOTIC: [8] Undefined variable: link_page /home/ftp/1520/2015new-20151122-obO/2015new.twtstudio.com/coder/ThinkPHP/Library/Think/Page.class.php 第 141 行.
SQL: SELECT * FROM `tp_teamer` WHERE ( teamer_grade = 2015 ) LIMIT 0,8   [ RunTime:0.0002s ]
INFO: [ view_parse ] --START--
INFO: [ template_filter ] --START--
INFO: Run Behavior\ContentReplaceBehavior [ RunTime:0.000113s ]
INFO: [ template_filter ] --END-- [ RunTime:0.000181s ]
NOTIC: [8] Undefined variable: obj /home/ftp/1520/2015new-20151122-obO/2015new.twtstudio.com/coder/twt/Runtime/Cache/Home/93ebad5c9c2c320ebc37a709f5949b13.php 第 165 行.
NOTIC: [8] Undefined variable: obj /home/ftp/1520/2015new-20151122-obO/2015new.twtstudio.com/coder/twt/Runtime/Cache/Home/93ebad5c9c2c320ebc37a709f5949b13.php 第 165 行.
NOTIC: [8] Undefined variable: obj /home/ftp/1520/2015new-20151122-obO/2015new.twtstudio.com/coder/twt/Runtime/Cache/Home/93ebad5c9c2c320ebc37a709f5949b13.php 第 167 行.
NOTIC: [8] Undefined variable: obj /home/ftp/1520/2015new-20151122-obO/2015new.twtstudio.com/coder/twt/Runtime/Cache/Home/93ebad5c9c2c320ebc37a709f5949b13.php 第 233 行.
NOTIC: [8] Undefined variable: obj /home/ftp/1520/2015new-20151122-obO/2015new.twtstudio.com/coder/twt/Runtime/Cache/Home/93ebad5c9c2c320ebc37a709f5949b13.php 第 233 行.
NOTIC: [8] Undefined variable: obj /home/ftp/1520/2015new-20151122-obO/2015new.twtstudio.com/coder/twt/Runtime/Cache/Home/93ebad5c9c2c320ebc37a709f5949b13.php 第 235 行.
NOTIC: [8] Undefined variable: obj /home/ftp/1520/2015new-20151122-obO/2015new.twtstudio.com/coder/twt/Runtime/Cache/Home/93ebad5c9c2c320ebc37a709f5949b13.php 第 165 行.
NOTIC: [8] Undefined variable: obj /home/ftp/1520/2015new-20151122-obO/2015new.twtstudio.com/coder/twt/Runtime/Cache/Home/93ebad5c9c2c320ebc37a709f5949b13.php 第 165 行.
NOTIC: [8] Undefined variable: obj /home/ftp/1520/2015new-20151122-obO/2015new.twtstudio.com/coder/twt/Runtime/Cache/Home/93ebad5c9c2c320ebc37a709f5949b13.php 第 167 行.
NOTIC: [8] Undefined variable: obj /home/ftp/1520/2015new-20151122-obO/2015new.twtstudio.com/coder/twt/Runtime/Cache/Home/93ebad5c9c2c320ebc37a709f5949b13.php 第 233 行.
NOTIC: [8] Undefined variable: obj /home/ftp/1520/2015new-20151122-obO/2015new.twtstudio.com/coder/twt/Runtime/Cache/Home/93ebad5c9c2c320ebc37a709f5949b13.php 第 233 行.
NOTIC: [8] Undefined variable: obj /home/ftp/1520/2015new-20151122-obO/2015new.twtstudio.com/coder/twt/Runtime/Cache/Home/93ebad5c9c2c320ebc37a709f5949b13.php 第 235 行.
NOTIC: [8] Undefined variable: obj /home/ftp/1520/2015new-20151122-obO/2015new.twtstudio.com/coder/twt/Runtime/Cache/Home/93ebad5c9c2c320ebc37a709f5949b13.php 第 165 行.
NOTIC: [8] Undefined variable: obj /home/ftp/1520/2015new-20151122-obO/2015new.twtstudio.com/coder/twt/Runtime/Cache/Home/93ebad5c9c2c320ebc37a709f5949b13.php 第 165 行.
NOTIC: [8] Undefined variable: obj /home/ftp/1520/2015new-20151122-obO/2015new.twtstudio.com/coder/twt/Runtime/Cache/Home/93ebad5c9c2c320ebc37a709f5949b13.php 第 167 行.
NOTIC: [8] Undefined variable: obj /home/ftp/1520/2015new-20151122-obO/2015new.twtstudio.com/coder/twt/Runtime/Cache/Home/93ebad5c9c2c320ebc37a709f5949b13.php 第 233 行.
NOTIC: [8] Undefined variable: obj /home/ftp/1520/2015new-20151122-obO/2015new.twtstudio.com/coder/twt/Runtime/Cache/Home/93ebad5c9c2c320ebc37a709f5949b13.php 第 233 行.
NOTIC: [8] Undefined variable: obj /home/ftp/1520/2015new-20151122-obO/2015new.twtstudio.com/coder/twt/Runtime/Cache/Home/93ebad5c9c2c320ebc37a709f5949b13.php 第 235 行.
NOTIC: [8] Undefined variable: obj /home/ftp/1520/2015new-20151122-obO/2015new.twtstudio.com/coder/twt/Runtime/Cache/Home/93ebad5c9c2c320ebc37a709f5949b13.php 第 165 行.
NOTIC: [8] Undefined variable: obj /home/ftp/1520/2015new-20151122-obO/2015new.twtstudio.com/coder/twt/Runtime/Cache/Home/93ebad5c9c2c320ebc37a709f5949b13.php 第 165 行.
NOTIC: [8] Undefined variable: obj /home/ftp/1520/2015new-20151122-obO/2015new.twtstudio.com/coder/twt/Runtime/Cache/Home/93ebad5c9c2c320ebc37a709f5949b13.php 第 167 行.
NOTIC: [8] Undefined variable: obj /home/ftp/1520/2015new-20151122-obO/2015new.twtstudio.com/coder/twt/Runtime/Cache/Home/93ebad5c9c2c320ebc37a709f5949b13.php 第 233 行.
NOTIC: [8] Undefined variable: obj /home/ftp/1520/2015new-20151122-obO/2015new.twtstudio.com/coder/twt/Runtime/Cache/Home/93ebad5c9c2c320ebc37a709f5949b13.php 第 233 行.
NOTIC: [8] Undefined variable: obj /home/ftp/1520/2015new-20151122-obO/2015new.twtstudio.com/coder/twt/Runtime/Cache/Home/93ebad5c9c2c320ebc37a709f5949b13.php 第 235 行.
INFO: Run Behavior\ParseTemplateBehavior [ RunTime:0.013115s ]
INFO: [ view_parse ] --END-- [ RunTime:0.013175s ]
INFO: [ view_filter ] --START--
INFO: Run Behavior\WriteHtmlCacheBehavior [ RunTime:0.000356s ]
INFO: [ view_filter ] --END-- [ RunTime:0.000408s ]
INFO: [ app_end ] --START--
INFO: Run Behavior\ShowPageTraceBehavior [ RunTime:0.000501s ]
INFO: [ app_end ] --END-- [ RunTime:0.000606s ]

[ 2016-01-01T03:19:57+08:00 ] 127.0.0.1 /coder/index.php/Home/TeamIndex/showinfo1?grade=2013
INFO: [ app_init ] --START--
INFO: Run Behavior\BuildLiteBehavior [ RunTime:0.000017s ]
INFO: [ app_init ] --END-- [ RunTime:0.000368s ]
INFO: [ app_begin ] --START--
INFO: Run Behavior\ReadHtmlCacheBehavior [ RunTime:0.000472s ]
INFO: [ app_begin ] --END-- [ RunTime:0.000533s ]
SQL: SHOW COLUMNS FROM `tp_teamer_admin` [ RunTime:0.0006s ]
SQL: SELECT * FROM `tp_teamer_admin` WHERE ( id=1 ) LIMIT 1   [ RunTime:0.0002s ]
SQL: SHOW COLUMNS FROM `tp_teamer` [ RunTime:0.0006s ]
SQL: SELECT `teamer_grade` FROM `tp_teamer` WHERE ( is_new_grade=1 )  [ RunTime:0.0002s ]
SQL: SELECT COUNT(*) AS tp_count FROM `tp_teamer` WHERE ( is_new_grade=1 ) LIMIT 1   [ RunTime:0.0001s ]
SQL: SELECT COUNT(*) AS tp_count FROM `tp_teamer` WHERE ( teamer_grade = 2013 ) LIMIT 1   [ RunTime:0.0001s ]
NOTIC: [8] Undefined variable: link_page /home/ftp/1520/2015new-20151122-obO/2015new.twtstudio.com/coder/ThinkPHP/Library/Think/Page.class.php 第 141 行.
SQL: SELECT * FROM `tp_teamer` WHERE ( teamer_grade = 2013 ) LIMIT 0,8   [ RunTime:0.0002s ]
INFO: [ view_parse ] --START--
INFO: [ template_filter ] --START--
INFO: Run Behavior\ContentReplaceBehavior [ RunTime:0.000111s ]
INFO: [ template_filter ] --END-- [ RunTime:0.000176s ]
NOTIC: [8] Undefined variable: obj /home/ftp/1520/2015new-20151122-obO/2015new.twtstudio.com/coder/twt/Runtime/Cache/Home/93ebad5c9c2c320ebc37a709f5949b13.php 第 165 行.
NOTIC: [8] Undefined variable: obj /home/ftp/1520/2015new-20151122-obO/2015new.twtstudio.com/coder/twt/Runtime/Cache/Home/93ebad5c9c2c320ebc37a709f5949b13.php 第 165 行.
NOTIC: [8] Undefined variable: obj /home/ftp/1520/2015new-20151122-obO/2015new.twtstudio.com/coder/twt/Runtime/Cache/Home/93ebad5c9c2c320ebc37a709f5949b13.php 第 167 行.
NOTIC: [8] Undefined offset: 1 /home/ftp/1520/2015new-20151122-obO/2015new.twtstudio.com/coder/twt/Runtime/Cache/Home/93ebad5c9c2c320ebc37a709f5949b13.php 第 229 行.
NOTIC: [8] Undefined offset: 2 /home/ftp/1520/2015new-20151122-obO/2015new.twtstudio.com/coder/twt/Runtime/Cache/Home/93ebad5c9c2c320ebc37a709f5949b13.php 第 161 行.
NOTIC: [8] Undefined offset: 3 /home/ftp/1520/2015new-20151122-obO/2015new.twtstudio.com/coder/twt/Runtime/Cache/Home/93ebad5c9c2c320ebc37a709f5949b13.php 第 229 行.
NOTIC: [8] Undefined offset: 4 /home/ftp/1520/2015new-20151122-obO/2015new.twtstudio.com/coder/twt/Runtime/Cache/Home/93ebad5c9c2c320ebc37a709f5949b13.php 第 161 行.
NOTIC: [8] Undefined offset: 5 /home/ftp/1520/2015new-20151122-obO/2015new.twtstudio.com/coder/twt/Runtime/Cache/Home/93ebad5c9c2c320ebc37a709f5949b13.php 第 229 行.
NOTIC: [8] Undefined offset: 6 /home/ftp/1520/2015new-20151122-obO/2015new.twtstudio.com/coder/twt/Runtime/Cache/Home/93ebad5c9c2c320ebc37a709f5949b13.php 第 161 行.
NOTIC: [8] Undefined offset: 7 /home/ftp/1520/2015new-20151122-obO/2015new.twtstudio.com/coder/twt/Runtime/Cache/Home/93ebad5c9c2c320ebc37a709f5949b13.php 第 229 行.
INFO: Run Behavior\ParseTemplateBehavior [ RunTime:0.011320s ]
INFO: [ view_parse ] --END-- [ RunTime:0.011378s ]
INFO: [ view_filter ] --START--
INFO: Run Behavior\WriteHtmlCacheBehavior [ RunTime:0.000353s ]
INFO: [ view_filter ] --END-- [ RunTime:0.000405s ]
INFO: [ app_end ] --START--
INFO: Run Behavior\ShowPageTraceBehavior [ RunTime:0.000524s ]
INFO: [ app_end ] --END-- [ RunTime:0.000578s ]

[ 2016-01-01T03:20:00+08:00 ] 127.0.0.1 /coder/index.php/Home/TeamIndex/showinfo1?grade=2014
INFO: [ app_init ] --START--
INFO: Run Behavior\BuildLiteBehavior [ RunTime:0.000019s ]
INFO: [ app_init ] --END-- [ RunTime:0.000465s ]
INFO: [ app_begin ] --START--
INFO: Run Behavior\ReadHtmlCacheBehavior [ RunTime:0.000612s ]
INFO: [ app_begin ] --END-- [ RunTime:0.000688s ]
SQL: SHOW COLUMNS FROM `tp_teamer_admin` [ RunTime:0.0006s ]
SQL: SELECT * FROM `tp_teamer_admin` WHERE ( id=1 ) LIMIT 1   [ RunTime:0.0002s ]
SQL: SHOW COLUMNS FROM `tp_teamer` [ RunTime:0.0005s ]
SQL: SELECT `teamer_grade` FROM `tp_teamer` WHERE ( is_new_grade=1 )  [ RunTime:0.0002s ]
SQL: SELECT COUNT(*) AS tp_count FROM `tp_teamer` WHERE ( is_new_grade=1 ) LIMIT 1   [ RunTime:0.0003s ]
SQL: SELECT COUNT(*) AS tp_count FROM `tp_teamer` WHERE ( teamer_grade = 2014 ) LIMIT 1   [ RunTime:0.0002s ]
NOTIC: [8] Undefined variable: link_page /home/ftp/1520/2015new-20151122-obO/2015new.twtstudio.com/coder/ThinkPHP/Library/Think/Page.class.php 第 141 行.
SQL: SELECT * FROM `tp_teamer` WHERE ( teamer_grade = 2014 ) LIMIT 0,8   [ RunTime:0.0002s ]
INFO: [ view_parse ] --START--
INFO: [ template_filter ] --START--
INFO: Run Behavior\ContentReplaceBehavior [ RunTime:0.000109s ]
INFO: [ template_filter ] --END-- [ RunTime:0.000177s ]
NOTIC: [8] Undefined variable: obj /home/ftp/1520/2015new-20151122-obO/2015new.twtstudio.com/coder/twt/Runtime/Cache/Home/93ebad5c9c2c320ebc37a709f5949b13.php 第 165 行.
NOTIC: [8] Undefined variable: obj /home/ftp/1520/2015new-20151122-obO/2015new.twtstudio.com/coder/twt/Runtime/Cache/Home/93ebad5c9c2c320ebc37a709f5949b13.php 第 165 行.
NOTIC: [8] Undefined variable: obj /home/ftp/1520/2015new-20151122-obO/2015new.twtstudio.com/coder/twt/Runtime/Cache/Home/93ebad5c9c2c320ebc37a709f5949b13.php 第 167 行.
NOTIC: [8] Undefined offset: 1 /home/ftp/1520/2015new-20151122-obO/2015new.twtstudio.com/coder/twt/Runtime/Cache/Home/93ebad5c9c2c320ebc37a709f5949b13.php 第 229 行.
NOTIC: [8] Undefined offset: 2 /home/ftp/1520/2015new-20151122-obO/2015new.twtstudio.com/coder/twt/Runtime/Cache/Home/93ebad5c9c2c320ebc37a709f5949b13.php 第 161 行.
NOTIC: [8] Undefined offset: 3 /home/ftp/1520/2015new-20151122-obO/2015new.twtstudio.com/coder/twt/Runtime/Cache/Home/93ebad5c9c2c320ebc37a709f5949b13.php 第 229 行.
NOTIC: [8] Undefined offset: 4 /home/ftp/1520/2015new-20151122-obO/2015new.twtstudio.com/coder/twt/Runtime/Cache/Home/93ebad5c9c2c320ebc37a709f5949b13.php 第 161 行.
NOTIC: [8] Undefined offset: 5 /home/ftp/1520/2015new-20151122-obO/2015new.twtstudio.com/coder/twt/Runtime/Cache/Home/93ebad5c9c2c320ebc37a709f5949b13.php 第 229 行.
NOTIC: [8] Undefined offset: 6 /home/ftp/1520/2015new-20151122-obO/2015new.twtstudio.com/coder/twt/Runtime/Cache/Home/93ebad5c9c2c320ebc37a709f5949b13.php 第 161 行.
NOTIC: [8] Undefined offset: 7 /home/ftp/1520/2015new-20151122-obO/2015new.twtstudio.com/coder/twt/Runtime/Cache/Home/93ebad5c9c2c320ebc37a709f5949b13.php 第 229 行.
INFO: Run Behavior\ParseTemplateBehavior [ RunTime:0.011424s ]
INFO: [ view_parse ] --END-- [ RunTime:0.011490s ]
INFO: [ view_filter ] --START--
INFO: Run Behavior\WriteHtmlCacheBehavior [ RunTime:0.000415s ]
INFO: [ view_filter ] --END-- [ RunTime:0.000468s ]
INFO: [ app_end ] --START--
INFO: Run Behavior\ShowPageTraceBehavior [ RunTime:0.000489s ]
INFO: [ app_end ] --END-- [ RunTime:0.000545s ]

[ 2016-01-01T03:20:01+08:00 ] 127.0.0.1 /coder/index.php/Home/TeamIndex/showinfo1?grade=2015
INFO: [ app_init ] --START--
INFO: Run Behavior\BuildLiteBehavior [ RunTime:0.000023s ]
INFO: [ app_init ] --END-- [ RunTime:0.000686s ]
INFO: [ app_begin ] --START--
INFO: Run Behavior\ReadHtmlCacheBehavior [ RunTime:0.000483s ]
INFO: [ app_begin ] --END-- [ RunTime:0.000545s ]
SQL: SHOW COLUMNS FROM `tp_teamer_admin` [ RunTime:0.0005s ]
SQL: SELECT * FROM `tp_teamer_admin` WHERE ( id=1 ) LIMIT 1   [ RunTime:0.0003s ]
SQL: SHOW COLUMNS FROM `tp_teamer` [ RunTime:0.0005s ]
SQL: SELECT `teamer_grade` FROM `tp_teamer` WHERE ( is_new_grade=1 )  [ RunTime:0.0001s ]
SQL: SELECT COUNT(*) AS tp_count FROM `tp_teamer` WHERE ( is_new_grade=1 ) LIMIT 1   [ RunTime:0.0002s ]
SQL: SELECT COUNT(*) AS tp_count FROM `tp_teamer` WHERE ( teamer_grade = 2015 ) LIMIT 1   [ RunTime:0.0001s ]
NOTIC: [8] Undefined variable: link_page /home/ftp/1520/2015new-20151122-obO/2015new.twtstudio.com/coder/ThinkPHP/Library/Think/Page.class.php 第 141 行.
SQL: SELECT * FROM `tp_teamer` WHERE ( teamer_grade = 2015 ) LIMIT 0,8   [ RunTime:0.0002s ]
INFO: [ view_parse ] --START--
INFO: [ template_filter ] --START--
INFO: Run Behavior\ContentReplaceBehavior [ RunTime:0.000107s ]
INFO: [ template_filter ] --END-- [ RunTime:0.000180s ]
NOTIC: [8] Undefined variable: obj /home/ftp/1520/2015new-20151122-obO/2015new.twtstudio.com/coder/twt/Runtime/Cache/Home/93ebad5c9c2c320ebc37a709f5949b13.php 第 165 行.
NOTIC: [8] Undefined variable: obj /home/ftp/1520/2015new-20151122-obO/2015new.twtstudio.com/coder/twt/Runtime/Cache/Home/93ebad5c9c2c320ebc37a709f5949b13.php 第 165 行.
NOTIC: [8] Undefined variable: obj /home/ftp/1520/2015new-20151122-obO/2015new.twtstudio.com/coder/twt/Runtime/Cache/Home/93ebad5c9c2c320ebc37a709f5949b13.php 第 167 行.
NOTIC: [8] Undefined variable: obj /home/ftp/1520/2015new-20151122-obO/2015new.twtstudio.com/coder/twt/Runtime/Cache/Home/93ebad5c9c2c320ebc37a709f5949b13.php 第 233 行.
NOTIC: [8] Undefined variable: obj /home/ftp/1520/2015new-20151122-obO/2015new.twtstudio.com/coder/twt/Runtime/Cache/Home/93ebad5c9c2c320ebc37a709f5949b13.php 第 233 行.
NOTIC: [8] Undefined variable: obj /home/ftp/1520/2015new-20151122-obO/2015new.twtstudio.com/coder/twt/Runtime/Cache/Home/93ebad5c9c2c320ebc37a709f5949b13.php 第 235 行.
NOTIC: [8] Undefined variable: obj /home/ftp/1520/2015new-20151122-obO/2015new.twtstudio.com/coder/twt/Runtime/Cache/Home/93ebad5c9c2c320ebc37a709f5949b13.php 第 165 行.
NOTIC: [8] Undefined variable: obj /home/ftp/1520/2015new-20151122-obO/2015new.twtstudio.com/coder/twt/Runtime/Cache/Home/93ebad5c9c2c320ebc37a709f5949b13.php 第 165 行.
NOTIC: [8] Undefined variable: obj /home/ftp/1520/2015new-20151122-obO/2015new.twtstudio.com/coder/twt/Runtime/Cache/Home/93ebad5c9c2c320ebc37a709f5949b13.php 第 167 行.
NOTIC: [8] Undefined variable: obj /home/ftp/1520/2015new-20151122-obO/2015new.twtstudio.com/coder/twt/Runtime/Cache/Home/93ebad5c9c2c320ebc37a709f5949b13.php 第 233 行.
NOTIC: [8] Undefined variable: obj /home/ftp/1520/2015new-20151122-obO/2015new.twtstudio.com/coder/twt/Runtime/Cache/Home/93ebad5c9c2c320ebc37a709f5949b13.php 第 233 行.
NOTIC: [8] Undefined variable: obj /home/ftp/1520/2015new-20151122-obO/2015new.twtstudio.com/coder/twt/Runtime/Cache/Home/93ebad5c9c2c320ebc37a709f5949b13.php 第 235 行.
NOTIC: [8] Undefined variable: obj /home/ftp/1520/2015new-20151122-obO/2015new.twtstudio.com/coder/twt/Runtime/Cache/Home/93ebad5c9c2c320ebc37a709f5949b13.php 第 165 行.
NOTIC: [8] Undefined variable: obj /home/ftp/1520/2015new-20151122-obO/2015new.twtstudio.com/coder/twt/Runtime/Cache/Home/93ebad5c9c2c320ebc37a709f5949b13.php 第 165 行.
NOTIC: [8] Undefined variable: obj /home/ftp/1520/2015new-20151122-obO/2015new.twtstudio.com/coder/twt/Runtime/Cache/Home/93ebad5c9c2c320ebc37a709f5949b13.php 第 167 行.
NOTIC: [8] Undefined variable: obj /home/ftp/1520/2015new-20151122-obO/2015new.twtstudio.com/coder/twt/Runtime/Cache/Home/93ebad5c9c2c320ebc37a709f5949b13.php 第 233 行.
NOTIC: [8] Undefined variable: obj /home/ftp/1520/2015new-20151122-obO/2015new.twtstudio.com/coder/twt/Runtime/Cache/Home/93ebad5c9c2c320ebc37a709f5949b13.php 第 233 行.
NOTIC: [8] Undefined variable: obj /home/ftp/1520/2015new-20151122-obO/2015new.twtstudio.com/coder/twt/Runtime/Cache/Home/93ebad5c9c2c320ebc37a709f5949b13.php 第 235 行.
NOTIC: [8] Undefined variable: obj /home/ftp/1520/2015new-20151122-obO/2015new.twtstudio.com/coder/twt/Runtime/Cache/Home/93ebad5c9c2c320ebc37a709f5949b13.php 第 165 行.
NOTIC: [8] Undefined variable: obj /home/ftp/1520/2015new-20151122-obO/2015new.twtstudio.com/coder/twt/Runtime/Cache/Home/93ebad5c9c2c320ebc37a709f5949b13.php 第 165 行.
NOTIC: [8] Undefined variable: obj /home/ftp/1520/2015new-20151122-obO/2015new.twtstudio.com/coder/twt/Runtime/Cache/Home/93ebad5c9c2c320ebc37a709f5949b13.php 第 167 行.
NOTIC: [8] Undefined variable: obj /home/ftp/1520/2015new-20151122-obO/2015new.twtstudio.com/coder/twt/Runtime/Cache/Home/93ebad5c9c2c320ebc37a709f5949b13.php 第 233 行.
NOTIC: [8] Undefined variable: obj /home/ftp/1520/2015new-20151122-obO/2015new.twtstudio.com/coder/twt/Runtime/Cache/Home/93ebad5c9c2c320ebc37a709f5949b13.php 第 233 行.
NOTIC: [8] Undefined variable: obj /home/ftp/1520/2015new-20151122-obO/2015new.twtstudio.com/coder/twt/Runtime/Cache/Home/93ebad5c9c2c320ebc37a709f5949b13.php 第 235 行.
INFO: Run Behavior\ParseTemplateBehavior [ RunTime:0.013286s ]
INFO: [ view_parse ] --END-- [ RunTime:0.013345s ]
INFO: [ view_filter ] --START--
INFO: Run Behavior\WriteHtmlCacheBehavior [ RunTime:0.000361s ]
INFO: [ view_filter ] --END-- [ RunTime:0.000414s ]
INFO: [ app_end ] --START--
INFO: Run Behavior\ShowPageTraceBehavior [ RunTime:0.000499s ]
INFO: [ app_end ] --END-- [ RunTime:0.000553s ]

[ 2016-01-01T03:20:03+08:00 ] 127.0.0.1 /coder/index.php/Home/TeamIndex/showinfo1/grade/2015/p/2.html
INFO: [ app_init ] --START--
INFO: Run Behavior\BuildLiteBehavior [ RunTime:0.000019s ]
INFO: [ app_init ] --END-- [ RunTime:0.000466s ]
INFO: [ app_begin ] --START--
INFO: Run Behavior\ReadHtmlCacheBehavior [ RunTime:0.000614s ]
INFO: [ app_begin ] --END-- [ RunTime:0.000692s ]
SQL: SHOW COLUMNS FROM `tp_teamer_admin` [ RunTime:0.0006s ]
SQL: SELECT * FROM `tp_teamer_admin` WHERE ( id=1 ) LIMIT 1   [ RunTime:0.0002s ]
SQL: SHOW COLUMNS FROM `tp_teamer` [ RunTime:0.0006s ]
SQL: SELECT `teamer_grade` FROM `tp_teamer` WHERE ( is_new_grade=1 )  [ RunTime:0.0002s ]
SQL: SELECT COUNT(*) AS tp_count FROM `tp_teamer` WHERE ( is_new_grade=1 ) LIMIT 1   [ RunTime:0.0001s ]
SQL: SELECT COUNT(*) AS tp_count FROM `tp_teamer` WHERE ( teamer_grade = 2015 ) LIMIT 1   [ RunTime:0.0001s ]
NOTIC: [8] Undefined variable: link_page /home/ftp/1520/2015new-20151122-obO/2015new.twtstudio.com/coder/ThinkPHP/Library/Think/Page.class.php 第 141 行.
SQL: SELECT * FROM `tp_teamer` WHERE ( teamer_grade = 2015 ) LIMIT 8,8   [ RunTime:0.0002s ]
INFO: [ view_parse ] --START--
INFO: [ template_filter ] --START--
INFO: Run Behavior\ContentReplaceBehavior [ RunTime:0.000109s ]
INFO: [ template_filter ] --END-- [ RunTime:0.000179s ]
NOTIC: [8] Undefined variable: obj /home/ftp/1520/2015new-20151122-obO/2015new.twtstudio.com/coder/twt/Runtime/Cache/Home/93ebad5c9c2c320ebc37a709f5949b13.php 第 165 行.
NOTIC: [8] Undefined variable: obj /home/ftp/1520/2015new-20151122-obO/2015new.twtstudio.com/coder/twt/Runtime/Cache/Home/93ebad5c9c2c320ebc37a709f5949b13.php 第 165 行.
NOTIC: [8] Undefined variable: obj /home/ftp/1520/2015new-20151122-obO/2015new.twtstudio.com/coder/twt/Runtime/Cache/Home/93ebad5c9c2c320ebc37a709f5949b13.php 第 167 行.
NOTIC: [8] Undefined variable: obj /home/ftp/1520/2015new-20151122-obO/2015new.twtstudio.com/coder/twt/Runtime/Cache/Home/93ebad5c9c2c320ebc37a709f5949b13.php 第 233 行.
NOTIC: [8] Undefined variable: obj /home/ftp/1520/2015new-20151122-obO/2015new.twtstudio.com/coder/twt/Runtime/Cache/Home/93ebad5c9c2c320ebc37a709f5949b13.php 第 233 行.
NOTIC: [8] Undefined variable: obj /home/ftp/1520/2015new-20151122-obO/2015new.twtstudio.com/coder/twt/Runtime/Cache/Home/93ebad5c9c2c320ebc37a709f5949b13.php 第 235 行.
NOTIC: [8] Undefined variable: obj /home/ftp/1520/2015new-20151122-obO/2015new.twtstudio.com/coder/twt/Runtime/Cache/Home/93ebad5c9c2c320ebc37a709f5949b13.php 第 165 行.
NOTIC: [8] Undefined variable: obj /home/ftp/1520/2015new-20151122-obO/2015new.twtstudio.com/coder/twt/Runtime/Cache/Home/93ebad5c9c2c320ebc37a709f5949b13.php 第 165 行.
NOTIC: [8] Undefined variable: obj /home/ftp/1520/2015new-20151122-obO/2015new.twtstudio.com/coder/twt/Runtime/Cache/Home/93ebad5c9c2c320ebc37a709f5949b13.php 第 167 行.
NOTIC: [8] Undefined variable: obj /home/ftp/1520/2015new-20151122-obO/2015new.twtstudio.com/coder/twt/Runtime/Cache/Home/93ebad5c9c2c320ebc37a709f5949b13.php 第 233 行.
NOTIC: [8] Undefined variable: obj /home/ftp/1520/2015new-20151122-obO/2015new.twtstudio.com/coder/twt/Runtime/Cache/Home/93ebad5c9c2c320ebc37a709f5949b13.php 第 233 行.
NOTIC: [8] Undefined variable: obj /home/ftp/1520/2015new-20151122-obO/2015new.twtstudio.com/coder/twt/Runtime/Cache/Home/93ebad5c9c2c320ebc37a709f5949b13.php 第 235 行.
NOTIC: [8] Undefined offset: 4 /home/ftp/1520/2015new-20151122-obO/2015new.twtstudio.com/coder/twt/Runtime/Cache/Home/93ebad5c9c2c320ebc37a709f5949b13.php 第 161 行.
NOTIC: [8] Undefined offset: 5 /home/ftp/1520/2015new-20151122-obO/2015new.twtstudio.com/coder/twt/Runtime/Cache/Home/93ebad5c9c2c320ebc37a709f5949b13.php 第 229 行.
NOTIC: [8] Undefined offset: 6 /home/ftp/1520/2015new-20151122-obO/2015new.twtstudio.com/coder/twt/Runtime/Cache/Home/93ebad5c9c2c320ebc37a709f5949b13.php 第 161 行.
NOTIC: [8] Undefined offset: 7 /home/ftp/1520/2015new-20151122-obO/2015new.twtstudio.com/coder/twt/Runtime/Cache/Home/93ebad5c9c2c320ebc37a709f5949b13.php 第 229 行.
INFO: Run Behavior\ParseTemplateBehavior [ RunTime:0.012775s ]
INFO: [ view_parse ] --END-- [ RunTime:0.012840s ]
INFO: [ view_filter ] --START--
INFO: Run Behavior\WriteHtmlCacheBehavior [ RunTime:0.000354s ]
INFO: [ view_filter ] --END-- [ RunTime:0.000406s ]
INFO: [ app_end ] --START--
INFO: Run Behavior\ShowPageTraceBehavior [ RunTime:0.000488s ]
INFO: [ app_end ] --END-- [ RunTime:0.000543s ]

[ 2016-01-01T03:20:04+08:00 ] 127.0.0.1 /coder/index.php/Home/TeamIndex/showinfo1/grade/2015/p/1.html
INFO: [ app_init ] --START--
INFO: Run Behavior\BuildLiteBehavior [ RunTime:0.000020s ]
INFO: [ app_init ] --END-- [ RunTime:0.000468s ]
INFO: [ app_begin ] --START--
INFO: Run Behavior\ReadHtmlCacheBehavior [ RunTime:0.000612s ]
INFO: [ app_begin ] --END-- [ RunTime:0.000689s ]
SQL: SHOW COLUMNS FROM `tp_teamer_admin` [ RunTime:0.0005s ]
SQL: SELECT * FROM `tp_teamer_admin` WHERE ( id=1 ) LIMIT 1   [ RunTime:0.0002s ]
SQL: SHOW COLUMNS FROM `tp_teamer` [ RunTime:0.0006s ]
SQL: SELECT `teamer_grade` FROM `tp_teamer` WHERE ( is_new_grade=1 )  [ RunTime:0.0003s ]
SQL: SELECT COUNT(*) AS tp_count FROM `tp_teamer` WHERE ( is_new_grade=1 ) LIMIT 1   [ RunTime:0.0001s ]
SQL: SELECT COUNT(*) AS tp_count FROM `tp_teamer` WHERE ( teamer_grade = 2015 ) LIMIT 1   [ RunTime:0.0001s ]
NOTIC: [8] Undefined variable: link_page /home/ftp/1520/2015new-20151122-obO/2015new.twtstudio.com/coder/ThinkPHP/Library/Think/Page.class.php 第 141 行.
SQL: SELECT * FROM `tp_teamer` WHERE ( teamer_grade = 2015 ) LIMIT 0,8   [ RunTime:0.0002s ]
INFO: [ view_parse ] --START--
INFO: [ template_filter ] --START--
INFO: Run Behavior\ContentReplaceBehavior [ RunTime:0.000110s ]
INFO: [ template_filter ] --END-- [ RunTime:0.000176s ]
NOTIC: [8] Undefined variable: obj /home/ftp/1520/2015new-20151122-obO/2015new.twtstudio.com/coder/twt/Runtime/Cache/Home/93ebad5c9c2c320ebc37a709f5949b13.php 第 165 行.
NOTIC: [8] Undefined variable: obj /home/ftp/1520/2015new-20151122-obO/2015new.twtstudio.com/coder/twt/Runtime/Cache/Home/93ebad5c9c2c320ebc37a709f5949b13.php 第 165 行.
NOTIC: [8] Undefined variable: obj /home/ftp/1520/2015new-20151122-obO/2015new.twtstudio.com/coder/twt/Runtime/Cache/Home/93ebad5c9c2c320ebc37a709f5949b13.php 第 167 行.
NOTIC: [8] Undefined variable: obj /home/ftp/1520/2015new-20151122-obO/2015new.twtstudio.com/coder/twt/Runtime/Cache/Home/93ebad5c9c2c320ebc37a709f5949b13.php 第 233 行.
NOTIC: [8] Undefined variable: obj /home/ftp/1520/2015new-20151122-obO/2015new.twtstudio.com/coder/twt/Runtime/Cache/Home/93ebad5c9c2c320ebc37a709f5949b13.php 第 233 行.
NOTIC: [8] Undefined variable: obj /home/ftp/1520/2015new-20151122-obO/2015new.twtstudio.com/coder/twt/Runtime/Cache/Home/93ebad5c9c2c320ebc37a709f5949b13.php 第 235 行.
NOTIC: [8] Undefined variable: obj /home/ftp/1520/2015new-20151122-obO/2015new.twtstudio.com/coder/twt/Runtime/Cache/Home/93ebad5c9c2c320ebc37a709f5949b13.php 第 165 行.
NOTIC: [8] Undefined variable: obj /home/ftp/1520/2015new-20151122-obO/2015new.twtstudio.com/coder/twt/Runtime/Cache/Home/93ebad5c9c2c320ebc37a709f5949b13.php 第 165 行.
NOTIC: [8] Undefined variable: obj /home/ftp/1520/2015new-20151122-obO/2015new.twtstudio.com/coder/twt/Runtime/Cache/Home/93ebad5c9c2c320ebc37a709f5949b13.php 第 167 行.
NOTIC: [8] Undefined variable: obj /home/ftp/1520/2015new-20151122-obO/2015new.twtstudio.com/coder/twt/Runtime/Cache/Home/93ebad5c9c2c320ebc37a709f5949b13.php 第 233 行.
NOTIC: [8] Undefined variable: obj /home/ftp/1520/2015new-20151122-obO/2015new.twtstudio.com/coder/twt/Runtime/Cache/Home/93ebad5c9c2c320ebc37a709f5949b13.php 第 233 行.
NOTIC: [8] Undefined variable: obj /home/ftp/1520/2015new-20151122-obO/2015new.twtstudio.com/coder/twt/Runtime/Cache/Home/93ebad5c9c2c320ebc37a709f5949b13.php 第 235 行.
NOTIC: [8] Undefined variable: obj /home/ftp/1520/2015new-20151122-obO/2015new.twtstudio.com/coder/twt/Runtime/Cache/Home/93ebad5c9c2c320ebc37a709f5949b13.php 第 165 行.
NOTIC: [8] Undefined variable: obj /home/ftp/1520/2015new-20151122-obO/2015new.twtstudio.com/coder/twt/Runtime/Cache/Home/93ebad5c9c2c320ebc37a709f5949b13.php 第 165 行.
NOTIC: [8] Undefined variable: obj /home/ftp/1520/2015new-20151122-obO/2015new.twtstudio.com/coder/twt/Runtime/Cache/Home/93ebad5c9c2c320ebc37a709f5949b13.php 第 167 行.
NOTIC: [8] Undefined variable: obj /home/ftp/1520/2015new-20151122-obO/2015new.twtstudio.com/coder/twt/Runtime/Cache/Home/93ebad5c9c2c320ebc37a709f5949b13.php 第 233 行.
NOTIC: [8] Undefined variable: obj /home/ftp/1520/2015new-20151122-obO/2015new.twtstudio.com/coder/twt/Runtime/Cache/Home/93ebad5c9c2c320ebc37a709f5949b13.php 第 233 行.
NOTIC: [8] Undefined variable: obj /home/ftp/1520/2015new-20151122-obO/2015new.twtstudio.com/coder/twt/Runtime/Cache/Home/93ebad5c9c2c320ebc37a709f5949b13.php 第 235 行.
NOTIC: [8] Undefined variable: obj /home/ftp/1520/2015new-20151122-obO/2015new.twtstudio.com/coder/twt/Runtime/Cache/Home/93ebad5c9c2c320ebc37a709f5949b13.php 第 165 行.
NOTIC: [8] Undefined variable: obj /home/ftp/1520/2015new-20151122-obO/2015new.twtstudio.com/coder/twt/Runtime/Cache/Home/93ebad5c9c2c320ebc37a709f5949b13.php 第 165 行.
NOTIC: [8] Undefined variable: obj /home/ftp/1520/2015new-20151122-obO/2015new.twtstudio.com/coder/twt/Runtime/Cache/Home/93ebad5c9c2c320ebc37a709f5949b13.php 第 167 行.
NOTIC: [8] Undefined variable: obj /home/ftp/1520/2015new-20151122-obO/2015new.twtstudio.com/coder/twt/Runtime/Cache/Home/93ebad5c9c2c320ebc37a709f5949b13.php 第 233 行.
NOTIC: [8] Undefined variable: obj /home/ftp/1520/2015new-20151122-obO/2015new.twtstudio.com/coder/twt/Runtime/Cache/Home/93ebad5c9c2c320ebc37a709f5949b13.php 第 233 行.
NOTIC: [8] Undefined variable: obj /home/ftp/1520/2015new-20151122-obO/2015new.twtstudio.com/coder/twt/Runtime/Cache/Home/93ebad5c9c2c320ebc37a709f5949b13.php 第 235 行.
INFO: Run Behavior\ParseTemplateBehavior [ RunTime:0.011612s ]
INFO: [ view_parse ] --END-- [ RunTime:0.011668s ]
INFO: [ view_filter ] --START--
INFO: Run Behavior\WriteHtmlCacheBehavior [ RunTime:0.000360s ]
INFO: [ view_filter ] --END-- [ RunTime:0.000412s ]
INFO: [ app_end ] --START--
INFO: Run Behavior\ShowPageTraceBehavior [ RunTime:0.000488s ]
INFO: [ app_end ] --END-- [ RunTime:0.000542s ]

