[ 2016-11-30T11:57:57+08:00 ] 127.0.0.1 /index.php/home/teamindex/showinfo2?teamer_group='%E5%89%8D%E7%AB%AF%E7%BB%84'
ERR: Êó†Ê≥ïÂä†ËΩΩÊéßÂà∂Âô®:Teamindex

[ 2016-11-30T15:07:22+08:00 ] 127.0.0.1 /index.php/Home/TeamIndex/showinfo2?teamer_group='?????
ERR: 1064:You have an error in your SQL syntax; check the manual that corresponds to your MariaDB server version for the right syntax to use near ''????? ) LIMIT 1' at line 1
 [ SQLËØ≠Âè• ] : SELECT COUNT(*) AS tp_count FROM `tp_teamer` WHERE ( teamer_group = '????? ) LIMIT 1  
ERR: 1064:You have an error in your SQL syntax; check the manual that corresponds to your MariaDB server version for the right syntax to use near ''????? ) LIMIT 1' at line 1
 [ SQLËØ≠Âè• ] : SELECT COUNT(*) AS tp_count FROM `tp_teamer` WHERE ( teamer_group = '????? ) LIMIT 1  

[ 2016-11-30T15:07:23+08:00 ] 127.0.0.1 /index.php/Home/TeamIndex/showinfo2?teamer_group='‰∫ßÂ?Áª?
ERR: :
 [ SQLËØ≠Âè• ] : SELECT COUNT(*) AS tp_count FROM `tp_teamer` WHERE ( teamer_group = '‰∫ßÂ?Áª? ) LIMIT 1  
ERR: :
 [ SQLËØ≠Âè• ] : SELECT COUNT(*) AS tp_count FROM `tp_teamer` WHERE ( teamer_group = '‰∫ßÂ?Áª? ) LIMIT 1  

[ 2016-11-30T15:07:23+08:00 ] 127.0.0.1 /index.php/Home/TeamIndex/showinfo2?teamer_group='?????
ERR: 1064:You have an error in your SQL syntax; check the manual that corresponds to your MariaDB server version for the right syntax to use near ''????? ) LIMIT 1' at line 1
 [ SQLËØ≠Âè• ] : SELECT COUNT(*) AS tp_count FROM `tp_teamer` WHERE ( teamer_group = '????? ) LIMIT 1  
ERR: 1064:You have an error in your SQL syntax; check the manual that corresponds to your MariaDB server version for the right syntax to use near ''????? ) LIMIT 1' at line 1
 [ SQLËØ≠Âè• ] : SELECT COUNT(*) AS tp_count FROM `tp_teamer` WHERE ( teamer_group = '????? ) LIMIT 1  

[ 2016-11-30T15:07:23+08:00 ] 127.0.0.1 /index.php/Home/TeamIndex/showinfo2?teamer_group='ËÆæË?Áª?
ERR: :
 [ SQLËØ≠Âè• ] : SELECT COUNT(*) AS tp_count FROM `tp_teamer` WHERE ( teamer_group = 'ËÆæË?Áª? ) LIMIT 1  
ERR: :
 [ SQLËØ≠Âè• ] : SELECT COUNT(*) AS tp_count FROM `tp_teamer` WHERE ( teamer_group = 'ËÆæË?Áª? ) LIMIT 1  

[ 2016-11-30T15:07:23+08:00 ] 127.0.0.1 /index.php/Home/TeamIndex/showinfo2?teamer_group='?????
ERR: 1064:You have an error in your SQL syntax; check the manual that corresponds to your MariaDB server version for the right syntax to use near ''????? ) LIMIT 1' at line 1
 [ SQLËØ≠Âè• ] : SELECT COUNT(*) AS tp_count FROM `tp_teamer` WHERE ( teamer_group = '????? ) LIMIT 1  
ERR: 1064:You have an error in your SQL syntax; check the manual that corresponds to your MariaDB server version for the right syntax to use near ''????? ) LIMIT 1' at line 1
 [ SQLËØ≠Âè• ] : SELECT COUNT(*) AS tp_count FROM `tp_teamer` WHERE ( teamer_group = '????? ) LIMIT 1  

[ 2016-11-30T15:07:23+08:00 ] 127.0.0.1 /index.php/Home/TeamIndex/showinfo2?teamer_group='Á®??Áª?
ERR: :
 [ SQLËØ≠Âè• ] : SELECT COUNT(*) AS tp_count FROM `tp_teamer` WHERE ( teamer_group = 'Á®??Áª? ) LIMIT 1  
ERR: :
 [ SQLËØ≠Âè• ] : SELECT COUNT(*) AS tp_count FROM `tp_teamer` WHERE ( teamer_group = 'Á®??Áª? ) LIMIT 1  

[ 2016-11-30T15:07:23+08:00 ] 127.0.0.1 /index.php/Home/TeamIndex/showinfo2?teamer_group='?????
ERR: 1064:You have an error in your SQL syntax; check the manual that corresponds to your MariaDB server version for the right syntax to use near ''????? ) LIMIT 1' at line 1
 [ SQLËØ≠Âè• ] : SELECT COUNT(*) AS tp_count FROM `tp_teamer` WHERE ( teamer_group = '????? ) LIMIT 1  
ERR: 1064:You have an error in your SQL syntax; check the manual that corresponds to your MariaDB server version for the right syntax to use near ''????? ) LIMIT 1' at line 1
 [ SQLËØ≠Âè• ] : SELECT COUNT(*) AS tp_count FROM `tp_teamer` WHERE ( teamer_group = '????? ) LIMIT 1  

[ 2016-11-30T15:07:24+08:00 ] 127.0.0.1 /index.php/Home/TeamIndex/showinfo2?teamer_group='???Áª?
ERR: :
 [ SQLËØ≠Âè• ] : SELECT COUNT(*) AS tp_count FROM `tp_teamer` WHERE ( teamer_group = '???Áª? ) LIMIT 1  
ERR: :
 [ SQLËØ≠Âè• ] : SELECT COUNT(*) AS tp_count FROM `tp_teamer` WHERE ( teamer_group = '???Áª? ) LIMIT 1  

