[ 2015-12-31T01:57:16+08:00 ] 127.0.0.1 /coder/
INFO: [ app_init ] --START--
INFO: Run Behavior\BuildLiteBehavior [ RunTime:0.000023s ]
INFO: [ app_init ] --END-- [ RunTime:0.013220s ]
INFO: [ app_begin ] --START--
INFO: Run Behavior\ReadHtmlCacheBehavior [ RunTime:0.005371s ]
INFO: [ app_begin ] --END-- [ RunTime:0.005458s ]
SQL: SHOW COLUMNS FROM `tp_index_pic` [ RunTime:0.0008s ]
SQL: SELECT * FROM `tp_index_pic` WHERE `pic_showid` = 1 ORDER BY pic_showid  [ RunTime:0.0206s ]
SQL: SELECT * FROM `tp_index_pic` WHERE ( pic_isshow=1 ) ORDER BY pic_showid  [ RunTime:0.0003s ]
NOTIC: [8] Undefined variable: pics /home/ftp/1520/2015new-20151122-obO/2015new.twtstudio.com/coder/twt/Home/Controller/IndexController.class.php 第 26 行.
SQL: SHOW COLUMNS FROM `tp_index_words` [ RunTime:0.0006s ]
SQL: SELECT * FROM `tp_index_words` WHERE `id` = 1 LIMIT 1   [ RunTime:0.0059s ]
SQL: SELECT * FROM `tp_index_words` WHERE `id` = 2 LIMIT 1   [ RunTime:0.0002s ]
INFO: [ view_parse ] --START--
INFO: [ template_filter ] --START--
INFO: Run Behavior\ContentReplaceBehavior [ RunTime:0.000116s ]
INFO: [ template_filter ] --END-- [ RunTime:0.000204s ]
INFO: Run Behavior\ParseTemplateBehavior [ RunTime:0.070372s ]
INFO: [ view_parse ] --END-- [ RunTime:0.070476s ]
INFO: [ view_filter ] --START--
INFO: Run Behavior\WriteHtmlCacheBehavior [ RunTime:0.005832s ]
INFO: [ view_filter ] --END-- [ RunTime:0.005906s ]
INFO: [ app_end ] --START--
INFO: Run Behavior\ShowPageTraceBehavior [ RunTime:0.016858s ]
INFO: [ app_end ] --END-- [ RunTime:0.016933s ]

[ 2015-12-31T01:57:40+08:00 ] 127.0.0.1 /coder/
INFO: [ app_init ] --START--
INFO: Run Behavior\BuildLiteBehavior [ RunTime:0.000019s ]
INFO: [ app_init ] --END-- [ RunTime:0.000477s ]
INFO: [ app_begin ] --START--
INFO: Run Behavior\ReadHtmlCacheBehavior [ RunTime:0.000608s ]
INFO: [ app_begin ] --END-- [ RunTime:0.000686s ]
SQL: SHOW COLUMNS FROM `tp_index_pic` [ RunTime:0.0005s ]
SQL: SELECT * FROM `tp_index_pic` WHERE `pic_showid` = 1 ORDER BY pic_showid  [ RunTime:0.0003s ]
SQL: SELECT * FROM `tp_index_pic` WHERE ( pic_isshow=1 ) ORDER BY pic_showid  [ RunTime:0.0001s ]
NOTIC: [8] Undefined variable: pics /home/ftp/1520/2015new-20151122-obO/2015new.twtstudio.com/coder/twt/Home/Controller/IndexController.class.php 第 26 行.
SQL: SHOW COLUMNS FROM `tp_index_words` [ RunTime:0.0004s ]
SQL: SELECT * FROM `tp_index_words` WHERE `id` = 1 LIMIT 1   [ RunTime:0.0002s ]
SQL: SELECT * FROM `tp_index_words` WHERE `id` = 2 LIMIT 1   [ RunTime:0.0002s ]
INFO: [ view_parse ] --START--
INFO: [ template_filter ] --START--
INFO: Run Behavior\ContentReplaceBehavior [ RunTime:0.000085s ]
INFO: [ template_filter ] --END-- [ RunTime:0.000150s ]
INFO: Run Behavior\ParseTemplateBehavior [ RunTime:0.010024s ]
INFO: [ view_parse ] --END-- [ RunTime:0.010101s ]
INFO: [ view_filter ] --START--
INFO: Run Behavior\WriteHtmlCacheBehavior [ RunTime:0.000351s ]
INFO: [ view_filter ] --END-- [ RunTime:0.000403s ]
INFO: [ app_end ] --START--
INFO: Run Behavior\ShowPageTraceBehavior [ RunTime:0.000511s ]
INFO: [ app_end ] --END-- [ RunTime:0.000565s ]

[ 2015-12-31T01:57:51+08:00 ] 127.0.0.1 /coder/
INFO: [ app_init ] --START--
INFO: Run Behavior\BuildLiteBehavior [ RunTime:0.000020s ]
INFO: [ app_init ] --END-- [ RunTime:0.000477s ]
INFO: [ app_begin ] --START--
INFO: Run Behavior\ReadHtmlCacheBehavior [ RunTime:0.000607s ]
INFO: [ app_begin ] --END-- [ RunTime:0.000685s ]
SQL: SHOW COLUMNS FROM `tp_index_pic` [ RunTime:0.0007s ]
SQL: SELECT * FROM `tp_index_pic` WHERE `pic_showid` = 1 ORDER BY pic_showid  [ RunTime:0.0004s ]
SQL: SELECT * FROM `tp_index_pic` WHERE ( pic_isshow=1 ) ORDER BY pic_showid  [ RunTime:0.0002s ]
NOTIC: [8] Undefined variable: pics /home/ftp/1520/2015new-20151122-obO/2015new.twtstudio.com/coder/twt/Home/Controller/IndexController.class.php 第 26 行.
SQL: SHOW COLUMNS FROM `tp_index_words` [ RunTime:0.0005s ]
SQL: SELECT * FROM `tp_index_words` WHERE `id` = 1 LIMIT 1   [ RunTime:0.0003s ]
SQL: SELECT * FROM `tp_index_words` WHERE `id` = 2 LIMIT 1   [ RunTime:0.0002s ]
INFO: [ view_parse ] --START--
INFO: [ template_filter ] --START--
INFO: Run Behavior\ContentReplaceBehavior [ RunTime:0.000086s ]
INFO: [ template_filter ] --END-- [ RunTime:0.000152s ]
INFO: Run Behavior\ParseTemplateBehavior [ RunTime:0.011520s ]
INFO: [ view_parse ] --END-- [ RunTime:0.011602s ]
INFO: [ view_filter ] --START--
INFO: Run Behavior\WriteHtmlCacheBehavior [ RunTime:0.000350s ]
INFO: [ view_filter ] --END-- [ RunTime:0.000404s ]
INFO: [ app_end ] --START--
INFO: Run Behavior\ShowPageTraceBehavior [ RunTime:0.000555s ]
INFO: [ app_end ] --END-- [ RunTime:0.000608s ]

[ 2015-12-31T01:59:16+08:00 ] 127.0.0.1 /coder/index.php/home/member/index
INFO: [ app_init ] --START--
INFO: Run Behavior\BuildLiteBehavior [ RunTime:0.000019s ]
INFO: [ app_init ] --END-- [ RunTime:0.000479s ]
INFO: [ app_begin ] --START--
INFO: Run Behavior\ReadHtmlCacheBehavior [ RunTime:0.000607s ]
INFO: [ app_begin ] --END-- [ RunTime:0.000685s ]
INFO: [ view_parse ] --START--
INFO: [ template_filter ] --START--
INFO: Run Behavior\ContentReplaceBehavior [ RunTime:0.000080s ]
INFO: [ template_filter ] --END-- [ RunTime:0.000163s ]
INFO: Run Behavior\ParseTemplateBehavior [ RunTime:0.026745s ]
INFO: [ view_parse ] --END-- [ RunTime:0.026841s ]
INFO: [ view_filter ] --START--
INFO: Run Behavior\WriteHtmlCacheBehavior [ RunTime:0.000526s ]
INFO: [ view_filter ] --END-- [ RunTime:0.000595s ]
INFO: [ app_end ] --START--
INFO: Run Behavior\ShowPageTraceBehavior [ RunTime:0.000638s ]
INFO: [ app_end ] --END-- [ RunTime:0.000709s ]

[ 2015-12-31T01:59:59+08:00 ] 127.0.0.1 /coder/index.php/home/project/index
INFO: [ app_init ] --START--
INFO: Run Behavior\BuildLiteBehavior [ RunTime:0.000019s ]
INFO: [ app_init ] --END-- [ RunTime:0.000469s ]
INFO: [ app_begin ] --START--
INFO: Run Behavior\ReadHtmlCacheBehavior [ RunTime:0.000611s ]
INFO: [ app_begin ] --END-- [ RunTime:0.000689s ]
SQL: SHOW COLUMNS FROM `tp_project` [ RunTime:0.0007s ]
SQL: SELECT * FROM `tp_project` ORDER BY project_show_id  [ RunTime:0.0141s ]
SQL: SELECT * FROM `tp_project` WHERE `project_show_id` <= 5 ORDER BY project_show_id  [ RunTime:0.0002s ]
SQL: SELECT * FROM `tp_project` WHERE `project_show_id` > 5 ORDER BY project_show_id  [ RunTime:0.0002s ]
INFO: [ view_parse ] --START--
INFO: [ template_filter ] --START--
INFO: Run Behavior\ContentReplaceBehavior [ RunTime:0.000097s ]
INFO: [ template_filter ] --END-- [ RunTime:0.000185s ]
INFO: Run Behavior\ParseTemplateBehavior [ RunTime:0.023506s ]
INFO: [ view_parse ] --END-- [ RunTime:0.023596s ]
INFO: [ view_filter ] --START--
INFO: Run Behavior\WriteHtmlCacheBehavior [ RunTime:0.000539s ]
INFO: [ view_filter ] --END-- [ RunTime:0.000613s ]
INFO: [ app_end ] --START--
INFO: Run Behavior\ShowPageTraceBehavior [ RunTime:0.000658s ]
INFO: [ app_end ] --END-- [ RunTime:0.000732s ]

[ 2015-12-31T02:00:10+08:00 ] 127.0.0.1 /coder/index.php/Home/TeamIndex/showinfo1
INFO: [ app_init ] --START--
INFO: Run Behavior\BuildLiteBehavior [ RunTime:0.000019s ]
INFO: [ app_init ] --END-- [ RunTime:0.000532s ]
INFO: [ app_begin ] --START--
INFO: Run Behavior\ReadHtmlCacheBehavior [ RunTime:0.000598s ]
INFO: [ app_begin ] --END-- [ RunTime:0.000718s ]
SQL: SHOW COLUMNS FROM `tp_teamer_admin` [ RunTime:0.0008s ]
SQL: SELECT * FROM `tp_teamer_admin` WHERE ( id=1 ) LIMIT 1   [ RunTime:0.0133s ]
SQL: SHOW COLUMNS FROM `tp_teamer` [ RunTime:0.0006s ]
NOTIC: [8] Undefined index: grade /home/ftp/1520/2015new-20151122-obO/2015new.twtstudio.com/coder/twt/Home/Controller/TeamIndexController.class.php 第 74 行.
SQL: SELECT `teamer_grade` FROM `tp_teamer` WHERE ( is_new_grade=1 )  [ RunTime:0.0007s ]
SQL: SELECT COUNT(*) AS tp_count FROM `tp_teamer` WHERE ( is_new_grade=1 ) LIMIT 1   [ RunTime:0.0002s ]
SQL: SELECT COUNT(*) AS tp_count FROM `tp_teamer` WHERE ( teamer_grade = 2014 ) LIMIT 1   [ RunTime:0.0002s ]
NOTIC: [8] Undefined variable: link_page /home/ftp/1520/2015new-20151122-obO/2015new.twtstudio.com/coder/ThinkPHP/Library/Think/Page.class.php 第 141 行.
SQL: SELECT * FROM `tp_teamer` WHERE ( teamer_grade = 2014 ) LIMIT 0,8   [ RunTime:0.0002s ]
INFO: [ view_parse ] --START--
INFO: [ template_filter ] --START--
INFO: Run Behavior\ContentReplaceBehavior [ RunTime:0.000140s ]
INFO: [ template_filter ] --END-- [ RunTime:0.000221s ]
NOTIC: [8] Undefined variable: obj /home/ftp/1520/2015new-20151122-obO/2015new.twtstudio.com/coder/twt/Runtime/Cache/Home/93ebad5c9c2c320ebc37a709f5949b13.php 第 165 行.
NOTIC: [8] Undefined variable: obj /home/ftp/1520/2015new-20151122-obO/2015new.twtstudio.com/coder/twt/Runtime/Cache/Home/93ebad5c9c2c320ebc37a709f5949b13.php 第 165 行.
NOTIC: [8] Undefined variable: obj /home/ftp/1520/2015new-20151122-obO/2015new.twtstudio.com/coder/twt/Runtime/Cache/Home/93ebad5c9c2c320ebc37a709f5949b13.php 第 167 行.
NOTIC: [8] Undefined offset: 1 /home/ftp/1520/2015new-20151122-obO/2015new.twtstudio.com/coder/twt/Runtime/Cache/Home/93ebad5c9c2c320ebc37a709f5949b13.php 第 229 行.
NOTIC: [8] Undefined offset: 2 /home/ftp/1520/2015new-20151122-obO/2015new.twtstudio.com/coder/twt/Runtime/Cache/Home/93ebad5c9c2c320ebc37a709f5949b13.php 第 161 行.
NOTIC: [8] Undefined offset: 3 /home/ftp/1520/2015new-20151122-obO/2015new.twtstudio.com/coder/twt/Runtime/Cache/Home/93ebad5c9c2c320ebc37a709f5949b13.php 第 229 行.
NOTIC: [8] Undefined offset: 4 /home/ftp/1520/2015new-20151122-obO/2015new.twtstudio.com/coder/twt/Runtime/Cache/Home/93ebad5c9c2c320ebc37a709f5949b13.php 第 161 行.
NOTIC: [8] Undefined offset: 5 /home/ftp/1520/2015new-20151122-obO/2015new.twtstudio.com/coder/twt/Runtime/Cache/Home/93ebad5c9c2c320ebc37a709f5949b13.php 第 229 行.
NOTIC: [8] Undefined offset: 6 /home/ftp/1520/2015new-20151122-obO/2015new.twtstudio.com/coder/twt/Runtime/Cache/Home/93ebad5c9c2c320ebc37a709f5949b13.php 第 161 行.
NOTIC: [8] Undefined offset: 7 /home/ftp/1520/2015new-20151122-obO/2015new.twtstudio.com/coder/twt/Runtime/Cache/Home/93ebad5c9c2c320ebc37a709f5949b13.php 第 229 行.
INFO: Run Behavior\ParseTemplateBehavior [ RunTime:0.049545s ]
INFO: [ view_parse ] --END-- [ RunTime:0.049636s ]
INFO: [ view_filter ] --START--
INFO: Run Behavior\WriteHtmlCacheBehavior [ RunTime:0.000456s ]
INFO: [ view_filter ] --END-- [ RunTime:0.000526s ]
INFO: [ app_end ] --START--
INFO: Run Behavior\ShowPageTraceBehavior [ RunTime:0.000686s ]
INFO: [ app_end ] --END-- [ RunTime:0.000755s ]

[ 2015-12-31T02:00:15+08:00 ] 127.0.0.1 /coder/index.php/Home/TeamIndex/showinfo1?grade=2013
INFO: [ app_init ] --START--
INFO: Run Behavior\BuildLiteBehavior [ RunTime:0.000019s ]
INFO: [ app_init ] --END-- [ RunTime:0.000462s ]
INFO: [ app_begin ] --START--
INFO: Run Behavior\ReadHtmlCacheBehavior [ RunTime:0.000634s ]
INFO: [ app_begin ] --END-- [ RunTime:0.000712s ]
SQL: SHOW COLUMNS FROM `tp_teamer_admin` [ RunTime:0.0006s ]
SQL: SELECT * FROM `tp_teamer_admin` WHERE ( id=1 ) LIMIT 1   [ RunTime:0.0002s ]
SQL: SHOW COLUMNS FROM `tp_teamer` [ RunTime:0.0006s ]
SQL: SELECT `teamer_grade` FROM `tp_teamer` WHERE ( is_new_grade=1 )  [ RunTime:0.0003s ]
SQL: SELECT COUNT(*) AS tp_count FROM `tp_teamer` WHERE ( is_new_grade=1 ) LIMIT 1   [ RunTime:0.0003s ]
SQL: SELECT COUNT(*) AS tp_count FROM `tp_teamer` WHERE ( teamer_grade = 2013 ) LIMIT 1   [ RunTime:0.0002s ]
NOTIC: [8] Undefined variable: link_page /home/ftp/1520/2015new-20151122-obO/2015new.twtstudio.com/coder/ThinkPHP/Library/Think/Page.class.php 第 141 行.
SQL: SELECT * FROM `tp_teamer` WHERE ( teamer_grade = 2013 ) LIMIT 0,8   [ RunTime:0.0002s ]
INFO: [ view_parse ] --START--
INFO: [ template_filter ] --START--
INFO: Run Behavior\ContentReplaceBehavior [ RunTime:0.000112s ]
INFO: [ template_filter ] --END-- [ RunTime:0.000180s ]
NOTIC: [8] Undefined variable: obj /home/ftp/1520/2015new-20151122-obO/2015new.twtstudio.com/coder/twt/Runtime/Cache/Home/93ebad5c9c2c320ebc37a709f5949b13.php 第 165 行.
NOTIC: [8] Undefined variable: obj /home/ftp/1520/2015new-20151122-obO/2015new.twtstudio.com/coder/twt/Runtime/Cache/Home/93ebad5c9c2c320ebc37a709f5949b13.php 第 165 行.
NOTIC: [8] Undefined variable: obj /home/ftp/1520/2015new-20151122-obO/2015new.twtstudio.com/coder/twt/Runtime/Cache/Home/93ebad5c9c2c320ebc37a709f5949b13.php 第 167 行.
NOTIC: [8] Undefined offset: 1 /home/ftp/1520/2015new-20151122-obO/2015new.twtstudio.com/coder/twt/Runtime/Cache/Home/93ebad5c9c2c320ebc37a709f5949b13.php 第 229 行.
NOTIC: [8] Undefined offset: 2 /home/ftp/1520/2015new-20151122-obO/2015new.twtstudio.com/coder/twt/Runtime/Cache/Home/93ebad5c9c2c320ebc37a709f5949b13.php 第 161 行.
NOTIC: [8] Undefined offset: 3 /home/ftp/1520/2015new-20151122-obO/2015new.twtstudio.com/coder/twt/Runtime/Cache/Home/93ebad5c9c2c320ebc37a709f5949b13.php 第 229 行.
NOTIC: [8] Undefined offset: 4 /home/ftp/1520/2015new-20151122-obO/2015new.twtstudio.com/coder/twt/Runtime/Cache/Home/93ebad5c9c2c320ebc37a709f5949b13.php 第 161 行.
NOTIC: [8] Undefined offset: 5 /home/ftp/1520/2015new-20151122-obO/2015new.twtstudio.com/coder/twt/Runtime/Cache/Home/93ebad5c9c2c320ebc37a709f5949b13.php 第 229 行.
NOTIC: [8] Undefined offset: 6 /home/ftp/1520/2015new-20151122-obO/2015new.twtstudio.com/coder/twt/Runtime/Cache/Home/93ebad5c9c2c320ebc37a709f5949b13.php 第 161 行.
NOTIC: [8] Undefined offset: 7 /home/ftp/1520/2015new-20151122-obO/2015new.twtstudio.com/coder/twt/Runtime/Cache/Home/93ebad5c9c2c320ebc37a709f5949b13.php 第 229 行.
INFO: Run Behavior\ParseTemplateBehavior [ RunTime:0.019937s ]
INFO: [ view_parse ] --END-- [ RunTime:0.020015s ]
INFO: [ view_filter ] --START--
INFO: Run Behavior\WriteHtmlCacheBehavior [ RunTime:0.000358s ]
INFO: [ view_filter ] --END-- [ RunTime:0.000411s ]
INFO: [ app_end ] --START--
INFO: Run Behavior\ShowPageTraceBehavior [ RunTime:0.000495s ]
INFO: [ app_end ] --END-- [ RunTime:0.000550s ]

[ 2015-12-31T02:00:17+08:00 ] 127.0.0.1 /coder/index.php/Home/TeamIndex/showinfo1?grade=2014
INFO: [ app_init ] --START--
INFO: Run Behavior\BuildLiteBehavior [ RunTime:0.000020s ]
INFO: [ app_init ] --END-- [ RunTime:0.000468s ]
INFO: [ app_begin ] --START--
INFO: Run Behavior\ReadHtmlCacheBehavior [ RunTime:0.000613s ]
INFO: [ app_begin ] --END-- [ RunTime:0.000690s ]
SQL: SHOW COLUMNS FROM `tp_teamer_admin` [ RunTime:0.0007s ]
SQL: SELECT * FROM `tp_teamer_admin` WHERE ( id=1 ) LIMIT 1   [ RunTime:0.0002s ]
SQL: SHOW COLUMNS FROM `tp_teamer` [ RunTime:0.0006s ]
SQL: SELECT `teamer_grade` FROM `tp_teamer` WHERE ( is_new_grade=1 )  [ RunTime:0.0003s ]
SQL: SELECT COUNT(*) AS tp_count FROM `tp_teamer` WHERE ( is_new_grade=1 ) LIMIT 1   [ RunTime:0.0001s ]
SQL: SELECT COUNT(*) AS tp_count FROM `tp_teamer` WHERE ( teamer_grade = 2014 ) LIMIT 1   [ RunTime:0.0002s ]
NOTIC: [8] Undefined variable: link_page /home/ftp/1520/2015new-20151122-obO/2015new.twtstudio.com/coder/ThinkPHP/Library/Think/Page.class.php 第 141 行.
SQL: SELECT * FROM `tp_teamer` WHERE ( teamer_grade = 2014 ) LIMIT 0,8   [ RunTime:0.0002s ]
INFO: [ view_parse ] --START--
INFO: [ template_filter ] --START--
INFO: Run Behavior\ContentReplaceBehavior [ RunTime:0.000110s ]
INFO: [ template_filter ] --END-- [ RunTime:0.000178s ]
NOTIC: [8] Undefined variable: obj /home/ftp/1520/2015new-20151122-obO/2015new.twtstudio.com/coder/twt/Runtime/Cache/Home/93ebad5c9c2c320ebc37a709f5949b13.php 第 165 行.
NOTIC: [8] Undefined variable: obj /home/ftp/1520/2015new-20151122-obO/2015new.twtstudio.com/coder/twt/Runtime/Cache/Home/93ebad5c9c2c320ebc37a709f5949b13.php 第 165 行.
NOTIC: [8] Undefined variable: obj /home/ftp/1520/2015new-20151122-obO/2015new.twtstudio.com/coder/twt/Runtime/Cache/Home/93ebad5c9c2c320ebc37a709f5949b13.php 第 167 行.
NOTIC: [8] Undefined offset: 1 /home/ftp/1520/2015new-20151122-obO/2015new.twtstudio.com/coder/twt/Runtime/Cache/Home/93ebad5c9c2c320ebc37a709f5949b13.php 第 229 行.
NOTIC: [8] Undefined offset: 2 /home/ftp/1520/2015new-20151122-obO/2015new.twtstudio.com/coder/twt/Runtime/Cache/Home/93ebad5c9c2c320ebc37a709f5949b13.php 第 161 行.
NOTIC: [8] Undefined offset: 3 /home/ftp/1520/2015new-20151122-obO/2015new.twtstudio.com/coder/twt/Runtime/Cache/Home/93ebad5c9c2c320ebc37a709f5949b13.php 第 229 行.
NOTIC: [8] Undefined offset: 4 /home/ftp/1520/2015new-20151122-obO/2015new.twtstudio.com/coder/twt/Runtime/Cache/Home/93ebad5c9c2c320ebc37a709f5949b13.php 第 161 行.
NOTIC: [8] Undefined offset: 5 /home/ftp/1520/2015new-20151122-obO/2015new.twtstudio.com/coder/twt/Runtime/Cache/Home/93ebad5c9c2c320ebc37a709f5949b13.php 第 229 行.
NOTIC: [8] Undefined offset: 6 /home/ftp/1520/2015new-20151122-obO/2015new.twtstudio.com/coder/twt/Runtime/Cache/Home/93ebad5c9c2c320ebc37a709f5949b13.php 第 161 行.
NOTIC: [8] Undefined offset: 7 /home/ftp/1520/2015new-20151122-obO/2015new.twtstudio.com/coder/twt/Runtime/Cache/Home/93ebad5c9c2c320ebc37a709f5949b13.php 第 229 行.
INFO: Run Behavior\ParseTemplateBehavior [ RunTime:0.011653s ]
INFO: [ view_parse ] --END-- [ RunTime:0.011728s ]
INFO: [ view_filter ] --START--
INFO: Run Behavior\WriteHtmlCacheBehavior [ RunTime:0.000350s ]
INFO: [ view_filter ] --END-- [ RunTime:0.000401s ]
INFO: [ app_end ] --START--
INFO: Run Behavior\ShowPageTraceBehavior [ RunTime:0.000558s ]
INFO: [ app_end ] --END-- [ RunTime:0.000611s ]

[ 2015-12-31T02:00:17+08:00 ] 127.0.0.1 /coder/index.php/Home/TeamIndex/showinfo1?grade=2015
INFO: [ app_init ] --START--
INFO: Run Behavior\BuildLiteBehavior [ RunTime:0.000019s ]
INFO: [ app_init ] --END-- [ RunTime:0.000453s ]
INFO: [ app_begin ] --START--
INFO: Run Behavior\ReadHtmlCacheBehavior [ RunTime:0.000651s ]
INFO: [ app_begin ] --END-- [ RunTime:0.000728s ]
SQL: SHOW COLUMNS FROM `tp_teamer_admin` [ RunTime:0.0006s ]
SQL: SELECT * FROM `tp_teamer_admin` WHERE ( id=1 ) LIMIT 1   [ RunTime:0.0002s ]
SQL: SHOW COLUMNS FROM `tp_teamer` [ RunTime:0.0004s ]
SQL: SELECT `teamer_grade` FROM `tp_teamer` WHERE ( is_new_grade=1 )  [ RunTime:0.0003s ]
SQL: SELECT COUNT(*) AS tp_count FROM `tp_teamer` WHERE ( is_new_grade=1 ) LIMIT 1   [ RunTime:0.0002s ]
SQL: SELECT COUNT(*) AS tp_count FROM `tp_teamer` WHERE ( teamer_grade = 2015 ) LIMIT 1   [ RunTime:0.0001s ]
NOTIC: [8] Undefined variable: link_page /home/ftp/1520/2015new-20151122-obO/2015new.twtstudio.com/coder/ThinkPHP/Library/Think/Page.class.php 第 141 行.
SQL: SELECT * FROM `tp_teamer` WHERE ( teamer_grade = 2015 ) LIMIT 0,8   [ RunTime:0.0002s ]
INFO: [ view_parse ] --START--
INFO: [ template_filter ] --START--
INFO: Run Behavior\ContentReplaceBehavior [ RunTime:0.000104s ]
INFO: [ template_filter ] --END-- [ RunTime:0.000168s ]
NOTIC: [8] Undefined variable: obj /home/ftp/1520/2015new-20151122-obO/2015new.twtstudio.com/coder/twt/Runtime/Cache/Home/93ebad5c9c2c320ebc37a709f5949b13.php 第 165 行.
NOTIC: [8] Undefined variable: obj /home/ftp/1520/2015new-20151122-obO/2015new.twtstudio.com/coder/twt/Runtime/Cache/Home/93ebad5c9c2c320ebc37a709f5949b13.php 第 165 行.
NOTIC: [8] Undefined variable: obj /home/ftp/1520/2015new-20151122-obO/2015new.twtstudio.com/coder/twt/Runtime/Cache/Home/93ebad5c9c2c320ebc37a709f5949b13.php 第 167 行.
NOTIC: [8] Undefined variable: obj /home/ftp/1520/2015new-20151122-obO/2015new.twtstudio.com/coder/twt/Runtime/Cache/Home/93ebad5c9c2c320ebc37a709f5949b13.php 第 233 行.
NOTIC: [8] Undefined variable: obj /home/ftp/1520/2015new-20151122-obO/2015new.twtstudio.com/coder/twt/Runtime/Cache/Home/93ebad5c9c2c320ebc37a709f5949b13.php 第 233 行.
NOTIC: [8] Undefined variable: obj /home/ftp/1520/2015new-20151122-obO/2015new.twtstudio.com/coder/twt/Runtime/Cache/Home/93ebad5c9c2c320ebc37a709f5949b13.php 第 235 行.
NOTIC: [8] Undefined variable: obj /home/ftp/1520/2015new-20151122-obO/2015new.twtstudio.com/coder/twt/Runtime/Cache/Home/93ebad5c9c2c320ebc37a709f5949b13.php 第 165 行.
NOTIC: [8] Undefined variable: obj /home/ftp/1520/2015new-20151122-obO/2015new.twtstudio.com/coder/twt/Runtime/Cache/Home/93ebad5c9c2c320ebc37a709f5949b13.php 第 165 行.
NOTIC: [8] Undefined variable: obj /home/ftp/1520/2015new-20151122-obO/2015new.twtstudio.com/coder/twt/Runtime/Cache/Home/93ebad5c9c2c320ebc37a709f5949b13.php 第 167 行.
NOTIC: [8] Undefined variable: obj /home/ftp/1520/2015new-20151122-obO/2015new.twtstudio.com/coder/twt/Runtime/Cache/Home/93ebad5c9c2c320ebc37a709f5949b13.php 第 233 行.
NOTIC: [8] Undefined variable: obj /home/ftp/1520/2015new-20151122-obO/2015new.twtstudio.com/coder/twt/Runtime/Cache/Home/93ebad5c9c2c320ebc37a709f5949b13.php 第 233 行.
NOTIC: [8] Undefined variable: obj /home/ftp/1520/2015new-20151122-obO/2015new.twtstudio.com/coder/twt/Runtime/Cache/Home/93ebad5c9c2c320ebc37a709f5949b13.php 第 235 行.
NOTIC: [8] Undefined variable: obj /home/ftp/1520/2015new-20151122-obO/2015new.twtstudio.com/coder/twt/Runtime/Cache/Home/93ebad5c9c2c320ebc37a709f5949b13.php 第 165 行.
NOTIC: [8] Undefined variable: obj /home/ftp/1520/2015new-20151122-obO/2015new.twtstudio.com/coder/twt/Runtime/Cache/Home/93ebad5c9c2c320ebc37a709f5949b13.php 第 165 行.
NOTIC: [8] Undefined variable: obj /home/ftp/1520/2015new-20151122-obO/2015new.twtstudio.com/coder/twt/Runtime/Cache/Home/93ebad5c9c2c320ebc37a709f5949b13.php 第 167 行.
NOTIC: [8] Undefined variable: obj /home/ftp/1520/2015new-20151122-obO/2015new.twtstudio.com/coder/twt/Runtime/Cache/Home/93ebad5c9c2c320ebc37a709f5949b13.php 第 233 行.
NOTIC: [8] Undefined variable: obj /home/ftp/1520/2015new-20151122-obO/2015new.twtstudio.com/coder/twt/Runtime/Cache/Home/93ebad5c9c2c320ebc37a709f5949b13.php 第 233 行.
NOTIC: [8] Undefined variable: obj /home/ftp/1520/2015new-20151122-obO/2015new.twtstudio.com/coder/twt/Runtime/Cache/Home/93ebad5c9c2c320ebc37a709f5949b13.php 第 235 行.
NOTIC: [8] Undefined variable: obj /home/ftp/1520/2015new-20151122-obO/2015new.twtstudio.com/coder/twt/Runtime/Cache/Home/93ebad5c9c2c320ebc37a709f5949b13.php 第 165 行.
NOTIC: [8] Undefined variable: obj /home/ftp/1520/2015new-20151122-obO/2015new.twtstudio.com/coder/twt/Runtime/Cache/Home/93ebad5c9c2c320ebc37a709f5949b13.php 第 165 行.
NOTIC: [8] Undefined variable: obj /home/ftp/1520/2015new-20151122-obO/2015new.twtstudio.com/coder/twt/Runtime/Cache/Home/93ebad5c9c2c320ebc37a709f5949b13.php 第 167 行.
NOTIC: [8] Undefined variable: obj /home/ftp/1520/2015new-20151122-obO/2015new.twtstudio.com/coder/twt/Runtime/Cache/Home/93ebad5c9c2c320ebc37a709f5949b13.php 第 233 行.
NOTIC: [8] Undefined variable: obj /home/ftp/1520/2015new-20151122-obO/2015new.twtstudio.com/coder/twt/Runtime/Cache/Home/93ebad5c9c2c320ebc37a709f5949b13.php 第 233 行.
NOTIC: [8] Undefined variable: obj /home/ftp/1520/2015new-20151122-obO/2015new.twtstudio.com/coder/twt/Runtime/Cache/Home/93ebad5c9c2c320ebc37a709f5949b13.php 第 235 行.
INFO: Run Behavior\ParseTemplateBehavior [ RunTime:0.011641s ]
INFO: [ view_parse ] --END-- [ RunTime:0.011701s ]
INFO: [ view_filter ] --START--
INFO: Run Behavior\WriteHtmlCacheBehavior [ RunTime:0.000344s ]
INFO: [ view_filter ] --END-- [ RunTime:0.000396s ]
INFO: [ app_end ] --START--
INFO: Run Behavior\ShowPageTraceBehavior [ RunTime:0.000481s ]
INFO: [ app_end ] --END-- [ RunTime:0.000535s ]

[ 2015-12-31T02:00:21+08:00 ] 127.0.0.1 /coder/index.php/Home/TeamIndex/showinfo1/grade/2015/p/2.html
INFO: [ app_init ] --START--
INFO: Run Behavior\BuildLiteBehavior [ RunTime:0.000019s ]
INFO: [ app_init ] --END-- [ RunTime:0.000459s ]
INFO: [ app_begin ] --START--
INFO: Run Behavior\ReadHtmlCacheBehavior [ RunTime:0.000623s ]
INFO: [ app_begin ] --END-- [ RunTime:0.000701s ]
SQL: SHOW COLUMNS FROM `tp_teamer_admin` [ RunTime:0.0007s ]
SQL: SELECT * FROM `tp_teamer_admin` WHERE ( id=1 ) LIMIT 1   [ RunTime:0.0002s ]
SQL: SHOW COLUMNS FROM `tp_teamer` [ RunTime:0.0006s ]
SQL: SELECT `teamer_grade` FROM `tp_teamer` WHERE ( is_new_grade=1 )  [ RunTime:0.0004s ]
SQL: SELECT COUNT(*) AS tp_count FROM `tp_teamer` WHERE ( is_new_grade=1 ) LIMIT 1   [ RunTime:0.0001s ]
SQL: SELECT COUNT(*) AS tp_count FROM `tp_teamer` WHERE ( teamer_grade = 2015 ) LIMIT 1   [ RunTime:0.0001s ]
NOTIC: [8] Undefined variable: link_page /home/ftp/1520/2015new-20151122-obO/2015new.twtstudio.com/coder/ThinkPHP/Library/Think/Page.class.php 第 141 行.
SQL: SELECT * FROM `tp_teamer` WHERE ( teamer_grade = 2015 ) LIMIT 8,8   [ RunTime:0.0003s ]
INFO: [ view_parse ] --START--
INFO: [ template_filter ] --START--
INFO: Run Behavior\ContentReplaceBehavior [ RunTime:0.000111s ]
INFO: [ template_filter ] --END-- [ RunTime:0.000173s ]
NOTIC: [8] Undefined variable: obj /home/ftp/1520/2015new-20151122-obO/2015new.twtstudio.com/coder/twt/Runtime/Cache/Home/93ebad5c9c2c320ebc37a709f5949b13.php 第 165 行.
NOTIC: [8] Undefined variable: obj /home/ftp/1520/2015new-20151122-obO/2015new.twtstudio.com/coder/twt/Runtime/Cache/Home/93ebad5c9c2c320ebc37a709f5949b13.php 第 165 行.
NOTIC: [8] Undefined variable: obj /home/ftp/1520/2015new-20151122-obO/2015new.twtstudio.com/coder/twt/Runtime/Cache/Home/93ebad5c9c2c320ebc37a709f5949b13.php 第 167 行.
NOTIC: [8] Undefined variable: obj /home/ftp/1520/2015new-20151122-obO/2015new.twtstudio.com/coder/twt/Runtime/Cache/Home/93ebad5c9c2c320ebc37a709f5949b13.php 第 233 行.
NOTIC: [8] Undefined variable: obj /home/ftp/1520/2015new-20151122-obO/2015new.twtstudio.com/coder/twt/Runtime/Cache/Home/93ebad5c9c2c320ebc37a709f5949b13.php 第 233 行.
NOTIC: [8] Undefined variable: obj /home/ftp/1520/2015new-20151122-obO/2015new.twtstudio.com/coder/twt/Runtime/Cache/Home/93ebad5c9c2c320ebc37a709f5949b13.php 第 235 行.
NOTIC: [8] Undefined variable: obj /home/ftp/1520/2015new-20151122-obO/2015new.twtstudio.com/coder/twt/Runtime/Cache/Home/93ebad5c9c2c320ebc37a709f5949b13.php 第 165 行.
NOTIC: [8] Undefined variable: obj /home/ftp/1520/2015new-20151122-obO/2015new.twtstudio.com/coder/twt/Runtime/Cache/Home/93ebad5c9c2c320ebc37a709f5949b13.php 第 165 行.
NOTIC: [8] Undefined variable: obj /home/ftp/1520/2015new-20151122-obO/2015new.twtstudio.com/coder/twt/Runtime/Cache/Home/93ebad5c9c2c320ebc37a709f5949b13.php 第 167 行.
NOTIC: [8] Undefined variable: obj /home/ftp/1520/2015new-20151122-obO/2015new.twtstudio.com/coder/twt/Runtime/Cache/Home/93ebad5c9c2c320ebc37a709f5949b13.php 第 233 行.
NOTIC: [8] Undefined variable: obj /home/ftp/1520/2015new-20151122-obO/2015new.twtstudio.com/coder/twt/Runtime/Cache/Home/93ebad5c9c2c320ebc37a709f5949b13.php 第 233 行.
NOTIC: [8] Undefined variable: obj /home/ftp/1520/2015new-20151122-obO/2015new.twtstudio.com/coder/twt/Runtime/Cache/Home/93ebad5c9c2c320ebc37a709f5949b13.php 第 235 行.
NOTIC: [8] Undefined offset: 4 /home/ftp/1520/2015new-20151122-obO/2015new.twtstudio.com/coder/twt/Runtime/Cache/Home/93ebad5c9c2c320ebc37a709f5949b13.php 第 161 行.
NOTIC: [8] Undefined offset: 5 /home/ftp/1520/2015new-20151122-obO/2015new.twtstudio.com/coder/twt/Runtime/Cache/Home/93ebad5c9c2c320ebc37a709f5949b13.php 第 229 行.
NOTIC: [8] Undefined offset: 6 /home/ftp/1520/2015new-20151122-obO/2015new.twtstudio.com/coder/twt/Runtime/Cache/Home/93ebad5c9c2c320ebc37a709f5949b13.php 第 161 行.
NOTIC: [8] Undefined offset: 7 /home/ftp/1520/2015new-20151122-obO/2015new.twtstudio.com/coder/twt/Runtime/Cache/Home/93ebad5c9c2c320ebc37a709f5949b13.php 第 229 行.
INFO: Run Behavior\ParseTemplateBehavior [ RunTime:0.011737s ]
INFO: [ view_parse ] --END-- [ RunTime:0.011813s ]
INFO: [ view_filter ] --START--
INFO: Run Behavior\WriteHtmlCacheBehavior [ RunTime:0.000350s ]
INFO: [ view_filter ] --END-- [ RunTime:0.000403s ]
INFO: [ app_end ] --START--
INFO: Run Behavior\ShowPageTraceBehavior [ RunTime:0.000552s ]
INFO: [ app_end ] --END-- [ RunTime:0.000605s ]

[ 2015-12-31T02:00:23+08:00 ] 127.0.0.1 /coder/index.php/Home/TeamIndex/showinfo1/grade/2015/p/1.html
INFO: [ app_init ] --START--
INFO: Run Behavior\BuildLiteBehavior [ RunTime:0.000020s ]
INFO: [ app_init ] --END-- [ RunTime:0.000494s ]
INFO: [ app_begin ] --START--
INFO: Run Behavior\ReadHtmlCacheBehavior [ RunTime:0.000596s ]
INFO: [ app_begin ] --END-- [ RunTime:0.000717s ]
SQL: SHOW COLUMNS FROM `tp_teamer_admin` [ RunTime:0.0006s ]
SQL: SELECT * FROM `tp_teamer_admin` WHERE ( id=1 ) LIMIT 1   [ RunTime:0.0003s ]
SQL: SHOW COLUMNS FROM `tp_teamer` [ RunTime:0.0006s ]
SQL: SELECT `teamer_grade` FROM `tp_teamer` WHERE ( is_new_grade=1 )  [ RunTime:0.0002s ]
SQL: SELECT COUNT(*) AS tp_count FROM `tp_teamer` WHERE ( is_new_grade=1 ) LIMIT 1   [ RunTime:0.0001s ]
SQL: SELECT COUNT(*) AS tp_count FROM `tp_teamer` WHERE ( teamer_grade = 2015 ) LIMIT 1   [ RunTime:0.0002s ]
NOTIC: [8] Undefined variable: link_page /home/ftp/1520/2015new-20151122-obO/2015new.twtstudio.com/coder/ThinkPHP/Library/Think/Page.class.php 第 141 行.
SQL: SELECT * FROM `tp_teamer` WHERE ( teamer_grade = 2015 ) LIMIT 0,8   [ RunTime:0.0002s ]
INFO: [ view_parse ] --START--
INFO: [ template_filter ] --START--
INFO: Run Behavior\ContentReplaceBehavior [ RunTime:0.000106s ]
INFO: [ template_filter ] --END-- [ RunTime:0.000170s ]
NOTIC: [8] Undefined variable: obj /home/ftp/1520/2015new-20151122-obO/2015new.twtstudio.com/coder/twt/Runtime/Cache/Home/93ebad5c9c2c320ebc37a709f5949b13.php 第 165 行.
NOTIC: [8] Undefined variable: obj /home/ftp/1520/2015new-20151122-obO/2015new.twtstudio.com/coder/twt/Runtime/Cache/Home/93ebad5c9c2c320ebc37a709f5949b13.php 第 165 行.
NOTIC: [8] Undefined variable: obj /home/ftp/1520/2015new-20151122-obO/2015new.twtstudio.com/coder/twt/Runtime/Cache/Home/93ebad5c9c2c320ebc37a709f5949b13.php 第 167 行.
NOTIC: [8] Undefined variable: obj /home/ftp/1520/2015new-20151122-obO/2015new.twtstudio.com/coder/twt/Runtime/Cache/Home/93ebad5c9c2c320ebc37a709f5949b13.php 第 233 行.
NOTIC: [8] Undefined variable: obj /home/ftp/1520/2015new-20151122-obO/2015new.twtstudio.com/coder/twt/Runtime/Cache/Home/93ebad5c9c2c320ebc37a709f5949b13.php 第 233 行.
NOTIC: [8] Undefined variable: obj /home/ftp/1520/2015new-20151122-obO/2015new.twtstudio.com/coder/twt/Runtime/Cache/Home/93ebad5c9c2c320ebc37a709f5949b13.php 第 235 行.
NOTIC: [8] Undefined variable: obj /home/ftp/1520/2015new-20151122-obO/2015new.twtstudio.com/coder/twt/Runtime/Cache/Home/93ebad5c9c2c320ebc37a709f5949b13.php 第 165 行.
NOTIC: [8] Undefined variable: obj /home/ftp/1520/2015new-20151122-obO/2015new.twtstudio.com/coder/twt/Runtime/Cache/Home/93ebad5c9c2c320ebc37a709f5949b13.php 第 165 行.
NOTIC: [8] Undefined variable: obj /home/ftp/1520/2015new-20151122-obO/2015new.twtstudio.com/coder/twt/Runtime/Cache/Home/93ebad5c9c2c320ebc37a709f5949b13.php 第 167 行.
NOTIC: [8] Undefined variable: obj /home/ftp/1520/2015new-20151122-obO/2015new.twtstudio.com/coder/twt/Runtime/Cache/Home/93ebad5c9c2c320ebc37a709f5949b13.php 第 233 行.
NOTIC: [8] Undefined variable: obj /home/ftp/1520/2015new-20151122-obO/2015new.twtstudio.com/coder/twt/Runtime/Cache/Home/93ebad5c9c2c320ebc37a709f5949b13.php 第 233 行.
NOTIC: [8] Undefined variable: obj /home/ftp/1520/2015new-20151122-obO/2015new.twtstudio.com/coder/twt/Runtime/Cache/Home/93ebad5c9c2c320ebc37a709f5949b13.php 第 235 行.
NOTIC: [8] Undefined variable: obj /home/ftp/1520/2015new-20151122-obO/2015new.twtstudio.com/coder/twt/Runtime/Cache/Home/93ebad5c9c2c320ebc37a709f5949b13.php 第 165 行.
NOTIC: [8] Undefined variable: obj /home/ftp/1520/2015new-20151122-obO/2015new.twtstudio.com/coder/twt/Runtime/Cache/Home/93ebad5c9c2c320ebc37a709f5949b13.php 第 165 行.
NOTIC: [8] Undefined variable: obj /home/ftp/1520/2015new-20151122-obO/2015new.twtstudio.com/coder/twt/Runtime/Cache/Home/93ebad5c9c2c320ebc37a709f5949b13.php 第 167 行.
NOTIC: [8] Undefined variable: obj /home/ftp/1520/2015new-20151122-obO/2015new.twtstudio.com/coder/twt/Runtime/Cache/Home/93ebad5c9c2c320ebc37a709f5949b13.php 第 233 行.
NOTIC: [8] Undefined variable: obj /home/ftp/1520/2015new-20151122-obO/2015new.twtstudio.com/coder/twt/Runtime/Cache/Home/93ebad5c9c2c320ebc37a709f5949b13.php 第 233 行.
NOTIC: [8] Undefined variable: obj /home/ftp/1520/2015new-20151122-obO/2015new.twtstudio.com/coder/twt/Runtime/Cache/Home/93ebad5c9c2c320ebc37a709f5949b13.php 第 235 行.
NOTIC: [8] Undefined variable: obj /home/ftp/1520/2015new-20151122-obO/2015new.twtstudio.com/coder/twt/Runtime/Cache/Home/93ebad5c9c2c320ebc37a709f5949b13.php 第 165 行.
NOTIC: [8] Undefined variable: obj /home/ftp/1520/2015new-20151122-obO/2015new.twtstudio.com/coder/twt/Runtime/Cache/Home/93ebad5c9c2c320ebc37a709f5949b13.php 第 165 行.
NOTIC: [8] Undefined variable: obj /home/ftp/1520/2015new-20151122-obO/2015new.twtstudio.com/coder/twt/Runtime/Cache/Home/93ebad5c9c2c320ebc37a709f5949b13.php 第 167 行.
NOTIC: [8] Undefined variable: obj /home/ftp/1520/2015new-20151122-obO/2015new.twtstudio.com/coder/twt/Runtime/Cache/Home/93ebad5c9c2c320ebc37a709f5949b13.php 第 233 行.
NOTIC: [8] Undefined variable: obj /home/ftp/1520/2015new-20151122-obO/2015new.twtstudio.com/coder/twt/Runtime/Cache/Home/93ebad5c9c2c320ebc37a709f5949b13.php 第 233 行.
NOTIC: [8] Undefined variable: obj /home/ftp/1520/2015new-20151122-obO/2015new.twtstudio.com/coder/twt/Runtime/Cache/Home/93ebad5c9c2c320ebc37a709f5949b13.php 第 235 行.
INFO: Run Behavior\ParseTemplateBehavior [ RunTime:0.013790s ]
INFO: [ view_parse ] --END-- [ RunTime:0.013859s ]
INFO: [ view_filter ] --START--
INFO: Run Behavior\WriteHtmlCacheBehavior [ RunTime:0.000381s ]
INFO: [ view_filter ] --END-- [ RunTime:0.000434s ]
INFO: [ app_end ] --START--
INFO: Run Behavior\ShowPageTraceBehavior [ RunTime:0.000500s ]
INFO: [ app_end ] --END-- [ RunTime:0.000553s ]

[ 2015-12-31T02:00:24+08:00 ] 127.0.0.1 /coder/index.php/Home/TeamIndex/showinfo1/grade/2015/p/2.html
INFO: [ app_init ] --START--
INFO: Run Behavior\BuildLiteBehavior [ RunTime:0.000020s ]
INFO: [ app_init ] --END-- [ RunTime:0.000462s ]
INFO: [ app_begin ] --START--
INFO: Run Behavior\ReadHtmlCacheBehavior [ RunTime:0.000675s ]
INFO: [ app_begin ] --END-- [ RunTime:0.000753s ]
SQL: SHOW COLUMNS FROM `tp_teamer_admin` [ RunTime:0.0006s ]
SQL: SELECT * FROM `tp_teamer_admin` WHERE ( id=1 ) LIMIT 1   [ RunTime:0.0002s ]
SQL: SHOW COLUMNS FROM `tp_teamer` [ RunTime:0.0004s ]
SQL: SELECT `teamer_grade` FROM `tp_teamer` WHERE ( is_new_grade=1 )  [ RunTime:0.0003s ]
SQL: SELECT COUNT(*) AS tp_count FROM `tp_teamer` WHERE ( is_new_grade=1 ) LIMIT 1   [ RunTime:0.0002s ]
SQL: SELECT COUNT(*) AS tp_count FROM `tp_teamer` WHERE ( teamer_grade = 2015 ) LIMIT 1   [ RunTime:0.0002s ]
NOTIC: [8] Undefined variable: link_page /home/ftp/1520/2015new-20151122-obO/2015new.twtstudio.com/coder/ThinkPHP/Library/Think/Page.class.php 第 141 行.
SQL: SELECT * FROM `tp_teamer` WHERE ( teamer_grade = 2015 ) LIMIT 8,8   [ RunTime:0.0001s ]
INFO: [ view_parse ] --START--
INFO: [ template_filter ] --START--
INFO: Run Behavior\ContentReplaceBehavior [ RunTime:0.000109s ]
INFO: [ template_filter ] --END-- [ RunTime:0.000178s ]
NOTIC: [8] Undefined variable: obj /home/ftp/1520/2015new-20151122-obO/2015new.twtstudio.com/coder/twt/Runtime/Cache/Home/93ebad5c9c2c320ebc37a709f5949b13.php 第 165 行.
NOTIC: [8] Undefined variable: obj /home/ftp/1520/2015new-20151122-obO/2015new.twtstudio.com/coder/twt/Runtime/Cache/Home/93ebad5c9c2c320ebc37a709f5949b13.php 第 165 行.
NOTIC: [8] Undefined variable: obj /home/ftp/1520/2015new-20151122-obO/2015new.twtstudio.com/coder/twt/Runtime/Cache/Home/93ebad5c9c2c320ebc37a709f5949b13.php 第 167 行.
NOTIC: [8] Undefined variable: obj /home/ftp/1520/2015new-20151122-obO/2015new.twtstudio.com/coder/twt/Runtime/Cache/Home/93ebad5c9c2c320ebc37a709f5949b13.php 第 233 行.
NOTIC: [8] Undefined variable: obj /home/ftp/1520/2015new-20151122-obO/2015new.twtstudio.com/coder/twt/Runtime/Cache/Home/93ebad5c9c2c320ebc37a709f5949b13.php 第 233 行.
NOTIC: [8] Undefined variable: obj /home/ftp/1520/2015new-20151122-obO/2015new.twtstudio.com/coder/twt/Runtime/Cache/Home/93ebad5c9c2c320ebc37a709f5949b13.php 第 235 行.
NOTIC: [8] Undefined variable: obj /home/ftp/1520/2015new-20151122-obO/2015new.twtstudio.com/coder/twt/Runtime/Cache/Home/93ebad5c9c2c320ebc37a709f5949b13.php 第 165 行.
NOTIC: [8] Undefined variable: obj /home/ftp/1520/2015new-20151122-obO/2015new.twtstudio.com/coder/twt/Runtime/Cache/Home/93ebad5c9c2c320ebc37a709f5949b13.php 第 165 行.
NOTIC: [8] Undefined variable: obj /home/ftp/1520/2015new-20151122-obO/2015new.twtstudio.com/coder/twt/Runtime/Cache/Home/93ebad5c9c2c320ebc37a709f5949b13.php 第 167 行.
NOTIC: [8] Undefined variable: obj /home/ftp/1520/2015new-20151122-obO/2015new.twtstudio.com/coder/twt/Runtime/Cache/Home/93ebad5c9c2c320ebc37a709f5949b13.php 第 233 行.
NOTIC: [8] Undefined variable: obj /home/ftp/1520/2015new-20151122-obO/2015new.twtstudio.com/coder/twt/Runtime/Cache/Home/93ebad5c9c2c320ebc37a709f5949b13.php 第 233 行.
NOTIC: [8] Undefined variable: obj /home/ftp/1520/2015new-20151122-obO/2015new.twtstudio.com/coder/twt/Runtime/Cache/Home/93ebad5c9c2c320ebc37a709f5949b13.php 第 235 行.
NOTIC: [8] Undefined offset: 4 /home/ftp/1520/2015new-20151122-obO/2015new.twtstudio.com/coder/twt/Runtime/Cache/Home/93ebad5c9c2c320ebc37a709f5949b13.php 第 161 行.
NOTIC: [8] Undefined offset: 5 /home/ftp/1520/2015new-20151122-obO/2015new.twtstudio.com/coder/twt/Runtime/Cache/Home/93ebad5c9c2c320ebc37a709f5949b13.php 第 229 行.
NOTIC: [8] Undefined offset: 6 /home/ftp/1520/2015new-20151122-obO/2015new.twtstudio.com/coder/twt/Runtime/Cache/Home/93ebad5c9c2c320ebc37a709f5949b13.php 第 161 行.
NOTIC: [8] Undefined offset: 7 /home/ftp/1520/2015new-20151122-obO/2015new.twtstudio.com/coder/twt/Runtime/Cache/Home/93ebad5c9c2c320ebc37a709f5949b13.php 第 229 行.
INFO: Run Behavior\ParseTemplateBehavior [ RunTime:0.011633s ]
INFO: [ view_parse ] --END-- [ RunTime:0.011701s ]
INFO: [ view_filter ] --START--
INFO: Run Behavior\WriteHtmlCacheBehavior [ RunTime:0.000352s ]
INFO: [ view_filter ] --END-- [ RunTime:0.000404s ]
INFO: [ app_end ] --START--
INFO: Run Behavior\ShowPageTraceBehavior [ RunTime:0.000541s ]
INFO: [ app_end ] --END-- [ RunTime:0.000596s ]

[ 2015-12-31T02:00:26+08:00 ] 127.0.0.1 /coder/index.php/Home/TeamIndex/showinfo1/grade/2015/p/1.html
INFO: [ app_init ] --START--
INFO: Run Behavior\BuildLiteBehavior [ RunTime:0.000022s ]
INFO: [ app_init ] --END-- [ RunTime:0.000477s ]
INFO: [ app_begin ] --START--
INFO: Run Behavior\ReadHtmlCacheBehavior [ RunTime:0.000629s ]
INFO: [ app_begin ] --END-- [ RunTime:0.000709s ]
SQL: SHOW COLUMNS FROM `tp_teamer_admin` [ RunTime:0.0080s ]
SQL: SELECT * FROM `tp_teamer_admin` WHERE ( id=1 ) LIMIT 1   [ RunTime:0.0004s ]
SQL: SHOW COLUMNS FROM `tp_teamer` [ RunTime:0.0005s ]
SQL: SELECT `teamer_grade` FROM `tp_teamer` WHERE ( is_new_grade=1 )  [ RunTime:0.0002s ]
SQL: SELECT COUNT(*) AS tp_count FROM `tp_teamer` WHERE ( is_new_grade=1 ) LIMIT 1   [ RunTime:0.0002s ]
SQL: SELECT COUNT(*) AS tp_count FROM `tp_teamer` WHERE ( teamer_grade = 2015 ) LIMIT 1   [ RunTime:0.0001s ]
NOTIC: [8] Undefined variable: link_page /home/ftp/1520/2015new-20151122-obO/2015new.twtstudio.com/coder/ThinkPHP/Library/Think/Page.class.php 第 141 行.
SQL: SELECT * FROM `tp_teamer` WHERE ( teamer_grade = 2015 ) LIMIT 0,8   [ RunTime:0.0003s ]
INFO: [ view_parse ] --START--
INFO: [ template_filter ] --START--
INFO: Run Behavior\ContentReplaceBehavior [ RunTime:0.000141s ]
INFO: [ template_filter ] --END-- [ RunTime:0.000231s ]
NOTIC: [8] Undefined variable: obj /home/ftp/1520/2015new-20151122-obO/2015new.twtstudio.com/coder/twt/Runtime/Cache/Home/93ebad5c9c2c320ebc37a709f5949b13.php 第 165 行.
NOTIC: [8] Undefined variable: obj /home/ftp/1520/2015new-20151122-obO/2015new.twtstudio.com/coder/twt/Runtime/Cache/Home/93ebad5c9c2c320ebc37a709f5949b13.php 第 165 行.
NOTIC: [8] Undefined variable: obj /home/ftp/1520/2015new-20151122-obO/2015new.twtstudio.com/coder/twt/Runtime/Cache/Home/93ebad5c9c2c320ebc37a709f5949b13.php 第 167 行.
NOTIC: [8] Undefined variable: obj /home/ftp/1520/2015new-20151122-obO/2015new.twtstudio.com/coder/twt/Runtime/Cache/Home/93ebad5c9c2c320ebc37a709f5949b13.php 第 233 行.
NOTIC: [8] Undefined variable: obj /home/ftp/1520/2015new-20151122-obO/2015new.twtstudio.com/coder/twt/Runtime/Cache/Home/93ebad5c9c2c320ebc37a709f5949b13.php 第 233 行.
NOTIC: [8] Undefined variable: obj /home/ftp/1520/2015new-20151122-obO/2015new.twtstudio.com/coder/twt/Runtime/Cache/Home/93ebad5c9c2c320ebc37a709f5949b13.php 第 235 行.
NOTIC: [8] Undefined variable: obj /home/ftp/1520/2015new-20151122-obO/2015new.twtstudio.com/coder/twt/Runtime/Cache/Home/93ebad5c9c2c320ebc37a709f5949b13.php 第 165 行.
NOTIC: [8] Undefined variable: obj /home/ftp/1520/2015new-20151122-obO/2015new.twtstudio.com/coder/twt/Runtime/Cache/Home/93ebad5c9c2c320ebc37a709f5949b13.php 第 165 行.
NOTIC: [8] Undefined variable: obj /home/ftp/1520/2015new-20151122-obO/2015new.twtstudio.com/coder/twt/Runtime/Cache/Home/93ebad5c9c2c320ebc37a709f5949b13.php 第 167 行.
NOTIC: [8] Undefined variable: obj /home/ftp/1520/2015new-20151122-obO/2015new.twtstudio.com/coder/twt/Runtime/Cache/Home/93ebad5c9c2c320ebc37a709f5949b13.php 第 233 行.
NOTIC: [8] Undefined variable: obj /home/ftp/1520/2015new-20151122-obO/2015new.twtstudio.com/coder/twt/Runtime/Cache/Home/93ebad5c9c2c320ebc37a709f5949b13.php 第 233 行.
NOTIC: [8] Undefined variable: obj /home/ftp/1520/2015new-20151122-obO/2015new.twtstudio.com/coder/twt/Runtime/Cache/Home/93ebad5c9c2c320ebc37a709f5949b13.php 第 235 行.
NOTIC: [8] Undefined variable: obj /home/ftp/1520/2015new-20151122-obO/2015new.twtstudio.com/coder/twt/Runtime/Cache/Home/93ebad5c9c2c320ebc37a709f5949b13.php 第 165 行.
NOTIC: [8] Undefined variable: obj /home/ftp/1520/2015new-20151122-obO/2015new.twtstudio.com/coder/twt/Runtime/Cache/Home/93ebad5c9c2c320ebc37a709f5949b13.php 第 165 行.
NOTIC: [8] Undefined variable: obj /home/ftp/1520/2015new-20151122-obO/2015new.twtstudio.com/coder/twt/Runtime/Cache/Home/93ebad5c9c2c320ebc37a709f5949b13.php 第 167 行.
NOTIC: [8] Undefined variable: obj /home/ftp/1520/2015new-20151122-obO/2015new.twtstudio.com/coder/twt/Runtime/Cache/Home/93ebad5c9c2c320ebc37a709f5949b13.php 第 233 行.
NOTIC: [8] Undefined variable: obj /home/ftp/1520/2015new-20151122-obO/2015new.twtstudio.com/coder/twt/Runtime/Cache/Home/93ebad5c9c2c320ebc37a709f5949b13.php 第 233 行.
NOTIC: [8] Undefined variable: obj /home/ftp/1520/2015new-20151122-obO/2015new.twtstudio.com/coder/twt/Runtime/Cache/Home/93ebad5c9c2c320ebc37a709f5949b13.php 第 235 行.
NOTIC: [8] Undefined variable: obj /home/ftp/1520/2015new-20151122-obO/2015new.twtstudio.com/coder/twt/Runtime/Cache/Home/93ebad5c9c2c320ebc37a709f5949b13.php 第 165 行.
NOTIC: [8] Undefined variable: obj /home/ftp/1520/2015new-20151122-obO/2015new.twtstudio.com/coder/twt/Runtime/Cache/Home/93ebad5c9c2c320ebc37a709f5949b13.php 第 165 行.
NOTIC: [8] Undefined variable: obj /home/ftp/1520/2015new-20151122-obO/2015new.twtstudio.com/coder/twt/Runtime/Cache/Home/93ebad5c9c2c320ebc37a709f5949b13.php 第 167 行.
NOTIC: [8] Undefined variable: obj /home/ftp/1520/2015new-20151122-obO/2015new.twtstudio.com/coder/twt/Runtime/Cache/Home/93ebad5c9c2c320ebc37a709f5949b13.php 第 233 行.
NOTIC: [8] Undefined variable: obj /home/ftp/1520/2015new-20151122-obO/2015new.twtstudio.com/coder/twt/Runtime/Cache/Home/93ebad5c9c2c320ebc37a709f5949b13.php 第 233 行.
NOTIC: [8] Undefined variable: obj /home/ftp/1520/2015new-20151122-obO/2015new.twtstudio.com/coder/twt/Runtime/Cache/Home/93ebad5c9c2c320ebc37a709f5949b13.php 第 235 行.
INFO: Run Behavior\ParseTemplateBehavior [ RunTime:0.015034s ]
INFO: [ view_parse ] --END-- [ RunTime:0.015098s ]
INFO: [ view_filter ] --START--
INFO: Run Behavior\WriteHtmlCacheBehavior [ RunTime:0.000354s ]
INFO: [ view_filter ] --END-- [ RunTime:0.000406s ]
INFO: [ app_end ] --START--
INFO: Run Behavior\ShowPageTraceBehavior [ RunTime:0.000491s ]
INFO: [ app_end ] --END-- [ RunTime:0.000545s ]

[ 2015-12-31T02:00:29+08:00 ] 127.0.0.1 /coder/index.php/home/about/index
INFO: [ app_init ] --START--
INFO: Run Behavior\BuildLiteBehavior [ RunTime:0.000020s ]
INFO: [ app_init ] --END-- [ RunTime:0.000469s ]
INFO: [ app_begin ] --START--
INFO: Run Behavior\ReadHtmlCacheBehavior [ RunTime:0.000677s ]
INFO: [ app_begin ] --END-- [ RunTime:0.000755s ]
INFO: [ view_parse ] --START--
INFO: [ template_filter ] --START--
INFO: Run Behavior\ContentReplaceBehavior [ RunTime:0.000098s ]
INFO: [ template_filter ] --END-- [ RunTime:0.000187s ]
INFO: Run Behavior\ParseTemplateBehavior [ RunTime:0.014278s ]
INFO: [ view_parse ] --END-- [ RunTime:0.014376s ]
INFO: [ view_filter ] --START--
INFO: Run Behavior\WriteHtmlCacheBehavior [ RunTime:0.000458s ]
INFO: [ view_filter ] --END-- [ RunTime:0.000531s ]
INFO: [ app_end ] --START--
INFO: Run Behavior\ShowPageTraceBehavior [ RunTime:0.000641s ]
INFO: [ app_end ] --END-- [ RunTime:0.000710s ]

[ 2015-12-31T02:01:08+08:00 ] 127.0.0.1 /coder/index.php/home/index/index
INFO: [ app_init ] --START--
INFO: Run Behavior\BuildLiteBehavior [ RunTime:0.000020s ]
INFO: [ app_init ] --END-- [ RunTime:0.000596s ]
INFO: [ app_begin ] --START--
INFO: Run Behavior\ReadHtmlCacheBehavior [ RunTime:0.000630s ]
INFO: [ app_begin ] --END-- [ RunTime:0.000711s ]
SQL: SHOW COLUMNS FROM `tp_index_pic` [ RunTime:0.0007s ]
SQL: SELECT * FROM `tp_index_pic` WHERE `pic_showid` = 1 ORDER BY pic_showid  [ RunTime:0.0004s ]
SQL: SELECT * FROM `tp_index_pic` WHERE ( pic_isshow=1 ) ORDER BY pic_showid  [ RunTime:0.0002s ]
NOTIC: [8] Undefined variable: pics /home/ftp/1520/2015new-20151122-obO/2015new.twtstudio.com/coder/twt/Home/Controller/IndexController.class.php 第 26 行.
SQL: SHOW COLUMNS FROM `tp_index_words` [ RunTime:0.0004s ]
SQL: SELECT * FROM `tp_index_words` WHERE `id` = 1 LIMIT 1   [ RunTime:0.0003s ]
SQL: SELECT * FROM `tp_index_words` WHERE `id` = 2 LIMIT 1   [ RunTime:0.0002s ]
INFO: [ view_parse ] --START--
INFO: [ template_filter ] --START--
INFO: Run Behavior\ContentReplaceBehavior [ RunTime:0.000088s ]
INFO: [ template_filter ] --END-- [ RunTime:0.000161s ]
INFO: Run Behavior\ParseTemplateBehavior [ RunTime:0.010468s ]
INFO: [ view_parse ] --END-- [ RunTime:0.010553s ]
INFO: [ view_filter ] --START--
INFO: Run Behavior\WriteHtmlCacheBehavior [ RunTime:0.000353s ]
INFO: [ view_filter ] --END-- [ RunTime:0.000405s ]
INFO: [ app_end ] --START--
INFO: Run Behavior\ShowPageTraceBehavior [ RunTime:0.000514s ]
INFO: [ app_end ] --END-- [ RunTime:0.000569s ]

[ 2015-12-31T02:02:10+08:00 ] 127.0.0.1 /coder/index.php/home/project/index
INFO: [ app_init ] --START--
INFO: Run Behavior\BuildLiteBehavior [ RunTime:0.000020s ]
INFO: [ app_init ] --END-- [ RunTime:0.000477s ]
INFO: [ app_begin ] --START--
INFO: Run Behavior\ReadHtmlCacheBehavior [ RunTime:0.000606s ]
INFO: [ app_begin ] --END-- [ RunTime:0.000685s ]
SQL: SHOW COLUMNS FROM `tp_project` [ RunTime:0.0006s ]
SQL: SELECT * FROM `tp_project` ORDER BY project_show_id  [ RunTime:0.0004s ]
SQL: SELECT * FROM `tp_project` WHERE `project_show_id` <= 5 ORDER BY project_show_id  [ RunTime:0.0002s ]
SQL: SELECT * FROM `tp_project` WHERE `project_show_id` > 5 ORDER BY project_show_id  [ RunTime:0.0002s ]
INFO: [ view_parse ] --START--
INFO: [ template_filter ] --START--
INFO: Run Behavior\ContentReplaceBehavior [ RunTime:0.000082s ]
INFO: [ template_filter ] --END-- [ RunTime:0.000159s ]
INFO: Run Behavior\ParseTemplateBehavior [ RunTime:0.011225s ]
INFO: [ view_parse ] --END-- [ RunTime:0.011313s ]
INFO: [ view_filter ] --START--
INFO: Run Behavior\WriteHtmlCacheBehavior [ RunTime:0.000351s ]
INFO: [ view_filter ] --END-- [ RunTime:0.000408s ]
INFO: [ app_end ] --START--
INFO: Run Behavior\ShowPageTraceBehavior [ RunTime:0.000503s ]
INFO: [ app_end ] --END-- [ RunTime:0.000559s ]

