[ 2016-01-02T09:51:21+08:00 ] 127.0.0.1 /coder/index.php/Home/Index/index
INFO: [ app_init ] --START--
INFO: Run Behavior\BuildLiteBehavior [ RunTime:0.000024s ]
INFO: [ app_init ] --END-- [ RunTime:0.015027s ]
INFO: [ app_begin ] --START--
INFO: Run Behavior\ReadHtmlCacheBehavior [ RunTime:0.006900s ]
INFO: [ app_begin ] --END-- [ RunTime:0.006988s ]
SQL: SHOW COLUMNS FROM `tp_index_pic` [ RunTime:0.0103s ]
SQL: SELECT * FROM `tp_index_pic` WHERE `pic_showid` = 1 ORDER BY pic_showid  [ RunTime:0.0081s ]
SQL: SELECT * FROM `tp_index_pic` WHERE ( pic_isshow=1 ) ORDER BY pic_showid  [ RunTime:0.0003s ]
NOTIC: [8] Undefined variable: pics /home/ftp/1520/2015new-20151122-obO/2015new.twtstudio.com/coder/twt/Home/Controller/IndexController.class.php 第 26 行.
SQL: SHOW COLUMNS FROM `tp_index_words` [ RunTime:0.0050s ]
SQL: SELECT * FROM `tp_index_words` WHERE `id` = 1 LIMIT 1   [ RunTime:0.0095s ]
SQL: SELECT * FROM `tp_index_words` WHERE `id` = 2 LIMIT 1   [ RunTime:0.0002s ]
INFO: [ view_parse ] --START--
INFO: [ template_filter ] --START--
INFO: Run Behavior\ContentReplaceBehavior [ RunTime:0.000118s ]
INFO: [ template_filter ] --END-- [ RunTime:0.000216s ]
INFO: Run Behavior\ParseTemplateBehavior [ RunTime:0.081649s ]
INFO: [ view_parse ] --END-- [ RunTime:0.081752s ]
INFO: [ view_filter ] --START--
INFO: Run Behavior\WriteHtmlCacheBehavior [ RunTime:0.004589s ]
INFO: [ view_filter ] --END-- [ RunTime:0.004692s ]
INFO: [ app_end ] --START--
INFO: Run Behavior\ShowPageTraceBehavior [ RunTime:0.014576s ]
INFO: [ app_end ] --END-- [ RunTime:0.014651s ]

[ 2016-01-02T09:52:14+08:00 ] 127.0.0.1 /coder/index.php/Home/Index/index
INFO: [ app_init ] --START--
INFO: Run Behavior\BuildLiteBehavior [ RunTime:0.000019s ]
INFO: [ app_init ] --END-- [ RunTime:0.000519s ]
INFO: [ app_begin ] --START--
INFO: Run Behavior\ReadHtmlCacheBehavior [ RunTime:0.000623s ]
INFO: [ app_begin ] --END-- [ RunTime:0.000699s ]
SQL: SHOW COLUMNS FROM `tp_index_pic` [ RunTime:0.0007s ]
SQL: SELECT * FROM `tp_index_pic` WHERE `pic_showid` = 1 ORDER BY pic_showid  [ RunTime:0.0004s ]
SQL: SELECT * FROM `tp_index_pic` WHERE ( pic_isshow=1 ) ORDER BY pic_showid  [ RunTime:0.0004s ]
NOTIC: [8] Undefined variable: pics /home/ftp/1520/2015new-20151122-obO/2015new.twtstudio.com/coder/twt/Home/Controller/IndexController.class.php 第 26 行.
SQL: SHOW COLUMNS FROM `tp_index_words` [ RunTime:0.0004s ]
SQL: SELECT * FROM `tp_index_words` WHERE `id` = 1 LIMIT 1   [ RunTime:0.0003s ]
SQL: SELECT * FROM `tp_index_words` WHERE `id` = 2 LIMIT 1   [ RunTime:0.0002s ]
INFO: [ view_parse ] --START--
INFO: [ template_filter ] --START--
INFO: Run Behavior\ContentReplaceBehavior [ RunTime:0.000086s ]
INFO: [ template_filter ] --END-- [ RunTime:0.000147s ]
INFO: Run Behavior\ParseTemplateBehavior [ RunTime:0.010606s ]
INFO: [ view_parse ] --END-- [ RunTime:0.010668s ]
INFO: [ view_filter ] --START--
INFO: Run Behavior\WriteHtmlCacheBehavior [ RunTime:0.000424s ]
INFO: [ view_filter ] --END-- [ RunTime:0.000478s ]
INFO: [ app_end ] --START--
INFO: Run Behavior\ShowPageTraceBehavior [ RunTime:0.000497s ]
INFO: [ app_end ] --END-- [ RunTime:0.000551s ]

[ 2016-01-02T09:52:24+08:00 ] 127.0.0.1 /coder/index.php/Home/Index/index
INFO: [ app_init ] --START--
INFO: Run Behavior\BuildLiteBehavior [ RunTime:0.000023s ]
INFO: [ app_init ] --END-- [ RunTime:0.000494s ]
INFO: [ app_begin ] --START--
INFO: Run Behavior\ReadHtmlCacheBehavior [ RunTime:0.000640s ]
INFO: [ app_begin ] --END-- [ RunTime:0.000718s ]
SQL: SHOW COLUMNS FROM `tp_index_pic` [ RunTime:0.0016s ]
SQL: SELECT * FROM `tp_index_pic` WHERE `pic_showid` = 1 ORDER BY pic_showid  [ RunTime:0.0004s ]
SQL: SELECT * FROM `tp_index_pic` WHERE ( pic_isshow=1 ) ORDER BY pic_showid  [ RunTime:0.0002s ]
NOTIC: [8] Undefined variable: pics /home/ftp/1520/2015new-20151122-obO/2015new.twtstudio.com/coder/twt/Home/Controller/IndexController.class.php 第 26 行.
SQL: SHOW COLUMNS FROM `tp_index_words` [ RunTime:0.0003s ]
SQL: SELECT * FROM `tp_index_words` WHERE `id` = 1 LIMIT 1   [ RunTime:0.0004s ]
SQL: SELECT * FROM `tp_index_words` WHERE `id` = 2 LIMIT 1   [ RunTime:0.0001s ]
INFO: [ view_parse ] --START--
INFO: [ template_filter ] --START--
INFO: Run Behavior\ContentReplaceBehavior [ RunTime:0.000091s ]
INFO: [ template_filter ] --END-- [ RunTime:0.000167s ]
INFO: Run Behavior\ParseTemplateBehavior [ RunTime:0.012656s ]
INFO: [ view_parse ] --END-- [ RunTime:0.012744s ]
INFO: [ view_filter ] --START--
INFO: Run Behavior\WriteHtmlCacheBehavior [ RunTime:0.000363s ]
INFO: [ view_filter ] --END-- [ RunTime:0.000416s ]
INFO: [ app_end ] --START--
INFO: Run Behavior\ShowPageTraceBehavior [ RunTime:0.000515s ]
INFO: [ app_end ] --END-- [ RunTime:0.000569s ]

[ 2016-01-02T09:54:18+08:00 ] 127.0.0.1 /coder/index.php/home/project/index
INFO: [ app_init ] --START--
INFO: Run Behavior\BuildLiteBehavior [ RunTime:0.000019s ]
INFO: [ app_init ] --END-- [ RunTime:0.000468s ]
INFO: [ app_begin ] --START--
INFO: Run Behavior\ReadHtmlCacheBehavior [ RunTime:0.000627s ]
INFO: [ app_begin ] --END-- [ RunTime:0.000705s ]
SQL: SHOW COLUMNS FROM `tp_project` [ RunTime:0.0008s ]
SQL: SELECT * FROM `tp_project` ORDER BY project_show_id  [ RunTime:0.0137s ]
SQL: SELECT * FROM `tp_project` WHERE `project_show_id` <= 5 ORDER BY project_show_id  [ RunTime:0.0002s ]
SQL: SELECT * FROM `tp_project` WHERE `project_show_id` > 5 ORDER BY project_show_id  [ RunTime:0.0002s ]
INFO: [ view_parse ] --START--
INFO: [ template_filter ] --START--
INFO: Run Behavior\ContentReplaceBehavior [ RunTime:0.000102s ]
INFO: [ template_filter ] --END-- [ RunTime:0.000182s ]
INFO: Run Behavior\ParseTemplateBehavior [ RunTime:0.036127s ]
INFO: [ view_parse ] --END-- [ RunTime:0.036214s ]
INFO: [ view_filter ] --START--
INFO: Run Behavior\WriteHtmlCacheBehavior [ RunTime:0.000548s ]
INFO: [ view_filter ] --END-- [ RunTime:0.000617s ]
INFO: [ app_end ] --START--
INFO: Run Behavior\ShowPageTraceBehavior [ RunTime:0.000684s ]
INFO: [ app_end ] --END-- [ RunTime:0.000753s ]

[ 2016-01-02T09:54:22+08:00 ] 127.0.0.1 /coder/index.php/home/index/index
INFO: [ app_init ] --START--
INFO: Run Behavior\BuildLiteBehavior [ RunTime:0.000019s ]
INFO: [ app_init ] --END-- [ RunTime:0.000483s ]
INFO: [ app_begin ] --START--
INFO: Run Behavior\ReadHtmlCacheBehavior [ RunTime:0.000698s ]
INFO: [ app_begin ] --END-- [ RunTime:0.000775s ]
SQL: SHOW COLUMNS FROM `tp_index_pic` [ RunTime:0.0006s ]
SQL: SELECT * FROM `tp_index_pic` WHERE `pic_showid` = 1 ORDER BY pic_showid  [ RunTime:0.0003s ]
SQL: SELECT * FROM `tp_index_pic` WHERE ( pic_isshow=1 ) ORDER BY pic_showid  [ RunTime:0.0001s ]
NOTIC: [8] Undefined variable: pics /home/ftp/1520/2015new-20151122-obO/2015new.twtstudio.com/coder/twt/Home/Controller/IndexController.class.php 第 26 行.
SQL: SHOW COLUMNS FROM `tp_index_words` [ RunTime:0.0004s ]
SQL: SELECT * FROM `tp_index_words` WHERE `id` = 1 LIMIT 1   [ RunTime:0.0003s ]
SQL: SELECT * FROM `tp_index_words` WHERE `id` = 2 LIMIT 1   [ RunTime:0.0002s ]
INFO: [ view_parse ] --START--
INFO: [ template_filter ] --START--
INFO: Run Behavior\ContentReplaceBehavior [ RunTime:0.000091s ]
INFO: [ template_filter ] --END-- [ RunTime:0.000158s ]
INFO: Run Behavior\ParseTemplateBehavior [ RunTime:0.011048s ]
INFO: [ view_parse ] --END-- [ RunTime:0.011126s ]
INFO: [ view_filter ] --START--
INFO: Run Behavior\WriteHtmlCacheBehavior [ RunTime:0.000398s ]
INFO: [ view_filter ] --END-- [ RunTime:0.000452s ]
INFO: [ app_end ] --START--
INFO: Run Behavior\ShowPageTraceBehavior [ RunTime:0.000518s ]
INFO: [ app_end ] --END-- [ RunTime:0.000572s ]

[ 2016-01-02T15:40:36+08:00 ] 127.0.0.1 /coder/index.php/home/index/index
INFO: [ app_init ] --START--
INFO: Run Behavior\BuildLiteBehavior [ RunTime:0.000025s ]
INFO: [ app_init ] --END-- [ RunTime:0.015589s ]
INFO: [ app_begin ] --START--
INFO: Run Behavior\ReadHtmlCacheBehavior [ RunTime:0.006128s ]
INFO: [ app_begin ] --END-- [ RunTime:0.006245s ]
SQL: SHOW COLUMNS FROM `tp_index_pic` [ RunTime:0.0114s ]
SQL: SELECT * FROM `tp_index_pic` WHERE `pic_showid` = 1 ORDER BY pic_showid  [ RunTime:0.0201s ]
SQL: SELECT * FROM `tp_index_pic` WHERE ( pic_isshow=1 ) ORDER BY pic_showid  [ RunTime:0.0003s ]
NOTIC: [8] Undefined variable: pics /home/ftp/1520/2015new-20151122-obO/2015new.twtstudio.com/coder/twt/Home/Controller/IndexController.class.php 第 26 行.
SQL: SHOW COLUMNS FROM `tp_index_words` [ RunTime:0.0005s ]
SQL: SELECT * FROM `tp_index_words` WHERE `id` = 1 LIMIT 1   [ RunTime:0.0002s ]
SQL: SELECT * FROM `tp_index_words` WHERE `id` = 2 LIMIT 1   [ RunTime:0.0001s ]
INFO: [ view_parse ] --START--
INFO: [ template_filter ] --START--
INFO: Run Behavior\ContentReplaceBehavior [ RunTime:0.000110s ]
INFO: [ template_filter ] --END-- [ RunTime:0.000195s ]
INFO: Run Behavior\ParseTemplateBehavior [ RunTime:0.081563s ]
INFO: [ view_parse ] --END-- [ RunTime:0.081647s ]
INFO: [ view_filter ] --START--
INFO: Run Behavior\WriteHtmlCacheBehavior [ RunTime:0.006962s ]
INFO: [ view_filter ] --END-- [ RunTime:0.007035s ]
INFO: [ app_end ] --START--
INFO: Run Behavior\ShowPageTraceBehavior [ RunTime:0.014995s ]
INFO: [ app_end ] --END-- [ RunTime:0.015101s ]

[ 2016-01-02T15:40:36+08:00 ] 127.0.0.1 /coder/index.php/home/index/index
INFO: [ app_init ] --START--
INFO: Run Behavior\BuildLiteBehavior [ RunTime:0.000031s ]
INFO: [ app_init ] --END-- [ RunTime:0.014853s ]
INFO: [ app_begin ] --START--
INFO: Run Behavior\ReadHtmlCacheBehavior [ RunTime:0.005445s ]
INFO: [ app_begin ] --END-- [ RunTime:0.005559s ]
SQL: SHOW COLUMNS FROM `tp_index_pic` [ RunTime:0.0115s ]
SQL: SELECT * FROM `tp_index_pic` WHERE `pic_showid` = 1 ORDER BY pic_showid  [ RunTime:0.0005s ]
SQL: SELECT * FROM `tp_index_pic` WHERE ( pic_isshow=1 ) ORDER BY pic_showid  [ RunTime:0.0002s ]
NOTIC: [8] Undefined variable: pics /home/ftp/1520/2015new-20151122-obO/2015new.twtstudio.com/coder/twt/Home/Controller/IndexController.class.php 第 26 行.
SQL: SHOW COLUMNS FROM `tp_index_words` [ RunTime:0.0046s ]
SQL: SELECT * FROM `tp_index_words` WHERE `id` = 1 LIMIT 1   [ RunTime:0.0095s ]
SQL: SELECT * FROM `tp_index_words` WHERE `id` = 2 LIMIT 1   [ RunTime:0.0003s ]
INFO: [ view_parse ] --START--
INFO: [ template_filter ] --START--
INFO: Run Behavior\ContentReplaceBehavior [ RunTime:0.000124s ]
INFO: [ template_filter ] --END-- [ RunTime:0.000220s ]
INFO: Run Behavior\ParseTemplateBehavior [ RunTime:0.082656s ]
INFO: [ view_parse ] --END-- [ RunTime:0.083069s ]
INFO: [ view_filter ] --START--
INFO: Run Behavior\WriteHtmlCacheBehavior [ RunTime:0.008248s ]
INFO: [ view_filter ] --END-- [ RunTime:0.008317s ]
INFO: [ app_end ] --START--
INFO: Run Behavior\ShowPageTraceBehavior [ RunTime:0.014943s ]
INFO: [ app_end ] --END-- [ RunTime:0.015029s ]

