[ 2016-01-09T02:15:32+08:00 ] 127.0.0.1 /
INFO: [ app_init ] --START--
INFO: Run Behavior\BuildLiteBehavior [ RunTime:0.000023s ]
INFO: [ app_init ] --END-- [ RunTime:0.010599s ]
INFO: [ app_begin ] --START--
INFO: Run Behavior\ReadHtmlCacheBehavior [ RunTime:0.009571s ]
INFO: [ app_begin ] --END-- [ RunTime:0.009654s ]
SQL: SHOW COLUMNS FROM `tp_index_pic` [ RunTime:0.0126s ]
SQL: SELECT * FROM `tp_index_pic` WHERE `pic_showid` = 1 ORDER BY pic_showid  [ RunTime:0.0202s ]
SQL: SELECT * FROM `tp_index_pic` WHERE ( pic_isshow=1 ) ORDER BY pic_showid  [ RunTime:0.0002s ]
NOTIC: [8] Undefined variable: pics /home/ftp/1520/twtcoder-20140316-KwC/coder.twtstudio.com/twt/Home/Controller/IndexController.class.php 第 26 行.
SQL: SHOW COLUMNS FROM `tp_index_words` [ RunTime:0.0005s ]
SQL: SELECT * FROM `tp_index_words` WHERE `id` = 1 LIMIT 1   [ RunTime:0.0002s ]
SQL: SELECT * FROM `tp_index_words` WHERE `id` = 2 LIMIT 1   [ RunTime:0.0001s ]
INFO: [ view_parse ] --START--
INFO: [ template_filter ] --START--
INFO: Run Behavior\ContentReplaceBehavior [ RunTime:0.000114s ]
INFO: [ template_filter ] --END-- [ RunTime:0.000208s ]
INFO: Run Behavior\ParseTemplateBehavior [ RunTime:0.062227s ]
INFO: [ view_parse ] --END-- [ RunTime:0.062312s ]
INFO: [ view_filter ] --START--
INFO: Run Behavior\WriteHtmlCacheBehavior [ RunTime:0.006395s ]
INFO: [ view_filter ] --END-- [ RunTime:0.006468s ]
INFO: [ app_end ] --START--
INFO: Run Behavior\ShowPageTraceBehavior [ RunTime:0.012278s ]
INFO: [ app_end ] --END-- [ RunTime:0.012354s ]

[ 2016-01-09T02:15:32+08:00 ] 127.0.0.1 /
INFO: [ app_init ] --START--
INFO: Run Behavior\BuildLiteBehavior [ RunTime:0.000019s ]
INFO: [ app_init ] --END-- [ RunTime:0.012097s ]
INFO: [ app_begin ] --START--
INFO: Run Behavior\ReadHtmlCacheBehavior [ RunTime:0.008555s ]
INFO: [ app_begin ] --END-- [ RunTime:0.008637s ]
SQL: SHOW COLUMNS FROM `tp_index_pic` [ RunTime:0.0123s ]
SQL: SELECT * FROM `tp_index_pic` WHERE `pic_showid` = 1 ORDER BY pic_showid  [ RunTime:0.0084s ]
SQL: SELECT * FROM `tp_index_pic` WHERE ( pic_isshow=1 ) ORDER BY pic_showid  [ RunTime:0.0004s ]
NOTIC: [8] Undefined variable: pics /home/ftp/1520/twtcoder-20140316-KwC/coder.twtstudio.com/twt/Home/Controller/IndexController.class.php 第 26 行.
SQL: SHOW COLUMNS FROM `tp_index_words` [ RunTime:0.0040s ]
SQL: SELECT * FROM `tp_index_words` WHERE `id` = 1 LIMIT 1   [ RunTime:0.0042s ]
SQL: SELECT * FROM `tp_index_words` WHERE `id` = 2 LIMIT 1   [ RunTime:0.0003s ]
INFO: [ view_parse ] --START--
INFO: [ template_filter ] --START--
INFO: Run Behavior\ContentReplaceBehavior [ RunTime:0.000110s ]
INFO: [ template_filter ] --END-- [ RunTime:0.000267s ]
INFO: Run Behavior\ParseTemplateBehavior [ RunTime:0.062554s ]
INFO: [ view_parse ] --END-- [ RunTime:0.062643s ]
INFO: [ view_filter ] --START--
INFO: Run Behavior\WriteHtmlCacheBehavior [ RunTime:0.010710s ]
INFO: [ view_filter ] --END-- [ RunTime:0.010784s ]
INFO: [ app_end ] --START--
INFO: Run Behavior\ShowPageTraceBehavior [ RunTime:0.008262s ]
INFO: [ app_end ] --END-- [ RunTime:0.008338s ]

[ 2016-01-09T02:15:42+08:00 ] 127.0.0.1 /index.php/home/project/index
INFO: [ app_init ] --START--
INFO: Run Behavior\BuildLiteBehavior [ RunTime:0.000020s ]
INFO: [ app_init ] --END-- [ RunTime:0.000454s ]
INFO: [ app_begin ] --START--
INFO: Run Behavior\ReadHtmlCacheBehavior [ RunTime:0.000582s ]
INFO: [ app_begin ] --END-- [ RunTime:0.000660s ]
SQL: SHOW COLUMNS FROM `tp_project` [ RunTime:0.0007s ]
SQL: SELECT * FROM `tp_project` ORDER BY project_show_id  [ RunTime:0.0109s ]
SQL: SELECT * FROM `tp_project` WHERE `project_show_id` <= 5 ORDER BY project_show_id  [ RunTime:0.0003s ]
SQL: SELECT * FROM `tp_project` WHERE `project_show_id` > 5 ORDER BY project_show_id  [ RunTime:0.0002s ]
INFO: [ view_parse ] --START--
INFO: [ template_filter ] --START--
INFO: Run Behavior\ContentReplaceBehavior [ RunTime:0.000100s ]
INFO: [ template_filter ] --END-- [ RunTime:0.000187s ]
INFO: Run Behavior\ParseTemplateBehavior [ RunTime:0.016851s ]
INFO: [ view_parse ] --END-- [ RunTime:0.016942s ]
INFO: [ view_filter ] --START--
INFO: Run Behavior\WriteHtmlCacheBehavior [ RunTime:0.000440s ]
INFO: [ view_filter ] --END-- [ RunTime:0.000510s ]
INFO: [ app_end ] --START--
INFO: Run Behavior\ShowPageTraceBehavior [ RunTime:0.000616s ]
INFO: [ app_end ] --END-- [ RunTime:0.000686s ]

[ 2016-01-09T02:16:29+08:00 ] 127.0.0.1 /index.php/home/project/index
INFO: [ app_init ] --START--
INFO: Run Behavior\BuildLiteBehavior [ RunTime:0.000020s ]
INFO: [ app_init ] --END-- [ RunTime:0.000472s ]
INFO: [ app_begin ] --START--
INFO: Run Behavior\ReadHtmlCacheBehavior [ RunTime:0.000592s ]
INFO: [ app_begin ] --END-- [ RunTime:0.000672s ]
SQL: SHOW COLUMNS FROM `tp_project` [ RunTime:0.0007s ]
SQL: SELECT * FROM `tp_project` ORDER BY project_show_id  [ RunTime:0.0005s ]
SQL: SELECT * FROM `tp_project` WHERE `project_show_id` <= 5 ORDER BY project_show_id  [ RunTime:0.0004s ]
SQL: SELECT * FROM `tp_project` WHERE `project_show_id` > 5 ORDER BY project_show_id  [ RunTime:0.0004s ]
INFO: [ view_parse ] --START--
INFO: [ template_filter ] --START--
INFO: Run Behavior\ContentReplaceBehavior [ RunTime:0.000168s ]
INFO: [ template_filter ] --END-- [ RunTime:0.000257s ]
INFO: Run Behavior\ParseTemplateBehavior [ RunTime:0.012125s ]
INFO: [ view_parse ] --END-- [ RunTime:0.012214s ]
INFO: [ view_filter ] --START--
INFO: Run Behavior\WriteHtmlCacheBehavior [ RunTime:0.000433s ]
INFO: [ view_filter ] --END-- [ RunTime:0.000503s ]
INFO: [ app_end ] --START--
INFO: Run Behavior\ShowPageTraceBehavior [ RunTime:0.000688s ]
INFO: [ app_end ] --END-- [ RunTime:0.000757s ]

[ 2016-01-09T02:16:32+08:00 ] 127.0.0.1 /index.php/home/member/index
INFO: [ app_init ] --START--
INFO: Run Behavior\BuildLiteBehavior [ RunTime:0.000020s ]
INFO: [ app_init ] --END-- [ RunTime:0.000452s ]
INFO: [ app_begin ] --START--
INFO: Run Behavior\ReadHtmlCacheBehavior [ RunTime:0.000569s ]
INFO: [ app_begin ] --END-- [ RunTime:0.000646s ]
INFO: [ view_parse ] --START--
INFO: [ template_filter ] --START--
INFO: Run Behavior\ContentReplaceBehavior [ RunTime:0.000077s ]
INFO: [ template_filter ] --END-- [ RunTime:0.000164s ]
INFO: Run Behavior\ParseTemplateBehavior [ RunTime:0.012135s ]
INFO: [ view_parse ] --END-- [ RunTime:0.012221s ]
INFO: [ view_filter ] --START--
INFO: Run Behavior\WriteHtmlCacheBehavior [ RunTime:0.000471s ]
INFO: [ view_filter ] --END-- [ RunTime:0.000543s ]
INFO: [ app_end ] --START--
INFO: Run Behavior\ShowPageTraceBehavior [ RunTime:0.000665s ]
INFO: [ app_end ] --END-- [ RunTime:0.000739s ]

[ 2016-01-09T02:16:32+08:00 ] 127.0.0.1 /index.php/home/member/index
INFO: [ app_init ] --START--
INFO: Run Behavior\BuildLiteBehavior [ RunTime:0.000024s ]
INFO: [ app_init ] --END-- [ RunTime:0.000466s ]
INFO: [ app_begin ] --START--
INFO: Run Behavior\ReadHtmlCacheBehavior [ RunTime:0.000590s ]
INFO: [ app_begin ] --END-- [ RunTime:0.000671s ]
INFO: [ view_parse ] --START--
INFO: [ template_filter ] --START--
INFO: Run Behavior\ContentReplaceBehavior [ RunTime:0.000080s ]
INFO: [ template_filter ] --END-- [ RunTime:0.000174s ]
INFO: Run Behavior\ParseTemplateBehavior [ RunTime:0.013960s ]
INFO: [ view_parse ] --END-- [ RunTime:0.014066s ]
INFO: [ view_filter ] --START--
INFO: Run Behavior\WriteHtmlCacheBehavior [ RunTime:0.000466s ]
INFO: [ view_filter ] --END-- [ RunTime:0.000535s ]
INFO: [ app_end ] --START--
INFO: Run Behavior\ShowPageTraceBehavior [ RunTime:0.000649s ]
INFO: [ app_end ] --END-- [ RunTime:0.000721s ]

[ 2016-01-09T02:16:33+08:00 ] 127.0.0.1 /index.php/Home/TeamIndex/showinfo1
INFO: [ app_init ] --START--
INFO: Run Behavior\BuildLiteBehavior [ RunTime:0.000019s ]
INFO: [ app_init ] --END-- [ RunTime:0.000540s ]
INFO: [ app_begin ] --START--
INFO: Run Behavior\ReadHtmlCacheBehavior [ RunTime:0.000579s ]
INFO: [ app_begin ] --END-- [ RunTime:0.000730s ]
SQL: SHOW COLUMNS FROM `tp_teamer_admin` [ RunTime:0.0007s ]
SQL: SELECT * FROM `tp_teamer_admin` WHERE ( id=1 ) LIMIT 1   [ RunTime:0.0095s ]
SQL: SHOW COLUMNS FROM `tp_teamer` [ RunTime:0.0007s ]
NOTIC: [8] Undefined index: grade /home/ftp/1520/twtcoder-20140316-KwC/coder.twtstudio.com/twt/Home/Controller/TeamIndexController.class.php 第 74 行.
SQL: SELECT `teamer_grade` FROM `tp_teamer` WHERE ( is_new_grade=1 )  [ RunTime:0.0007s ]
SQL: SELECT COUNT(*) AS tp_count FROM `tp_teamer` WHERE ( is_new_grade=1 ) LIMIT 1   [ RunTime:0.0002s ]
SQL: SELECT COUNT(*) AS tp_count FROM `tp_teamer` WHERE ( teamer_grade = 2014 ) LIMIT 1   [ RunTime:0.0002s ]
NOTIC: [8] Undefined variable: link_page /home/ftp/1520/twtcoder-20140316-KwC/coder.twtstudio.com/ThinkPHP/Library/Think/Page.class.php 第 141 行.
SQL: SELECT * FROM `tp_teamer` WHERE ( teamer_grade = 2014 ) LIMIT 0,8   [ RunTime:0.0002s ]
INFO: [ view_parse ] --START--
INFO: [ template_filter ] --START--
INFO: Run Behavior\ContentReplaceBehavior [ RunTime:0.000147s ]
INFO: [ template_filter ] --END-- [ RunTime:0.000229s ]
NOTIC: [8] Undefined variable: obj /home/ftp/1520/twtcoder-20140316-KwC/coder.twtstudio.com/twt/Runtime/Cache/Home/93ebad5c9c2c320ebc37a709f5949b13.php 第 165 行.
NOTIC: [8] Undefined variable: obj /home/ftp/1520/twtcoder-20140316-KwC/coder.twtstudio.com/twt/Runtime/Cache/Home/93ebad5c9c2c320ebc37a709f5949b13.php 第 165 行.
NOTIC: [8] Undefined variable: obj /home/ftp/1520/twtcoder-20140316-KwC/coder.twtstudio.com/twt/Runtime/Cache/Home/93ebad5c9c2c320ebc37a709f5949b13.php 第 167 行.
NOTIC: [8] Undefined offset: 1 /home/ftp/1520/twtcoder-20140316-KwC/coder.twtstudio.com/twt/Runtime/Cache/Home/93ebad5c9c2c320ebc37a709f5949b13.php 第 229 行.
NOTIC: [8] Undefined offset: 2 /home/ftp/1520/twtcoder-20140316-KwC/coder.twtstudio.com/twt/Runtime/Cache/Home/93ebad5c9c2c320ebc37a709f5949b13.php 第 161 行.
NOTIC: [8] Undefined offset: 3 /home/ftp/1520/twtcoder-20140316-KwC/coder.twtstudio.com/twt/Runtime/Cache/Home/93ebad5c9c2c320ebc37a709f5949b13.php 第 229 行.
NOTIC: [8] Undefined offset: 4 /home/ftp/1520/twtcoder-20140316-KwC/coder.twtstudio.com/twt/Runtime/Cache/Home/93ebad5c9c2c320ebc37a709f5949b13.php 第 161 行.
NOTIC: [8] Undefined offset: 5 /home/ftp/1520/twtcoder-20140316-KwC/coder.twtstudio.com/twt/Runtime/Cache/Home/93ebad5c9c2c320ebc37a709f5949b13.php 第 229 行.
NOTIC: [8] Undefined offset: 6 /home/ftp/1520/twtcoder-20140316-KwC/coder.twtstudio.com/twt/Runtime/Cache/Home/93ebad5c9c2c320ebc37a709f5949b13.php 第 161 行.
NOTIC: [8] Undefined offset: 7 /home/ftp/1520/twtcoder-20140316-KwC/coder.twtstudio.com/twt/Runtime/Cache/Home/93ebad5c9c2c320ebc37a709f5949b13.php 第 229 行.
INFO: Run Behavior\ParseTemplateBehavior [ RunTime:0.019567s ]
INFO: [ view_parse ] --END-- [ RunTime:0.019643s ]
INFO: [ view_filter ] --START--
INFO: Run Behavior\WriteHtmlCacheBehavior [ RunTime:0.000511s ]
INFO: [ view_filter ] --END-- [ RunTime:0.000580s ]
INFO: [ app_end ] --START--
INFO: Run Behavior\ShowPageTraceBehavior [ RunTime:0.000613s ]
INFO: [ app_end ] --END-- [ RunTime:0.000683s ]

[ 2016-01-09T02:16:33+08:00 ] 127.0.0.1 /index.php/Home/TeamIndex/showinfo1
INFO: [ app_init ] --START--
INFO: Run Behavior\BuildLiteBehavior [ RunTime:0.000018s ]
INFO: [ app_init ] --END-- [ RunTime:0.000436s ]
INFO: [ app_begin ] --START--
INFO: Run Behavior\ReadHtmlCacheBehavior [ RunTime:0.000565s ]
INFO: [ app_begin ] --END-- [ RunTime:0.000643s ]
SQL: SHOW COLUMNS FROM `tp_teamer_admin` [ RunTime:0.0006s ]
SQL: SELECT * FROM `tp_teamer_admin` WHERE ( id=1 ) LIMIT 1   [ RunTime:0.0002s ]
SQL: SHOW COLUMNS FROM `tp_teamer` [ RunTime:0.0005s ]
NOTIC: [8] Undefined index: grade /home/ftp/1520/twtcoder-20140316-KwC/coder.twtstudio.com/twt/Home/Controller/TeamIndexController.class.php 第 74 行.
SQL: SELECT `teamer_grade` FROM `tp_teamer` WHERE ( is_new_grade=1 )  [ RunTime:0.0002s ]
SQL: SELECT COUNT(*) AS tp_count FROM `tp_teamer` WHERE ( is_new_grade=1 ) LIMIT 1   [ RunTime:0.0001s ]
SQL: SELECT COUNT(*) AS tp_count FROM `tp_teamer` WHERE ( teamer_grade = 2014 ) LIMIT 1   [ RunTime:0.0002s ]
NOTIC: [8] Undefined variable: link_page /home/ftp/1520/twtcoder-20140316-KwC/coder.twtstudio.com/ThinkPHP/Library/Think/Page.class.php 第 141 行.
SQL: SELECT * FROM `tp_teamer` WHERE ( teamer_grade = 2014 ) LIMIT 0,8   [ RunTime:0.0002s ]
INFO: [ view_parse ] --START--
INFO: [ template_filter ] --START--
INFO: Run Behavior\ContentReplaceBehavior [ RunTime:0.000104s ]
INFO: [ template_filter ] --END-- [ RunTime:0.000190s ]
NOTIC: [8] Undefined variable: obj /home/ftp/1520/twtcoder-20140316-KwC/coder.twtstudio.com/twt/Runtime/Cache/Home/93ebad5c9c2c320ebc37a709f5949b13.php 第 165 行.
NOTIC: [8] Undefined variable: obj /home/ftp/1520/twtcoder-20140316-KwC/coder.twtstudio.com/twt/Runtime/Cache/Home/93ebad5c9c2c320ebc37a709f5949b13.php 第 165 行.
NOTIC: [8] Undefined variable: obj /home/ftp/1520/twtcoder-20140316-KwC/coder.twtstudio.com/twt/Runtime/Cache/Home/93ebad5c9c2c320ebc37a709f5949b13.php 第 167 行.
NOTIC: [8] Undefined offset: 1 /home/ftp/1520/twtcoder-20140316-KwC/coder.twtstudio.com/twt/Runtime/Cache/Home/93ebad5c9c2c320ebc37a709f5949b13.php 第 229 行.
NOTIC: [8] Undefined offset: 2 /home/ftp/1520/twtcoder-20140316-KwC/coder.twtstudio.com/twt/Runtime/Cache/Home/93ebad5c9c2c320ebc37a709f5949b13.php 第 161 行.
NOTIC: [8] Undefined offset: 3 /home/ftp/1520/twtcoder-20140316-KwC/coder.twtstudio.com/twt/Runtime/Cache/Home/93ebad5c9c2c320ebc37a709f5949b13.php 第 229 行.
NOTIC: [8] Undefined offset: 4 /home/ftp/1520/twtcoder-20140316-KwC/coder.twtstudio.com/twt/Runtime/Cache/Home/93ebad5c9c2c320ebc37a709f5949b13.php 第 161 行.
NOTIC: [8] Undefined offset: 5 /home/ftp/1520/twtcoder-20140316-KwC/coder.twtstudio.com/twt/Runtime/Cache/Home/93ebad5c9c2c320ebc37a709f5949b13.php 第 229 行.
NOTIC: [8] Undefined offset: 6 /home/ftp/1520/twtcoder-20140316-KwC/coder.twtstudio.com/twt/Runtime/Cache/Home/93ebad5c9c2c320ebc37a709f5949b13.php 第 161 行.
NOTIC: [8] Undefined offset: 7 /home/ftp/1520/twtcoder-20140316-KwC/coder.twtstudio.com/twt/Runtime/Cache/Home/93ebad5c9c2c320ebc37a709f5949b13.php 第 229 行.
INFO: Run Behavior\ParseTemplateBehavior [ RunTime:0.013424s ]
INFO: [ view_parse ] --END-- [ RunTime:0.013517s ]
INFO: [ view_filter ] --START--
INFO: Run Behavior\WriteHtmlCacheBehavior [ RunTime:0.000326s ]
INFO: [ view_filter ] --END-- [ RunTime:0.000378s ]
INFO: [ app_end ] --START--
INFO: Run Behavior\ShowPageTraceBehavior [ RunTime:0.000459s ]
INFO: [ app_end ] --END-- [ RunTime:0.000517s ]

[ 2016-01-09T02:16:37+08:00 ] 127.0.0.1 /index.php/home/project/index
INFO: [ app_init ] --START--
INFO: Run Behavior\BuildLiteBehavior [ RunTime:0.000022s ]
INFO: [ app_init ] --END-- [ RunTime:0.000463s ]
INFO: [ app_begin ] --START--
INFO: Run Behavior\ReadHtmlCacheBehavior [ RunTime:0.000579s ]
INFO: [ app_begin ] --END-- [ RunTime:0.000657s ]
SQL: SHOW COLUMNS FROM `tp_project` [ RunTime:0.0006s ]
SQL: SELECT * FROM `tp_project` ORDER BY project_show_id  [ RunTime:0.0003s ]
SQL: SELECT * FROM `tp_project` WHERE `project_show_id` <= 5 ORDER BY project_show_id  [ RunTime:0.0002s ]
SQL: SELECT * FROM `tp_project` WHERE `project_show_id` > 5 ORDER BY project_show_id  [ RunTime:0.0003s ]
INFO: [ view_parse ] --START--
INFO: [ template_filter ] --START--
INFO: Run Behavior\ContentReplaceBehavior [ RunTime:0.000088s ]
INFO: [ template_filter ] --END-- [ RunTime:0.000181s ]
INFO: Run Behavior\ParseTemplateBehavior [ RunTime:0.009660s ]
INFO: [ view_parse ] --END-- [ RunTime:0.009725s ]
INFO: [ view_filter ] --START--
INFO: Run Behavior\WriteHtmlCacheBehavior [ RunTime:0.000349s ]
INFO: [ view_filter ] --END-- [ RunTime:0.000404s ]
INFO: [ app_end ] --START--
INFO: Run Behavior\ShowPageTraceBehavior [ RunTime:0.000489s ]
INFO: [ app_end ] --END-- [ RunTime:0.000544s ]

[ 2016-01-09T02:16:48+08:00 ] 127.0.0.1 /?page=twt&do=api&action=check
INFO: [ app_init ] --START--
INFO: Run Behavior\BuildLiteBehavior [ RunTime:0.000019s ]
INFO: [ app_init ] --END-- [ RunTime:0.000372s ]
INFO: [ app_begin ] --START--
INFO: Run Behavior\ReadHtmlCacheBehavior [ RunTime:0.000470s ]
INFO: [ app_begin ] --END-- [ RunTime:0.000528s ]
SQL: SHOW COLUMNS FROM `tp_index_pic` [ RunTime:0.0008s ]
SQL: SELECT * FROM `tp_index_pic` WHERE `pic_showid` = 1 ORDER BY pic_showid  [ RunTime:0.0003s ]
SQL: SELECT * FROM `tp_index_pic` WHERE ( pic_isshow=1 ) ORDER BY pic_showid  [ RunTime:0.0002s ]
NOTIC: [8] Undefined variable: pics /home/ftp/1520/twtcoder-20140316-KwC/coder.twtstudio.com/twt/Home/Controller/IndexController.class.php 第 26 行.
SQL: SHOW COLUMNS FROM `tp_index_words` [ RunTime:0.0004s ]
SQL: SELECT * FROM `tp_index_words` WHERE `id` = 1 LIMIT 1   [ RunTime:0.0003s ]
SQL: SELECT * FROM `tp_index_words` WHERE `id` = 2 LIMIT 1   [ RunTime:0.0001s ]
INFO: [ view_parse ] --START--
INFO: [ template_filter ] --START--
INFO: Run Behavior\ContentReplaceBehavior [ RunTime:0.000095s ]
INFO: [ template_filter ] --END-- [ RunTime:0.000176s ]
INFO: Run Behavior\ParseTemplateBehavior [ RunTime:0.009817s ]
INFO: [ view_parse ] --END-- [ RunTime:0.009880s ]
INFO: [ view_filter ] --START--
INFO: Run Behavior\WriteHtmlCacheBehavior [ RunTime:0.000351s ]
INFO: [ view_filter ] --END-- [ RunTime:0.000398s ]
INFO: [ app_end ] --START--
INFO: Run Behavior\ShowPageTraceBehavior [ RunTime:0.000478s ]
INFO: [ app_end ] --END-- [ RunTime:0.000588s ]

[ 2016-01-09T02:16:58+08:00 ] 127.0.0.1 /?page=twt&do=api&action=check
INFO: [ app_init ] --START--
INFO: Run Behavior\BuildLiteBehavior [ RunTime:0.000019s ]
INFO: [ app_init ] --END-- [ RunTime:0.000447s ]
INFO: [ app_begin ] --START--
INFO: Run Behavior\ReadHtmlCacheBehavior [ RunTime:0.000563s ]
INFO: [ app_begin ] --END-- [ RunTime:0.000636s ]
SQL: SHOW COLUMNS FROM `tp_index_pic` [ RunTime:0.0006s ]
SQL: SELECT * FROM `tp_index_pic` WHERE `pic_showid` = 1 ORDER BY pic_showid  [ RunTime:0.0004s ]
SQL: SELECT * FROM `tp_index_pic` WHERE ( pic_isshow=1 ) ORDER BY pic_showid  [ RunTime:0.0002s ]
NOTIC: [8] Undefined variable: pics /home/ftp/1520/twtcoder-20140316-KwC/coder.twtstudio.com/twt/Home/Controller/IndexController.class.php 第 26 行.
SQL: SHOW COLUMNS FROM `tp_index_words` [ RunTime:0.0004s ]
SQL: SELECT * FROM `tp_index_words` WHERE `id` = 1 LIMIT 1   [ RunTime:0.0003s ]
SQL: SELECT * FROM `tp_index_words` WHERE `id` = 2 LIMIT 1   [ RunTime:0.0003s ]
INFO: [ view_parse ] --START--
INFO: [ template_filter ] --START--
INFO: Run Behavior\ContentReplaceBehavior [ RunTime:0.000085s ]
INFO: [ template_filter ] --END-- [ RunTime:0.000148s ]
INFO: Run Behavior\ParseTemplateBehavior [ RunTime:0.009580s ]
INFO: [ view_parse ] --END-- [ RunTime:0.009638s ]
INFO: [ view_filter ] --START--
INFO: Run Behavior\WriteHtmlCacheBehavior [ RunTime:0.000405s ]
INFO: [ view_filter ] --END-- [ RunTime:0.000454s ]
INFO: [ app_end ] --START--
INFO: Run Behavior\ShowPageTraceBehavior [ RunTime:0.000461s ]
INFO: [ app_end ] --END-- [ RunTime:0.000513s ]

[ 2016-01-09T06:49:15+08:00 ] 127.0.0.1 /
INFO: [ app_init ] --START--
INFO: Run Behavior\BuildLiteBehavior [ RunTime:0.000020s ]
INFO: [ app_init ] --END-- [ RunTime:0.000496s ]
INFO: [ app_begin ] --START--
INFO: Run Behavior\ReadHtmlCacheBehavior [ RunTime:0.000662s ]
INFO: [ app_begin ] --END-- [ RunTime:0.000740s ]
SQL: SHOW COLUMNS FROM `tp_index_pic` [ RunTime:0.0007s ]
SQL: SELECT * FROM `tp_index_pic` WHERE `pic_showid` = 1 ORDER BY pic_showid  [ RunTime:0.0003s ]
SQL: SELECT * FROM `tp_index_pic` WHERE ( pic_isshow=1 ) ORDER BY pic_showid  [ RunTime:0.0002s ]
NOTIC: [8] Undefined variable: pics /home/ftp/1520/twtcoder-20140316-KwC/coder.twtstudio.com/twt/Home/Controller/IndexController.class.php 第 26 行.
SQL: SHOW COLUMNS FROM `tp_index_words` [ RunTime:0.0005s ]
SQL: SELECT * FROM `tp_index_words` WHERE `id` = 1 LIMIT 1   [ RunTime:0.0003s ]
SQL: SELECT * FROM `tp_index_words` WHERE `id` = 2 LIMIT 1   [ RunTime:0.0002s ]
INFO: [ view_parse ] --START--
INFO: [ template_filter ] --START--
INFO: Run Behavior\ContentReplaceBehavior [ RunTime:0.000085s ]
INFO: [ template_filter ] --END-- [ RunTime:0.000151s ]
INFO: Run Behavior\ParseTemplateBehavior [ RunTime:0.010840s ]
INFO: [ view_parse ] --END-- [ RunTime:0.010979s ]
INFO: [ view_filter ] --START--
INFO: Run Behavior\WriteHtmlCacheBehavior [ RunTime:0.000334s ]
INFO: [ view_filter ] --END-- [ RunTime:0.000387s ]
INFO: [ app_end ] --START--
INFO: Run Behavior\ShowPageTraceBehavior [ RunTime:0.000549s ]
INFO: [ app_end ] --END-- [ RunTime:0.000604s ]

[ 2016-01-09T06:49:19+08:00 ] 127.0.0.1 /index.php/home/index/index
INFO: [ app_init ] --START--
INFO: Run Behavior\BuildLiteBehavior [ RunTime:0.000024s ]
INFO: [ app_init ] --END-- [ RunTime:0.000509s ]
INFO: [ app_begin ] --START--
INFO: Run Behavior\ReadHtmlCacheBehavior [ RunTime:0.000626s ]
INFO: [ app_begin ] --END-- [ RunTime:0.000709s ]
SQL: SHOW COLUMNS FROM `tp_index_pic` [ RunTime:0.0008s ]
SQL: SELECT * FROM `tp_index_pic` WHERE `pic_showid` = 1 ORDER BY pic_showid  [ RunTime:0.0004s ]
SQL: SELECT * FROM `tp_index_pic` WHERE ( pic_isshow=1 ) ORDER BY pic_showid  [ RunTime:0.0002s ]
NOTIC: [8] Undefined variable: pics /home/ftp/1520/twtcoder-20140316-KwC/coder.twtstudio.com/twt/Home/Controller/IndexController.class.php 第 26 行.
SQL: SHOW COLUMNS FROM `tp_index_words` [ RunTime:0.0012s ]
SQL: SELECT * FROM `tp_index_words` WHERE `id` = 1 LIMIT 1   [ RunTime:0.0005s ]
SQL: SELECT * FROM `tp_index_words` WHERE `id` = 2 LIMIT 1   [ RunTime:0.0002s ]
INFO: [ view_parse ] --START--
INFO: [ template_filter ] --START--
INFO: Run Behavior\ContentReplaceBehavior [ RunTime:0.000096s ]
INFO: [ template_filter ] --END-- [ RunTime:0.000182s ]
INFO: Run Behavior\ParseTemplateBehavior [ RunTime:0.011116s ]
INFO: [ view_parse ] --END-- [ RunTime:0.011184s ]
INFO: [ view_filter ] --START--
INFO: Run Behavior\WriteHtmlCacheBehavior [ RunTime:0.000351s ]
INFO: [ view_filter ] --END-- [ RunTime:0.000404s ]
INFO: [ app_end ] --START--
INFO: Run Behavior\ShowPageTraceBehavior [ RunTime:0.000530s ]
INFO: [ app_end ] --END-- [ RunTime:0.000584s ]

[ 2016-01-09T06:49:21+08:00 ] 127.0.0.1 /index.php/home/about/index
INFO: [ app_init ] --START--
INFO: Run Behavior\BuildLiteBehavior [ RunTime:0.000019s ]
INFO: [ app_init ] --END-- [ RunTime:0.000452s ]
INFO: [ app_begin ] --START--
INFO: Run Behavior\ReadHtmlCacheBehavior [ RunTime:0.000580s ]
INFO: [ app_begin ] --END-- [ RunTime:0.000658s ]
INFO: [ view_parse ] --START--
INFO: [ template_filter ] --START--
INFO: Run Behavior\ContentReplaceBehavior [ RunTime:0.000072s ]
INFO: [ template_filter ] --END-- [ RunTime:0.000151s ]
INFO: Run Behavior\ParseTemplateBehavior [ RunTime:0.016108s ]
INFO: [ view_parse ] --END-- [ RunTime:0.016193s ]
INFO: [ view_filter ] --START--
INFO: Run Behavior\WriteHtmlCacheBehavior [ RunTime:0.000435s ]
INFO: [ view_filter ] --END-- [ RunTime:0.000504s ]
INFO: [ app_end ] --START--
INFO: Run Behavior\ShowPageTraceBehavior [ RunTime:0.000624s ]
INFO: [ app_end ] --END-- [ RunTime:0.000694s ]

[ 2016-01-09T06:49:23+08:00 ] 127.0.0.1 /index.php/home/project/index
INFO: [ app_init ] --START--
INFO: Run Behavior\BuildLiteBehavior [ RunTime:0.000019s ]
INFO: [ app_init ] --END-- [ RunTime:0.000454s ]
INFO: [ app_begin ] --START--
INFO: Run Behavior\ReadHtmlCacheBehavior [ RunTime:0.000596s ]
INFO: [ app_begin ] --END-- [ RunTime:0.000664s ]
SQL: SHOW COLUMNS FROM `tp_project` [ RunTime:0.0006s ]
SQL: SELECT * FROM `tp_project` ORDER BY project_show_id  [ RunTime:0.0003s ]
SQL: SELECT * FROM `tp_project` WHERE `project_show_id` <= 5 ORDER BY project_show_id  [ RunTime:0.0001s ]
SQL: SELECT * FROM `tp_project` WHERE `project_show_id` > 5 ORDER BY project_show_id  [ RunTime:0.0001s ]
INFO: [ view_parse ] --START--
INFO: [ template_filter ] --START--
INFO: Run Behavior\ContentReplaceBehavior [ RunTime:0.000076s ]
INFO: [ template_filter ] --END-- [ RunTime:0.000142s ]
INFO: Run Behavior\ParseTemplateBehavior [ RunTime:0.010192s ]
INFO: [ view_parse ] --END-- [ RunTime:0.010260s ]
INFO: [ view_filter ] --START--
INFO: Run Behavior\WriteHtmlCacheBehavior [ RunTime:0.000377s ]
INFO: [ view_filter ] --END-- [ RunTime:0.000430s ]
INFO: [ app_end ] --START--
INFO: Run Behavior\ShowPageTraceBehavior [ RunTime:0.000481s ]
INFO: [ app_end ] --END-- [ RunTime:0.000536s ]

[ 2016-01-09T06:49:25+08:00 ] 127.0.0.1 /index.php/Home/TeamIndex/showinfo1
INFO: [ app_init ] --START--
INFO: Run Behavior\BuildLiteBehavior [ RunTime:0.000020s ]
INFO: [ app_init ] --END-- [ RunTime:0.000456s ]
INFO: [ app_begin ] --START--
INFO: Run Behavior\ReadHtmlCacheBehavior [ RunTime:0.000593s ]
INFO: [ app_begin ] --END-- [ RunTime:0.000671s ]
SQL: SHOW COLUMNS FROM `tp_teamer_admin` [ RunTime:0.0006s ]
SQL: SELECT * FROM `tp_teamer_admin` WHERE ( id=1 ) LIMIT 1   [ RunTime:0.0003s ]
SQL: SHOW COLUMNS FROM `tp_teamer` [ RunTime:0.0006s ]
NOTIC: [8] Undefined index: grade /home/ftp/1520/twtcoder-20140316-KwC/coder.twtstudio.com/twt/Home/Controller/TeamIndexController.class.php 第 74 行.
SQL: SELECT `teamer_grade` FROM `tp_teamer` WHERE ( is_new_grade=1 )  [ RunTime:0.0003s ]
SQL: SELECT COUNT(*) AS tp_count FROM `tp_teamer` WHERE ( is_new_grade=1 ) LIMIT 1   [ RunTime:0.0001s ]
SQL: SELECT COUNT(*) AS tp_count FROM `tp_teamer` WHERE ( teamer_grade = 2014 ) LIMIT 1   [ RunTime:0.0001s ]
NOTIC: [8] Undefined variable: link_page /home/ftp/1520/twtcoder-20140316-KwC/coder.twtstudio.com/ThinkPHP/Library/Think/Page.class.php 第 141 行.
SQL: SELECT * FROM `tp_teamer` WHERE ( teamer_grade = 2014 ) LIMIT 0,8   [ RunTime:0.0002s ]
INFO: [ view_parse ] --START--
INFO: [ template_filter ] --START--
INFO: Run Behavior\ContentReplaceBehavior [ RunTime:0.000111s ]
INFO: [ template_filter ] --END-- [ RunTime:0.000175s ]
NOTIC: [8] Undefined variable: obj /home/ftp/1520/twtcoder-20140316-KwC/coder.twtstudio.com/twt/Runtime/Cache/Home/93ebad5c9c2c320ebc37a709f5949b13.php 第 165 行.
NOTIC: [8] Undefined variable: obj /home/ftp/1520/twtcoder-20140316-KwC/coder.twtstudio.com/twt/Runtime/Cache/Home/93ebad5c9c2c320ebc37a709f5949b13.php 第 165 行.
NOTIC: [8] Undefined variable: obj /home/ftp/1520/twtcoder-20140316-KwC/coder.twtstudio.com/twt/Runtime/Cache/Home/93ebad5c9c2c320ebc37a709f5949b13.php 第 167 行.
NOTIC: [8] Undefined offset: 1 /home/ftp/1520/twtcoder-20140316-KwC/coder.twtstudio.com/twt/Runtime/Cache/Home/93ebad5c9c2c320ebc37a709f5949b13.php 第 229 行.
NOTIC: [8] Undefined offset: 2 /home/ftp/1520/twtcoder-20140316-KwC/coder.twtstudio.com/twt/Runtime/Cache/Home/93ebad5c9c2c320ebc37a709f5949b13.php 第 161 行.
NOTIC: [8] Undefined offset: 3 /home/ftp/1520/twtcoder-20140316-KwC/coder.twtstudio.com/twt/Runtime/Cache/Home/93ebad5c9c2c320ebc37a709f5949b13.php 第 229 行.
NOTIC: [8] Undefined offset: 4 /home/ftp/1520/twtcoder-20140316-KwC/coder.twtstudio.com/twt/Runtime/Cache/Home/93ebad5c9c2c320ebc37a709f5949b13.php 第 161 行.
NOTIC: [8] Undefined offset: 5 /home/ftp/1520/twtcoder-20140316-KwC/coder.twtstudio.com/twt/Runtime/Cache/Home/93ebad5c9c2c320ebc37a709f5949b13.php 第 229 行.
NOTIC: [8] Undefined offset: 6 /home/ftp/1520/twtcoder-20140316-KwC/coder.twtstudio.com/twt/Runtime/Cache/Home/93ebad5c9c2c320ebc37a709f5949b13.php 第 161 行.
NOTIC: [8] Undefined offset: 7 /home/ftp/1520/twtcoder-20140316-KwC/coder.twtstudio.com/twt/Runtime/Cache/Home/93ebad5c9c2c320ebc37a709f5949b13.php 第 229 行.
INFO: Run Behavior\ParseTemplateBehavior [ RunTime:0.012573s ]
INFO: [ view_parse ] --END-- [ RunTime:0.012630s ]
INFO: [ view_filter ] --START--
INFO: Run Behavior\WriteHtmlCacheBehavior [ RunTime:0.000337s ]
INFO: [ view_filter ] --END-- [ RunTime:0.000394s ]
INFO: [ app_end ] --START--
INFO: Run Behavior\ShowPageTraceBehavior [ RunTime:0.000474s ]
INFO: [ app_end ] --END-- [ RunTime:0.000529s ]

[ 2016-01-09T06:49:28+08:00 ] 127.0.0.1 /index.php/home/member/index
INFO: [ app_init ] --START--
INFO: Run Behavior\BuildLiteBehavior [ RunTime:0.000019s ]
INFO: [ app_init ] --END-- [ RunTime:0.000493s ]
INFO: [ app_begin ] --START--
INFO: Run Behavior\ReadHtmlCacheBehavior [ RunTime:0.000575s ]
INFO: [ app_begin ] --END-- [ RunTime:0.000654s ]
INFO: [ view_parse ] --START--
INFO: [ template_filter ] --START--
INFO: Run Behavior\ContentReplaceBehavior [ RunTime:0.000073s ]
INFO: [ template_filter ] --END-- [ RunTime:0.000158s ]
INFO: Run Behavior\ParseTemplateBehavior [ RunTime:0.007981s ]
INFO: [ view_parse ] --END-- [ RunTime:0.008060s ]
INFO: [ view_filter ] --START--
INFO: Run Behavior\WriteHtmlCacheBehavior [ RunTime:0.000365s ]
INFO: [ view_filter ] --END-- [ RunTime:0.000487s ]
INFO: [ app_end ] --START--
INFO: Run Behavior\ShowPageTraceBehavior [ RunTime:0.000473s ]
INFO: [ app_end ] --END-- [ RunTime:0.000527s ]

[ 2016-01-09T07:40:10+08:00 ] 127.0.0.1 /
INFO: [ app_init ] --START--
INFO: Run Behavior\BuildLiteBehavior [ RunTime:0.000020s ]
INFO: [ app_init ] --END-- [ RunTime:0.000455s ]
INFO: [ app_begin ] --START--
INFO: Run Behavior\ReadHtmlCacheBehavior [ RunTime:0.000578s ]
INFO: [ app_begin ] --END-- [ RunTime:0.000656s ]
SQL: SHOW COLUMNS FROM `tp_index_pic` [ RunTime:0.0006s ]
SQL: SELECT * FROM `tp_index_pic` WHERE `pic_showid` = 1 ORDER BY pic_showid  [ RunTime:0.0003s ]
SQL: SELECT * FROM `tp_index_pic` WHERE ( pic_isshow=1 ) ORDER BY pic_showid  [ RunTime:0.0002s ]
NOTIC: [8] Undefined variable: pics /home/ftp/1520/twtcoder-20140316-KwC/coder.twtstudio.com/twt/Home/Controller/IndexController.class.php 第 26 行.
SQL: SHOW COLUMNS FROM `tp_index_words` [ RunTime:0.0003s ]
SQL: SELECT * FROM `tp_index_words` WHERE `id` = 1 LIMIT 1   [ RunTime:0.0002s ]
SQL: SELECT * FROM `tp_index_words` WHERE `id` = 2 LIMIT 1   [ RunTime:0.0002s ]
INFO: [ view_parse ] --START--
INFO: [ template_filter ] --START--
INFO: Run Behavior\ContentReplaceBehavior [ RunTime:0.000090s ]
INFO: [ template_filter ] --END-- [ RunTime:0.000157s ]
INFO: Run Behavior\ParseTemplateBehavior [ RunTime:0.009678s ]
INFO: [ view_parse ] --END-- [ RunTime:0.009744s ]
INFO: [ view_filter ] --START--
INFO: Run Behavior\WriteHtmlCacheBehavior [ RunTime:0.000337s ]
INFO: [ view_filter ] --END-- [ RunTime:0.000390s ]
INFO: [ app_end ] --START--
INFO: Run Behavior\ShowPageTraceBehavior [ RunTime:0.000475s ]
INFO: [ app_end ] --END-- [ RunTime:0.000529s ]

[ 2016-01-09T09:27:45+08:00 ] 127.0.0.1 /
INFO: [ app_init ] --START--
INFO: Run Behavior\BuildLiteBehavior [ RunTime:0.000019s ]
INFO: [ app_init ] --END-- [ RunTime:0.000461s ]
INFO: [ app_begin ] --START--
INFO: Run Behavior\ReadHtmlCacheBehavior [ RunTime:0.000586s ]
INFO: [ app_begin ] --END-- [ RunTime:0.000664s ]
SQL: SHOW COLUMNS FROM `tp_index_pic` [ RunTime:0.0007s ]
SQL: SELECT * FROM `tp_index_pic` WHERE `pic_showid` = 1 ORDER BY pic_showid  [ RunTime:0.0003s ]
SQL: SELECT * FROM `tp_index_pic` WHERE ( pic_isshow=1 ) ORDER BY pic_showid  [ RunTime:0.0002s ]
NOTIC: [8] Undefined variable: pics /home/ftp/1520/twtcoder-20140316-KwC/coder.twtstudio.com/twt/Home/Controller/IndexController.class.php 第 26 行.
SQL: SHOW COLUMNS FROM `tp_index_words` [ RunTime:0.0004s ]
SQL: SELECT * FROM `tp_index_words` WHERE `id` = 1 LIMIT 1   [ RunTime:0.0004s ]
SQL: SELECT * FROM `tp_index_words` WHERE `id` = 2 LIMIT 1   [ RunTime:0.0001s ]
INFO: [ view_parse ] --START--
INFO: [ template_filter ] --START--
INFO: Run Behavior\ContentReplaceBehavior [ RunTime:0.000088s ]
INFO: [ template_filter ] --END-- [ RunTime:0.000155s ]
INFO: Run Behavior\ParseTemplateBehavior [ RunTime:0.009616s ]
INFO: [ view_parse ] --END-- [ RunTime:0.009682s ]
INFO: [ view_filter ] --START--
INFO: Run Behavior\WriteHtmlCacheBehavior [ RunTime:0.000341s ]
INFO: [ view_filter ] --END-- [ RunTime:0.000394s ]
INFO: [ app_end ] --START--
INFO: Run Behavior\ShowPageTraceBehavior [ RunTime:0.000474s ]
INFO: [ app_end ] --END-- [ RunTime:0.000528s ]

[ 2016-01-09T12:37:54+08:00 ] 127.0.0.1 /index.php/home/about/index
INFO: [ app_init ] --START--
INFO: Run Behavior\BuildLiteBehavior [ RunTime:0.000023s ]
INFO: [ app_init ] --END-- [ RunTime:0.021540s ]
INFO: [ app_begin ] --START--
INFO: Run Behavior\ReadHtmlCacheBehavior [ RunTime:0.007002s ]
INFO: [ app_begin ] --END-- [ RunTime:0.007088s ]
INFO: [ view_parse ] --START--
INFO: [ template_filter ] --START--
INFO: Run Behavior\ContentReplaceBehavior [ RunTime:0.000065s ]
INFO: [ template_filter ] --END-- [ RunTime:0.000153s ]
INFO: Run Behavior\ParseTemplateBehavior [ RunTime:0.033344s ]
INFO: [ view_parse ] --END-- [ RunTime:0.033476s ]
INFO: [ view_filter ] --START--
INFO: Run Behavior\WriteHtmlCacheBehavior [ RunTime:0.007509s ]
INFO: [ view_filter ] --END-- [ RunTime:0.007600s ]
INFO: [ app_end ] --START--
INFO: Run Behavior\ShowPageTraceBehavior [ RunTime:0.002262s ]
INFO: [ app_end ] --END-- [ RunTime:0.002325s ]

[ 2016-01-09T12:39:36+08:00 ] 127.0.0.1 /index.php/home/index/index
INFO: [ app_init ] --START--
INFO: Run Behavior\BuildLiteBehavior [ RunTime:0.000020s ]
INFO: [ app_init ] --END-- [ RunTime:0.000451s ]
INFO: [ app_begin ] --START--
INFO: Run Behavior\ReadHtmlCacheBehavior [ RunTime:0.000575s ]
INFO: [ app_begin ] --END-- [ RunTime:0.000655s ]
SQL: SHOW COLUMNS FROM `tp_index_pic` [ RunTime:0.0051s ]
SQL: SELECT * FROM `tp_index_pic` WHERE `pic_showid` = 1 ORDER BY pic_showid  [ RunTime:0.0244s ]
SQL: SELECT * FROM `tp_index_pic` WHERE ( pic_isshow=1 ) ORDER BY pic_showid  [ RunTime:0.0002s ]
NOTIC: [8] Undefined variable: pics /home/ftp/1520/twtcoder-20140316-KwC/coder.twtstudio.com/twt/Home/Controller/IndexController.class.php 第 26 行.
SQL: SHOW COLUMNS FROM `tp_index_words` [ RunTime:0.0043s ]
SQL: SELECT * FROM `tp_index_words` WHERE `id` = 1 LIMIT 1   [ RunTime:0.0041s ]
SQL: SELECT * FROM `tp_index_words` WHERE `id` = 2 LIMIT 1   [ RunTime:0.0002s ]
INFO: [ view_parse ] --START--
INFO: [ template_filter ] --START--
INFO: Run Behavior\ContentReplaceBehavior [ RunTime:0.000116s ]
INFO: [ template_filter ] --END-- [ RunTime:0.000206s ]
INFO: Run Behavior\ParseTemplateBehavior [ RunTime:0.036478s ]
INFO: [ view_parse ] --END-- [ RunTime:0.036573s ]
INFO: [ view_filter ] --START--
INFO: Run Behavior\WriteHtmlCacheBehavior [ RunTime:0.000527s ]
INFO: [ view_filter ] --END-- [ RunTime:0.000597s ]
INFO: [ app_end ] --START--
INFO: Run Behavior\ShowPageTraceBehavior [ RunTime:0.000611s ]
INFO: [ app_end ] --END-- [ RunTime:0.000685s ]

[ 2016-01-09T12:43:54+08:00 ] 127.0.0.1 /index.php/home/member/index
INFO: [ app_init ] --START--
INFO: Run Behavior\BuildLiteBehavior [ RunTime:0.000020s ]
INFO: [ app_init ] --END-- [ RunTime:0.000456s ]
INFO: [ app_begin ] --START--
INFO: Run Behavior\ReadHtmlCacheBehavior [ RunTime:0.000578s ]
INFO: [ app_begin ] --END-- [ RunTime:0.000656s ]
INFO: [ view_parse ] --START--
INFO: [ template_filter ] --START--
INFO: Run Behavior\ContentReplaceBehavior [ RunTime:0.000072s ]
INFO: [ template_filter ] --END-- [ RunTime:0.000150s ]
INFO: Run Behavior\ParseTemplateBehavior [ RunTime:0.015062s ]
INFO: [ view_parse ] --END-- [ RunTime:0.015147s ]
INFO: [ view_filter ] --START--
INFO: Run Behavior\WriteHtmlCacheBehavior [ RunTime:0.000476s ]
INFO: [ view_filter ] --END-- [ RunTime:0.000543s ]
INFO: [ app_end ] --START--
INFO: Run Behavior\ShowPageTraceBehavior [ RunTime:0.000603s ]
INFO: [ app_end ] --END-- [ RunTime:0.000674s ]

[ 2016-01-09T13:06:56+08:00 ] 127.0.0.1 /index.php/home/project/index
INFO: [ app_init ] --START--
INFO: Run Behavior\BuildLiteBehavior [ RunTime:0.000020s ]
INFO: [ app_init ] --END-- [ RunTime:0.000371s ]
INFO: [ app_begin ] --START--
INFO: Run Behavior\ReadHtmlCacheBehavior [ RunTime:0.000449s ]
INFO: [ app_begin ] --END-- [ RunTime:0.000512s ]
SQL: SHOW COLUMNS FROM `tp_project` [ RunTime:0.0007s ]
SQL: SELECT * FROM `tp_project` ORDER BY project_show_id  [ RunTime:0.0172s ]
SQL: SELECT * FROM `tp_project` WHERE `project_show_id` <= 5 ORDER BY project_show_id  [ RunTime:0.0003s ]
SQL: SELECT * FROM `tp_project` WHERE `project_show_id` > 5 ORDER BY project_show_id  [ RunTime:0.0002s ]
INFO: [ view_parse ] --START--
INFO: [ template_filter ] --START--
INFO: Run Behavior\ContentReplaceBehavior [ RunTime:0.000153s ]
INFO: [ template_filter ] --END-- [ RunTime:0.000256s ]
INFO: Run Behavior\ParseTemplateBehavior [ RunTime:0.024752s ]
INFO: [ view_parse ] --END-- [ RunTime:0.024866s ]
INFO: [ view_filter ] --START--
INFO: Run Behavior\WriteHtmlCacheBehavior [ RunTime:0.000447s ]
INFO: [ view_filter ] --END-- [ RunTime:0.000518s ]
INFO: [ app_end ] --START--
INFO: Run Behavior\ShowPageTraceBehavior [ RunTime:0.000620s ]
INFO: [ app_end ] --END-- [ RunTime:0.000690s ]

[ 2016-01-09T15:57:25+08:00 ] 127.0.0.1 /
INFO: [ app_init ] --START--
INFO: Run Behavior\BuildLiteBehavior [ RunTime:0.000022s ]
INFO: [ app_init ] --END-- [ RunTime:0.017214s ]
INFO: [ app_begin ] --START--
INFO: Run Behavior\ReadHtmlCacheBehavior [ RunTime:0.003291s ]
INFO: [ app_begin ] --END-- [ RunTime:0.003374s ]
SQL: SHOW COLUMNS FROM `tp_index_pic` [ RunTime:0.0131s ]
SQL: SELECT * FROM `tp_index_pic` WHERE `pic_showid` = 1 ORDER BY pic_showid  [ RunTime:0.0041s ]
SQL: SELECT * FROM `tp_index_pic` WHERE ( pic_isshow=1 ) ORDER BY pic_showid  [ RunTime:0.0002s ]
NOTIC: [8] Undefined variable: pics /home/ftp/1520/twtcoder-20140316-KwC/coder.twtstudio.com/twt/Home/Controller/IndexController.class.php 第 26 行.
SQL: SHOW COLUMNS FROM `tp_index_words` [ RunTime:0.0052s ]
SQL: SELECT * FROM `tp_index_words` WHERE `id` = 1 LIMIT 1   [ RunTime:0.0095s ]
SQL: SELECT * FROM `tp_index_words` WHERE `id` = 2 LIMIT 1   [ RunTime:0.0002s ]
INFO: [ view_parse ] --START--
INFO: [ template_filter ] --START--
INFO: Run Behavior\ContentReplaceBehavior [ RunTime:0.000112s ]
INFO: [ template_filter ] --END-- [ RunTime:0.000200s ]
INFO: Run Behavior\ParseTemplateBehavior [ RunTime:0.073492s ]
INFO: [ view_parse ] --END-- [ RunTime:0.073581s ]
INFO: [ view_filter ] --START--
INFO: Run Behavior\WriteHtmlCacheBehavior [ RunTime:0.012625s ]
INFO: [ view_filter ] --END-- [ RunTime:0.012699s ]
INFO: [ app_end ] --START--
INFO: Run Behavior\ShowPageTraceBehavior [ RunTime:0.012088s ]
INFO: [ app_end ] --END-- [ RunTime:0.012163s ]

[ 2016-01-09T16:50:45+08:00 ] 127.0.0.1 /
INFO: [ app_init ] --START--
INFO: Run Behavior\BuildLiteBehavior [ RunTime:0.000025s ]
INFO: [ app_init ] --END-- [ RunTime:0.013986s ]
INFO: [ app_begin ] --START--
INFO: Run Behavior\ReadHtmlCacheBehavior [ RunTime:0.007825s ]
INFO: [ app_begin ] --END-- [ RunTime:0.007909s ]
SQL: SHOW COLUMNS FROM `tp_index_pic` [ RunTime:0.0007s ]
SQL: SELECT * FROM `tp_index_pic` WHERE `pic_showid` = 1 ORDER BY pic_showid  [ RunTime:0.0126s ]
SQL: SELECT * FROM `tp_index_pic` WHERE ( pic_isshow=1 ) ORDER BY pic_showid  [ RunTime:0.0003s ]
NOTIC: [8] Undefined variable: pics /home/ftp/1520/twtcoder-20140316-KwC/coder.twtstudio.com/twt/Home/Controller/IndexController.class.php 第 26 行.
SQL: SHOW COLUMNS FROM `tp_index_words` [ RunTime:0.0006s ]
SQL: SELECT * FROM `tp_index_words` WHERE `id` = 1 LIMIT 1   [ RunTime:0.0058s ]
SQL: SELECT * FROM `tp_index_words` WHERE `id` = 2 LIMIT 1   [ RunTime:0.0002s ]
INFO: [ view_parse ] --START--
INFO: [ template_filter ] --START--
INFO: Run Behavior\ContentReplaceBehavior [ RunTime:0.000112s ]
INFO: [ template_filter ] --END-- [ RunTime:0.000198s ]
INFO: Run Behavior\ParseTemplateBehavior [ RunTime:0.055477s ]
INFO: [ view_parse ] --END-- [ RunTime:0.055566s ]
INFO: [ view_filter ] --START--
INFO: Run Behavior\WriteHtmlCacheBehavior [ RunTime:0.012299s ]
INFO: [ view_filter ] --END-- [ RunTime:0.012372s ]
INFO: [ app_end ] --START--
INFO: Run Behavior\ShowPageTraceBehavior [ RunTime:0.007095s ]
INFO: [ app_end ] --END-- [ RunTime:0.007188s ]

[ 2016-01-09T19:10:38+08:00 ] 127.0.0.1 /
INFO: [ app_init ] --START--
INFO: Run Behavior\BuildLiteBehavior [ RunTime:0.000020s ]
INFO: [ app_init ] --END-- [ RunTime:0.000498s ]
INFO: [ app_begin ] --START--
INFO: Run Behavior\ReadHtmlCacheBehavior [ RunTime:0.003388s ]
INFO: [ app_begin ] --END-- [ RunTime:0.003469s ]
SQL: SHOW COLUMNS FROM `tp_index_pic` [ RunTime:0.0050s ]
SQL: SELECT * FROM `tp_index_pic` WHERE `pic_showid` = 1 ORDER BY pic_showid  [ RunTime:0.0082s ]
SQL: SELECT * FROM `tp_index_pic` WHERE ( pic_isshow=1 ) ORDER BY pic_showid  [ RunTime:0.0003s ]
NOTIC: [8] Undefined variable: pics /home/ftp/1520/twtcoder-20140316-KwC/coder.twtstudio.com/twt/Home/Controller/IndexController.class.php 第 26 行.
SQL: SHOW COLUMNS FROM `tp_index_words` [ RunTime:0.0042s ]
SQL: SELECT * FROM `tp_index_words` WHERE `id` = 1 LIMIT 1   [ RunTime:0.0042s ]
SQL: SELECT * FROM `tp_index_words` WHERE `id` = 2 LIMIT 1   [ RunTime:0.0002s ]
INFO: [ view_parse ] --START--
INFO: [ template_filter ] --START--
INFO: Run Behavior\ContentReplaceBehavior [ RunTime:0.000108s ]
INFO: [ template_filter ] --END-- [ RunTime:0.000194s ]
INFO: Run Behavior\ParseTemplateBehavior [ RunTime:0.043851s ]
INFO: [ view_parse ] --END-- [ RunTime:0.043937s ]
INFO: [ view_filter ] --START--
INFO: Run Behavior\WriteHtmlCacheBehavior [ RunTime:0.007280s ]
INFO: [ view_filter ] --END-- [ RunTime:0.007353s ]
INFO: [ app_end ] --START--
INFO: Run Behavior\ShowPageTraceBehavior [ RunTime:0.001406s ]
INFO: [ app_end ] --END-- [ RunTime:0.001478s ]

[ 2016-01-09T19:12:52+08:00 ] 127.0.0.1 /?page=index
INFO: [ app_init ] --START--
INFO: Run Behavior\BuildLiteBehavior [ RunTime:0.000019s ]
INFO: [ app_init ] --END-- [ RunTime:0.000451s ]
INFO: [ app_begin ] --START--
INFO: Run Behavior\ReadHtmlCacheBehavior [ RunTime:0.000567s ]
INFO: [ app_begin ] --END-- [ RunTime:0.000644s ]
SQL: SHOW COLUMNS FROM `tp_index_pic` [ RunTime:0.0007s ]
SQL: SELECT * FROM `tp_index_pic` WHERE `pic_showid` = 1 ORDER BY pic_showid  [ RunTime:0.0004s ]
SQL: SELECT * FROM `tp_index_pic` WHERE ( pic_isshow=1 ) ORDER BY pic_showid  [ RunTime:0.0003s ]
NOTIC: [8] Undefined variable: pics /home/ftp/1520/twtcoder-20140316-KwC/coder.twtstudio.com/twt/Home/Controller/IndexController.class.php 第 26 行.
SQL: SHOW COLUMNS FROM `tp_index_words` [ RunTime:0.0005s ]
SQL: SELECT * FROM `tp_index_words` WHERE `id` = 1 LIMIT 1   [ RunTime:0.0002s ]
SQL: SELECT * FROM `tp_index_words` WHERE `id` = 2 LIMIT 1   [ RunTime:0.0002s ]
INFO: [ view_parse ] --START--
INFO: [ template_filter ] --START--
INFO: Run Behavior\ContentReplaceBehavior [ RunTime:0.000083s ]
INFO: [ template_filter ] --END-- [ RunTime:0.000142s ]
INFO: Run Behavior\ParseTemplateBehavior [ RunTime:0.039812s ]
INFO: [ view_parse ] --END-- [ RunTime:0.039915s ]
INFO: [ view_filter ] --START--
INFO: Run Behavior\WriteHtmlCacheBehavior [ RunTime:0.000446s ]
INFO: [ view_filter ] --END-- [ RunTime:0.000515s ]
INFO: [ app_end ] --START--
INFO: Run Behavior\ShowPageTraceBehavior [ RunTime:0.000617s ]
INFO: [ app_end ] --END-- [ RunTime:0.000686s ]

[ 2016-01-09T19:17:36+08:00 ] 127.0.0.1 /index.php/home/about/index
INFO: [ app_init ] --START--
INFO: Run Behavior\BuildLiteBehavior [ RunTime:0.000022s ]
INFO: [ app_init ] --END-- [ RunTime:0.000457s ]
INFO: [ app_begin ] --START--
INFO: Run Behavior\ReadHtmlCacheBehavior [ RunTime:0.000571s ]
INFO: [ app_begin ] --END-- [ RunTime:0.000649s ]
INFO: [ view_parse ] --START--
INFO: [ template_filter ] --START--
INFO: Run Behavior\ContentReplaceBehavior [ RunTime:0.000079s ]
INFO: [ template_filter ] --END-- [ RunTime:0.000169s ]
INFO: Run Behavior\ParseTemplateBehavior [ RunTime:0.018390s ]
INFO: [ view_parse ] --END-- [ RunTime:0.018486s ]
INFO: [ view_filter ] --START--
INFO: Run Behavior\WriteHtmlCacheBehavior [ RunTime:0.000503s ]
INFO: [ view_filter ] --END-- [ RunTime:0.000575s ]
INFO: [ app_end ] --START--
INFO: Run Behavior\ShowPageTraceBehavior [ RunTime:0.000684s ]
INFO: [ app_end ] --END-- [ RunTime:0.000758s ]

[ 2016-01-09T19:21:24+08:00 ] 127.0.0.1 /index.php/home/index/index
INFO: [ app_init ] --START--
INFO: Run Behavior\BuildLiteBehavior [ RunTime:0.000019s ]
INFO: [ app_init ] --END-- [ RunTime:0.000496s ]
INFO: [ app_begin ] --START--
INFO: Run Behavior\ReadHtmlCacheBehavior [ RunTime:0.000640s ]
INFO: [ app_begin ] --END-- [ RunTime:0.000717s ]
SQL: SHOW COLUMNS FROM `tp_index_pic` [ RunTime:0.0006s ]
SQL: SELECT * FROM `tp_index_pic` WHERE `pic_showid` = 1 ORDER BY pic_showid  [ RunTime:0.0003s ]
SQL: SELECT * FROM `tp_index_pic` WHERE ( pic_isshow=1 ) ORDER BY pic_showid  [ RunTime:0.0002s ]
NOTIC: [8] Undefined variable: pics /home/ftp/1520/twtcoder-20140316-KwC/coder.twtstudio.com/twt/Home/Controller/IndexController.class.php 第 26 行.
SQL: SHOW COLUMNS FROM `tp_index_words` [ RunTime:0.0005s ]
SQL: SELECT * FROM `tp_index_words` WHERE `id` = 1 LIMIT 1   [ RunTime:0.0003s ]
SQL: SELECT * FROM `tp_index_words` WHERE `id` = 2 LIMIT 1   [ RunTime:0.0002s ]
INFO: [ view_parse ] --START--
INFO: [ template_filter ] --START--
INFO: Run Behavior\ContentReplaceBehavior [ RunTime:0.000088s ]
INFO: [ template_filter ] --END-- [ RunTime:0.000154s ]
INFO: Run Behavior\ParseTemplateBehavior [ RunTime:0.009656s ]
INFO: [ view_parse ] --END-- [ RunTime:0.009721s ]
INFO: [ view_filter ] --START--
INFO: Run Behavior\WriteHtmlCacheBehavior [ RunTime:0.000326s ]
INFO: [ view_filter ] --END-- [ RunTime:0.000379s ]
INFO: [ app_end ] --START--
INFO: Run Behavior\ShowPageTraceBehavior [ RunTime:0.000462s ]
INFO: [ app_end ] --END-- [ RunTime:0.000567s ]

[ 2016-01-09T22:37:56+08:00 ] 127.0.0.1 /index.php/home/project/index
INFO: [ app_init ] --START--
INFO: Run Behavior\BuildLiteBehavior [ RunTime:0.000032s ]
INFO: [ app_init ] --END-- [ RunTime:0.025291s ]
INFO: [ app_begin ] --START--
INFO: Run Behavior\ReadHtmlCacheBehavior [ RunTime:0.003929s ]
INFO: [ app_begin ] --END-- [ RunTime:0.004046s ]
SQL: SHOW COLUMNS FROM `tp_project` [ RunTime:0.0104s ]
SQL: SELECT * FROM `tp_project` ORDER BY project_show_id  [ RunTime:0.0086s ]
SQL: SELECT * FROM `tp_project` WHERE `project_show_id` <= 5 ORDER BY project_show_id  [ RunTime:0.0002s ]
SQL: SELECT * FROM `tp_project` WHERE `project_show_id` > 5 ORDER BY project_show_id  [ RunTime:0.0002s ]
INFO: [ view_parse ] --START--
INFO: [ template_filter ] --START--
INFO: Run Behavior\ContentReplaceBehavior [ RunTime:0.000095s ]
INFO: [ template_filter ] --END-- [ RunTime:0.000184s ]
INFO: Run Behavior\ParseTemplateBehavior [ RunTime:0.046910s ]
INFO: [ view_parse ] --END-- [ RunTime:0.047001s ]
INFO: [ view_filter ] --START--
INFO: Run Behavior\WriteHtmlCacheBehavior [ RunTime:0.016219s ]
INFO: [ view_filter ] --END-- [ RunTime:0.016298s ]
INFO: [ app_end ] --START--
INFO: Run Behavior\ShowPageTraceBehavior [ RunTime:0.005812s ]
INFO: [ app_end ] --END-- [ RunTime:0.005887s ]

[ 2016-01-09T22:37:59+08:00 ] 127.0.0.1 /
INFO: [ app_init ] --START--
INFO: Run Behavior\BuildLiteBehavior [ RunTime:0.000020s ]
INFO: [ app_init ] --END-- [ RunTime:0.000382s ]
INFO: [ app_begin ] --START--
INFO: Run Behavior\ReadHtmlCacheBehavior [ RunTime:0.000443s ]
INFO: [ app_begin ] --END-- [ RunTime:0.000505s ]
SQL: SHOW COLUMNS FROM `tp_index_pic` [ RunTime:0.0041s ]
SQL: SELECT * FROM `tp_index_pic` WHERE `pic_showid` = 1 ORDER BY pic_showid  [ RunTime:0.0082s ]
SQL: SELECT * FROM `tp_index_pic` WHERE ( pic_isshow=1 ) ORDER BY pic_showid  [ RunTime:0.0003s ]
NOTIC: [8] Undefined variable: pics /home/ftp/1520/twtcoder-20140316-KwC/coder.twtstudio.com/twt/Home/Controller/IndexController.class.php 第 26 行.
SQL: SHOW COLUMNS FROM `tp_index_words` [ RunTime:0.0006s ]
SQL: SELECT * FROM `tp_index_words` WHERE `id` = 1 LIMIT 1   [ RunTime:0.0040s ]
SQL: SELECT * FROM `tp_index_words` WHERE `id` = 2 LIMIT 1   [ RunTime:0.0002s ]
INFO: [ view_parse ] --START--
INFO: [ template_filter ] --START--
INFO: Run Behavior\ContentReplaceBehavior [ RunTime:0.000093s ]
INFO: [ template_filter ] --END-- [ RunTime:0.000185s ]
INFO: Run Behavior\ParseTemplateBehavior [ RunTime:0.015711s ]
INFO: [ view_parse ] --END-- [ RunTime:0.015815s ]
INFO: [ view_filter ] --START--
INFO: Run Behavior\WriteHtmlCacheBehavior [ RunTime:0.000379s ]
INFO: [ view_filter ] --END-- [ RunTime:0.000433s ]
INFO: [ app_end ] --START--
INFO: Run Behavior\ShowPageTraceBehavior [ RunTime:0.000487s ]
INFO: [ app_end ] --END-- [ RunTime:0.000542s ]

[ 2016-01-09T22:38:09+08:00 ] 127.0.0.1 /index.php/home/member/index
INFO: [ app_init ] --START--
INFO: Run Behavior\BuildLiteBehavior [ RunTime:0.000019s ]
INFO: [ app_init ] --END-- [ RunTime:0.000450s ]
INFO: [ app_begin ] --START--
INFO: Run Behavior\ReadHtmlCacheBehavior [ RunTime:0.000563s ]
INFO: [ app_begin ] --END-- [ RunTime:0.000640s ]
INFO: [ view_parse ] --START--
INFO: [ template_filter ] --START--
INFO: Run Behavior\ContentReplaceBehavior [ RunTime:0.000077s ]
INFO: [ template_filter ] --END-- [ RunTime:0.000168s ]
INFO: Run Behavior\ParseTemplateBehavior [ RunTime:0.010397s ]
INFO: [ view_parse ] --END-- [ RunTime:0.010493s ]
INFO: [ view_filter ] --START--
INFO: Run Behavior\WriteHtmlCacheBehavior [ RunTime:0.000419s ]
INFO: [ view_filter ] --END-- [ RunTime:0.000488s ]
INFO: [ app_end ] --START--
INFO: Run Behavior\ShowPageTraceBehavior [ RunTime:0.000598s ]
INFO: [ app_end ] --END-- [ RunTime:0.000671s ]

[ 2016-01-09T23:57:20+08:00 ] 127.0.0.1 /
INFO: [ app_init ] --START--
INFO: Run Behavior\BuildLiteBehavior [ RunTime:0.000025s ]
INFO: [ app_init ] --END-- [ RunTime:0.017882s ]
INFO: [ app_begin ] --START--
INFO: Run Behavior\ReadHtmlCacheBehavior [ RunTime:0.007420s ]
INFO: [ app_begin ] --END-- [ RunTime:0.007539s ]
SQL: SHOW COLUMNS FROM `tp_index_pic` [ RunTime:0.0196s ]
SQL: SELECT * FROM `tp_index_pic` WHERE `pic_showid` = 1 ORDER BY pic_showid  [ RunTime:0.0083s ]
SQL: SELECT * FROM `tp_index_pic` WHERE ( pic_isshow=1 ) ORDER BY pic_showid  [ RunTime:0.0002s ]
NOTIC: [8] Undefined variable: pics /home/ftp/1520/twtcoder-20140316-KwC/coder.twtstudio.com/twt/Home/Controller/IndexController.class.php 第 26 行.
SQL: SHOW COLUMNS FROM `tp_index_words` [ RunTime:0.0044s ]
SQL: SELECT * FROM `tp_index_words` WHERE `id` = 1 LIMIT 1   [ RunTime:0.0121s ]
SQL: SELECT * FROM `tp_index_words` WHERE `id` = 2 LIMIT 1   [ RunTime:0.0002s ]
INFO: [ view_parse ] --START--
INFO: [ template_filter ] --START--
INFO: Run Behavior\ContentReplaceBehavior [ RunTime:0.000118s ]
INFO: [ template_filter ] --END-- [ RunTime:0.000220s ]
INFO: Run Behavior\ParseTemplateBehavior [ RunTime:0.041457s ]
INFO: [ view_parse ] --END-- [ RunTime:0.041547s ]
INFO: [ view_filter ] --START--
INFO: Run Behavior\WriteHtmlCacheBehavior [ RunTime:0.019103s ]
INFO: [ view_filter ] --END-- [ RunTime:0.019177s ]
INFO: [ app_end ] --START--
INFO: Run Behavior\ShowPageTraceBehavior [ RunTime:0.002622s ]
INFO: [ app_end ] --END-- [ RunTime:0.002698s ]

