[ 2016-05-31T18:00:38+08:00 ] 127.0.0.1 /admin.php
INFO: [ app_init ] --START--
INFO: Run Behavior\BuildLiteBehavior [ RunTime:0.000021s ]
INFO: [ app_init ] --END-- [ RunTime:0.000478s ]
INFO: [ app_begin ] --START--
INFO: Run Behavior\ReadHtmlCacheBehavior [ RunTime:0.000642s ]
INFO: [ app_begin ] --END-- [ RunTime:0.000723s ]
NOTIC: [2048] Declaration of Home\Controller\IndexController::show() should be compatible with that of Think\Controller::show() /home/ftp/1520/twtcoder-20140316-KwC/coder.twtstudio.com/admin/Home/Controller/IndexController.class.php 第 7 行.
INFO: [ view_parse ] --START--
INFO: [ template_filter ] --START--
INFO: Run Behavior\ContentReplaceBehavior [ RunTime:0.000064s ]
INFO: [ template_filter ] --END-- [ RunTime:0.000149s ]
INFO: Run Behavior\ParseTemplateBehavior [ RunTime:0.036636s ]
INFO: [ view_parse ] --END-- [ RunTime:0.036718s ]
INFO: [ view_filter ] --START--
INFO: Run Behavior\WriteHtmlCacheBehavior [ RunTime:0.000445s ]
INFO: [ view_filter ] --END-- [ RunTime:0.000512s ]

[ 2016-05-31T18:00:38+08:00 ] 127.0.0.1 /admin.php
INFO: [ app_init ] --START--
INFO: Run Behavior\BuildLiteBehavior [ RunTime:0.000018s ]
INFO: [ app_init ] --END-- [ RunTime:0.000511s ]
INFO: [ app_begin ] --START--
INFO: Run Behavior\ReadHtmlCacheBehavior [ RunTime:0.000670s ]
INFO: [ app_begin ] --END-- [ RunTime:0.000747s ]
NOTIC: [2048] Declaration of Home\Controller\IndexController::show() should be compatible with that of Think\Controller::show() /home/ftp/1520/twtcoder-20140316-KwC/coder.twtstudio.com/admin/Home/Controller/IndexController.class.php 第 7 行.
INFO: [ view_parse ] --START--
INFO: [ template_filter ] --START--
INFO: Run Behavior\ContentReplaceBehavior [ RunTime:0.000050s ]
INFO: [ template_filter ] --END-- [ RunTime:0.000113s ]
INFO: Run Behavior\ParseTemplateBehavior [ RunTime:0.006466s ]
INFO: [ view_parse ] --END-- [ RunTime:0.006549s ]
INFO: [ view_filter ] --START--
INFO: Run Behavior\WriteHtmlCacheBehavior [ RunTime:0.000393s ]
INFO: [ view_filter ] --END-- [ RunTime:0.000448s ]

[ 2016-05-31T18:00:39+08:00 ] 127.0.0.1 /admin.php/home/login/login
INFO: [ app_init ] --START--
INFO: Run Behavior\BuildLiteBehavior [ RunTime:0.000019s ]
INFO: [ app_init ] --END-- [ RunTime:0.000476s ]
INFO: [ app_begin ] --START--
INFO: Run Behavior\ReadHtmlCacheBehavior [ RunTime:0.000588s ]
INFO: [ app_begin ] --END-- [ RunTime:0.000667s ]
INFO: [ view_parse ] --START--
INFO: [ template_filter ] --START--
INFO: Run Behavior\ContentReplaceBehavior [ RunTime:0.000053s ]
INFO: [ template_filter ] --END-- [ RunTime:0.000129s ]
INFO: Run Behavior\ParseTemplateBehavior [ RunTime:0.014783s ]
INFO: [ view_parse ] --END-- [ RunTime:0.014869s ]
INFO: [ view_filter ] --START--
INFO: Run Behavior\WriteHtmlCacheBehavior [ RunTime:0.000510s ]
INFO: [ view_filter ] --END-- [ RunTime:0.000578s ]
INFO: [ app_end ] --START--
INFO: Run Behavior\ShowPageTraceBehavior [ RunTime:0.000723s ]
INFO: [ app_end ] --END-- [ RunTime:0.000795s ]

[ 2016-05-31T18:00:44+08:00 ] 127.0.0.1 /admin.php/home/login/login
INFO: [ app_init ] --START--
INFO: Run Behavior\BuildLiteBehavior [ RunTime:0.000019s ]
INFO: [ app_init ] --END-- [ RunTime:0.000393s ]
INFO: [ app_begin ] --START--
INFO: Run Behavior\ReadHtmlCacheBehavior [ RunTime:0.000481s ]
INFO: [ app_begin ] --END-- [ RunTime:0.000547s ]
SQL: SHOW COLUMNS FROM `tp_user` [ RunTime:0.0152s ]
SQL: SELECT `id`,`password` FROM `tp_user` WHERE `username` = 'admin2' LIMIT 1   [ RunTime:0.0007s ]
INFO: [ view_parse ] --START--
INFO: [ template_filter ] --START--
INFO: Run Behavior\ContentReplaceBehavior [ RunTime:0.000072s ]
INFO: [ template_filter ] --END-- [ RunTime:0.000176s ]
INFO: Run Behavior\ParseTemplateBehavior [ RunTime:0.008577s ]
INFO: [ view_parse ] --END-- [ RunTime:0.008671s ]
INFO: [ view_filter ] --START--
INFO: Run Behavior\WriteHtmlCacheBehavior [ RunTime:0.000551s ]
INFO: [ view_filter ] --END-- [ RunTime:0.000619s ]
INFO: [ app_end ] --START--
INFO: Run Behavior\ShowPageTraceBehavior [ RunTime:0.000690s ]
INFO: [ app_end ] --END-- [ RunTime:0.000765s ]

[ 2016-05-31T18:00:45+08:00 ] 127.0.0.1 /admin.php/Home/Index/index.html
INFO: [ app_init ] --START--
INFO: Run Behavior\BuildLiteBehavior [ RunTime:0.000023s ]
INFO: [ app_init ] --END-- [ RunTime:0.000487s ]
INFO: [ app_begin ] --START--
INFO: Run Behavior\ReadHtmlCacheBehavior [ RunTime:0.000598s ]
INFO: [ app_begin ] --END-- [ RunTime:0.000677s ]
NOTIC: [2048] Declaration of Home\Controller\IndexController::show() should be compatible with that of Think\Controller::show() /home/ftp/1520/twtcoder-20140316-KwC/coder.twtstudio.com/admin/Home/Controller/IndexController.class.php 第 7 行.
SQL: SHOW COLUMNS FROM `tp_index_pic` [ RunTime:0.0007s ]
SQL: SELECT * FROM `tp_index_pic`  [ RunTime:0.0004s ]
INFO: [ view_parse ] --START--
INFO: [ template_filter ] --START--
INFO: Run Behavior\ContentReplaceBehavior [ RunTime:0.000115s ]
INFO: [ template_filter ] --END-- [ RunTime:0.000219s ]
INFO: Run Behavior\ParseTemplateBehavior [ RunTime:0.023707s ]
INFO: [ view_parse ] --END-- [ RunTime:0.023812s ]
INFO: [ view_filter ] --START--
INFO: Run Behavior\WriteHtmlCacheBehavior [ RunTime:0.000472s ]
INFO: [ view_filter ] --END-- [ RunTime:0.000542s ]
INFO: [ app_end ] --START--
INFO: Run Behavior\ShowPageTraceBehavior [ RunTime:0.000639s ]
INFO: [ app_end ] --END-- [ RunTime:0.000712s ]

[ 2016-05-31T18:00:54+08:00 ] 127.0.0.1 /admin.php/Home/Team/member_table
INFO: [ app_init ] --START--
INFO: Run Behavior\BuildLiteBehavior [ RunTime:0.000020s ]
INFO: [ app_init ] --END-- [ RunTime:0.000473s ]
INFO: [ app_begin ] --START--
INFO: Run Behavior\ReadHtmlCacheBehavior [ RunTime:0.000610s ]
INFO: [ app_begin ] --END-- [ RunTime:0.000688s ]
SQL: SHOW COLUMNS FROM `tp_teamer` [ RunTime:0.0008s ]
SQL: SELECT `teamer_grade` FROM `tp_teamer` WHERE ( is_new_grade=1 )  [ RunTime:0.0003s ]
SQL: SELECT COUNT(*) AS tp_count FROM `tp_teamer` WHERE ( is_new_grade=1 ) LIMIT 1   [ RunTime:0.0002s ]
NOTIC: [8] Undefined index: grade /home/ftp/1520/twtcoder-20140316-KwC/coder.twtstudio.com/admin/Home/Controller/TeamController.class.php 第 83 行.
SQL: SELECT COUNT(*) AS tp_count FROM `tp_teamer` WHERE ( teamer_grade = 2013 ) LIMIT 1   [ RunTime:0.0001s ]
NOTIC: [8] Undefined variable: link_page /home/ftp/1520/twtcoder-20140316-KwC/coder.twtstudio.com/ThinkPHP/Library/Think/Page.class.php 第 141 行.
SQL: SELECT * FROM `tp_teamer` WHERE ( teamer_grade = 2013 ) LIMIT 0,10   [ RunTime:0.0002s ]
INFO: [ view_parse ] --START--
INFO: [ template_filter ] --START--
INFO: Run Behavior\ContentReplaceBehavior [ RunTime:0.000138s ]
INFO: [ template_filter ] --END-- [ RunTime:0.000221s ]
INFO: Run Behavior\ParseTemplateBehavior [ RunTime:0.019877s ]
INFO: [ view_parse ] --END-- [ RunTime:0.019977s ]
INFO: [ view_filter ] --START--
INFO: Run Behavior\WriteHtmlCacheBehavior [ RunTime:0.000453s ]
INFO: [ view_filter ] --END-- [ RunTime:0.000527s ]
INFO: [ app_end ] --START--
INFO: Run Behavior\ShowPageTraceBehavior [ RunTime:0.000639s ]
INFO: [ app_end ] --END-- [ RunTime:0.000708s ]

[ 2016-05-31T18:00:56+08:00 ] 127.0.0.1 /admin.php/Home/Team/member_table?grade=2015
INFO: [ app_init ] --START--
INFO: Run Behavior\BuildLiteBehavior [ RunTime:0.000019s ]
INFO: [ app_init ] --END-- [ RunTime:0.000481s ]
INFO: [ app_begin ] --START--
INFO: Run Behavior\ReadHtmlCacheBehavior [ RunTime:0.000588s ]
INFO: [ app_begin ] --END-- [ RunTime:0.000666s ]
SQL: SHOW COLUMNS FROM `tp_teamer` [ RunTime:0.0007s ]
SQL: SELECT `teamer_grade` FROM `tp_teamer` WHERE ( is_new_grade=1 )  [ RunTime:0.0004s ]
SQL: SELECT COUNT(*) AS tp_count FROM `tp_teamer` WHERE ( is_new_grade=1 ) LIMIT 1   [ RunTime:0.0002s ]
SQL: SELECT COUNT(*) AS tp_count FROM `tp_teamer` WHERE ( teamer_grade = 2015 ) LIMIT 1   [ RunTime:0.0001s ]
NOTIC: [8] Undefined variable: link_page /home/ftp/1520/twtcoder-20140316-KwC/coder.twtstudio.com/ThinkPHP/Library/Think/Page.class.php 第 141 行.
SQL: SELECT * FROM `tp_teamer` WHERE ( teamer_grade = 2015 ) LIMIT 0,10   [ RunTime:0.0002s ]
INFO: [ view_parse ] --START--
INFO: [ template_filter ] --START--
INFO: Run Behavior\ContentReplaceBehavior [ RunTime:0.000100s ]
INFO: [ template_filter ] --END-- [ RunTime:0.000160s ]
INFO: Run Behavior\ParseTemplateBehavior [ RunTime:0.011450s ]
INFO: [ view_parse ] --END-- [ RunTime:0.011518s ]
INFO: [ view_filter ] --START--
INFO: Run Behavior\WriteHtmlCacheBehavior [ RunTime:0.000342s ]
INFO: [ view_filter ] --END-- [ RunTime:0.000395s ]
INFO: [ app_end ] --START--
INFO: Run Behavior\ShowPageTraceBehavior [ RunTime:0.000497s ]
INFO: [ app_end ] --END-- [ RunTime:0.000552s ]

[ 2016-05-31T18:02:08+08:00 ] 127.0.0.1 /admin.php/Home/Team/updateinfo?teamer_id=147&grade=2015
INFO: [ app_init ] --START--
INFO: Run Behavior\BuildLiteBehavior [ RunTime:0.000020s ]
INFO: [ app_init ] --END-- [ RunTime:0.000468s ]
INFO: [ app_begin ] --START--
INFO: Run Behavior\ReadHtmlCacheBehavior [ RunTime:0.000595s ]
INFO: [ app_begin ] --END-- [ RunTime:0.000673s ]
SQL: SHOW COLUMNS FROM `tp_teamer` [ RunTime:0.0008s ]
SQL: SELECT * FROM `tp_teamer` WHERE ( id = 147 )  [ RunTime:0.0004s ]
INFO: [ view_parse ] --START--
INFO: [ template_filter ] --START--
INFO: Run Behavior\ContentReplaceBehavior [ RunTime:0.000141s ]
INFO: [ template_filter ] --END-- [ RunTime:0.000230s ]
INFO: Run Behavior\ParseTemplateBehavior [ RunTime:0.033747s ]
INFO: [ view_parse ] --END-- [ RunTime:0.033836s ]
INFO: [ view_filter ] --START--
INFO: Run Behavior\WriteHtmlCacheBehavior [ RunTime:0.000459s ]
INFO: [ view_filter ] --END-- [ RunTime:0.000529s ]
INFO: [ view_parse ] --START--
INFO: Run Behavior\ParseTemplateBehavior [ RunTime:0.014504s ]
INFO: [ view_parse ] --END-- [ RunTime:-0.000629s ]
INFO: [ view_filter ] --START--
INFO: Run Behavior\WriteHtmlCacheBehavior [ RunTime:0.000016s ]
INFO: [ view_filter ] --END-- [ RunTime:-0.014697s ]
INFO: [ app_end ] --START--
INFO: Run Behavior\ShowPageTraceBehavior [ RunTime:0.000652s ]
INFO: [ app_end ] --END-- [ RunTime:0.000725s ]

[ 2016-05-31T18:02:54+08:00 ] 127.0.0.1 /admin.php/Home/Team/saveinfo?teamer_id=147&grade=2015
INFO: [ app_init ] --START--
INFO: Run Behavior\BuildLiteBehavior [ RunTime:0.000017s ]
INFO: [ app_init ] --END-- [ RunTime:0.000436s ]
INFO: [ app_begin ] --START--
INFO: Run Behavior\ReadHtmlCacheBehavior [ RunTime:0.000586s ]
INFO: [ app_begin ] --END-- [ RunTime:0.000652s ]
SQL: SHOW COLUMNS FROM `tp_teamer` [ RunTime:0.0007s ]
SQL: SELECT * FROM `tp_teamer` WHERE ( id=147 ) LIMIT 1   [ RunTime:0.0006s ]
SQL: UPDATE `tp_teamer` SET `teamer_name`=' 谢娟',`teamer_grade`='2015',`teamer_group`='产品组',`teamer_school`='软件学院',`teamer_go`='' WHERE `id` = 147 [ RunTime:0.0666s ]
SQL: SELECT `teamer_grade` FROM `tp_teamer` WHERE ( is_new_grade=1 )  [ RunTime:0.0004s ]
SQL: SELECT COUNT(*) AS tp_count FROM `tp_teamer` WHERE ( is_new_grade=1 ) LIMIT 1   [ RunTime:0.0003s ]
SQL: SELECT COUNT(*) AS tp_count FROM `tp_teamer` WHERE ( teamer_grade = 2015 ) LIMIT 1   [ RunTime:0.0002s ]
NOTIC: [8] Undefined variable: link_page /home/ftp/1520/twtcoder-20140316-KwC/coder.twtstudio.com/ThinkPHP/Library/Think/Page.class.php 第 141 行.
SQL: SELECT * FROM `tp_teamer` WHERE ( teamer_grade = 2015 ) LIMIT 0,10   [ RunTime:0.0003s ]
INFO: [ view_parse ] --START--
INFO: [ template_filter ] --START--
INFO: Run Behavior\ContentReplaceBehavior [ RunTime:0.000114s ]
INFO: [ template_filter ] --END-- [ RunTime:0.000197s ]
INFO: Run Behavior\ParseTemplateBehavior [ RunTime:0.014891s ]
INFO: [ view_parse ] --END-- [ RunTime:0.014974s ]
INFO: [ view_filter ] --START--
INFO: Run Behavior\WriteHtmlCacheBehavior [ RunTime:0.000363s ]
INFO: [ view_filter ] --END-- [ RunTime:0.000417s ]
INFO: [ view_parse ] --START--
NOTIC: [2] is_file(): File name is longer than the maximum allowed path length on this platform (4096): <!doctype html>
<html class="no-js">
<head>
    <meta charset="utf-8">
    <meta http-equiv="X-UA-Compatible" content="IE=edge">
    <title>天外天Coder后台管理系统</title>
    <meta name="description" content="这是一个 index 页面">
    <meta name="keywords" content="index">
    <meta name="viewport" content="width=device-width, initial-scale=1, maximum-scale=1, user-scalable=no">
    <meta name="renderer" content="webkit">
    <meta http-equiv="Cache-Control" content="no-siteapp"/>
    <link rel="icon" type="image/png" href="/Public/amaze_assets/i/favicon.png">
    <link rel="apple-touch-icon-precomposed" href="/Public/amaze_assets/i/app-icon72x72@2x.png">
    <meta name="apple-mobile-web-app-title" content="Amaze UI"/>
    <link rel="stylesheet" href="/Public/amaze_assets/css/amazeui.min.css"/>
    <link rel="stylesheet" href="/Public/amaze_assets/css/admin.css">
</head>
<body>
<!--[if lte IE 9]>
<p class="browsehappy">你正在使用<strong>过时</strong>的浏览器，Amaze UI 暂不支持。 请 <a href="http://browsehappy.com/" target="_blank">升级浏览器</a>
    以获得更好的体验！</p>
<![endif]-->

<!-- top start -->
<header class="am-topbar admin-header">
    <div class="am-topbar-brand">
    <a href="/admin.php/Home/Index/home"><span class="am-icon-home"> <strong>天外天Coder</strong> <small>后台管理系统 &nbsp
        &nbsp &nbsp &nbsp &nbsp &nbsp &nbsp &nbsp
    </small></a>
    <small><span>前台页面：</span></small>
    <small><a href="/index.php/Home/Index/index" target="_blank"><span class="am-icon-home"></span> 首页</a></small>
    <small><a href="/index.php/Home/Project/index" target="_blank"><span class="am-icon-file"></span> 项目成果</a>
    </small>
    <small><a href="/index.php/Home/TeamIndex/showinfo1" target="_blank"><span class="am-icon-file"></span>
        团队分工</a></small>
</div>

<button class="am-topbar-btn am-topbar-toggle am-btn am-btn-sm am-btn-success am-show-sm-only"
        data-am-collapse="{target: '#topbar-collapse'}"><span class="am-sr-only">导航切换</span> <span
        class="am-icon-bars"></span></button>

<div class="am-collapse am-topbar-collapse" id="topbar-collapse">

    <ul class="am-nav am-nav-pills am-topbar-nav am-topbar-right admin-header-list">
        <li class="am-dropdown" data-am-dropdown>
            <a class="am-dropdown-toggle" data-am-dropdown-toggle href="javascript:;">
                <span class="am-icon-users"></span> 管理员 <span class="am-icon-caret-down"></span>
            </a>
            <ul class="am-dropdown-content">
                <li><a href="/admin.php/Home/change/change"><span class="am-icon-cog"></span> 修改密码</a></li>
                <li><a href="/admin.php/Home/logout/index"><span class="am-icon-power-off"></span> 退出</a></li>
            </ul>
        </li>
        <li class="am-hide-sm-only"><a href="javascript:;" id="admin-fullscreen"><span
                class="am-icon-arrows-alt"></span> <span class="admin-fullText">开启全屏</span></a></li>
    </ul>
</div>
</header>
<!-- top end -->

<div class="am-cf admin-main">
    <!-- sidebar start -->
    <div class="admin-sidebar am-offcanvas" id="admin-offcanvas">
    <div class="am-offcanvas-bar admin-offcanvas-bar">
        <ul class="am-list admin-sidebar-list">
            <li><a href="/admin.php/Home/Index/home"><span class="am-icon-home"></span> 后台首页</a></li>
            <li class="admin-parent">
                <a class="am-cf" data-am-collapse="{target: '#collapse-nav'}"><span class="am-icon-file"></span>
                    编辑首页</a>
                <ul class="am-list am-collapse admin-sidebar-sub am-in" id="collapse-nav">
                    <li><a href="/admin.php/Home/Index/add" class="am-cf"><span class="am-icon-check"></span> 添加轮播</a>
                    </li>
                    <li><a href="/admin.php/Home/Index/index"><span class="am-icon-puzzle-piece"></span> 编辑轮播</a>
                    </li>
                    <li><a href="/admin.php/Home/Index/sort"><span class="am-icon-puzzle-piece"></span> 轮播排序</a>
                    </li>
                    <li><a href="/admin.php/Home/Index/modifyword"><span class="am-icon-th"></span> 编辑文字</a></li>
                </ul>
            </li>

            <li class="admin-parent">
                <a class="am-cf" data-am-collapse="{target: '#collapse-nav1'}"><span class="am-icon-file"></span>
                    编辑项目成果页</a>
                <ul class="am-list am-collapse admin-sidebar-sub am-in" id="collapse-nav1">
                    <li><a href="/admin.php/Home/Project/add" class="am-cf"><span class="am-icon-check"></span>
                        添加成果</a></li>
                    <li><a href="/admin.php/Home/Project/index"><span class="am-icon-puzzle-piece"></span>
                        编辑成果</a></li>
                    <li><a href="/admin.php/Home/Project/sort"><span class="am-icon-th"></span> 成果排序</a></li>
                </ul>
            </li>


            <li class="admin-parent">
                <a class="am-cf" data-am-collapse="{target: '#collapse-nav2'}"><span class="am-icon-file"></span>
                    编辑团队分工页</a>
                <ul class="am-list am-collapse admin-sidebar-sub am-in" id="collapse-nav2">
                    <li><a href="http://coder.twtstudio.com/admin.php/Home/Team/index" class="am-cf"><span
                            class="am-icon-check"></span> 添加成员</a></li>
                    <li><a href="http://coder.twtstudio.com/admin.php/Home/Team/member_table"><span
                            class="am-icon-puzzle-piece"></span> 编辑成员</a></li>
                    <li><a href="http://coder.twtstudio.com/admin.php/Home/Team/show_update"><span
                            class="am-icon-puzzle-piece"></span> 页面设置</a></li>
                </ul>
            </li>
            <li class="admin-parent">
                <a class="am-cf" data-am-collapse="{target: '#collapse-nav3'}"><span class="am-icon-file"></span>
                    编辑关于我们页</a>
                <ul class="am-list am-collapse admin-sidebar-sub am-in" id="collapse-nav3">
                    <li><a href="http://coder.twtstudio.com/admin.php/Home/About/index" class="am-cf"><span
                            class="am-icon-check"></span>编辑</a></li>
                  
                </ul>
            </li>
            <li><a href="/admin.php/Home/Change/change"><span class="am-icon-sign-out"></span> 修改密码</a></li>
            <li><a href="/admin.php/Home/logout/index"><span class="am-icon-sign-out"></span> 注销</a></li>
        </ul>


        <div class="am-panel am-panel-default admin-sidebar-panel">

        </div>
    </div>
</div>
<!-- sidebar end -->


<!-- content start -->
<div class="admin-content">
    <div class="am-cf am-padding">
        <div class="am-fl am-cf"><strong class="am-text-primary am-text-lg">成员列表</strong></div>
    </div>

    <div class="am-g">
        <div class="am-u-sm-12 am-u-md-6">
            <div class="am-btn-toolbar">
                <div class="am-btn-group am-btn-group-xs">
                    <button type="button" class="am-btn am-btn-default"><a
                                href="http://coder.twtstudio.com/admin.php/Home/Team/member_table?grade=2012">
                            2012</a></button><button type="button" class="am-btn am-btn-default"><a
                                href="http://coder.twtstudio.com/admin.php/Home/Team/member_table?grade=2013">
                            2013</a></button><button type="button" class="am-btn am-btn-default"><a
                                href="http://coder.twtstudio.com/admin.php/Home/Team/member_table?grade=2014">
                            2014</a></button><button type="button" class="am-btn am-btn-default"><a
                                href="http://coder.twtstudio.com/admin.php/Home/Team/member_table?grade=2015">
                            2015</a></button>                </div>
            </div>
        </div>

    </div>


    <div class="am-g">
        <div class="am-u-sm-12">
            <form class="am-form">
                <table class="am-table am-table-striped am-table-hover table-main">
                    <thead>
                    <tr>
                        <th class="table-id">姓名</th>
                        <th class="table-title">学院</th>
                        <th class="table-type">年级</th>
                        <th class="table-type">毕业去向</th>
                        <th class="table-author am-hide-sm-only">组别</th>
                        <th class="table-date am-hide-sm-only">照片</th>
                        <th class="table-set">操作</th>
                    </tr>
                    </thead>
                    <tbody>

                    <tr>


                            <td>杨兴锋</td>
                            <td>软件学院</a></td>
                            <td>2015</td>
                             <td></td>
                            <td class="am-hide-sm-only">程序组</td>
                            <td class="am-hide-sm-only"><a
                                    href="http://coder.twtstudio.com/admin.php/Home/Team/see_photo?photo_loc=14583773750391.jpg.'b'">查看
                            </td>
                            <td>
                                <div class="am-btn-toolbar">
                                    <div class="am-btn-group am-btn-group-xs">
                                        <button class="am-btn am-btn-default am-btn-xs am-text-secondary"><span
                                                class="am-icon-pencil-square-o"></span> <a
                                                href="http://coder.twtstudio.com/admin.php/Home/Team/updateinfo?teamer_id=108&grade=2015">编辑</a>
                                        </button>

                                        <button class="am-btn am-btn-default am-btn-xs am-text-danger am-hide-sm-only">
                                            <span class="am-icon-trash-o"></span><a
                                                href="http://coder.twtstudio.com/admin.php/Home/Team/dinfo?teamer_id=108&grade=2015">
                                            删除</a></button>
                                    </div>
                                </div>
                            </td>
                        </tr><tr>


                            <td>陈丁辰</td>
                            <td>教育学院</a></td>
                            <td>2015</td>
                             <td></td>
                            <td class="am-hide-sm-only">程序组</td>
                            <td class="am-hide-sm-only"><a
                                    href="http://coder.twtstudio.com/admin.php/Home/Team/see_photo?photo_loc=14618529230034.jpg.'b'">查看
                            </td>
                            <td>
                                <div class="am-btn-toolbar">
                                    <div class="am-btn-group am-btn-group-xs">
                                        <button class="am-btn am-btn-default am-btn-xs am-text-secondary"><span
                                                class="am-icon-pencil-square-o"></span> <a
                                                href="http://coder.twtstudio.com/admin.php/Home/Team/updateinfo?teamer_id=132&grade=2015">编辑</a>
                                        </button>

                                        <button class="am-btn am-btn-default am-btn-xs am-text-danger am-hide-sm-only">
                                            <span class="am-icon-trash-o"></span><a
                                                href="http://coder.twtstudio.com/admin.php/Home/Team/dinfo?teamer_id=132&grade=2015">
                                            删除</a></button>
                                    </div>
                                </div>
                            </td>
                        </tr><tr>


                            <td>边臣雅</td>
                            <td>机械学院</a></td>
                            <td>2015</td>
                             <td></td>
                            <td class="am-hide-sm-only">产品组</td>
                            <td class="am-hide-sm-only"><a
                                    href="http://coder.twtstudio.com/admin.php/Home/Team/see_photo?photo_loc=14643494100661.jpg.'b'">查看
                            </td>
                            <td>
                                <div class="am-btn-toolbar">
                                    <div class="am-btn-group am-btn-group-xs">
                                        <button class="am-btn am-btn-default am-btn-xs am-text-secondary"><span
                                                class="am-icon-pencil-square-o"></span> <a
                                                href="http://coder.twtstudio.com/admin.php/Home/Team/updateinfo?teamer_id=146&grade=2015">编辑</a>
                                        </button>

                                        <button class="am-btn am-btn-default am-btn-xs am-text-danger am-hide-sm-only">
                                            <span class="am-icon-trash-o"></span><a
                                                href="http://coder.twtstudio.com/admin.php/Home/Team/dinfo?teamer_id=146&grade=2015">
                                            删除</a></button>
                                    </div>
                                </div>
                            </td>
                        </tr><tr>


                            <td> 谢娟</td>
                            <td>软件学院</a></td>
                            <td>2015</td>
                             <td></td>
                            <td class="am-hide-sm-only">产品组</td>
                            <td class="am-hide-sm-only"><a
                                    href="http://coder.twtstudio.com/admin.php/Home/Team/see_photo?photo_loc=14643497820370.jpg.'b'">查看
                            </td>
                            <td>
                                <div class="am-btn-toolbar">
                                    <div class="am-btn-group am-btn-group-xs">
                                        <button class="am-btn am-btn-default am-btn-xs am-text-secondary"><span
                                                class="am-icon-pencil-square-o"></span> <a
                                                href="http://coder.twtstudio.com/admin.php/Home/Team/updateinfo?teamer_id=147&grade=2015">编辑</a>
                                        </button>

                                        <button class="am-btn am-btn-default am-btn-xs am-text-danger am-hide-sm-only">
                                            <span class="am-icon-trash-o"></span><a
                                                href="http://coder.twtstudio.com/admin.php/Home/Team/dinfo?teamer_id=147&grade=2015">
                                            删除</a></button>
                                    </div>
                                </div>
                            </td>
                        </tr><tr>


                            <td>余海波</td>
                            <td>教育学院</a></td>
                            <td>2015</td>
                             <td></td>
                            <td class="am-hide-sm-only">设计组</td>
                            <td class="am-hide-sm-only"><a
                                    href="http://coder.twtstudio.com/admin.php/Home/Team/see_photo?photo_loc=14644330700330.jpg.'b'">查看
                            </td>
                            <td>
                                <div class="am-btn-toolbar">
                                    <div class="am-btn-group am-btn-group-xs">
                                        <button class="am-btn am-btn-default am-btn-xs am-text-secondary"><span
                                                class="am-icon-pencil-square-o"></span> <a
                                                href="http://coder.twtstudio.com/admin.php/Home/Team/updateinfo?teamer_id=150&grade=2015">编辑</a>
                                        </button>

                                        <button class="am-btn am-btn-default am-btn-xs am-text-danger am-hide-sm-only">
                                            <span class="am-icon-trash-o"></span><a
                                                href="http://coder.twtstudio.com/admin.php/Home/Team/dinfo?teamer_id=150&grade=2015">
                                            删除</a></button>
                                    </div>
                                </div>
                            </td>
                        </tr><tr>


                            <td>李洋</td>
                            <td>电信学院</a></td>
                            <td>2015</td>
                             <td></td>
                            <td class="am-hide-sm-only">程序组</td>
                            <td class="am-hide-sm-only"><a
                                    href="http://coder.twtstudio.com/admin.php/Home/Team/see_photo?photo_loc=14644408620241.png.'b'">查看
                            </td>
                            <td>
                                <div class="am-btn-toolbar">
                                    <div class="am-btn-group am-btn-group-xs">
                                        <button class="am-btn am-btn-default am-btn-xs am-text-secondary"><span
                                                class="am-icon-pencil-square-o"></span> <a
                                                href="http://coder.twtstudio.com/admin.php/Home/Team/updateinfo?teamer_id=153&grade=2015">编辑</a>
                                        </button>

                                        <button class="am-btn am-btn-default am-btn-xs am-text-danger am-hide-sm-only">
                                            <span class="am-icon-trash-o"></span><a
                                                href="http://coder.twtstudio.com/admin.php/Home/Team/dinfo?teamer_id=153&grade=2015">
                                            删除</a></button>
                                    </div>
                                </div>
                            </td>
                        </tr>                    </tbody>
                </table>
                <div class="am-cf">
                    共 6 条记录

                    <div class="am-fr">
                        <ul class="am-pagination">


                            <li><div> <<  >> </div></li>
                        </ul>
                    </div>
                </div>
                <hr/>
                <p>注：.....</p>
            </form>
        </div>

    </div>
</div>
</div>
<!-- content end -->


<!--[if lt IE 9]>
<script src="http://libs.baidu.com/jquery/1.11.1/jquery.min.js"></script>
<script src="http://cdn.staticfile.org/modernizr/2.8.3/modernizr.js"></script>
<script src="/Public/amaze_assets/js/amazeui.ie8polyfill.min.js"></script>
<![endif]-->

<!--[if (gte IE 9)|!(IE)]><!-->
<script src="/Public/amaze_assets/js/jquery.min.js"></script>
<!--<![endif]-->
<script src="/Public/amaze_assets/js/amazeui.min.js"></script>
<script src="/Public/amaze_assets/js/app.js"></script>
</body>
</html> /home/ftp/1520/twtcoder-20140316-KwC/coder.twtstudio.com/ThinkPHP/Library/Think/Template.class.php 第 96 行.
INFO: [ template_filter ] --START--
INFO: Run Behavior\ContentReplaceBehavior [ RunTime:0.000150s ]
INFO: [ template_filter ] --END-- [ RunTime:-0.010516s ]
INFO: Run Behavior\ParseTemplateBehavior [ RunTime:0.020736s ]
INFO: [ view_parse ] --END-- [ RunTime:-0.000494s ]
INFO: [ view_filter ] --START--
INFO: Run Behavior\WriteHtmlCacheBehavior [ RunTime:0.000021s ]
INFO: [ view_filter ] --END-- [ RunTime:-0.020930s ]
INFO: [ app_end ] --START--
INFO: Run Behavior\ShowPageTraceBehavior [ RunTime:0.000660s ]
INFO: [ app_end ] --END-- [ RunTime:0.000734s ]

[ 2016-05-31T18:03:18+08:00 ] 127.0.0.1 /admin.php/Home/Team/see_photo?photo_loc=14643497820370.jpg.%27b%27
INFO: [ app_init ] --START--
INFO: Run Behavior\BuildLiteBehavior [ RunTime:0.000020s ]
INFO: [ app_init ] --END-- [ RunTime:0.000508s ]
INFO: [ app_begin ] --START--
INFO: Run Behavior\ReadHtmlCacheBehavior [ RunTime:0.000621s ]
INFO: [ app_begin ] --END-- [ RunTime:0.000706s ]
INFO: [ view_parse ] --START--
INFO: [ template_filter ] --START--
INFO: Run Behavior\ContentReplaceBehavior [ RunTime:0.000061s ]
INFO: [ template_filter ] --END-- [ RunTime:0.000170s ]
INFO: Run Behavior\ParseTemplateBehavior [ RunTime:0.013623s ]
INFO: [ view_parse ] --END-- [ RunTime:0.013707s ]
INFO: [ view_filter ] --START--
INFO: Run Behavior\WriteHtmlCacheBehavior [ RunTime:0.000442s ]
INFO: [ view_filter ] --END-- [ RunTime:0.000509s ]
INFO: [ app_end ] --START--
INFO: Run Behavior\ShowPageTraceBehavior [ RunTime:0.000648s ]
INFO: [ app_end ] --END-- [ RunTime:0.000720s ]

[ 2016-05-31T18:03:20+08:00 ] 127.0.0.1 /admin.php/Home/Team/see_photo?photo_loc=14643497820370.jpg.'b'
INFO: [ app_init ] --START--
INFO: Run Behavior\BuildLiteBehavior [ RunTime:0.000021s ]
INFO: [ app_init ] --END-- [ RunTime:0.000483s ]
INFO: [ app_begin ] --START--
INFO: Run Behavior\ReadHtmlCacheBehavior [ RunTime:0.000598s ]
INFO: [ app_begin ] --END-- [ RunTime:0.000677s ]
INFO: [ view_parse ] --START--
INFO: [ template_filter ] --START--
INFO: Run Behavior\ContentReplaceBehavior [ RunTime:0.000068s ]
INFO: [ template_filter ] --END-- [ RunTime:0.000159s ]
INFO: Run Behavior\ParseTemplateBehavior [ RunTime:0.007932s ]
INFO: [ view_parse ] --END-- [ RunTime:0.008014s ]
INFO: [ view_filter ] --START--
INFO: Run Behavior\WriteHtmlCacheBehavior [ RunTime:0.000454s ]
INFO: [ view_filter ] --END-- [ RunTime:0.000523s ]

[ 2016-05-31T18:03:20+08:00 ] 127.0.0.1 /admin.php/Home/Team/see_photo?photo_loc=14643497820370.jpg.'b'
INFO: [ app_init ] --START--
INFO: Run Behavior\BuildLiteBehavior [ RunTime:0.000019s ]
INFO: [ app_init ] --END-- [ RunTime:0.000472s ]
INFO: [ app_begin ] --START--
INFO: Run Behavior\ReadHtmlCacheBehavior [ RunTime:0.000758s ]
INFO: [ app_begin ] --END-- [ RunTime:0.000855s ]
INFO: [ view_parse ] --START--
INFO: [ template_filter ] --START--
INFO: Run Behavior\ContentReplaceBehavior [ RunTime:0.000054s ]
INFO: [ template_filter ] --END-- [ RunTime:0.000129s ]
INFO: Run Behavior\ParseTemplateBehavior [ RunTime:0.006228s ]
INFO: [ view_parse ] --END-- [ RunTime:0.006293s ]
INFO: [ view_filter ] --START--
INFO: Run Behavior\WriteHtmlCacheBehavior [ RunTime:0.000475s ]
INFO: [ view_filter ] --END-- [ RunTime:0.000527s ]

[ 2016-05-31T18:03:35+08:00 ] 127.0.0.1 /admin.php/home/login/login
INFO: [ app_init ] --START--
INFO: Run Behavior\BuildLiteBehavior [ RunTime:0.000022s ]
INFO: [ app_init ] --END-- [ RunTime:0.000513s ]
INFO: [ app_begin ] --START--
INFO: Run Behavior\ReadHtmlCacheBehavior [ RunTime:0.000533s ]
INFO: [ app_begin ] --END-- [ RunTime:0.000606s ]
INFO: [ view_parse ] --START--
INFO: [ template_filter ] --START--
INFO: Run Behavior\ContentReplaceBehavior [ RunTime:0.000042s ]
INFO: [ template_filter ] --END-- [ RunTime:0.000107s ]
INFO: Run Behavior\ParseTemplateBehavior [ RunTime:0.005971s ]
INFO: [ view_parse ] --END-- [ RunTime:0.006038s ]
INFO: [ view_filter ] --START--
INFO: Run Behavior\WriteHtmlCacheBehavior [ RunTime:0.000350s ]
INFO: [ view_filter ] --END-- [ RunTime:0.000401s ]
INFO: [ app_end ] --START--
INFO: Run Behavior\ShowPageTraceBehavior [ RunTime:0.000539s ]
INFO: [ app_end ] --END-- [ RunTime:0.000596s ]

[ 2016-05-31T18:04:12+08:00 ] 127.0.0.1 /admin.php/Home/Team/member_table
INFO: [ app_init ] --START--
INFO: Run Behavior\BuildLiteBehavior [ RunTime:0.000016s ]
INFO: [ app_init ] --END-- [ RunTime:0.000367s ]
INFO: [ app_begin ] --START--
INFO: Run Behavior\ReadHtmlCacheBehavior [ RunTime:0.000669s ]
INFO: [ app_begin ] --END-- [ RunTime:0.000731s ]
SQL: SHOW COLUMNS FROM `tp_teamer` [ RunTime:0.0009s ]
SQL: SELECT `teamer_grade` FROM `tp_teamer` WHERE ( is_new_grade=1 )  [ RunTime:0.0003s ]
SQL: SELECT COUNT(*) AS tp_count FROM `tp_teamer` WHERE ( is_new_grade=1 ) LIMIT 1   [ RunTime:0.0001s ]
NOTIC: [8] Undefined index: grade /home/ftp/1520/twtcoder-20140316-KwC/coder.twtstudio.com/admin/Home/Controller/TeamController.class.php 第 83 行.
SQL: SELECT COUNT(*) AS tp_count FROM `tp_teamer` WHERE ( teamer_grade = 2013 ) LIMIT 1   [ RunTime:0.0003s ]
NOTIC: [8] Undefined variable: link_page /home/ftp/1520/twtcoder-20140316-KwC/coder.twtstudio.com/ThinkPHP/Library/Think/Page.class.php 第 141 行.
SQL: SELECT * FROM `tp_teamer` WHERE ( teamer_grade = 2013 ) LIMIT 0,10   [ RunTime:0.0003s ]
INFO: [ view_parse ] --START--
INFO: [ template_filter ] --START--
INFO: Run Behavior\ContentReplaceBehavior [ RunTime:0.000115s ]
INFO: [ template_filter ] --END-- [ RunTime:0.000190s ]
INFO: Run Behavior\ParseTemplateBehavior [ RunTime:0.012337s ]
INFO: [ view_parse ] --END-- [ RunTime:0.012423s ]
INFO: [ view_filter ] --START--
INFO: Run Behavior\WriteHtmlCacheBehavior [ RunTime:0.000391s ]
INFO: [ view_filter ] --END-- [ RunTime:0.000445s ]
INFO: [ app_end ] --START--
INFO: Run Behavior\ShowPageTraceBehavior [ RunTime:0.000633s ]
INFO: [ app_end ] --END-- [ RunTime:0.000690s ]

[ 2016-05-31T18:04:13+08:00 ] 127.0.0.1 /admin.php/Home/Team/member_table?grade=2015
INFO: [ app_init ] --START--
INFO: Run Behavior\BuildLiteBehavior [ RunTime:0.000020s ]
INFO: [ app_init ] --END-- [ RunTime:0.000508s ]
INFO: [ app_begin ] --START--
INFO: Run Behavior\ReadHtmlCacheBehavior [ RunTime:0.000710s ]
INFO: [ app_begin ] --END-- [ RunTime:0.000794s ]
SQL: SHOW COLUMNS FROM `tp_teamer` [ RunTime:0.0013s ]
SQL: SELECT `teamer_grade` FROM `tp_teamer` WHERE ( is_new_grade=1 )  [ RunTime:0.0004s ]
SQL: SELECT COUNT(*) AS tp_count FROM `tp_teamer` WHERE ( is_new_grade=1 ) LIMIT 1   [ RunTime:0.0001s ]
SQL: SELECT COUNT(*) AS tp_count FROM `tp_teamer` WHERE ( teamer_grade = 2015 ) LIMIT 1   [ RunTime:0.0001s ]
NOTIC: [8] Undefined variable: link_page /home/ftp/1520/twtcoder-20140316-KwC/coder.twtstudio.com/ThinkPHP/Library/Think/Page.class.php 第 141 行.
SQL: SELECT * FROM `tp_teamer` WHERE ( teamer_grade = 2015 ) LIMIT 0,10   [ RunTime:0.0002s ]
INFO: [ view_parse ] --START--
INFO: [ template_filter ] --START--
INFO: Run Behavior\ContentReplaceBehavior [ RunTime:0.000108s ]
INFO: [ template_filter ] --END-- [ RunTime:0.000186s ]
INFO: Run Behavior\ParseTemplateBehavior [ RunTime:0.012359s ]
INFO: [ view_parse ] --END-- [ RunTime:0.012432s ]
INFO: [ view_filter ] --START--
INFO: Run Behavior\WriteHtmlCacheBehavior [ RunTime:0.000486s ]
INFO: [ view_filter ] --END-- [ RunTime:0.000540s ]
INFO: [ app_end ] --START--
INFO: Run Behavior\ShowPageTraceBehavior [ RunTime:0.000565s ]
INFO: [ app_end ] --END-- [ RunTime:0.000629s ]

[ 2016-05-31T18:04:15+08:00 ] 127.0.0.1 /admin.php/Home/Team/see_photo?photo_loc=14643497820370.jpg.%27b%27
INFO: [ app_init ] --START--
INFO: Run Behavior\BuildLiteBehavior [ RunTime:0.000015s ]
INFO: [ app_init ] --END-- [ RunTime:0.000353s ]
INFO: [ app_begin ] --START--
INFO: Run Behavior\ReadHtmlCacheBehavior [ RunTime:0.000454s ]
INFO: [ app_begin ] --END-- [ RunTime:0.000514s ]
INFO: [ view_parse ] --START--
INFO: [ template_filter ] --START--
INFO: Run Behavior\ContentReplaceBehavior [ RunTime:0.000041s ]
INFO: [ template_filter ] --END-- [ RunTime:0.000128s ]
INFO: Run Behavior\ParseTemplateBehavior [ RunTime:0.004106s ]
INFO: [ view_parse ] --END-- [ RunTime:0.004168s ]
INFO: [ view_filter ] --START--
INFO: Run Behavior\WriteHtmlCacheBehavior [ RunTime:0.000371s ]
INFO: [ view_filter ] --END-- [ RunTime:0.000423s ]
INFO: [ app_end ] --START--
INFO: Run Behavior\ShowPageTraceBehavior [ RunTime:0.000479s ]
INFO: [ app_end ] --END-- [ RunTime:0.000534s ]

[ 2016-05-31T18:04:19+08:00 ] 127.0.0.1 /admin.php/Home/Team/updateinfo?teamer_id=147&grade=2015
INFO: [ app_init ] --START--
INFO: Run Behavior\BuildLiteBehavior [ RunTime:0.000019s ]
INFO: [ app_init ] --END-- [ RunTime:0.000533s ]
INFO: [ app_begin ] --START--
INFO: Run Behavior\ReadHtmlCacheBehavior [ RunTime:0.000587s ]
INFO: [ app_begin ] --END-- [ RunTime:0.000668s ]
SQL: SHOW COLUMNS FROM `tp_teamer` [ RunTime:0.0006s ]
SQL: SELECT * FROM `tp_teamer` WHERE ( id = 147 )  [ RunTime:0.0004s ]
INFO: [ view_parse ] --START--
INFO: [ template_filter ] --START--
INFO: Run Behavior\ContentReplaceBehavior [ RunTime:0.000110s ]
INFO: [ template_filter ] --END-- [ RunTime:0.000173s ]
INFO: Run Behavior\ParseTemplateBehavior [ RunTime:0.012942s ]
INFO: [ view_parse ] --END-- [ RunTime:0.013015s ]
INFO: [ view_filter ] --START--
INFO: Run Behavior\WriteHtmlCacheBehavior [ RunTime:0.000343s ]
INFO: [ view_filter ] --END-- [ RunTime:0.000396s ]
INFO: [ view_parse ] --START--
INFO: Run Behavior\ParseTemplateBehavior [ RunTime:0.000522s ]
INFO: [ view_parse ] --END-- [ RunTime:-0.000469s ]
INFO: [ view_filter ] --START--
INFO: Run Behavior\WriteHtmlCacheBehavior [ RunTime:0.000011s ]
INFO: [ view_filter ] --END-- [ RunTime:-0.000656s ]
INFO: [ app_end ] --START--
INFO: Run Behavior\ShowPageTraceBehavior [ RunTime:0.000494s ]
INFO: [ app_end ] --END-- [ RunTime:0.000550s ]

[ 2016-05-31T18:04:39+08:00 ] 127.0.0.1 /admin.php/Home/Team/saveinfo?teamer_id=147&grade=2015
INFO: [ app_init ] --START--
INFO: Run Behavior\BuildLiteBehavior [ RunTime:0.000020s ]
INFO: [ app_init ] --END-- [ RunTime:0.000495s ]
INFO: [ app_begin ] --START--
INFO: Run Behavior\ReadHtmlCacheBehavior [ RunTime:0.000614s ]
INFO: [ app_begin ] --END-- [ RunTime:0.000698s ]
SQL: SHOW COLUMNS FROM `tp_teamer` [ RunTime:0.0008s ]
SQL: SELECT * FROM `tp_teamer` WHERE ( id=147 ) LIMIT 1   [ RunTime:0.0003s ]
SQL: UPDATE `tp_teamer` SET `teamer_name`=' 谢娟',`teamer_grade`='2015',`teamer_group`='产品组',`teamer_school`='软件学院',`teamer_go`='' WHERE `id` = 147 [ RunTime:0.0313s ]
SQL: SELECT `teamer_grade` FROM `tp_teamer` WHERE ( is_new_grade=1 )  [ RunTime:0.0004s ]
SQL: SELECT COUNT(*) AS tp_count FROM `tp_teamer` WHERE ( is_new_grade=1 ) LIMIT 1   [ RunTime:0.0002s ]
SQL: SELECT COUNT(*) AS tp_count FROM `tp_teamer` WHERE ( teamer_grade = 2015 ) LIMIT 1   [ RunTime:0.0002s ]
NOTIC: [8] Undefined variable: link_page /home/ftp/1520/twtcoder-20140316-KwC/coder.twtstudio.com/ThinkPHP/Library/Think/Page.class.php 第 141 行.
SQL: SELECT * FROM `tp_teamer` WHERE ( teamer_grade = 2015 ) LIMIT 0,10   [ RunTime:0.0002s ]
INFO: [ view_parse ] --START--
INFO: [ template_filter ] --START--
INFO: Run Behavior\ContentReplaceBehavior [ RunTime:0.000141s ]
INFO: [ template_filter ] --END-- [ RunTime:0.000229s ]
INFO: Run Behavior\ParseTemplateBehavior [ RunTime:0.016331s ]
INFO: [ view_parse ] --END-- [ RunTime:0.016420s ]
INFO: [ view_filter ] --START--
INFO: Run Behavior\WriteHtmlCacheBehavior [ RunTime:0.000450s ]
INFO: [ view_filter ] --END-- [ RunTime:0.000520s ]
INFO: [ view_parse ] --START--
INFO: Run Behavior\ParseTemplateBehavior [ RunTime:0.000791s ]
INFO: [ view_parse ] --END-- [ RunTime:-0.000614s ]
INFO: [ view_filter ] --START--
INFO: Run Behavior\WriteHtmlCacheBehavior [ RunTime:0.000015s ]
INFO: [ view_filter ] --END-- [ RunTime:-0.000958s ]
INFO: [ app_end ] --START--
INFO: Run Behavior\ShowPageTraceBehavior [ RunTime:0.000629s ]
INFO: [ app_end ] --END-- [ RunTime:0.000700s ]

[ 2016-05-31T18:04:41+08:00 ] 127.0.0.1 /admin.php/Home/Team/see_photo?photo_loc=14643497820370.jpg.%27b%27
INFO: [ app_init ] --START--
INFO: Run Behavior\BuildLiteBehavior [ RunTime:0.000020s ]
INFO: [ app_init ] --END-- [ RunTime:0.000484s ]
INFO: [ app_begin ] --START--
INFO: Run Behavior\ReadHtmlCacheBehavior [ RunTime:0.000619s ]
INFO: [ app_begin ] --END-- [ RunTime:0.000705s ]
INFO: [ view_parse ] --START--
INFO: [ template_filter ] --START--
INFO: Run Behavior\ContentReplaceBehavior [ RunTime:0.000053s ]
INFO: [ template_filter ] --END-- [ RunTime:0.000140s ]
INFO: Run Behavior\ParseTemplateBehavior [ RunTime:0.006621s ]
INFO: [ view_parse ] --END-- [ RunTime:0.006695s ]
INFO: [ view_filter ] --START--
INFO: Run Behavior\WriteHtmlCacheBehavior [ RunTime:0.000389s ]
INFO: [ view_filter ] --END-- [ RunTime:0.000441s ]
INFO: [ app_end ] --START--
INFO: Run Behavior\ShowPageTraceBehavior [ RunTime:0.000496s ]
INFO: [ app_end ] --END-- [ RunTime:0.000552s ]

[ 2016-05-31T18:08:26+08:00 ] 127.0.0.1 /admin.php/Home/Team/updateinfo?teamer_id=147&grade=2015
INFO: [ app_init ] --START--
INFO: Run Behavior\BuildLiteBehavior [ RunTime:0.000020s ]
INFO: [ app_init ] --END-- [ RunTime:0.000474s ]
INFO: [ app_begin ] --START--
INFO: Run Behavior\ReadHtmlCacheBehavior [ RunTime:0.000698s ]
INFO: [ app_begin ] --END-- [ RunTime:0.000777s ]
SQL: SHOW COLUMNS FROM `tp_teamer` [ RunTime:0.0007s ]
SQL: SELECT * FROM `tp_teamer` WHERE ( id = 147 )  [ RunTime:0.0004s ]
INFO: [ view_parse ] --START--
INFO: [ template_filter ] --START--
INFO: Run Behavior\ContentReplaceBehavior [ RunTime:0.000111s ]
INFO: [ template_filter ] --END-- [ RunTime:0.000177s ]
INFO: Run Behavior\ParseTemplateBehavior [ RunTime:0.011070s ]
INFO: [ view_parse ] --END-- [ RunTime:0.011138s ]
INFO: [ view_filter ] --START--
INFO: Run Behavior\WriteHtmlCacheBehavior [ RunTime:0.000435s ]
INFO: [ view_filter ] --END-- [ RunTime:0.000488s ]
INFO: [ view_parse ] --START--
INFO: Run Behavior\ParseTemplateBehavior [ RunTime:0.000622s ]
INFO: [ view_parse ] --END-- [ RunTime:-0.000560s ]
INFO: [ view_filter ] --START--
INFO: Run Behavior\WriteHtmlCacheBehavior [ RunTime:0.000011s ]
INFO: [ view_filter ] --END-- [ RunTime:-0.000758s ]
INFO: [ app_end ] --START--
INFO: Run Behavior\ShowPageTraceBehavior [ RunTime:0.000654s ]
INFO: [ app_end ] --END-- [ RunTime:0.000709s ]

[ 2016-05-31T18:08:45+08:00 ] 127.0.0.1 /admin.php/Home/Team/saveinfo?teamer_id=147&grade=2015
INFO: [ app_init ] --START--
INFO: Run Behavior\BuildLiteBehavior [ RunTime:0.000017s ]
INFO: [ app_init ] --END-- [ RunTime:0.000369s ]
INFO: [ app_begin ] --START--
INFO: Run Behavior\ReadHtmlCacheBehavior [ RunTime:0.000466s ]
INFO: [ app_begin ] --END-- [ RunTime:0.000545s ]
SQL: SHOW COLUMNS FROM `tp_teamer` [ RunTime:0.0006s ]
SQL: SELECT * FROM `tp_teamer` WHERE ( id=147 ) LIMIT 1   [ RunTime:0.0002s ]
SQL: UPDATE `tp_teamer` SET `teamer_name`=' 谢娟',`teamer_grade`='2015',`teamer_group`='产品组',`teamer_school`='软件学院',`teamer_go`='' WHERE `id` = 147 [ RunTime:0.0286s ]
SQL: SELECT `teamer_grade` FROM `tp_teamer` WHERE ( is_new_grade=1 )  [ RunTime:0.0004s ]
SQL: SELECT COUNT(*) AS tp_count FROM `tp_teamer` WHERE ( is_new_grade=1 ) LIMIT 1   [ RunTime:0.0002s ]
SQL: SELECT COUNT(*) AS tp_count FROM `tp_teamer` WHERE ( teamer_grade = 2015 ) LIMIT 1   [ RunTime:0.0001s ]
NOTIC: [8] Undefined variable: link_page /home/ftp/1520/twtcoder-20140316-KwC/coder.twtstudio.com/ThinkPHP/Library/Think/Page.class.php 第 141 行.
SQL: SELECT * FROM `tp_teamer` WHERE ( teamer_grade = 2015 ) LIMIT 0,10   [ RunTime:0.0002s ]
INFO: [ view_parse ] --START--
INFO: [ template_filter ] --START--
INFO: Run Behavior\ContentReplaceBehavior [ RunTime:0.000198s ]
INFO: [ template_filter ] --END-- [ RunTime:0.000287s ]
INFO: Run Behavior\ParseTemplateBehavior [ RunTime:0.015048s ]
INFO: [ view_parse ] --END-- [ RunTime:0.015125s ]
INFO: [ view_filter ] --START--
INFO: Run Behavior\WriteHtmlCacheBehavior [ RunTime:0.000344s ]
INFO: [ view_filter ] --END-- [ RunTime:0.000398s ]
INFO: [ view_parse ] --START--
INFO: Run Behavior\ParseTemplateBehavior [ RunTime:0.000604s ]
INFO: [ view_parse ] --END-- [ RunTime:-0.000471s ]
INFO: [ view_filter ] --START--
INFO: Run Behavior\WriteHtmlCacheBehavior [ RunTime:0.000011s ]
INFO: [ view_filter ] --END-- [ RunTime:-0.000734s ]
INFO: [ app_end ] --START--
INFO: Run Behavior\ShowPageTraceBehavior [ RunTime:0.000478s ]
INFO: [ app_end ] --END-- [ RunTime:0.000535s ]

[ 2016-05-31T18:08:47+08:00 ] 127.0.0.1 /admin.php/Home/Team/see_photo?photo_loc=14643497820370.jpg.%27b%27
INFO: [ app_init ] --START--
INFO: Run Behavior\BuildLiteBehavior [ RunTime:0.000019s ]
INFO: [ app_init ] --END-- [ RunTime:0.000469s ]
INFO: [ app_begin ] --START--
INFO: Run Behavior\ReadHtmlCacheBehavior [ RunTime:0.000587s ]
INFO: [ app_begin ] --END-- [ RunTime:0.000666s ]
INFO: [ view_parse ] --START--
INFO: [ template_filter ] --START--
INFO: Run Behavior\ContentReplaceBehavior [ RunTime:0.000053s ]
INFO: [ template_filter ] --END-- [ RunTime:0.000131s ]
INFO: Run Behavior\ParseTemplateBehavior [ RunTime:0.005291s ]
INFO: [ view_parse ] --END-- [ RunTime:0.005373s ]
INFO: [ view_filter ] --START--
INFO: Run Behavior\WriteHtmlCacheBehavior [ RunTime:0.000441s ]
INFO: [ view_filter ] --END-- [ RunTime:0.000509s ]
INFO: [ app_end ] --START--
INFO: Run Behavior\ShowPageTraceBehavior [ RunTime:0.000697s ]
INFO: [ app_end ] --END-- [ RunTime:0.000767s ]

[ 2016-05-31T18:09:24+08:00 ] 127.0.0.1 /admin.php/Home/Team/see_photo?photo_loc=14643497820370.jpg.%27b%27
INFO: [ app_init ] --START--
INFO: Run Behavior\BuildLiteBehavior [ RunTime:0.000019s ]
INFO: [ app_init ] --END-- [ RunTime:0.000533s ]
INFO: [ app_begin ] --START--
INFO: Run Behavior\ReadHtmlCacheBehavior [ RunTime:0.000563s ]
INFO: [ app_begin ] --END-- [ RunTime:0.000633s ]
INFO: [ view_parse ] --START--
INFO: [ template_filter ] --START--
INFO: Run Behavior\ContentReplaceBehavior [ RunTime:0.000043s ]
INFO: [ template_filter ] --END-- [ RunTime:0.000113s ]
INFO: Run Behavior\ParseTemplateBehavior [ RunTime:0.005162s ]
INFO: [ view_parse ] --END-- [ RunTime:0.005226s ]
INFO: [ view_filter ] --START--
INFO: Run Behavior\WriteHtmlCacheBehavior [ RunTime:0.000337s ]
INFO: [ view_filter ] --END-- [ RunTime:0.000389s ]
INFO: [ app_end ] --START--
INFO: Run Behavior\ShowPageTraceBehavior [ RunTime:0.000483s ]
INFO: [ app_end ] --END-- [ RunTime:0.000538s ]

[ 2016-05-31T18:09:30+08:00 ] 127.0.0.1 /admin.php/Home/Team/updateinfo?teamer_id=147&grade=2015
INFO: [ app_init ] --START--
INFO: Run Behavior\BuildLiteBehavior [ RunTime:0.000021s ]
INFO: [ app_init ] --END-- [ RunTime:0.000518s ]
INFO: [ app_begin ] --START--
INFO: Run Behavior\ReadHtmlCacheBehavior [ RunTime:0.000650s ]
INFO: [ app_begin ] --END-- [ RunTime:0.000719s ]
SQL: SHOW COLUMNS FROM `tp_teamer` [ RunTime:0.0006s ]
SQL: SELECT * FROM `tp_teamer` WHERE ( id = 147 )  [ RunTime:0.0002s ]
INFO: [ view_parse ] --START--
INFO: [ template_filter ] --START--
INFO: Run Behavior\ContentReplaceBehavior [ RunTime:0.000135s ]
INFO: [ template_filter ] --END-- [ RunTime:0.000227s ]
INFO: Run Behavior\ParseTemplateBehavior [ RunTime:0.012531s ]
INFO: [ view_parse ] --END-- [ RunTime:0.012598s ]
INFO: [ view_filter ] --START--
INFO: Run Behavior\WriteHtmlCacheBehavior [ RunTime:0.000430s ]
INFO: [ view_filter ] --END-- [ RunTime:0.000514s ]
INFO: [ view_parse ] --START--
INFO: Run Behavior\ParseTemplateBehavior [ RunTime:0.000604s ]
INFO: [ view_parse ] --END-- [ RunTime:-0.000615s ]
INFO: [ view_filter ] --START--
INFO: Run Behavior\WriteHtmlCacheBehavior [ RunTime:0.000012s ]
INFO: [ view_filter ] --END-- [ RunTime:-0.000837s ]
INFO: [ app_end ] --START--
INFO: Run Behavior\ShowPageTraceBehavior [ RunTime:0.000743s ]
INFO: [ app_end ] --END-- [ RunTime:0.000815s ]

[ 2016-05-31T18:09:40+08:00 ] 127.0.0.1 /admin.php/Home/Team/dinfo?teamer_id=147&grade=2015
INFO: [ app_init ] --START--
INFO: Run Behavior\BuildLiteBehavior [ RunTime:0.000016s ]
INFO: [ app_init ] --END-- [ RunTime:0.000360s ]
INFO: [ app_begin ] --START--
INFO: Run Behavior\ReadHtmlCacheBehavior [ RunTime:0.000658s ]
INFO: [ app_begin ] --END-- [ RunTime:0.000749s ]
SQL: SHOW COLUMNS FROM `tp_teamer` [ RunTime:0.0007s ]
SQL: SELECT * FROM `tp_teamer` WHERE ( id=147 ) LIMIT 1   [ RunTime:0.0003s ]
SQL: DELETE FROM `tp_teamer` WHERE ( id=147 ) [ RunTime:0.0753s ]
SQL: SELECT * FROM `tp_teamer` WHERE ( teamer_grade=2015 )  [ RunTime:0.0004s ]
SQL: UPDATE `tp_teamer` SET `is_new_grade`='1' WHERE `id` = 108 [ RunTime:0.0067s ]
SQL: SELECT `teamer_grade` FROM `tp_teamer` WHERE ( is_new_grade=1 )  [ RunTime:0.0003s ]
SQL: SELECT COUNT(*) AS tp_count FROM `tp_teamer` WHERE ( is_new_grade=1 ) LIMIT 1   [ RunTime:0.0001s ]
SQL: SELECT COUNT(*) AS tp_count FROM `tp_teamer` WHERE ( teamer_grade = 2015 ) LIMIT 1   [ RunTime:0.0001s ]
NOTIC: [8] Undefined variable: link_page /home/ftp/1520/twtcoder-20140316-KwC/coder.twtstudio.com/ThinkPHP/Library/Think/Page.class.php 第 141 行.
SQL: SELECT * FROM `tp_teamer` WHERE ( teamer_grade = 2015 ) LIMIT 0,10   [ RunTime:0.0003s ]
INFO: [ view_parse ] --START--
INFO: [ template_filter ] --START--
INFO: Run Behavior\ContentReplaceBehavior [ RunTime:0.000211s ]
INFO: [ template_filter ] --END-- [ RunTime:0.000301s ]
INFO: Run Behavior\ParseTemplateBehavior [ RunTime:0.014848s ]
INFO: [ view_parse ] --END-- [ RunTime:0.014928s ]
INFO: [ view_filter ] --START--
INFO: Run Behavior\WriteHtmlCacheBehavior [ RunTime:0.000455s ]
INFO: [ view_filter ] --END-- [ RunTime:0.000525s ]
INFO: [ view_parse ] --START--
NOTIC: [2] is_file(): File name is longer than the maximum allowed path length on this platform (4096): <!doctype html>
<html class="no-js">
<head>
    <meta charset="utf-8">
    <meta http-equiv="X-UA-Compatible" content="IE=edge">
    <title>天外天Coder后台管理系统</title>
    <meta name="description" content="这是一个 index 页面">
    <meta name="keywords" content="index">
    <meta name="viewport" content="width=device-width, initial-scale=1, maximum-scale=1, user-scalable=no">
    <meta name="renderer" content="webkit">
    <meta http-equiv="Cache-Control" content="no-siteapp"/>
    <link rel="icon" type="image/png" href="/Public/amaze_assets/i/favicon.png">
    <link rel="apple-touch-icon-precomposed" href="/Public/amaze_assets/i/app-icon72x72@2x.png">
    <meta name="apple-mobile-web-app-title" content="Amaze UI"/>
    <link rel="stylesheet" href="/Public/amaze_assets/css/amazeui.min.css"/>
    <link rel="stylesheet" href="/Public/amaze_assets/css/admin.css">
</head>
<body>
<!--[if lte IE 9]>
<p class="browsehappy">你正在使用<strong>过时</strong>的浏览器，Amaze UI 暂不支持。 请 <a href="http://browsehappy.com/" target="_blank">升级浏览器</a>
    以获得更好的体验！</p>
<![endif]-->

<!-- top start -->
<header class="am-topbar admin-header">
    <div class="am-topbar-brand">
    <a href="/admin.php/Home/Index/home"><span class="am-icon-home"> <strong>天外天Coder</strong> <small>后台管理系统 &nbsp
        &nbsp &nbsp &nbsp &nbsp &nbsp &nbsp &nbsp
    </small></a>
    <small><span>前台页面：</span></small>
    <small><a href="/index.php/Home/Index/index" target="_blank"><span class="am-icon-home"></span> 首页</a></small>
    <small><a href="/index.php/Home/Project/index" target="_blank"><span class="am-icon-file"></span> 项目成果</a>
    </small>
    <small><a href="/index.php/Home/TeamIndex/showinfo1" target="_blank"><span class="am-icon-file"></span>
        团队分工</a></small>
</div>

<button class="am-topbar-btn am-topbar-toggle am-btn am-btn-sm am-btn-success am-show-sm-only"
        data-am-collapse="{target: '#topbar-collapse'}"><span class="am-sr-only">导航切换</span> <span
        class="am-icon-bars"></span></button>

<div class="am-collapse am-topbar-collapse" id="topbar-collapse">

    <ul class="am-nav am-nav-pills am-topbar-nav am-topbar-right admin-header-list">
        <li class="am-dropdown" data-am-dropdown>
            <a class="am-dropdown-toggle" data-am-dropdown-toggle href="javascript:;">
                <span class="am-icon-users"></span> 管理员 <span class="am-icon-caret-down"></span>
            </a>
            <ul class="am-dropdown-content">
                <li><a href="/admin.php/Home/change/change"><span class="am-icon-cog"></span> 修改密码</a></li>
                <li><a href="/admin.php/Home/logout/index"><span class="am-icon-power-off"></span> 退出</a></li>
            </ul>
        </li>
        <li class="am-hide-sm-only"><a href="javascript:;" id="admin-fullscreen"><span
                class="am-icon-arrows-alt"></span> <span class="admin-fullText">开启全屏</span></a></li>
    </ul>
</div>
</header>
<!-- top end -->

<div class="am-cf admin-main">
    <!-- sidebar start -->
    <div class="admin-sidebar am-offcanvas" id="admin-offcanvas">
    <div class="am-offcanvas-bar admin-offcanvas-bar">
        <ul class="am-list admin-sidebar-list">
            <li><a href="/admin.php/Home/Index/home"><span class="am-icon-home"></span> 后台首页</a></li>
            <li class="admin-parent">
                <a class="am-cf" data-am-collapse="{target: '#collapse-nav'}"><span class="am-icon-file"></span>
                    编辑首页</a>
                <ul class="am-list am-collapse admin-sidebar-sub am-in" id="collapse-nav">
                    <li><a href="/admin.php/Home/Index/add" class="am-cf"><span class="am-icon-check"></span> 添加轮播</a>
                    </li>
                    <li><a href="/admin.php/Home/Index/index"><span class="am-icon-puzzle-piece"></span> 编辑轮播</a>
                    </li>
                    <li><a href="/admin.php/Home/Index/sort"><span class="am-icon-puzzle-piece"></span> 轮播排序</a>
                    </li>
                    <li><a href="/admin.php/Home/Index/modifyword"><span class="am-icon-th"></span> 编辑文字</a></li>
                </ul>
            </li>

            <li class="admin-parent">
                <a class="am-cf" data-am-collapse="{target: '#collapse-nav1'}"><span class="am-icon-file"></span>
                    编辑项目成果页</a>
                <ul class="am-list am-collapse admin-sidebar-sub am-in" id="collapse-nav1">
                    <li><a href="/admin.php/Home/Project/add" class="am-cf"><span class="am-icon-check"></span>
                        添加成果</a></li>
                    <li><a href="/admin.php/Home/Project/index"><span class="am-icon-puzzle-piece"></span>
                        编辑成果</a></li>
                    <li><a href="/admin.php/Home/Project/sort"><span class="am-icon-th"></span> 成果排序</a></li>
                </ul>
            </li>


            <li class="admin-parent">
                <a class="am-cf" data-am-collapse="{target: '#collapse-nav2'}"><span class="am-icon-file"></span>
                    编辑团队分工页</a>
                <ul class="am-list am-collapse admin-sidebar-sub am-in" id="collapse-nav2">
                    <li><a href="http://coder.twtstudio.com/admin.php/Home/Team/index" class="am-cf"><span
                            class="am-icon-check"></span> 添加成员</a></li>
                    <li><a href="http://coder.twtstudio.com/admin.php/Home/Team/member_table"><span
                            class="am-icon-puzzle-piece"></span> 编辑成员</a></li>
                    <li><a href="http://coder.twtstudio.com/admin.php/Home/Team/show_update"><span
                            class="am-icon-puzzle-piece"></span> 页面设置</a></li>
                </ul>
            </li>
            <li class="admin-parent">
                <a class="am-cf" data-am-collapse="{target: '#collapse-nav3'}"><span class="am-icon-file"></span>
                    编辑关于我们页</a>
                <ul class="am-list am-collapse admin-sidebar-sub am-in" id="collapse-nav3">
                    <li><a href="http://coder.twtstudio.com/admin.php/Home/About/index" class="am-cf"><span
                            class="am-icon-check"></span>编辑</a></li>
                  
                </ul>
            </li>
            <li><a href="/admin.php/Home/Change/change"><span class="am-icon-sign-out"></span> 修改密码</a></li>
            <li><a href="/admin.php/Home/logout/index"><span class="am-icon-sign-out"></span> 注销</a></li>
        </ul>


        <div class="am-panel am-panel-default admin-sidebar-panel">

        </div>
    </div>
</div>
<!-- sidebar end -->


<!-- content start -->
<div class="admin-content">
    <div class="am-cf am-padding">
        <div class="am-fl am-cf"><strong class="am-text-primary am-text-lg">成员列表</strong></div>
    </div>

    <div class="am-g">
        <div class="am-u-sm-12 am-u-md-6">
            <div class="am-btn-toolbar">
                <div class="am-btn-group am-btn-group-xs">
                    <button type="button" class="am-btn am-btn-default"><a
                                href="http://coder.twtstudio.com/admin.php/Home/Team/member_table?grade=2012">
                            2012</a></button><button type="button" class="am-btn am-btn-default"><a
                                href="http://coder.twtstudio.com/admin.php/Home/Team/member_table?grade=2013">
                            2013</a></button><button type="button" class="am-btn am-btn-default"><a
                                href="http://coder.twtstudio.com/admin.php/Home/Team/member_table?grade=2014">
                            2014</a></button><button type="button" class="am-btn am-btn-default"><a
                                href="http://coder.twtstudio.com/admin.php/Home/Team/member_table?grade=2015">
                            2015</a></button>                </div>
            </div>
        </div>

    </div>


    <div class="am-g">
        <div class="am-u-sm-12">
            <form class="am-form">
                <table class="am-table am-table-striped am-table-hover table-main">
                    <thead>
                    <tr>
                        <th class="table-id">姓名</th>
                        <th class="table-title">学院</th>
                        <th class="table-type">年级</th>
                        <th class="table-type">毕业去向</th>
                        <th class="table-author am-hide-sm-only">组别</th>
                        <th class="table-date am-hide-sm-only">照片</th>
                        <th class="table-set">操作</th>
                    </tr>
                    </thead>
                    <tbody>

                    <tr>


                            <td>杨兴锋</td>
                            <td>软件学院</a></td>
                            <td>2015</td>
                             <td></td>
                            <td class="am-hide-sm-only">程序组</td>
                            <td class="am-hide-sm-only"><a
                                    href="http://coder.twtstudio.com/admin.php/Home/Team/see_photo?photo_loc=14583773750391.jpg.'b'">查看
                            </td>
                            <td>
                                <div class="am-btn-toolbar">
                                    <div class="am-btn-group am-btn-group-xs">
                                        <button class="am-btn am-btn-default am-btn-xs am-text-secondary"><span
                                                class="am-icon-pencil-square-o"></span> <a
                                                href="http://coder.twtstudio.com/admin.php/Home/Team/updateinfo?teamer_id=108&grade=2015">编辑</a>
                                        </button>

                                        <button class="am-btn am-btn-default am-btn-xs am-text-danger am-hide-sm-only">
                                            <span class="am-icon-trash-o"></span><a
                                                href="http://coder.twtstudio.com/admin.php/Home/Team/dinfo?teamer_id=108&grade=2015">
                                            删除</a></button>
                                    </div>
                                </div>
                            </td>
                        </tr><tr>


                            <td>陈丁辰</td>
                            <td>教育学院</a></td>
                            <td>2015</td>
                             <td></td>
                            <td class="am-hide-sm-only">程序组</td>
                            <td class="am-hide-sm-only"><a
                                    href="http://coder.twtstudio.com/admin.php/Home/Team/see_photo?photo_loc=14618529230034.jpg.'b'">查看
                            </td>
                            <td>
                                <div class="am-btn-toolbar">
                                    <div class="am-btn-group am-btn-group-xs">
                                        <button class="am-btn am-btn-default am-btn-xs am-text-secondary"><span
                                                class="am-icon-pencil-square-o"></span> <a
                                                href="http://coder.twtstudio.com/admin.php/Home/Team/updateinfo?teamer_id=132&grade=2015">编辑</a>
                                        </button>

                                        <button class="am-btn am-btn-default am-btn-xs am-text-danger am-hide-sm-only">
                                            <span class="am-icon-trash-o"></span><a
                                                href="http://coder.twtstudio.com/admin.php/Home/Team/dinfo?teamer_id=132&grade=2015">
                                            删除</a></button>
                                    </div>
                                </div>
                            </td>
                        </tr><tr>


                            <td>边臣雅</td>
                            <td>机械学院</a></td>
                            <td>2015</td>
                             <td></td>
                            <td class="am-hide-sm-only">产品组</td>
                            <td class="am-hide-sm-only"><a
                                    href="http://coder.twtstudio.com/admin.php/Home/Team/see_photo?photo_loc=14643494100661.jpg.'b'">查看
                            </td>
                            <td>
                                <div class="am-btn-toolbar">
                                    <div class="am-btn-group am-btn-group-xs">
                                        <button class="am-btn am-btn-default am-btn-xs am-text-secondary"><span
                                                class="am-icon-pencil-square-o"></span> <a
                                                href="http://coder.twtstudio.com/admin.php/Home/Team/updateinfo?teamer_id=146&grade=2015">编辑</a>
                                        </button>

                                        <button class="am-btn am-btn-default am-btn-xs am-text-danger am-hide-sm-only">
                                            <span class="am-icon-trash-o"></span><a
                                                href="http://coder.twtstudio.com/admin.php/Home/Team/dinfo?teamer_id=146&grade=2015">
                                            删除</a></button>
                                    </div>
                                </div>
                            </td>
                        </tr><tr>


                            <td>余海波</td>
                            <td>教育学院</a></td>
                            <td>2015</td>
                             <td></td>
                            <td class="am-hide-sm-only">设计组</td>
                            <td class="am-hide-sm-only"><a
                                    href="http://coder.twtstudio.com/admin.php/Home/Team/see_photo?photo_loc=14644330700330.jpg.'b'">查看
                            </td>
                            <td>
                                <div class="am-btn-toolbar">
                                    <div class="am-btn-group am-btn-group-xs">
                                        <button class="am-btn am-btn-default am-btn-xs am-text-secondary"><span
                                                class="am-icon-pencil-square-o"></span> <a
                                                href="http://coder.twtstudio.com/admin.php/Home/Team/updateinfo?teamer_id=150&grade=2015">编辑</a>
                                        </button>

                                        <button class="am-btn am-btn-default am-btn-xs am-text-danger am-hide-sm-only">
                                            <span class="am-icon-trash-o"></span><a
                                                href="http://coder.twtstudio.com/admin.php/Home/Team/dinfo?teamer_id=150&grade=2015">
                                            删除</a></button>
                                    </div>
                                </div>
                            </td>
                        </tr><tr>


                            <td>李洋</td>
                            <td>电信学院</a></td>
                            <td>2015</td>
                             <td></td>
                            <td class="am-hide-sm-only">程序组</td>
                            <td class="am-hide-sm-only"><a
                                    href="http://coder.twtstudio.com/admin.php/Home/Team/see_photo?photo_loc=14644408620241.png.'b'">查看
                            </td>
                            <td>
                                <div class="am-btn-toolbar">
                                    <div class="am-btn-group am-btn-group-xs">
                                        <button class="am-btn am-btn-default am-btn-xs am-text-secondary"><span
                                                class="am-icon-pencil-square-o"></span> <a
                                                href="http://coder.twtstudio.com/admin.php/Home/Team/updateinfo?teamer_id=153&grade=2015">编辑</a>
                                        </button>

                                        <button class="am-btn am-btn-default am-btn-xs am-text-danger am-hide-sm-only">
                                            <span class="am-icon-trash-o"></span><a
                                                href="http://coder.twtstudio.com/admin.php/Home/Team/dinfo?teamer_id=153&grade=2015">
                                            删除</a></button>
                                    </div>
                                </div>
                            </td>
                        </tr>                    </tbody>
                </table>
                <div class="am-cf">
                    共 5 条记录

                    <div class="am-fr">
                        <ul class="am-pagination">


                            <li><div> <<  >> </div></li>
                        </ul>
                    </div>
                </div>
                <hr/>
                <p>注：.....</p>
            </form>
        </div>

    </div>
</div>
</div>
<!-- content end -->


<!--[if lt IE 9]>
<script src="http://libs.baidu.com/jquery/1.11.1/jquery.min.js"></script>
<script src="http://cdn.staticfile.org/modernizr/2.8.3/modernizr.js"></script>
<script src="/Public/amaze_assets/js/amazeui.ie8polyfill.min.js"></script>
<![endif]-->

<!--[if (gte IE 9)|!(IE)]><!-->
<script src="/Public/amaze_assets/js/jquery.min.js"></script>
<!--<![endif]-->
<script src="/Public/amaze_assets/js/amazeui.min.js"></script>
<script src="/Public/amaze_assets/js/app.js"></script>
</body>
</html> /home/ftp/1520/twtcoder-20140316-KwC/coder.twtstudio.com/ThinkPHP/Library/Think/Template.class.php 第 96 行.
INFO: [ template_filter ] --START--
INFO: Run Behavior\ContentReplaceBehavior [ RunTime:0.000167s ]
INFO: [ template_filter ] --END-- [ RunTime:-0.012463s ]
INFO: Run Behavior\ParseTemplateBehavior [ RunTime:0.011059s ]
INFO: [ view_parse ] --END-- [ RunTime:-0.000659s ]
INFO: [ view_filter ] --START--
INFO: Run Behavior\WriteHtmlCacheBehavior [ RunTime:0.000016s ]
INFO: [ view_filter ] --END-- [ RunTime:-0.011268s ]
INFO: [ app_end ] --START--
INFO: Run Behavior\ShowPageTraceBehavior [ RunTime:0.000659s ]
INFO: [ app_end ] --END-- [ RunTime:0.000731s ]

[ 2016-05-31T18:09:42+08:00 ] 127.0.0.1 /admin.php/Home/Team/dinfo?teamer_id=147&grade=2015
INFO: [ app_init ] --START--
INFO: Run Behavior\BuildLiteBehavior [ RunTime:0.000019s ]
INFO: [ app_init ] --END-- [ RunTime:0.000531s ]
INFO: [ app_begin ] --START--
INFO: Run Behavior\ReadHtmlCacheBehavior [ RunTime:0.000718s ]
INFO: [ app_begin ] --END-- [ RunTime:0.000799s ]
INFO: [ view_parse ] --START--
INFO: [ template_filter ] --START--
INFO: Run Behavior\ContentReplaceBehavior [ RunTime:0.000063s ]
INFO: [ template_filter ] --END-- [ RunTime:0.000146s ]
INFO: Run Behavior\ParseTemplateBehavior [ RunTime:0.008234s ]
INFO: [ view_parse ] --END-- [ RunTime:0.008315s ]
INFO: [ view_filter ] --START--
INFO: Run Behavior\WriteHtmlCacheBehavior [ RunTime:0.000528s ]
INFO: [ view_filter ] --END-- [ RunTime:0.000596s ]

[ 2016-05-31T18:09:42+08:00 ] 127.0.0.1 /admin.php/Home/Team/dinfo?teamer_id=147&grade=2015
INFO: [ app_init ] --START--
INFO: Run Behavior\BuildLiteBehavior [ RunTime:0.000020s ]
INFO: [ app_init ] --END-- [ RunTime:0.000450s ]
INFO: [ app_begin ] --START--
INFO: Run Behavior\ReadHtmlCacheBehavior [ RunTime:0.000658s ]
INFO: [ app_begin ] --END-- [ RunTime:0.000743s ]
INFO: [ view_parse ] --START--
INFO: [ template_filter ] --START--
INFO: Run Behavior\ContentReplaceBehavior [ RunTime:0.000051s ]
INFO: [ template_filter ] --END-- [ RunTime:0.000121s ]
INFO: Run Behavior\ParseTemplateBehavior [ RunTime:0.006806s ]
INFO: [ view_parse ] --END-- [ RunTime:0.006876s ]
INFO: [ view_filter ] --START--
INFO: Run Behavior\WriteHtmlCacheBehavior [ RunTime:0.000338s ]
INFO: [ view_filter ] --END-- [ RunTime:0.000430s ]

[ 2016-05-31T18:09:43+08:00 ] 127.0.0.1 /admin.php/Home/Team/index
INFO: [ app_init ] --START--
INFO: Run Behavior\BuildLiteBehavior [ RunTime:0.000019s ]
INFO: [ app_init ] --END-- [ RunTime:0.000469s ]
INFO: [ app_begin ] --START--
INFO: Run Behavior\ReadHtmlCacheBehavior [ RunTime:0.000590s ]
INFO: [ app_begin ] --END-- [ RunTime:0.000670s ]
INFO: [ view_parse ] --START--
INFO: [ template_filter ] --START--
INFO: Run Behavior\ContentReplaceBehavior [ RunTime:0.000138s ]
INFO: [ template_filter ] --END-- [ RunTime:0.000244s ]
INFO: Run Behavior\ParseTemplateBehavior [ RunTime:0.021592s ]
INFO: [ view_parse ] --END-- [ RunTime:0.021672s ]
INFO: [ view_filter ] --START--
INFO: Run Behavior\WriteHtmlCacheBehavior [ RunTime:0.000443s ]
INFO: [ view_filter ] --END-- [ RunTime:0.000512s ]
INFO: [ view_parse ] --START--
INFO: Run Behavior\ParseTemplateBehavior [ RunTime:0.005109s ]
INFO: [ view_parse ] --END-- [ RunTime:-0.000609s ]
INFO: [ view_filter ] --START--
INFO: Run Behavior\WriteHtmlCacheBehavior [ RunTime:0.000015s ]
INFO: [ view_filter ] --END-- [ RunTime:-0.005292s ]
INFO: [ app_end ] --START--
INFO: Run Behavior\ShowPageTraceBehavior [ RunTime:0.000638s ]
INFO: [ app_end ] --END-- [ RunTime:0.000710s ]

[ 2016-05-31T18:09:58+08:00 ] 127.0.0.1 /admin.php/Home/Team/dinfo?teamer_id=147&grade=2015
INFO: [ app_init ] --START--
INFO: Run Behavior\BuildLiteBehavior [ RunTime:0.000020s ]
INFO: [ app_init ] --END-- [ RunTime:0.000536s ]
INFO: [ app_begin ] --START--
INFO: Run Behavior\ReadHtmlCacheBehavior [ RunTime:0.000603s ]
INFO: [ app_begin ] --END-- [ RunTime:0.000665s ]
INFO: [ view_parse ] --START--
INFO: [ template_filter ] --START--
INFO: Run Behavior\ContentReplaceBehavior [ RunTime:0.000050s ]
INFO: [ template_filter ] --END-- [ RunTime:0.000120s ]
INFO: Run Behavior\ParseTemplateBehavior [ RunTime:0.007296s ]
INFO: [ view_parse ] --END-- [ RunTime:0.007390s ]
INFO: [ view_filter ] --START--
INFO: Run Behavior\WriteHtmlCacheBehavior [ RunTime:0.000412s ]
INFO: [ view_filter ] --END-- [ RunTime:0.000464s ]

[ 2016-05-31T18:09:59+08:00 ] 127.0.0.1 /admin.php/Home/Team/dinfo?teamer_id=147&grade=2015
INFO: [ app_init ] --START--
INFO: Run Behavior\BuildLiteBehavior [ RunTime:0.000018s ]
INFO: [ app_init ] --END-- [ RunTime:0.000487s ]
INFO: [ app_begin ] --START--
INFO: Run Behavior\ReadHtmlCacheBehavior [ RunTime:0.000611s ]
INFO: [ app_begin ] --END-- [ RunTime:0.000691s ]
INFO: [ view_parse ] --START--
INFO: [ template_filter ] --START--
INFO: Run Behavior\ContentReplaceBehavior [ RunTime:0.000049s ]
INFO: [ template_filter ] --END-- [ RunTime:0.000116s ]
INFO: Run Behavior\ParseTemplateBehavior [ RunTime:0.006103s ]
INFO: [ view_parse ] --END-- [ RunTime:0.006175s ]
INFO: [ view_filter ] --START--
INFO: Run Behavior\WriteHtmlCacheBehavior [ RunTime:0.000377s ]
INFO: [ view_filter ] --END-- [ RunTime:0.000430s ]

[ 2016-05-31T18:10:21+08:00 ] 127.0.0.1 /admin.php/Home/Team/getele2
INFO: [ app_init ] --START--
INFO: Run Behavior\BuildLiteBehavior [ RunTime:0.000019s ]
INFO: [ app_init ] --END-- [ RunTime:0.000462s ]
INFO: [ app_begin ] --START--
INFO: Run Behavior\ReadHtmlCacheBehavior [ RunTime:0.000668s ]
INFO: [ app_begin ] --END-- [ RunTime:0.000748s ]
SQL: SHOW COLUMNS FROM `tp_teamer` [ RunTime:0.0006s ]
SQL: SELECT `teamer_grade` FROM `tp_teamer` WHERE ( is_new_grade=1 )  [ RunTime:0.0003s ]
SQL: SELECT COUNT(*) AS tp_count FROM `tp_teamer` WHERE ( is_new_grade=1 ) LIMIT 1   [ RunTime:0.0001s ]
SQL: INSERT INTO `tp_teamer` (`is_new_grade`,`teamer_name`,`teamer_grade`,`teamer_school`,`teamer_group`,`teamer_photo_loc`,`teamer_go`,`teamer_mainpage_link`) VALUES ('0','谢娟','2015','软件学院','产品组','14646894200856.jpg.\'b\'','','') [ RunTime:0.1345s ]
INFO: [ view_parse ] --START--
INFO: [ template_filter ] --START--
INFO: Run Behavior\ContentReplaceBehavior [ RunTime:0.000130s ]
INFO: [ template_filter ] --END-- [ RunTime:0.000220s ]
INFO: Run Behavior\ParseTemplateBehavior [ RunTime:0.013917s ]
INFO: [ view_parse ] --END-- [ RunTime:0.013998s ]
INFO: [ view_filter ] --START--
INFO: Run Behavior\WriteHtmlCacheBehavior [ RunTime:0.000477s ]
INFO: [ view_filter ] --END-- [ RunTime:0.000549s ]
INFO: [ view_parse ] --START--
INFO: Run Behavior\ParseTemplateBehavior [ RunTime:0.000671s ]
INFO: [ view_parse ] --END-- [ RunTime:-0.000647s ]
INFO: [ view_filter ] --START--
INFO: Run Behavior\WriteHtmlCacheBehavior [ RunTime:0.000015s ]
INFO: [ view_filter ] --END-- [ RunTime:-0.000833s ]
INFO: [ app_end ] --START--
INFO: Run Behavior\ShowPageTraceBehavior [ RunTime:0.000665s ]
INFO: [ app_end ] --END-- [ RunTime:0.000741s ]

[ 2016-05-31T18:11:05+08:00 ] 127.0.0.1 /admin.php
INFO: [ app_init ] --START--
INFO: Run Behavior\BuildLiteBehavior [ RunTime:0.000019s ]
INFO: [ app_init ] --END-- [ RunTime:0.000458s ]
INFO: [ app_begin ] --START--
INFO: Run Behavior\ReadHtmlCacheBehavior [ RunTime:0.000588s ]
INFO: [ app_begin ] --END-- [ RunTime:0.000666s ]
NOTIC: [2048] Declaration of Home\Controller\IndexController::show() should be compatible with that of Think\Controller::show() /home/ftp/1520/twtcoder-20140316-KwC/coder.twtstudio.com/admin/Home/Controller/IndexController.class.php 第 7 行.
SQL: SHOW COLUMNS FROM `tp_index_pic` [ RunTime:0.0007s ]
SQL: SELECT * FROM `tp_index_pic`  [ RunTime:0.0003s ]
INFO: [ view_parse ] --START--
INFO: [ template_filter ] --START--
INFO: Run Behavior\ContentReplaceBehavior [ RunTime:0.000086s ]
INFO: [ template_filter ] --END-- [ RunTime:0.000152s ]
INFO: Run Behavior\ParseTemplateBehavior [ RunTime:0.011953s ]
INFO: [ view_parse ] --END-- [ RunTime:0.012038s ]
INFO: [ view_filter ] --START--
INFO: Run Behavior\WriteHtmlCacheBehavior [ RunTime:0.000381s ]
INFO: [ view_filter ] --END-- [ RunTime:0.000433s ]
INFO: [ app_end ] --START--
INFO: Run Behavior\ShowPageTraceBehavior [ RunTime:0.000482s ]
INFO: [ app_end ] --END-- [ RunTime:0.000535s ]

[ 2016-05-31T18:13:05+08:00 ] 127.0.0.1 /admin.php/home/login/login
INFO: [ app_init ] --START--
INFO: Run Behavior\BuildLiteBehavior [ RunTime:0.000019s ]
INFO: [ app_init ] --END-- [ RunTime:0.000514s ]
INFO: [ app_begin ] --START--
INFO: Run Behavior\ReadHtmlCacheBehavior [ RunTime:0.000570s ]
INFO: [ app_begin ] --END-- [ RunTime:0.000642s ]
INFO: [ view_parse ] --START--
INFO: [ template_filter ] --START--
INFO: Run Behavior\ContentReplaceBehavior [ RunTime:0.000043s ]
INFO: [ template_filter ] --END-- [ RunTime:0.000108s ]
INFO: Run Behavior\ParseTemplateBehavior [ RunTime:0.005805s ]
INFO: [ view_parse ] --END-- [ RunTime:0.005869s ]
INFO: [ view_filter ] --START--
INFO: Run Behavior\WriteHtmlCacheBehavior [ RunTime:0.000339s ]
INFO: [ view_filter ] --END-- [ RunTime:0.000392s ]
INFO: [ app_end ] --START--
INFO: Run Behavior\ShowPageTraceBehavior [ RunTime:0.000534s ]
INFO: [ app_end ] --END-- [ RunTime:0.000591s ]

[ 2016-05-31T18:16:35+08:00 ] 127.0.0.1 /admin.php
INFO: [ app_init ] --START--
INFO: Run Behavior\BuildLiteBehavior [ RunTime:0.000019s ]
INFO: [ app_init ] --END-- [ RunTime:0.000465s ]
INFO: [ app_begin ] --START--
INFO: Run Behavior\ReadHtmlCacheBehavior [ RunTime:0.000653s ]
INFO: [ app_begin ] --END-- [ RunTime:0.000732s ]
NOTIC: [2048] Declaration of Home\Controller\IndexController::show() should be compatible with that of Think\Controller::show() /home/ftp/1520/twtcoder-20140316-KwC/coder.twtstudio.com/admin/Home/Controller/IndexController.class.php 第 7 行.
SQL: SHOW COLUMNS FROM `tp_index_pic` [ RunTime:0.0005s ]
SQL: SELECT * FROM `tp_index_pic`  [ RunTime:0.0003s ]
INFO: [ view_parse ] --START--
INFO: [ template_filter ] --START--
INFO: Run Behavior\ContentReplaceBehavior [ RunTime:0.000088s ]
INFO: [ template_filter ] --END-- [ RunTime:0.000155s ]
INFO: Run Behavior\ParseTemplateBehavior [ RunTime:0.011738s ]
INFO: [ view_parse ] --END-- [ RunTime:0.011813s ]
INFO: [ view_filter ] --START--
INFO: Run Behavior\WriteHtmlCacheBehavior [ RunTime:0.000349s ]
INFO: [ view_filter ] --END-- [ RunTime:0.000403s ]
INFO: [ app_end ] --START--
INFO: Run Behavior\ShowPageTraceBehavior [ RunTime:0.000480s ]
INFO: [ app_end ] --END-- [ RunTime:0.000534s ]

