[ 2016-01-09T02:15:47+08:00 ] 127.0.0.1 /index.php/module/action/param1/$%7B@print(THINK_VERSION)%7D
INFO: [ app_init ] --START--
INFO: Run Behavior\BuildLiteBehavior [ RunTime:0.000018s ]
INFO: [ app_init ] --END-- [ RunTime:0.000428s ]
ERR: 无法加载模块:Module

[ 2016-01-09T02:15:47+08:00 ] 127.0.0.1 /index.php/module/action/param1/$%7B@print(THINK_VERSION)%7D
INFO: [ app_init ] --START--
INFO: Run Behavior\BuildLiteBehavior [ RunTime:0.000020s ]
INFO: [ app_init ] --END-- [ RunTime:0.000450s ]
ERR: 无法加载模块:Module

[ 2016-01-09T02:15:48+08:00 ] 127.0.0.1 /__ErrorFiles__/404.html
INFO: [ app_init ] --START--
INFO: Run Behavior\BuildLiteBehavior [ RunTime:0.000018s ]
INFO: [ app_init ] --END-- [ RunTime:0.000440s ]
ERR: 无法加载模块:__ErrorFiles__

[ 2016-01-09T02:16:47+08:00 ] 127.0.0.1 /__ErrorFiles__/404.html
INFO: [ app_init ] --START--
INFO: Run Behavior\BuildLiteBehavior [ RunTime:0.000019s ]
INFO: [ app_init ] --END-- [ RunTime:0.000458s ]
ERR: 无法加载模块:__ErrorFiles__

[ 2016-01-09T06:49:17+08:00 ] 127.0.0.1 /robots.txt
INFO: [ app_init ] --START--
INFO: Run Behavior\BuildLiteBehavior [ RunTime:0.000020s ]
INFO: [ app_init ] --END-- [ RunTime:0.000461s ]
ERR: 无法加载模块:Robots

[ 2016-01-09T07:40:06+08:00 ] 127.0.0.1 /robots.txt
INFO: [ app_init ] --START--
INFO: Run Behavior\BuildLiteBehavior [ RunTime:0.000019s ]
INFO: [ app_init ] --END-- [ RunTime:0.000454s ]
ERR: 无法加载模块:Robots

[ 2016-01-09T10:53:02+08:00 ] 127.0.0.1 /opqhr70480.txt
INFO: [ app_init ] --START--
INFO: Run Behavior\BuildLiteBehavior [ RunTime:0.000022s ]
INFO: [ app_init ] --END-- [ RunTime:0.000477s ]
ERR: 无法加载模块:Opqhr70480

[ 2016-01-09T10:53:03+08:00 ] 127.0.0.1 /plus/mytag_js.php
INFO: [ app_init ] --START--
INFO: Run Behavior\BuildLiteBehavior [ RunTime:0.000020s ]
INFO: [ app_init ] --END-- [ RunTime:0.000455s ]
ERR: 无法加载模块:Plus

[ 2016-01-09T10:53:03+08:00 ] 127.0.0.1 /utility/convert/index.php?a=config&source=d7.2_x2.0
INFO: [ app_init ] --START--
INFO: Run Behavior\BuildLiteBehavior [ RunTime:0.000020s ]
INFO: [ app_init ] --END-- [ RunTime:0.000369s ]
ERR: 无法加载模块:Utility

[ 2016-01-09T10:53:05+08:00 ] 127.0.0.1 /convert/index.php?a=config&source=d7.2_x2.0
INFO: [ app_init ] --START--
INFO: Run Behavior\BuildLiteBehavior [ RunTime:0.000019s ]
INFO: [ app_init ] --END-- [ RunTime:0.000452s ]
ERR: 无法加载模块:Convert

[ 2016-01-09T10:53:06+08:00 ] 127.0.0.1 /bbs/utility/convert/index.php?a=config&source=d7.2_x2.0
INFO: [ app_init ] --START--
INFO: Run Behavior\BuildLiteBehavior [ RunTime:0.000019s ]
INFO: [ app_init ] --END-- [ RunTime:0.000468s ]
ERR: 无法加载模块:Bbs

[ 2016-01-09T10:53:06+08:00 ] 127.0.0.1 /bbs/convert/index.php?a=config&source=d7.2_x2.0
INFO: [ app_init ] --START--
INFO: Run Behavior\BuildLiteBehavior [ RunTime:0.000019s ]
INFO: [ app_init ] --END-- [ RunTime:0.000436s ]
ERR: 无法加载模块:Bbs

[ 2016-01-09T10:53:06+08:00 ] 127.0.0.1 /FCKeditor/editor/filemanager/connectors/aspx/connector.aspx
INFO: [ app_init ] --START--
INFO: Run Behavior\BuildLiteBehavior [ RunTime:0.000020s ]
INFO: [ app_init ] --END-- [ RunTime:0.000437s ]
ERR: 无法加载模块:FCKeditor

[ 2016-01-09T10:53:06+08:00 ] 127.0.0.1 /FCKeditor/editor/filemanager/browser/default/connectors/aspx/connector.aspx
INFO: [ app_init ] --START--
INFO: Run Behavior\BuildLiteBehavior [ RunTime:0.000019s ]
INFO: [ app_init ] --END-- [ RunTime:0.000437s ]
ERR: 无法加载模块:FCKeditor

[ 2016-01-09T10:53:06+08:00 ] 127.0.0.1 /FCKeditor/editor/filemanager/connectors/php/connector.php
INFO: [ app_init ] --START--
INFO: Run Behavior\BuildLiteBehavior [ RunTime:0.000019s ]
INFO: [ app_init ] --END-- [ RunTime:0.000433s ]
ERR: 无法加载模块:FCKeditor

[ 2016-01-09T10:53:07+08:00 ] 127.0.0.1 /FCKeditor/editor/filemanager/browser/default/connectors/php/connector.php
INFO: [ app_init ] --START--
INFO: Run Behavior\BuildLiteBehavior [ RunTime:0.000018s ]
INFO: [ app_init ] --END-- [ RunTime:0.000445s ]
ERR: 无法加载模块:FCKeditor

[ 2016-01-09T10:53:07+08:00 ] 127.0.0.1 /FCKeditor/editor/filemanager/browser/default/connectors/asp/connector.asp
INFO: [ app_init ] --START--
INFO: Run Behavior\BuildLiteBehavior [ RunTime:0.000018s ]
INFO: [ app_init ] --END-- [ RunTime:0.000432s ]
ERR: 无法加载模块:FCKeditor

[ 2016-01-09T10:53:07+08:00 ] 127.0.0.1 /FCKeditor/editor/filemanager/connectors/asp/connector.asp
INFO: [ app_init ] --START--
INFO: Run Behavior\BuildLiteBehavior [ RunTime:0.000020s ]
INFO: [ app_init ] --END-- [ RunTime:0.000495s ]
ERR: 无法加载模块:FCKeditor

[ 2016-01-09T10:53:07+08:00 ] 127.0.0.1 /admin/FCKeditor/editor/filemanager/connectors/aspx/connector.aspx
INFO: [ app_init ] --START--
INFO: Run Behavior\BuildLiteBehavior [ RunTime:0.000018s ]
INFO: [ app_init ] --END-- [ RunTime:0.000435s ]
ERR: 无法加载模块:Admin

[ 2016-01-09T10:53:07+08:00 ] 127.0.0.1 /admin/FCKeditor/editor/filemanager/browser/default/connectors/aspx/connector.aspx
INFO: [ app_init ] --START--
INFO: Run Behavior\BuildLiteBehavior [ RunTime:0.000018s ]
INFO: [ app_init ] --END-- [ RunTime:0.000436s ]
ERR: 无法加载模块:Admin

[ 2016-01-09T10:53:08+08:00 ] 127.0.0.1 /admin/FCKeditor/editor/filemanager/connectors/php/connector.php
INFO: [ app_init ] --START--
INFO: Run Behavior\BuildLiteBehavior [ RunTime:0.000019s ]
INFO: [ app_init ] --END-- [ RunTime:0.000511s ]
ERR: 无法加载模块:Admin

[ 2016-01-09T10:53:08+08:00 ] 127.0.0.1 /admin/FCKeditor/editor/filemanager/browser/default/connectors/php/connector.php
INFO: [ app_init ] --START--
INFO: Run Behavior\BuildLiteBehavior [ RunTime:0.000018s ]
INFO: [ app_init ] --END-- [ RunTime:0.000433s ]
ERR: 无法加载模块:Admin

[ 2016-01-09T10:53:08+08:00 ] 127.0.0.1 /admin/FCKeditor/editor/filemanager/browser/default/connectors/asp/connector.asp
INFO: [ app_init ] --START--
INFO: Run Behavior\BuildLiteBehavior [ RunTime:0.000019s ]
INFO: [ app_init ] --END-- [ RunTime:0.000467s ]
ERR: 无法加载模块:Admin

[ 2016-01-09T10:53:08+08:00 ] 127.0.0.1 /admin/FCKeditor/editor/filemanager/connectors/asp/connector.asp
INFO: [ app_init ] --START--
INFO: Run Behavior\BuildLiteBehavior [ RunTime:0.000018s ]
INFO: [ app_init ] --END-- [ RunTime:0.000435s ]
ERR: 无法加载模块:Admin

[ 2016-01-09T10:53:08+08:00 ] 127.0.0.1 /editor/editor/filemanager/connectors/aspx/connector.aspx
INFO: [ app_init ] --START--
INFO: Run Behavior\BuildLiteBehavior [ RunTime:0.000018s ]
INFO: [ app_init ] --END-- [ RunTime:0.000438s ]
ERR: 无法加载模块:Editor

[ 2016-01-09T10:53:09+08:00 ] 127.0.0.1 /editor/editor/filemanager/browser/default/connectors/aspx/connector.aspx
INFO: [ app_init ] --START--
INFO: Run Behavior\BuildLiteBehavior [ RunTime:0.000019s ]
INFO: [ app_init ] --END-- [ RunTime:0.000443s ]
ERR: 无法加载模块:Editor

[ 2016-01-09T10:53:09+08:00 ] 127.0.0.1 /editor/editor/filemanager/connectors/php/connector.php
INFO: [ app_init ] --START--
INFO: Run Behavior\BuildLiteBehavior [ RunTime:0.000018s ]
INFO: [ app_init ] --END-- [ RunTime:0.000438s ]
ERR: 无法加载模块:Editor

[ 2016-01-09T10:53:09+08:00 ] 127.0.0.1 /editor/editor/filemanager/browser/default/connectors/php/connector.php
INFO: [ app_init ] --START--
INFO: Run Behavior\BuildLiteBehavior [ RunTime:0.000019s ]
INFO: [ app_init ] --END-- [ RunTime:0.000437s ]
ERR: 无法加载模块:Editor

[ 2016-01-09T10:53:09+08:00 ] 127.0.0.1 /editor/editor/filemanager/browser/default/connectors/asp/connector.asp
INFO: [ app_init ] --START--
INFO: Run Behavior\BuildLiteBehavior [ RunTime:0.000086s ]
INFO: [ app_init ] --END-- [ RunTime:0.000501s ]
ERR: 无法加载模块:Editor

[ 2016-01-09T10:53:09+08:00 ] 127.0.0.1 /editor/editor/filemanager/connectors/asp/connector.asp
INFO: [ app_init ] --START--
INFO: Run Behavior\BuildLiteBehavior [ RunTime:0.000022s ]
INFO: [ app_init ] --END-- [ RunTime:0.000458s ]
ERR: 无法加载模块:Editor

[ 2016-01-09T14:08:42+08:00 ] 127.0.0.1 /images/p2.jpg
INFO: [ app_init ] --START--
INFO: Run Behavior\BuildLiteBehavior [ RunTime:0.000021s ]
INFO: [ app_init ] --END-- [ RunTime:0.004646s ]
ERR: 无法加载模块:Images

[ 2016-01-09T19:10:38+08:00 ] 127.0.0.1 /robots.txt
INFO: [ app_init ] --START--
INFO: Run Behavior\BuildLiteBehavior [ RunTime:0.000025s ]
INFO: [ app_init ] --END-- [ RunTime:0.013454s ]
ERR: 无法加载模块:Robots

[ 2016-01-09T23:10:07+08:00 ] 127.0.0.1 /upload/140327/1395851298.png
INFO: [ app_init ] --START--
INFO: Run Behavior\BuildLiteBehavior [ RunTime:0.000020s ]
INFO: [ app_init ] --END-- [ RunTime:0.000450s ]
ERR: 无法加载模块:Upload

[ 2016-01-09T23:10:08+08:00 ] 127.0.0.1 /upload/140327/1395851298.png
INFO: [ app_init ] --START--
INFO: Run Behavior\BuildLiteBehavior [ RunTime:0.000020s ]
INFO: [ app_init ] --END-- [ RunTime:0.000452s ]
ERR: 无法加载模块:Upload

[ 2016-01-09T23:10:11+08:00 ] 127.0.0.1 /upload/140327/1395851298.png
INFO: [ app_init ] --START--
INFO: Run Behavior\BuildLiteBehavior [ RunTime:0.000020s ]
INFO: [ app_init ] --END-- [ RunTime:0.000466s ]
ERR: 无法加载模块:Upload

[ 2016-01-09T23:10:13+08:00 ] 127.0.0.1 /upload/140327/1395851298.png
INFO: [ app_init ] --START--
INFO: Run Behavior\BuildLiteBehavior [ RunTime:0.000020s ]
INFO: [ app_init ] --END-- [ RunTime:0.000476s ]
ERR: 无法加载模块:Upload

[ 2016-01-09T23:10:20+08:00 ] 127.0.0.1 /upload/140327/1395851298.png
INFO: [ app_init ] --START--
INFO: Run Behavior\BuildLiteBehavior [ RunTime:0.000020s ]
INFO: [ app_init ] --END-- [ RunTime:0.000451s ]
ERR: 无法加载模块:Upload

