[ 2016-08-14T08:48:28+08:00 ] 127.0.0.1 /__ErrorFiles__/404.html
INFO: [ app_init ] --START--
INFO: Run Behavior\BuildLiteBehavior [ RunTime:0.000017s ]
INFO: [ app_init ] --END-- [ RunTime:0.000093s ]
ERR: 无法加载模块:__ErrorFiles__

[ 2016-08-14T10:19:33+08:00 ] 127.0.0.1 /hr/2016_spring.html
INFO: [ app_init ] --START--
INFO: Run Behavior\BuildLiteBehavior [ RunTime:0.000019s ]
INFO: [ app_init ] --END-- [ RunTime:0.000100s ]
ERR: 无法加载模块:Hr

[ 2016-08-14T13:24:01+08:00 ] 127.0.0.1 /hr/2016_spring.html
INFO: [ app_init ] --START--
INFO: Run Behavior\BuildLiteBehavior [ RunTime:0.000017s ]
INFO: [ app_init ] --END-- [ RunTime:0.000095s ]
ERR: 无法加载模块:Hr

[ 2016-08-14T13:26:18+08:00 ] 127.0.0.1 /__ErrorFiles__/404.html
INFO: [ app_init ] --START--
INFO: Run Behavior\BuildLiteBehavior [ RunTime:0.000018s ]
INFO: [ app_init ] --END-- [ RunTime:0.000097s ]
ERR: 无法加载模块:__ErrorFiles__

[ 2016-08-14T13:26:24+08:00 ] 127.0.0.1 /hr/2016_spring.html
INFO: [ app_init ] --START--
INFO: Run Behavior\BuildLiteBehavior [ RunTime:0.000017s ]
INFO: [ app_init ] --END-- [ RunTime:0.000096s ]
ERR: 无法加载模块:Hr

[ 2016-08-14T21:41:15+08:00 ] 127.0.0.1 /__ErrorFiles__/404.html
INFO: [ app_init ] --START--
INFO: Run Behavior\BuildLiteBehavior [ RunTime:0.000018s ]
INFO: [ app_init ] --END-- [ RunTime:0.000100s ]
ERR: 无法加载模块:__ErrorFiles__

[ 2016-08-14T22:15:54+08:00 ] 127.0.0.1 /__ErrorFiles__/404.html
INFO: [ app_init ] --START--
INFO: Run Behavior\BuildLiteBehavior [ RunTime:0.000017s ]
INFO: [ app_init ] --END-- [ RunTime:0.000094s ]
ERR: 无法加载模块:__ErrorFiles__

